2022-12-17 10:50:12 ERROR Could not find element on page: https://www.saucedemo.com/
2022-12-17 10:50:12 ERROR no such element: Unable to locate element: {"method":"css selector","selector":".shopping_cart_link"}
  (Session info: headless chrome=108.0.5359.98)
Traceback (most recent call last):
  File "/home/runner/work/SauceDemoProject/SauceDemoProject/pages/base_page.py", line 72, in inner_function
    return func(*args, **kwargs)
  File "/home/runner/work/SauceDemoProject/SauceDemoProject/pages/base_page.py", line 295, in get_property
    return self.browser.find_element(method, locator).get_property(property)
  File "/home/runner/.cache/pypoetry/virtualenvs/saucedemoproject-P9vpYs8v-py3.10/lib/python3.10/site-packages/selenium/webdriver/remote/webdriver.py", line 861, in find_element
    return self.execute(Command.FIND_ELEMENT, {"using": by, "value": value})["value"]
  File "/home/runner/.cache/pypoetry/virtualenvs/saucedemoproject-P9vpYs8v-py3.10/lib/python3.10/site-packages/selenium/webdriver/remote/webdriver.py", line 444, in execute
    self.error_handler.check_response(response)
  File "/home/runner/.cache/pypoetry/virtualenvs/saucedemoproject-P9vpYs8v-py3.10/lib/python3.10/site-packages/selenium/webdriver/remote/errorhandler.py", line 249, in check_response
    raise exception_class(message, screen, stacktrace)
selenium.common.exceptions.NoSuchElementException: Message: no such element: Unable to locate element: {"method":"css selector","selector":".shopping_cart_link"}
  (Session info: headless chrome=108.0.5359.98)
Stacktrace:
#0 0x5604925542a3 <unknown>
#1 0x560492312f77 <unknown>
#2 0x56049234f80c <unknown>
#3 0x56049234fa71 <unknown>
#4 0x560492389734 <unknown>
#5 0x56049236fb5d <unknown>
#6 0x56049238747c <unknown>
#7 0x56049236f903 <unknown>
#8 0x560492342ece <unknown>
#9 0x560492343fde <unknown>
#10 0x5604925a463e <unknown>
#11 0x5604925a7b79 <unknown>
#12 0x56049258a89e <unknown>
#13 0x5604925a8a83 <unknown>
#14 0x56049257d505 <unknown>
#15 0x5604925c9ca8 <unknown>
#16 0x5604925c9e36 <unknown>
#17 0x5604925e5333 <unknown>
#18 0x7f188c79cb43 <unknown>