2022-12-19 21:28:27 ERROR Could not find element on page: https://www.saucedemo.com/
2022-12-19 21:28:27 ERROR no such element: Unable to locate element: {"method":"css selector","selector":".shopping_cart_link"}
  (Session info: headless chrome=108.0.5359.98)
Traceback (most recent call last):
  File "/home/runner/work/SauceDemoProject/SauceDemoProject/pages/base_page.py", line 72, in inner_function
    return func(*args, **kwargs)
  File "/home/runner/work/SauceDemoProject/SauceDemoProject/pages/base_page.py", line 295, in get_property
    return self.browser.find_element(method, locator).get_property(property)
  File "/home/runner/.cache/pypoetry/virtualenvs/saucedemoproject-P9vpYs8v-py3.10/lib/python3.10/site-packages/selenium/webdriver/remote/webdriver.py", line 861, in find_element
    return self.execute(Command.FIND_ELEMENT, {"using": by, "value": value})["value"]
  File "/home/runner/.cache/pypoetry/virtualenvs/saucedemoproject-P9vpYs8v-py3.10/lib/python3.10/site-packages/selenium/webdriver/remote/webdriver.py", line 444, in execute
    self.error_handler.check_response(response)
  File "/home/runner/.cache/pypoetry/virtualenvs/saucedemoproject-P9vpYs8v-py3.10/lib/python3.10/site-packages/selenium/webdriver/remote/errorhandler.py", line 249, in check_response
    raise exception_class(message, screen, stacktrace)
selenium.common.exceptions.NoSuchElementException: Message: no such element: Unable to locate element: {"method":"css selector","selector":".shopping_cart_link"}
  (Session info: headless chrome=108.0.5359.98)
Stacktrace:
#0 0x560abf5572a3 <unknown>
#1 0x560abf315f77 <unknown>
#2 0x560abf35280c <unknown>
#3 0x560abf352a71 <unknown>
#4 0x560abf38c734 <unknown>
#5 0x560abf372b5d <unknown>
#6 0x560abf38a47c <unknown>
#7 0x560abf372903 <unknown>
#8 0x560abf345ece <unknown>
#9 0x560abf346fde <unknown>
#10 0x560abf5a763e <unknown>
#11 0x560abf5aab79 <unknown>
#12 0x560abf58d89e <unknown>
#13 0x560abf5aba83 <unknown>
#14 0x560abf580505 <unknown>
#15 0x560abf5ccca8 <unknown>
#16 0x560abf5cce36 <unknown>
#17 0x560abf5e8333 <unknown>
#18 0x7ff29e698b43 <unknown>