2022-12-20 01:39:01 ERROR Could not find element on page: https://www.saucedemo.com/
2022-12-20 01:39:01 ERROR no such element: Unable to locate element: {"method":"css selector","selector":".shopping_cart_link"}
  (Session info: headless chrome=108.0.5359.98)
Traceback (most recent call last):
  File "/home/runner/work/SauceDemoProject/SauceDemoProject/pages/base_page.py", line 72, in inner_function
    return func(*args, **kwargs)
  File "/home/runner/work/SauceDemoProject/SauceDemoProject/pages/base_page.py", line 295, in get_property
    return self.browser.find_element(method, locator).get_property(property)
  File "/home/runner/.cache/pypoetry/virtualenvs/saucedemoproject-P9vpYs8v-py3.10/lib/python3.10/site-packages/selenium/webdriver/remote/webdriver.py", line 861, in find_element
    return self.execute(Command.FIND_ELEMENT, {"using": by, "value": value})["value"]
  File "/home/runner/.cache/pypoetry/virtualenvs/saucedemoproject-P9vpYs8v-py3.10/lib/python3.10/site-packages/selenium/webdriver/remote/webdriver.py", line 444, in execute
    self.error_handler.check_response(response)
  File "/home/runner/.cache/pypoetry/virtualenvs/saucedemoproject-P9vpYs8v-py3.10/lib/python3.10/site-packages/selenium/webdriver/remote/errorhandler.py", line 249, in check_response
    raise exception_class(message, screen, stacktrace)
selenium.common.exceptions.NoSuchElementException: Message: no such element: Unable to locate element: {"method":"css selector","selector":".shopping_cart_link"}
  (Session info: headless chrome=108.0.5359.98)
Stacktrace:
#0 0x563768b802a3 <unknown>
#1 0x56376893ef77 <unknown>
#2 0x56376897b80c <unknown>
#3 0x56376897ba71 <unknown>
#4 0x5637689b5734 <unknown>
#5 0x56376899bb5d <unknown>
#6 0x5637689b347c <unknown>
#7 0x56376899b903 <unknown>
#8 0x56376896eece <unknown>
#9 0x56376896ffde <unknown>
#10 0x563768bd063e <unknown>
#11 0x563768bd3b79 <unknown>
#12 0x563768bb689e <unknown>
#13 0x563768bd4a83 <unknown>
#14 0x563768ba9505 <unknown>
#15 0x563768bf5ca8 <unknown>
#16 0x563768bf5e36 <unknown>
#17 0x563768c11333 <unknown>
#18 0x7f9dc992bb43 <unknown>