{"uid":"d29cdc1ab5bcabde","name":"test_TC_002_05_read_privacy_policy_from_final_page","fullName":"tests.test_TC_002_read_privacy_policy.Tests#test_TC_002_05_read_privacy_policy_from_final_page","historyId":"ca7b5aac9a71c6333e576a6412c91c17","time":{"start":1671216311962,"stop":1671216313009,"duration":1047},"status":"skipped","statusMessage":"XFAIL\n\nselenium.common.exceptions.InvalidSelectorException: Message: invalid selector: The result of the xpath expression \"//*[@class = 'footer_copy']/text()[3]\" is: [object Text]. It should be an element.\n  (Session info: headless chrome=108.0.5359.98)\nStacktrace:\n#0 0x55c1bd7072a3 <unknown>\n#1 0x55c1bd4c5f77 <unknown>\n#2 0x55c1bd4c99c8 <unknown>\n#3 0x55c1bd4c9792 <unknown>\n#4 0x55c1bd4c9a9c <unknown>\n#5 0x55c1bd502538 <unknown>\n#6 0x55c1bd502a71 <unknown>\n#7 0x55c1bd53c734 <unknown>\n#8 0x55c1bd522b5d <unknown>\n#9 0x55c1bd53a47c <unknown>\n#10 0x55c1bd522903 <unknown>\n#11 0x55c1bd4f5ece <unknown>\n#12 0x55c1bd4f6fde <unknown>\n#13 0x55c1bd75763e <unknown>\n#14 0x55c1bd75ab79 <unknown>\n#15 0x55c1bd73d89e <unknown>\n#16 0x55c1bd75ba83 <unknown>\n#17 0x55c1bd730505 <unknown>\n#18 0x55c1bd77cca8 <unknown>\n#19 0x55c1bd77ce36 <unknown>\n#20 0x55c1bd798333 <unknown>\n#21 0x7f1df2bf1b43 <unknown>","statusTrace":"self = <SauceDemoProject.tests.test_TC_002_read_privacy_policy.Tests object at 0x7f8509050460>\nd = <selenium.webdriver.chrome.webdriver.WebDriver (session=\"06c745ec85f2155d985a36f2b0668f8f\")>\n\n    @allure.feature(\"US_002 | Privacy Policy\")\n    @allure.story(\"TC_002.05 | Read Privacy Policy from the final page\")\n    @pytest.mark.xfail(raises=InvalidSelectorException)\n    def test_TC_002_05_read_privacy_policy_from_final_page(self, d):\n        page = LoginPage(d, LoginPageSrc.URL)  # Creates the Login page instance\n        page.open_page()\n        page.register_user(\"standard_user\", \"secret_sauce\")  # Standard user logs in\n        page = ProductsPage(d, ProductsPageSrc.URL)  # Creates the ProductsPage instance\n        page.add_item_on_products_page(\n            \"Sauce Labs Onesie\"\n        )  # puts one product into the cart\n        page.go_to_basket_page()  # gets to the cart page\n        page = CartPage(d, CartPageSrc.URL)  # Creates the Cart Page instance\n        page.go_to_checkout_1_page()  # gets to Checkout step 1 page\n        page = CheckoutPage_1(\n            d, Chckout1PageSrc.URL\n        )  # Creates the Checkout-one page instance\n        page.should_be_checkout_1_page()  # Checks that the current page is Checkout-1 page\n        page.set_shipping_info(\"John\", \"Smith\", \"33009\")  # Enters shipping data\n        page.go_to_checkout_2_page()  # gets to checkout-2 page\n        page = CheckoutPage_2(\n            d, Chckout2PageSrc.URL\n        )  # Creates the Checkout-two instance\n        page.should_be_checkout_2_page()  # Checks that the current page is Checkout-2 page\n        page.go_to_checkout_complete_page()  # gets to the final page\n        page = CheckouCmpltPage(\n            d, CheckoutCmpltPageSrc.URL\n        )  # Creates the Checkout-complete page instance\n        page.should_be_checkout_complete_page()  # Checks the current page is Checkout-complete page\n>       page.check_privacy_link()  # tries to click on Privacy Policy\n\ntests/test_TC_002_read_privacy_policy.py:137: \n_ _ _ _ _ _ _ _ _ _ _ _ _ _ _ _ _ _ _ _ _ _ _ _ _ _ _ _ _ _ _ _ _ _ _ _ _ _ _ _ \npages/checkout_cmplt_page.py:44: in check_privacy_link\n    self.browser.find_element(*PageLocators.PRIVACY).click()\n../../../.cache/pypoetry/virtualenvs/saucedemoproject-P9vpYs8v-py3.10/lib/python3.10/site-packages/selenium/webdriver/remote/webdriver.py:861: in find_element\n    return self.execute(Command.FIND_ELEMENT, {\"using\": by, \"value\": value})[\"value\"]\n../../../.cache/pypoetry/virtualenvs/saucedemoproject-P9vpYs8v-py3.10/lib/python3.10/site-packages/selenium/webdriver/remote/webdriver.py:444: in execute\n    self.error_handler.check_response(response)\n_ _ _ _ _ _ _ _ _ _ _ _ _ _ _ _ _ _ _ _ _ _ _ _ _ _ _ _ _ _ _ _ _ _ _ _ _ _ _ _ \n\nself = <selenium.webdriver.remote.errorhandler.ErrorHandler object at 0x7f8508f88040>\nresponse = {'status': 400, 'value': '{\"value\":{\"error\":\"invalid selector\",\"message\":\"invalid selector: The result of the xpath ex...\\\\n#19 0x55c1bd77ce36 \\\\u003Cunknown>\\\\n#20 0x55c1bd798333 \\\\u003Cunknown>\\\\n#21 0x7f1df2bf1b43 \\\\u003Cunknown>\\\\n\"}}'}\n\n    def check_response(self, response: Dict[str, Any]) -> None:\n        \"\"\"\n        Checks that a JSON response from the WebDriver does not have an error.\n    \n        :Args:\n         - response - The JSON response from the WebDriver server as a dictionary\n           object.\n    \n        :Raises: If the response contains an error message.\n        \"\"\"\n        status = response.get(\"status\", None)\n        if not status or status == ErrorCode.SUCCESS:\n            return\n        value = None\n        message = response.get(\"message\", \"\")\n        screen: str = response.get(\"screen\", \"\")\n        stacktrace = None\n        if isinstance(status, int):\n            value_json = response.get(\"value\", None)\n            if value_json and isinstance(value_json, str):\n                import json\n    \n                try:\n                    value = json.loads(value_json)\n                    if len(value.keys()) == 1:\n                        value = value[\"value\"]\n                    status = value.get(\"error\", None)\n                    if not status:\n                        status = value.get(\"status\", ErrorCode.UNKNOWN_ERROR)\n                        message = value.get(\"value\") or value.get(\"message\")\n                        if not isinstance(message, str):\n                            value = message\n                            message = message.get(\"message\")\n                    else:\n                        message = value.get(\"message\", None)\n                except ValueError:\n                    pass\n    \n        exception_class: Type[WebDriverException]\n        if status in ErrorCode.NO_SUCH_ELEMENT:\n            exception_class = NoSuchElementException\n        elif status in ErrorCode.NO_SUCH_FRAME:\n            exception_class = NoSuchFrameException\n        elif status in ErrorCode.NO_SUCH_SHADOW_ROOT:\n            exception_class = NoSuchShadowRootException\n        elif status in ErrorCode.NO_SUCH_WINDOW:\n            exception_class = NoSuchWindowException\n        elif status in ErrorCode.STALE_ELEMENT_REFERENCE:\n            exception_class = StaleElementReferenceException\n        elif status in ErrorCode.ELEMENT_NOT_VISIBLE:\n            exception_class = ElementNotVisibleException\n        elif status in ErrorCode.INVALID_ELEMENT_STATE:\n            exception_class = InvalidElementStateException\n        elif (\n            status in ErrorCode.INVALID_SELECTOR\n            or status in ErrorCode.INVALID_XPATH_SELECTOR\n            or status in ErrorCode.INVALID_XPATH_SELECTOR_RETURN_TYPER\n        ):\n            exception_class = InvalidSelectorException\n        elif status in ErrorCode.ELEMENT_IS_NOT_SELECTABLE:\n            exception_class = ElementNotSelectableException\n        elif status in ErrorCode.ELEMENT_NOT_INTERACTABLE:\n            exception_class = ElementNotInteractableException\n        elif status in ErrorCode.INVALID_COOKIE_DOMAIN:\n            exception_class = InvalidCookieDomainException\n        elif status in ErrorCode.UNABLE_TO_SET_COOKIE:\n            exception_class = UnableToSetCookieException\n        elif status in ErrorCode.TIMEOUT:\n            exception_class = TimeoutException\n        elif status in ErrorCode.SCRIPT_TIMEOUT:\n            exception_class = TimeoutException\n        elif status in ErrorCode.UNKNOWN_ERROR:\n            exception_class = WebDriverException\n        elif status in ErrorCode.UNEXPECTED_ALERT_OPEN:\n            exception_class = UnexpectedAlertPresentException\n        elif status in ErrorCode.NO_ALERT_OPEN:\n            exception_class = NoAlertPresentException\n        elif status in ErrorCode.IME_NOT_AVAILABLE:\n            exception_class = ImeNotAvailableException\n        elif status in ErrorCode.IME_ENGINE_ACTIVATION_FAILED:\n            exception_class = ImeActivationFailedException\n        elif status in ErrorCode.MOVE_TARGET_OUT_OF_BOUNDS:\n            exception_class = MoveTargetOutOfBoundsException\n        elif status in ErrorCode.JAVASCRIPT_ERROR:\n            exception_class = JavascriptException\n        elif status in ErrorCode.SESSION_NOT_CREATED:\n            exception_class = SessionNotCreatedException\n        elif status in ErrorCode.INVALID_ARGUMENT:\n            exception_class = InvalidArgumentException\n        elif status in ErrorCode.NO_SUCH_COOKIE:\n            exception_class = NoSuchCookieException\n        elif status in ErrorCode.UNABLE_TO_CAPTURE_SCREEN:\n            exception_class = ScreenshotException\n        elif status in ErrorCode.ELEMENT_CLICK_INTERCEPTED:\n            exception_class = ElementClickInterceptedException\n        elif status in ErrorCode.INSECURE_CERTIFICATE:\n            exception_class = InsecureCertificateException\n        elif status in ErrorCode.INVALID_COORDINATES:\n            exception_class = InvalidCoordinatesException\n        elif status in ErrorCode.INVALID_SESSION_ID:\n            exception_class = InvalidSessionIdException\n        elif status in ErrorCode.UNKNOWN_METHOD:\n            exception_class = UnknownMethodException\n        else:\n            exception_class = WebDriverException\n        if not value:\n            value = response[\"value\"]\n        if isinstance(value, str):\n            raise exception_class(value)\n        if message == \"\" and \"message\" in value:\n            message = value[\"message\"]\n    \n        screen = None  # type: ignore[assignment]\n        if \"screen\" in value:\n            screen = value[\"screen\"]\n    \n        stacktrace = None\n        st_value = value.get(\"stackTrace\") or value.get(\"stacktrace\")\n        if st_value:\n            if isinstance(st_value, str):\n                stacktrace = st_value.split(\"\\n\")\n            else:\n                stacktrace = []\n                try:\n                    for frame in st_value:\n                        line = frame.get(\"lineNumber\", \"\")\n                        file = frame.get(\"fileName\", \"<anonymous>\")\n                        if line:\n                            file = f\"{file}:{line}\"\n                        meth = frame.get(\"methodName\", \"<anonymous>\")\n                        if \"className\" in frame:\n                            meth = \"{}.{}\".format(frame[\"className\"], meth)\n                        msg = \"    at %s (%s)\"\n                        msg = msg % (meth, file)\n                        stacktrace.append(msg)\n                except TypeError:\n                    pass\n        if exception_class == UnexpectedAlertPresentException:\n            alert_text = None\n            if \"data\" in value:\n                alert_text = value[\"data\"].get(\"text\")\n            elif \"alert\" in value:\n                alert_text = value[\"alert\"].get(\"text\")\n            raise exception_class(message, screen, stacktrace, alert_text)  # type: ignore[call-arg]  # mypy is not smart enough here\n>       raise exception_class(message, screen, stacktrace)\nE       selenium.common.exceptions.InvalidSelectorException: Message: invalid selector: The result of the xpath expression \"//*[@class = 'footer_copy']/text()[3]\" is: [object Text]. It should be an element.\nE         (Session info: headless chrome=108.0.5359.98)\nE       Stacktrace:\nE       #0 0x55c1bd7072a3 <unknown>\nE       #1 0x55c1bd4c5f77 <unknown>\nE       #2 0x55c1bd4c99c8 <unknown>\nE       #3 0x55c1bd4c9792 <unknown>\nE       #4 0x55c1bd4c9a9c <unknown>\nE       #5 0x55c1bd502538 <unknown>\nE       #6 0x55c1bd502a71 <unknown>\nE       #7 0x55c1bd53c734 <unknown>\nE       #8 0x55c1bd522b5d <unknown>\nE       #9 0x55c1bd53a47c <unknown>\nE       #10 0x55c1bd522903 <unknown>\nE       #11 0x55c1bd4f5ece <unknown>\nE       #12 0x55c1bd4f6fde <unknown>\nE       #13 0x55c1bd75763e <unknown>\nE       #14 0x55c1bd75ab79 <unknown>\nE       #15 0x55c1bd73d89e <unknown>\nE       #16 0x55c1bd75ba83 <unknown>\nE       #17 0x55c1bd730505 <unknown>\nE       #18 0x55c1bd77cca8 <unknown>\nE       #19 0x55c1bd77ce36 <unknown>\nE       #20 0x55c1bd798333 <unknown>\nE       #21 0x7f1df2bf1b43 <unknown>\n\n../../../.cache/pypoetry/virtualenvs/saucedemoproject-P9vpYs8v-py3.10/lib/python3.10/site-packages/selenium/webdriver/remote/errorhandler.py:249: InvalidSelectorException","flaky":false,"newFailed":false,"newBroken":false,"newPassed":false,"retriesCount":0,"retriesStatusChange":false,"beforeStages":[{"name":"browser","time":{"start":1671216303249,"stop":1671216303249,"duration":0},"status":"passed","steps":[],"attachments":[],"parameters":[],"stepsCount":0,"attachmentsCount":0,"shouldDisplayMessage":false,"hasContent":false},{"name":"d","time":{"start":1671216303250,"stop":1671216305611,"duration":2361},"status":"passed","steps":[],"attachments":[],"parameters":[],"stepsCount":0,"attachmentsCount":0,"shouldDisplayMessage":false,"hasContent":false},{"name":"g","time":{"start":1671216305611,"stop":1671216306090,"duration":479},"status":"passed","steps":[],"attachments":[],"parameters":[],"stepsCount":0,"attachmentsCount":0,"shouldDisplayMessage":false,"hasContent":false}],"testStage":{"status":"skipped","statusMessage":"XFAIL\n\nselenium.common.exceptions.InvalidSelectorException: Message: invalid selector: The result of the xpath expression \"//*[@class = 'footer_copy']/text()[3]\" is: [object Text]. It should be an element.\n  (Session info: headless chrome=108.0.5359.98)\nStacktrace:\n#0 0x55c1bd7072a3 <unknown>\n#1 0x55c1bd4c5f77 <unknown>\n#2 0x55c1bd4c99c8 <unknown>\n#3 0x55c1bd4c9792 <unknown>\n#4 0x55c1bd4c9a9c <unknown>\n#5 0x55c1bd502538 <unknown>\n#6 0x55c1bd502a71 <unknown>\n#7 0x55c1bd53c734 <unknown>\n#8 0x55c1bd522b5d <unknown>\n#9 0x55c1bd53a47c <unknown>\n#10 0x55c1bd522903 <unknown>\n#11 0x55c1bd4f5ece <unknown>\n#12 0x55c1bd4f6fde <unknown>\n#13 0x55c1bd75763e <unknown>\n#14 0x55c1bd75ab79 <unknown>\n#15 0x55c1bd73d89e <unknown>\n#16 0x55c1bd75ba83 <unknown>\n#17 0x55c1bd730505 <unknown>\n#18 0x55c1bd77cca8 <unknown>\n#19 0x55c1bd77ce36 <unknown>\n#20 0x55c1bd798333 <unknown>\n#21 0x7f1df2bf1b43 <unknown>","statusTrace":"self = <SauceDemoProject.tests.test_TC_002_read_privacy_policy.Tests object at 0x7f8509050460>\nd = <selenium.webdriver.chrome.webdriver.WebDriver (session=\"06c745ec85f2155d985a36f2b0668f8f\")>\n\n    @allure.feature(\"US_002 | Privacy Policy\")\n    @allure.story(\"TC_002.05 | Read Privacy Policy from the final page\")\n    @pytest.mark.xfail(raises=InvalidSelectorException)\n    def test_TC_002_05_read_privacy_policy_from_final_page(self, d):\n        page = LoginPage(d, LoginPageSrc.URL)  # Creates the Login page instance\n        page.open_page()\n        page.register_user(\"standard_user\", \"secret_sauce\")  # Standard user logs in\n        page = ProductsPage(d, ProductsPageSrc.URL)  # Creates the ProductsPage instance\n        page.add_item_on_products_page(\n            \"Sauce Labs Onesie\"\n        )  # puts one product into the cart\n        page.go_to_basket_page()  # gets to the cart page\n        page = CartPage(d, CartPageSrc.URL)  # Creates the Cart Page instance\n        page.go_to_checkout_1_page()  # gets to Checkout step 1 page\n        page = CheckoutPage_1(\n            d, Chckout1PageSrc.URL\n        )  # Creates the Checkout-one page instance\n        page.should_be_checkout_1_page()  # Checks that the current page is Checkout-1 page\n        page.set_shipping_info(\"John\", \"Smith\", \"33009\")  # Enters shipping data\n        page.go_to_checkout_2_page()  # gets to checkout-2 page\n        page = CheckoutPage_2(\n            d, Chckout2PageSrc.URL\n        )  # Creates the Checkout-two instance\n        page.should_be_checkout_2_page()  # Checks that the current page is Checkout-2 page\n        page.go_to_checkout_complete_page()  # gets to the final page\n        page = CheckouCmpltPage(\n            d, CheckoutCmpltPageSrc.URL\n        )  # Creates the Checkout-complete page instance\n        page.should_be_checkout_complete_page()  # Checks the current page is Checkout-complete page\n>       page.check_privacy_link()  # tries to click on Privacy Policy\n\ntests/test_TC_002_read_privacy_policy.py:137: \n_ _ _ _ _ _ _ _ _ _ _ _ _ _ _ _ _ _ _ _ _ _ _ _ _ _ _ _ _ _ _ _ _ _ _ _ _ _ _ _ \npages/checkout_cmplt_page.py:44: in check_privacy_link\n    self.browser.find_element(*PageLocators.PRIVACY).click()\n../../../.cache/pypoetry/virtualenvs/saucedemoproject-P9vpYs8v-py3.10/lib/python3.10/site-packages/selenium/webdriver/remote/webdriver.py:861: in find_element\n    return self.execute(Command.FIND_ELEMENT, {\"using\": by, \"value\": value})[\"value\"]\n../../../.cache/pypoetry/virtualenvs/saucedemoproject-P9vpYs8v-py3.10/lib/python3.10/site-packages/selenium/webdriver/remote/webdriver.py:444: in execute\n    self.error_handler.check_response(response)\n_ _ _ _ _ _ _ _ _ _ _ _ _ _ _ _ _ _ _ _ _ _ _ _ _ _ _ _ _ _ _ _ _ _ _ _ _ _ _ _ \n\nself = <selenium.webdriver.remote.errorhandler.ErrorHandler object at 0x7f8508f88040>\nresponse = {'status': 400, 'value': '{\"value\":{\"error\":\"invalid selector\",\"message\":\"invalid selector: The result of the xpath ex...\\\\n#19 0x55c1bd77ce36 \\\\u003Cunknown>\\\\n#20 0x55c1bd798333 \\\\u003Cunknown>\\\\n#21 0x7f1df2bf1b43 \\\\u003Cunknown>\\\\n\"}}'}\n\n    def check_response(self, response: Dict[str, Any]) -> None:\n        \"\"\"\n        Checks that a JSON response from the WebDriver does not have an error.\n    \n        :Args:\n         - response - The JSON response from the WebDriver server as a dictionary\n           object.\n    \n        :Raises: If the response contains an error message.\n        \"\"\"\n        status = response.get(\"status\", None)\n        if not status or status == ErrorCode.SUCCESS:\n            return\n        value = None\n        message = response.get(\"message\", \"\")\n        screen: str = response.get(\"screen\", \"\")\n        stacktrace = None\n        if isinstance(status, int):\n            value_json = response.get(\"value\", None)\n            if value_json and isinstance(value_json, str):\n                import json\n    \n                try:\n                    value = json.loads(value_json)\n                    if len(value.keys()) == 1:\n                        value = value[\"value\"]\n                    status = value.get(\"error\", None)\n                    if not status:\n                        status = value.get(\"status\", ErrorCode.UNKNOWN_ERROR)\n                        message = value.get(\"value\") or value.get(\"message\")\n                        if not isinstance(message, str):\n                            value = message\n                            message = message.get(\"message\")\n                    else:\n                        message = value.get(\"message\", None)\n                except ValueError:\n                    pass\n    \n        exception_class: Type[WebDriverException]\n        if status in ErrorCode.NO_SUCH_ELEMENT:\n            exception_class = NoSuchElementException\n        elif status in ErrorCode.NO_SUCH_FRAME:\n            exception_class = NoSuchFrameException\n        elif status in ErrorCode.NO_SUCH_SHADOW_ROOT:\n            exception_class = NoSuchShadowRootException\n        elif status in ErrorCode.NO_SUCH_WINDOW:\n            exception_class = NoSuchWindowException\n        elif status in ErrorCode.STALE_ELEMENT_REFERENCE:\n            exception_class = StaleElementReferenceException\n        elif status in ErrorCode.ELEMENT_NOT_VISIBLE:\n            exception_class = ElementNotVisibleException\n        elif status in ErrorCode.INVALID_ELEMENT_STATE:\n            exception_class = InvalidElementStateException\n        elif (\n            status in ErrorCode.INVALID_SELECTOR\n            or status in ErrorCode.INVALID_XPATH_SELECTOR\n            or status in ErrorCode.INVALID_XPATH_SELECTOR_RETURN_TYPER\n        ):\n            exception_class = InvalidSelectorException\n        elif status in ErrorCode.ELEMENT_IS_NOT_SELECTABLE:\n            exception_class = ElementNotSelectableException\n        elif status in ErrorCode.ELEMENT_NOT_INTERACTABLE:\n            exception_class = ElementNotInteractableException\n        elif status in ErrorCode.INVALID_COOKIE_DOMAIN:\n            exception_class = InvalidCookieDomainException\n        elif status in ErrorCode.UNABLE_TO_SET_COOKIE:\n            exception_class = UnableToSetCookieException\n        elif status in ErrorCode.TIMEOUT:\n            exception_class = TimeoutException\n        elif status in ErrorCode.SCRIPT_TIMEOUT:\n            exception_class = TimeoutException\n        elif status in ErrorCode.UNKNOWN_ERROR:\n            exception_class = WebDriverException\n        elif status in ErrorCode.UNEXPECTED_ALERT_OPEN:\n            exception_class = UnexpectedAlertPresentException\n        elif status in ErrorCode.NO_ALERT_OPEN:\n            exception_class = NoAlertPresentException\n        elif status in ErrorCode.IME_NOT_AVAILABLE:\n            exception_class = ImeNotAvailableException\n        elif status in ErrorCode.IME_ENGINE_ACTIVATION_FAILED:\n            exception_class = ImeActivationFailedException\n        elif status in ErrorCode.MOVE_TARGET_OUT_OF_BOUNDS:\n            exception_class = MoveTargetOutOfBoundsException\n        elif status in ErrorCode.JAVASCRIPT_ERROR:\n            exception_class = JavascriptException\n        elif status in ErrorCode.SESSION_NOT_CREATED:\n            exception_class = SessionNotCreatedException\n        elif status in ErrorCode.INVALID_ARGUMENT:\n            exception_class = InvalidArgumentException\n        elif status in ErrorCode.NO_SUCH_COOKIE:\n            exception_class = NoSuchCookieException\n        elif status in ErrorCode.UNABLE_TO_CAPTURE_SCREEN:\n            exception_class = ScreenshotException\n        elif status in ErrorCode.ELEMENT_CLICK_INTERCEPTED:\n            exception_class = ElementClickInterceptedException\n        elif status in ErrorCode.INSECURE_CERTIFICATE:\n            exception_class = InsecureCertificateException\n        elif status in ErrorCode.INVALID_COORDINATES:\n            exception_class = InvalidCoordinatesException\n        elif status in ErrorCode.INVALID_SESSION_ID:\n            exception_class = InvalidSessionIdException\n        elif status in ErrorCode.UNKNOWN_METHOD:\n            exception_class = UnknownMethodException\n        else:\n            exception_class = WebDriverException\n        if not value:\n            value = response[\"value\"]\n        if isinstance(value, str):\n            raise exception_class(value)\n        if message == \"\" and \"message\" in value:\n            message = value[\"message\"]\n    \n        screen = None  # type: ignore[assignment]\n        if \"screen\" in value:\n            screen = value[\"screen\"]\n    \n        stacktrace = None\n        st_value = value.get(\"stackTrace\") or value.get(\"stacktrace\")\n        if st_value:\n            if isinstance(st_value, str):\n                stacktrace = st_value.split(\"\\n\")\n            else:\n                stacktrace = []\n                try:\n                    for frame in st_value:\n                        line = frame.get(\"lineNumber\", \"\")\n                        file = frame.get(\"fileName\", \"<anonymous>\")\n                        if line:\n                            file = f\"{file}:{line}\"\n                        meth = frame.get(\"methodName\", \"<anonymous>\")\n                        if \"className\" in frame:\n                            meth = \"{}.{}\".format(frame[\"className\"], meth)\n                        msg = \"    at %s (%s)\"\n                        msg = msg % (meth, file)\n                        stacktrace.append(msg)\n                except TypeError:\n                    pass\n        if exception_class == UnexpectedAlertPresentException:\n            alert_text = None\n            if \"data\" in value:\n                alert_text = value[\"data\"].get(\"text\")\n            elif \"alert\" in value:\n                alert_text = value[\"alert\"].get(\"text\")\n            raise exception_class(message, screen, stacktrace, alert_text)  # type: ignore[call-arg]  # mypy is not smart enough here\n>       raise exception_class(message, screen, stacktrace)\nE       selenium.common.exceptions.InvalidSelectorException: Message: invalid selector: The result of the xpath expression \"//*[@class = 'footer_copy']/text()[3]\" is: [object Text]. It should be an element.\nE         (Session info: headless chrome=108.0.5359.98)\nE       Stacktrace:\nE       #0 0x55c1bd7072a3 <unknown>\nE       #1 0x55c1bd4c5f77 <unknown>\nE       #2 0x55c1bd4c99c8 <unknown>\nE       #3 0x55c1bd4c9792 <unknown>\nE       #4 0x55c1bd4c9a9c <unknown>\nE       #5 0x55c1bd502538 <unknown>\nE       #6 0x55c1bd502a71 <unknown>\nE       #7 0x55c1bd53c734 <unknown>\nE       #8 0x55c1bd522b5d <unknown>\nE       #9 0x55c1bd53a47c <unknown>\nE       #10 0x55c1bd522903 <unknown>\nE       #11 0x55c1bd4f5ece <unknown>\nE       #12 0x55c1bd4f6fde <unknown>\nE       #13 0x55c1bd75763e <unknown>\nE       #14 0x55c1bd75ab79 <unknown>\nE       #15 0x55c1bd73d89e <unknown>\nE       #16 0x55c1bd75ba83 <unknown>\nE       #17 0x55c1bd730505 <unknown>\nE       #18 0x55c1bd77cca8 <unknown>\nE       #19 0x55c1bd77ce36 <unknown>\nE       #20 0x55c1bd798333 <unknown>\nE       #21 0x7f1df2bf1b43 <unknown>\n\n../../../.cache/pypoetry/virtualenvs/saucedemoproject-P9vpYs8v-py3.10/lib/python3.10/site-packages/selenium/webdriver/remote/errorhandler.py:249: InvalidSelectorException","steps":[],"attachments":[{"uid":"ea8646d0762a64e4","name":"Screenshot","source":"ea8646d0762a64e4.png","type":"image/png","size":149876},{"uid":"c35f17ffa528dbcc","name":"stdout","source":"c35f17ffa528dbcc.txt","type":"text/plain","size":33}],"parameters":[],"stepsCount":0,"attachmentsCount":2,"shouldDisplayMessage":true,"hasContent":true},"afterStages":[{"name":"g::0","time":{"start":1671216313632,"stop":1671216313691,"duration":59},"status":"passed","steps":[],"attachments":[],"parameters":[],"stepsCount":0,"attachmentsCount":0,"shouldDisplayMessage":false,"hasContent":false}],"labels":[{"name":"story","value":"TC_002.05 | Read Privacy Policy from the final page"},{"name":"feature","value":"US_002 | Privacy Policy"},{"name":"tag","value":"@pytest.mark.xfail(raises=<class 'selenium.common.exceptions.InvalidSelectorException'>)"},{"name":"parentSuite","value":"tests"},{"name":"suite","value":"test_TC_002_read_privacy_policy"},{"name":"subSuite","value":"Tests"},{"name":"host","value":"fv-az621-729"},{"name":"thread","value":"2778-MainThread"},{"name":"framework","value":"pytest"},{"name":"language","value":"cpython3"},{"name":"package","value":"tests.test_TC_002_read_privacy_policy"},{"name":"resultFormat","value":"allure2"}],"parameters":[],"links":[],"hidden":false,"retry":false,"extra":{"severity":"normal","retries":[],"categories":[],"history":{"statistic":{"failed":0,"broken":0,"skipped":20,"passed":0,"unknown":0,"total":20},"items":[{"uid":"c2378cce7b64c50a","reportUrl":"https://Natalia-Tsy.github.io/SauceDemoProject/304//#testresult/c2378cce7b64c50a","status":"skipped","statusDetails":"XFAIL\n\nselenium.common.exceptions.InvalidSelectorException: Message: invalid selector: The result of the xpath expression \"//*[@class = 'footer_copy']/text()[3]\" is: [object Text]. It should be an element.\n  (Session info: headless chrome=108.0.5359.98)\nStacktrace:\n#0 0x55db0383c2a3 <unknown>\n#1 0x55db035faf77 <unknown>\n#2 0x55db035fe9c8 <unknown>\n#3 0x55db035fe792 <unknown>\n#4 0x55db035fea9c <unknown>\n#5 0x55db03637538 <unknown>\n#6 0x55db03637a71 <unknown>\n#7 0x55db03671734 <unknown>\n#8 0x55db03657b5d <unknown>\n#9 0x55db0366f47c <unknown>\n#10 0x55db03657903 <unknown>\n#11 0x55db0362aece <unknown>\n#12 0x55db0362bfde <unknown>\n#13 0x55db0388c63e <unknown>\n#14 0x55db0388fb79 <unknown>\n#15 0x55db0387289e <unknown>\n#16 0x55db03890a83 <unknown>\n#17 0x55db03865505 <unknown>\n#18 0x55db038b1ca8 <unknown>\n#19 0x55db038b1e36 <unknown>\n#20 0x55db038cd333 <unknown>\n#21 0x7f32a41f0b43 <unknown>","time":{"start":1671214720498,"stop":1671214721398,"duration":900}},{"uid":"5a3ed2d3e5ab4257","reportUrl":"https://Natalia-Tsy.github.io/SauceDemoProject/303//#testresult/5a3ed2d3e5ab4257","status":"skipped","statusDetails":"XFAIL\n\nselenium.common.exceptions.InvalidSelectorException: Message: invalid selector: The result of the xpath expression \"//*[@class = 'footer_copy']/text()[3]\" is: [object Text]. It should be an element.\n  (Session info: headless chrome=108.0.5359.98)\nStacktrace:\n#0 0x55d119d532a3 <unknown>\n#1 0x55d119b11f77 <unknown>\n#2 0x55d119b159c8 <unknown>\n#3 0x55d119b15792 <unknown>\n#4 0x55d119b15a9c <unknown>\n#5 0x55d119b4e538 <unknown>\n#6 0x55d119b4ea71 <unknown>\n#7 0x55d119b88734 <unknown>\n#8 0x55d119b6eb5d <unknown>\n#9 0x55d119b8647c <unknown>\n#10 0x55d119b6e903 <unknown>\n#11 0x55d119b41ece <unknown>\n#12 0x55d119b42fde <unknown>\n#13 0x55d119da363e <unknown>\n#14 0x55d119da6b79 <unknown>\n#15 0x55d119d8989e <unknown>\n#16 0x55d119da7a83 <unknown>\n#17 0x55d119d7c505 <unknown>\n#18 0x55d119dc8ca8 <unknown>\n#19 0x55d119dc8e36 <unknown>\n#20 0x55d119de4333 <unknown>\n#21 0x7f65c9ef8b43 <unknown>","time":{"start":1671212708560,"stop":1671212709452,"duration":892}},{"uid":"f6d05564e9e0717","reportUrl":"https://Natalia-Tsy.github.io/SauceDemoProject/302//#testresult/f6d05564e9e0717","status":"skipped","statusDetails":"XFAIL\n\nselenium.common.exceptions.InvalidSelectorException: Message: invalid selector: The result of the xpath expression \"//*[@class = 'footer_copy']/text()[3]\" is: [object Text]. It should be an element.\n  (Session info: headless chrome=108.0.5359.98)\nStacktrace:\n#0 0x55f1329f12a3 <unknown>\n#1 0x55f1327aff77 <unknown>\n#2 0x55f1327b39c8 <unknown>\n#3 0x55f1327b3792 <unknown>\n#4 0x55f1327b3a9c <unknown>\n#5 0x55f1327ec538 <unknown>\n#6 0x55f1327eca71 <unknown>\n#7 0x55f132826734 <unknown>\n#8 0x55f13280cb5d <unknown>\n#9 0x55f13282447c <unknown>\n#10 0x55f13280c903 <unknown>\n#11 0x55f1327dfece <unknown>\n#12 0x55f1327e0fde <unknown>\n#13 0x55f132a4163e <unknown>\n#14 0x55f132a44b79 <unknown>\n#15 0x55f132a2789e <unknown>\n#16 0x55f132a45a83 <unknown>\n#17 0x55f132a1a505 <unknown>\n#18 0x55f132a66ca8 <unknown>\n#19 0x55f132a66e36 <unknown>\n#20 0x55f132a82333 <unknown>\n#21 0x7f213fe13b43 <unknown>","time":{"start":1671209395013,"stop":1671209395908,"duration":895}},{"uid":"4225ddda2bad4f76","reportUrl":"https://Natalia-Tsy.github.io/SauceDemoProject/301//#testresult/4225ddda2bad4f76","status":"skipped","statusDetails":"XFAIL\n\nselenium.common.exceptions.InvalidSelectorException: Message: invalid selector: The result of the xpath expression \"//*[@class = 'footer_copy']/text()[3]\" is: [object Text]. It should be an element.\n  (Session info: headless chrome=108.0.5359.98)\nStacktrace:\n#0 0x55ca14fc92a3 <unknown>\n#1 0x55ca14d87f77 <unknown>\n#2 0x55ca14d8b9c8 <unknown>\n#3 0x55ca14d8b792 <unknown>\n#4 0x55ca14d8ba9c <unknown>\n#5 0x55ca14dc4538 <unknown>\n#6 0x55ca14dc4a71 <unknown>\n#7 0x55ca14dfe734 <unknown>\n#8 0x55ca14de4b5d <unknown>\n#9 0x55ca14dfc47c <unknown>\n#10 0x55ca14de4903 <unknown>\n#11 0x55ca14db7ece <unknown>\n#12 0x55ca14db8fde <unknown>\n#13 0x55ca1501963e <unknown>\n#14 0x55ca1501cb79 <unknown>\n#15 0x55ca14fff89e <unknown>\n#16 0x55ca1501da83 <unknown>\n#17 0x55ca14ff2505 <unknown>\n#18 0x55ca1503eca8 <unknown>\n#19 0x55ca1503ee36 <unknown>\n#20 0x55ca1505a333 <unknown>\n#21 0x7fb3eb594b43 <unknown>","time":{"start":1671205649138,"stop":1671205650184,"duration":1046}},{"uid":"73c7939c80f67df6","reportUrl":"https://Natalia-Tsy.github.io/SauceDemoProject/300//#testresult/73c7939c80f67df6","status":"skipped","statusDetails":"XFAIL\n\nselenium.common.exceptions.InvalidSelectorException: Message: invalid selector: The result of the xpath expression \"//*[@class = 'footer_copy']/text()[3]\" is: [object Text]. It should be an element.\n  (Session info: headless chrome=108.0.5359.98)\nStacktrace:\n#0 0x55ac39ba92a3 <unknown>\n#1 0x55ac39967f77 <unknown>\n#2 0x55ac3996b9c8 <unknown>\n#3 0x55ac3996b792 <unknown>\n#4 0x55ac3996ba9c <unknown>\n#5 0x55ac399a4538 <unknown>\n#6 0x55ac399a4a71 <unknown>\n#7 0x55ac399de734 <unknown>\n#8 0x55ac399c4b5d <unknown>\n#9 0x55ac399dc47c <unknown>\n#10 0x55ac399c4903 <unknown>\n#11 0x55ac39997ece <unknown>\n#12 0x55ac39998fde <unknown>\n#13 0x55ac39bf963e <unknown>\n#14 0x55ac39bfcb79 <unknown>\n#15 0x55ac39bdf89e <unknown>\n#16 0x55ac39bfda83 <unknown>\n#17 0x55ac39bd2505 <unknown>\n#18 0x55ac39c1eca8 <unknown>\n#19 0x55ac39c1ee36 <unknown>\n#20 0x55ac39c3a333 <unknown>\n#21 0x7f8bf5f1fb43 <unknown>","time":{"start":1671205288000,"stop":1671205289054,"duration":1054}},{"uid":"6e328cea8e79be3e","reportUrl":"https://Natalia-Tsy.github.io/SauceDemoProject/299//#testresult/6e328cea8e79be3e","status":"skipped","statusDetails":"XFAIL\n\nselenium.common.exceptions.InvalidSelectorException: Message: invalid selector: The result of the xpath expression \"//*[@class = 'footer_copy']/text()[3]\" is: [object Text]. It should be an element.\n  (Session info: headless chrome=108.0.5359.98)\nStacktrace:\n#0 0x55a3502bd2a3 <unknown>\n#1 0x55a35007bf77 <unknown>\n#2 0x55a35007f9c8 <unknown>\n#3 0x55a35007f792 <unknown>\n#4 0x55a35007fa9c <unknown>\n#5 0x55a3500b8538 <unknown>\n#6 0x55a3500b8a71 <unknown>\n#7 0x55a3500f2734 <unknown>\n#8 0x55a3500d8b5d <unknown>\n#9 0x55a3500f047c <unknown>\n#10 0x55a3500d8903 <unknown>\n#11 0x55a3500abece <unknown>\n#12 0x55a3500acfde <unknown>\n#13 0x55a35030d63e <unknown>\n#14 0x55a350310b79 <unknown>\n#15 0x55a3502f389e <unknown>\n#16 0x55a350311a83 <unknown>\n#17 0x55a3502e6505 <unknown>\n#18 0x55a350332ca8 <unknown>\n#19 0x55a350332e36 <unknown>\n#20 0x55a35034e333 <unknown>\n#21 0x7fceeb7a3b43 <unknown>","time":{"start":1671202402763,"stop":1671202403714,"duration":951}},{"uid":"27fa5af19cb87ee","reportUrl":"https://Natalia-Tsy.github.io/SauceDemoProject/298//#testresult/27fa5af19cb87ee","status":"skipped","statusDetails":"XFAIL\n\nselenium.common.exceptions.InvalidSelectorException: Message: invalid selector: The result of the xpath expression \"//*[@class = 'footer_copy']/text()[3]\" is: [object Text]. It should be an element.\n  (Session info: headless chrome=108.0.5359.98)\nStacktrace:\n#0 0x55ada02b62a3 <unknown>\n#1 0x55ada0074f77 <unknown>\n#2 0x55ada00789c8 <unknown>\n#3 0x55ada0078792 <unknown>\n#4 0x55ada0078a9c <unknown>\n#5 0x55ada00b1538 <unknown>\n#6 0x55ada00b1a71 <unknown>\n#7 0x55ada00eb734 <unknown>\n#8 0x55ada00d1b5d <unknown>\n#9 0x55ada00e947c <unknown>\n#10 0x55ada00d1903 <unknown>\n#11 0x55ada00a4ece <unknown>\n#12 0x55ada00a5fde <unknown>\n#13 0x55ada030663e <unknown>\n#14 0x55ada0309b79 <unknown>\n#15 0x55ada02ec89e <unknown>\n#16 0x55ada030aa83 <unknown>\n#17 0x55ada02df505 <unknown>\n#18 0x55ada032bca8 <unknown>\n#19 0x55ada032be36 <unknown>\n#20 0x55ada0347333 <unknown>\n#21 0x7fe57fe18b43 <unknown>","time":{"start":1671202088675,"stop":1671202089595,"duration":920}},{"uid":"c351ca5459cc5ecb","reportUrl":"https://Natalia-Tsy.github.io/SauceDemoProject/297//#testresult/c351ca5459cc5ecb","status":"skipped","statusDetails":"XFAIL\n\nselenium.common.exceptions.InvalidSelectorException: Message: invalid selector: The result of the xpath expression \"//*[@class = 'footer_copy']/text()[3]\" is: [object Text]. It should be an element.\n  (Session info: headless chrome=108.0.5359.98)\nStacktrace:\n#0 0x55d2547652a3 <unknown>\n#1 0x55d254523f77 <unknown>\n#2 0x55d2545279c8 <unknown>\n#3 0x55d254527792 <unknown>\n#4 0x55d254527a9c <unknown>\n#5 0x55d254560538 <unknown>\n#6 0x55d254560a71 <unknown>\n#7 0x55d25459a734 <unknown>\n#8 0x55d254580b5d <unknown>\n#9 0x55d25459847c <unknown>\n#10 0x55d254580903 <unknown>\n#11 0x55d254553ece <unknown>\n#12 0x55d254554fde <unknown>\n#13 0x55d2547b563e <unknown>\n#14 0x55d2547b8b79 <unknown>\n#15 0x55d25479b89e <unknown>\n#16 0x55d2547b9a83 <unknown>\n#17 0x55d25478e505 <unknown>\n#18 0x55d2547daca8 <unknown>\n#19 0x55d2547dae36 <unknown>\n#20 0x55d2547f6333 <unknown>\n#21 0x7f96c1671b43 <unknown>","time":{"start":1671200235807,"stop":1671200236723,"duration":916}},{"uid":"4a3c0c3b2d1c866d","reportUrl":"https://Natalia-Tsy.github.io/SauceDemoProject/296//#testresult/4a3c0c3b2d1c866d","status":"skipped","statusDetails":"XFAIL\n\nselenium.common.exceptions.InvalidSelectorException: Message: invalid selector: The result of the xpath expression \"//*[@class = 'footer_copy']/text()[3]\" is: [object Text]. It should be an element.\n  (Session info: headless chrome=108.0.5359.98)\nStacktrace:\n#0 0x558dc4dc42a3 <unknown>\n#1 0x558dc4b82f77 <unknown>\n#2 0x558dc4b869c8 <unknown>\n#3 0x558dc4b86792 <unknown>\n#4 0x558dc4b86a9c <unknown>\n#5 0x558dc4bbf538 <unknown>\n#6 0x558dc4bbfa71 <unknown>\n#7 0x558dc4bf9734 <unknown>\n#8 0x558dc4bdfb5d <unknown>\n#9 0x558dc4bf747c <unknown>\n#10 0x558dc4bdf903 <unknown>\n#11 0x558dc4bb2ece <unknown>\n#12 0x558dc4bb3fde <unknown>\n#13 0x558dc4e1463e <unknown>\n#14 0x558dc4e17b79 <unknown>\n#15 0x558dc4dfa89e <unknown>\n#16 0x558dc4e18a83 <unknown>\n#17 0x558dc4ded505 <unknown>\n#18 0x558dc4e39ca8 <unknown>\n#19 0x558dc4e39e36 <unknown>\n#20 0x558dc4e55333 <unknown>\n#21 0x7eff7373bb43 <unknown>","time":{"start":1671199775290,"stop":1671199776474,"duration":1184}},{"uid":"e6b56e5176763d33","reportUrl":"https://Natalia-Tsy.github.io/SauceDemoProject/293//#testresult/e6b56e5176763d33","status":"skipped","statusDetails":"XFAIL\n\nselenium.common.exceptions.InvalidSelectorException: Message: invalid selector: The result of the xpath expression \"//*[@class = 'footer_copy']/text()[3]\" is: [object Text]. It should be an element.\n  (Session info: headless chrome=108.0.5359.98)\nStacktrace:\n#0 0x55cb130882a3 <unknown>\n#1 0x55cb12e46f77 <unknown>\n#2 0x55cb12e4a9c8 <unknown>\n#3 0x55cb12e4a792 <unknown>\n#4 0x55cb12e4aa9c <unknown>\n#5 0x55cb12e83538 <unknown>\n#6 0x55cb12e83a71 <unknown>\n#7 0x55cb12ebd734 <unknown>\n#8 0x55cb12ea3b5d <unknown>\n#9 0x55cb12ebb47c <unknown>\n#10 0x55cb12ea3903 <unknown>\n#11 0x55cb12e76ece <unknown>\n#12 0x55cb12e77fde <unknown>\n#13 0x55cb130d863e <unknown>\n#14 0x55cb130dbb79 <unknown>\n#15 0x55cb130be89e <unknown>\n#16 0x55cb130dca83 <unknown>\n#17 0x55cb130b1505 <unknown>\n#18 0x55cb130fdca8 <unknown>\n#19 0x55cb130fde36 <unknown>\n#20 0x55cb13119333 <unknown>\n#21 0x7f64596b7b43 <unknown>","time":{"start":1671199756510,"stop":1671199757695,"duration":1185}},{"uid":"753566fc56c2dfb7","reportUrl":"https://Natalia-Tsy.github.io/SauceDemoProject/295//#testresult/753566fc56c2dfb7","status":"skipped","statusDetails":"XFAIL\n\nselenium.common.exceptions.InvalidSelectorException: Message: invalid selector: The result of the xpath expression \"//*[@class = 'footer_copy']/text()[3]\" is: [object Text]. It should be an element.\n  (Session info: headless chrome=108.0.5359.98)\nStacktrace:\n#0 0x55fa0f62f2a3 <unknown>\n#1 0x55fa0f3edf77 <unknown>\n#2 0x55fa0f3f19c8 <unknown>\n#3 0x55fa0f3f1792 <unknown>\n#4 0x55fa0f3f1a9c <unknown>\n#5 0x55fa0f42a538 <unknown>\n#6 0x55fa0f42aa71 <unknown>\n#7 0x55fa0f464734 <unknown>\n#8 0x55fa0f44ab5d <unknown>\n#9 0x55fa0f46247c <unknown>\n#10 0x55fa0f44a903 <unknown>\n#11 0x55fa0f41dece <unknown>\n#12 0x55fa0f41efde <unknown>\n#13 0x55fa0f67f63e <unknown>\n#14 0x55fa0f682b79 <unknown>\n#15 0x55fa0f66589e <unknown>\n#16 0x55fa0f683a83 <unknown>\n#17 0x55fa0f658505 <unknown>\n#18 0x55fa0f6a4ca8 <unknown>\n#19 0x55fa0f6a4e36 <unknown>\n#20 0x55fa0f6c0333 <unknown>\n#21 0x7f038de9bb43 <unknown>","time":{"start":1671199745470,"stop":1671199746293,"duration":823}},{"uid":"703d04dee998a3e0","reportUrl":"https://Natalia-Tsy.github.io/SauceDemoProject/291//#testresult/703d04dee998a3e0","status":"skipped","statusDetails":"XFAIL\n\nselenium.common.exceptions.InvalidSelectorException: Message: invalid selector: The result of the xpath expression \"//*[@class = 'footer_copy']/text()[3]\" is: [object Text]. It should be an element.\n  (Session info: headless chrome=108.0.5359.98)\nStacktrace:\n#0 0x5628ee9ef2a3 <unknown>\n#1 0x5628ee7adf77 <unknown>\n#2 0x5628ee7b19c8 <unknown>\n#3 0x5628ee7b1792 <unknown>\n#4 0x5628ee7b1a9c <unknown>\n#5 0x5628ee7ea538 <unknown>\n#6 0x5628ee7eaa71 <unknown>\n#7 0x5628ee824734 <unknown>\n#8 0x5628ee80ab5d <unknown>\n#9 0x5628ee82247c <unknown>\n#10 0x5628ee80a903 <unknown>\n#11 0x5628ee7ddece <unknown>\n#12 0x5628ee7defde <unknown>\n#13 0x5628eea3f63e <unknown>\n#14 0x5628eea42b79 <unknown>\n#15 0x5628eea2589e <unknown>\n#16 0x5628eea43a83 <unknown>\n#17 0x5628eea18505 <unknown>\n#18 0x5628eea64ca8 <unknown>\n#19 0x5628eea64e36 <unknown>\n#20 0x5628eea80333 <unknown>\n#21 0x7fee37967b43 <unknown>","time":{"start":1671198668465,"stop":1671198669484,"duration":1019}},{"uid":"77b2e313470b8d86","reportUrl":"https://Natalia-Tsy.github.io/SauceDemoProject/289//#testresult/77b2e313470b8d86","status":"skipped","statusDetails":"XFAIL\n\nselenium.common.exceptions.InvalidSelectorException: Message: invalid selector: The result of the xpath expression \"//*[@class = 'footer_copy']/text()[3]\" is: [object Text]. It should be an element.\n  (Session info: headless chrome=108.0.5359.98)\nStacktrace:\n#0 0x561d92c132a3 <unknown>\n#1 0x561d929d1f77 <unknown>\n#2 0x561d929d59c8 <unknown>\n#3 0x561d929d5792 <unknown>\n#4 0x561d929d5a9c <unknown>\n#5 0x561d92a0e538 <unknown>\n#6 0x561d92a0ea71 <unknown>\n#7 0x561d92a48734 <unknown>\n#8 0x561d92a2eb5d <unknown>\n#9 0x561d92a4647c <unknown>\n#10 0x561d92a2e903 <unknown>\n#11 0x561d92a01ece <unknown>\n#12 0x561d92a02fde <unknown>\n#13 0x561d92c6363e <unknown>\n#14 0x561d92c66b79 <unknown>\n#15 0x561d92c4989e <unknown>\n#16 0x561d92c67a83 <unknown>\n#17 0x561d92c3c505 <unknown>\n#18 0x561d92c88ca8 <unknown>\n#19 0x561d92c88e36 <unknown>\n#20 0x561d92ca4333 <unknown>\n#21 0x7f3414c5cb43 <unknown>","time":{"start":1671197588811,"stop":1671197589651,"duration":840}},{"uid":"c52417e13461a2e2","reportUrl":"https://Natalia-Tsy.github.io/SauceDemoProject/4//#testresult/c52417e13461a2e2","status":"skipped","statusDetails":"XFAIL\n\nselenium.common.exceptions.InvalidSelectorException: Message: invalid selector: The result of the xpath expression \"//*[@class = 'footer_copy']/text()[3]\" is: [object Text]. It should be an element.\n  (Session info: headless chrome=108.0.5359.98)\nStacktrace:\n#0 0x5567dfe572a3 <unknown>\n#1 0x5567dfc15f77 <unknown>\n#2 0x5567dfc199c8 <unknown>\n#3 0x5567dfc19792 <unknown>\n#4 0x5567dfc19a9c <unknown>\n#5 0x5567dfc52538 <unknown>\n#6 0x5567dfc52a71 <unknown>\n#7 0x5567dfc8c734 <unknown>\n#8 0x5567dfc72b5d <unknown>\n#9 0x5567dfc8a47c <unknown>\n#10 0x5567dfc72903 <unknown>\n#11 0x5567dfc45ece <unknown>\n#12 0x5567dfc46fde <unknown>\n#13 0x5567dfea763e <unknown>\n#14 0x5567dfeaab79 <unknown>\n#15 0x5567dfe8d89e <unknown>\n#16 0x5567dfeaba83 <unknown>\n#17 0x5567dfe80505 <unknown>\n#18 0x5567dfeccca8 <unknown>\n#19 0x5567dfecce36 <unknown>\n#20 0x5567dfee8333 <unknown>\n#21 0x7fb9e814eb43 <unknown>","time":{"start":1671197577390,"stop":1671197578264,"duration":874}},{"uid":"aa3e0065a19dcec4","reportUrl":"https://Natalia-Tsy.github.io/SauceDemoProject/3//#testresult/aa3e0065a19dcec4","status":"skipped","statusDetails":"XFAIL\n\nselenium.common.exceptions.InvalidSelectorException: Message: invalid selector: The result of the xpath expression \"//*[@class = 'footer_copy']/text()[3]\" is: [object Text]. It should be an element.\n  (Session info: headless chrome=108.0.5359.98)\nStacktrace:\n#0 0x5615cb02e2a3 <unknown>\n#1 0x5615cadecf77 <unknown>\n#2 0x5615cadf09c8 <unknown>\n#3 0x5615cadf0792 <unknown>\n#4 0x5615cadf0a9c <unknown>\n#5 0x5615cae29538 <unknown>\n#6 0x5615cae29a71 <unknown>\n#7 0x5615cae63734 <unknown>\n#8 0x5615cae49b5d <unknown>\n#9 0x5615cae6147c <unknown>\n#10 0x5615cae49903 <unknown>\n#11 0x5615cae1cece <unknown>\n#12 0x5615cae1dfde <unknown>\n#13 0x5615cb07e63e <unknown>\n#14 0x5615cb081b79 <unknown>\n#15 0x5615cb06489e <unknown>\n#16 0x5615cb082a83 <unknown>\n#17 0x5615cb057505 <unknown>\n#18 0x5615cb0a3ca8 <unknown>\n#19 0x5615cb0a3e36 <unknown>\n#20 0x5615cb0bf333 <unknown>\n#21 0x7f96984c3b43 <unknown>","time":{"start":1671195888224,"stop":1671195889408,"duration":1184}},{"uid":"267e24deccc203fe","reportUrl":"https://Natalia-Tsy.github.io/SauceDemoProject/288//#testresult/267e24deccc203fe","status":"skipped","statusDetails":"XFAIL\n\nselenium.common.exceptions.InvalidSelectorException: Message: invalid selector: The result of the xpath expression \"//*[@class = 'footer_copy']/text()[3]\" is: [object Text]. It should be an element.\n  (Session info: headless chrome=108.0.5359.98)\nStacktrace:\n#0 0x55bc40a8f2a3 <unknown>\n#1 0x55bc4084df77 <unknown>\n#2 0x55bc408519c8 <unknown>\n#3 0x55bc40851792 <unknown>\n#4 0x55bc40851a9c <unknown>\n#5 0x55bc4088a538 <unknown>\n#6 0x55bc4088aa71 <unknown>\n#7 0x55bc408c4734 <unknown>\n#8 0x55bc408aab5d <unknown>\n#9 0x55bc408c247c <unknown>\n#10 0x55bc408aa903 <unknown>\n#11 0x55bc4087dece <unknown>\n#12 0x55bc4087efde <unknown>\n#13 0x55bc40adf63e <unknown>\n#14 0x55bc40ae2b79 <unknown>\n#15 0x55bc40ac589e <unknown>\n#16 0x55bc40ae3a83 <unknown>\n#17 0x55bc40ab8505 <unknown>\n#18 0x55bc40b04ca8 <unknown>\n#19 0x55bc40b04e36 <unknown>\n#20 0x55bc40b20333 <unknown>\n#21 0x7f279f43fb43 <unknown>","time":{"start":1671195874616,"stop":1671195875549,"duration":933}},{"uid":"f1782dd336b826b6","reportUrl":"https://Natalia-Tsy.github.io/SauceDemoProject/287//#testresult/f1782dd336b826b6","status":"skipped","statusDetails":"XFAIL\n\nselenium.common.exceptions.InvalidSelectorException: Message: invalid selector: The result of the xpath expression \"//*[@class = 'footer_copy']/text()[3]\" is: [object Text]. It should be an element.\n  (Session info: headless chrome=108.0.5359.98)\nStacktrace:\n#0 0x55b647d6a2a3 <unknown>\n#1 0x55b647b28f77 <unknown>\n#2 0x55b647b2c9c8 <unknown>\n#3 0x55b647b2c792 <unknown>\n#4 0x55b647b2ca9c <unknown>\n#5 0x55b647b65538 <unknown>\n#6 0x55b647b65a71 <unknown>\n#7 0x55b647b9f734 <unknown>\n#8 0x55b647b85b5d <unknown>\n#9 0x55b647b9d47c <unknown>\n#10 0x55b647b85903 <unknown>\n#11 0x55b647b58ece <unknown>\n#12 0x55b647b59fde <unknown>\n#13 0x55b647dba63e <unknown>\n#14 0x55b647dbdb79 <unknown>\n#15 0x55b647da089e <unknown>\n#16 0x55b647dbea83 <unknown>\n#17 0x55b647d93505 <unknown>\n#18 0x55b647ddfca8 <unknown>\n#19 0x55b647ddfe36 <unknown>\n#20 0x55b647dfb333 <unknown>\n#21 0x7f54d45a2b43 <unknown>","time":{"start":1671195081653,"stop":1671195082807,"duration":1154}},{"uid":"11fdb2e1b2e5ae00","reportUrl":"https://Natalia-Tsy.github.io/SauceDemoProject/286//#testresult/11fdb2e1b2e5ae00","status":"skipped","statusDetails":"XFAIL\n\nselenium.common.exceptions.InvalidSelectorException: Message: invalid selector: The result of the xpath expression \"//*[@class = 'footer_copy']/text()[3]\" is: [object Text]. It should be an element.\n  (Session info: headless chrome=108.0.5359.98)\nStacktrace:\n#0 0x5650448d32a3 <unknown>\n#1 0x565044691f77 <unknown>\n#2 0x5650446959c8 <unknown>\n#3 0x565044695792 <unknown>\n#4 0x565044695a9c <unknown>\n#5 0x5650446ce538 <unknown>\n#6 0x5650446cea71 <unknown>\n#7 0x565044708734 <unknown>\n#8 0x5650446eeb5d <unknown>\n#9 0x56504470647c <unknown>\n#10 0x5650446ee903 <unknown>\n#11 0x5650446c1ece <unknown>\n#12 0x5650446c2fde <unknown>\n#13 0x56504492363e <unknown>\n#14 0x565044926b79 <unknown>\n#15 0x56504490989e <unknown>\n#16 0x565044927a83 <unknown>\n#17 0x5650448fc505 <unknown>\n#18 0x565044948ca8 <unknown>\n#19 0x565044948e36 <unknown>\n#20 0x565044964333 <unknown>\n#21 0x7f56a56e0b43 <unknown>","time":{"start":1671194965948,"stop":1671194967083,"duration":1135}},{"uid":"4df07c608dca6ea","reportUrl":"https://Natalia-Tsy.github.io/SauceDemoProject/285//#testresult/4df07c608dca6ea","status":"skipped","statusDetails":"XFAIL\n\nselenium.common.exceptions.InvalidSelectorException: Message: invalid selector: The result of the xpath expression \"//*[@class = 'footer_copy']/text()[3]\" is: [object Text]. It should be an element.\n  (Session info: headless chrome=108.0.5359.98)\nStacktrace:\n#0 0x564b15fad2a3 <unknown>\n#1 0x564b15d6bf77 <unknown>\n#2 0x564b15d6f9c8 <unknown>\n#3 0x564b15d6f792 <unknown>\n#4 0x564b15d6fa9c <unknown>\n#5 0x564b15da8538 <unknown>\n#6 0x564b15da8a71 <unknown>\n#7 0x564b15de2734 <unknown>\n#8 0x564b15dc8b5d <unknown>\n#9 0x564b15de047c <unknown>\n#10 0x564b15dc8903 <unknown>\n#11 0x564b15d9bece <unknown>\n#12 0x564b15d9cfde <unknown>\n#13 0x564b15ffd63e <unknown>\n#14 0x564b16000b79 <unknown>\n#15 0x564b15fe389e <unknown>\n#16 0x564b16001a83 <unknown>\n#17 0x564b15fd6505 <unknown>\n#18 0x564b16022ca8 <unknown>\n#19 0x564b16022e36 <unknown>\n#20 0x564b1603e333 <unknown>\n#21 0x7fd33ab69b43 <unknown>","time":{"start":1671194901052,"stop":1671194902239,"duration":1187}}]},"tags":["@pytest.mark.xfail(raises=<class 'selenium.common.exceptions.InvalidSelectorException'>)"]},"source":"d29cdc1ab5bcabde.json","parameterValues":[]}