2022-12-16 19:49:36 ERROR Could not find element on page: https://www.saucedemo.com/
2022-12-16 19:49:36 ERROR no such element: Unable to locate element: {"method":"css selector","selector":".shopping_cart_link"}
  (Session info: headless chrome=108.0.5359.98)
Traceback (most recent call last):
  File "/home/runner/work/SauceDemoProject/SauceDemoProject/pages/base_page.py", line 72, in inner_function
    return func(*args, **kwargs)
  File "/home/runner/work/SauceDemoProject/SauceDemoProject/pages/base_page.py", line 295, in get_property
    return self.browser.find_element(method, locator).get_property(property)
  File "/home/runner/.cache/pypoetry/virtualenvs/saucedemoproject-P9vpYs8v-py3.10/lib/python3.10/site-packages/selenium/webdriver/remote/webdriver.py", line 861, in find_element
    return self.execute(Command.FIND_ELEMENT, {"using": by, "value": value})["value"]
  File "/home/runner/.cache/pypoetry/virtualenvs/saucedemoproject-P9vpYs8v-py3.10/lib/python3.10/site-packages/selenium/webdriver/remote/webdriver.py", line 444, in execute
    self.error_handler.check_response(response)
  File "/home/runner/.cache/pypoetry/virtualenvs/saucedemoproject-P9vpYs8v-py3.10/lib/python3.10/site-packages/selenium/webdriver/remote/errorhandler.py", line 249, in check_response
    raise exception_class(message, screen, stacktrace)
selenium.common.exceptions.NoSuchElementException: Message: no such element: Unable to locate element: {"method":"css selector","selector":".shopping_cart_link"}
  (Session info: headless chrome=108.0.5359.98)
Stacktrace:
#0 0x5563bcb8b2a3 <unknown>
#1 0x5563bc949f77 <unknown>
#2 0x5563bc98680c <unknown>
#3 0x5563bc986a71 <unknown>
#4 0x5563bc9c0734 <unknown>
#5 0x5563bc9a6b5d <unknown>
#6 0x5563bc9be47c <unknown>
#7 0x5563bc9a6903 <unknown>
#8 0x5563bc979ece <unknown>
#9 0x5563bc97afde <unknown>
#10 0x5563bcbdb63e <unknown>
#11 0x5563bcbdeb79 <unknown>
#12 0x5563bcbc189e <unknown>
#13 0x5563bcbdfa83 <unknown>
#14 0x5563bcbb4505 <unknown>
#15 0x5563bcc00ca8 <unknown>
#16 0x5563bcc00e36 <unknown>
#17 0x5563bcc1c333 <unknown>
#18 0x7f56c2d17b43 <unknown>