{"uid":"50caf814d45e026c","name":"test_TC_002_01_read_privacy_policy_from_catalog","fullName":"tests.test_TC_002_read_privacy_policy.Tests#test_TC_002_01_read_privacy_policy_from_catalog","historyId":"98086cfe6587f6ba8f46007a5fac6f0c","time":{"start":1671321404019,"stop":1671321404919,"duration":900},"status":"skipped","statusMessage":"XFAIL\n\nselenium.common.exceptions.InvalidSelectorException: Message: invalid selector: The result of the xpath expression \"//*[@class = 'footer_copy']/text()[3]\" is: [object Text]. It should be an element.\n  (Session info: headless chrome=108.0.5359.98)\nStacktrace:\n#0 0x55ed9d3ea2a3 <unknown>\n#1 0x55ed9d1a8f77 <unknown>\n#2 0x55ed9d1ac9c8 <unknown>\n#3 0x55ed9d1ac792 <unknown>\n#4 0x55ed9d1aca9c <unknown>\n#5 0x55ed9d1e5538 <unknown>\n#6 0x55ed9d1e5a71 <unknown>\n#7 0x55ed9d21f734 <unknown>\n#8 0x55ed9d205b5d <unknown>\n#9 0x55ed9d21d47c <unknown>\n#10 0x55ed9d205903 <unknown>\n#11 0x55ed9d1d8ece <unknown>\n#12 0x55ed9d1d9fde <unknown>\n#13 0x55ed9d43a63e <unknown>\n#14 0x55ed9d43db79 <unknown>\n#15 0x55ed9d42089e <unknown>\n#16 0x55ed9d43ea83 <unknown>\n#17 0x55ed9d413505 <unknown>\n#18 0x55ed9d45fca8 <unknown>\n#19 0x55ed9d45fe36 <unknown>\n#20 0x55ed9d47b333 <unknown>\n#21 0x7f24c2842b43 <unknown>","statusTrace":"self = <SauceDemoProject.tests.test_TC_002_read_privacy_policy.Tests object at 0x7f0d6a1692a0>\nd = <selenium.webdriver.chrome.webdriver.WebDriver (session=\"c9c7033fcbb078117ebf28be17804c89\")>\n\n    @allure.feature(\"US_002 | Privacy Policy\")\n    @allure.story(\"TC_002.01 | Read Privacy Policy from the catalog\")\n    @pytest.mark.xfail(raises=InvalidSelectorException)\n    def test_TC_002_01_read_privacy_policy_from_catalog(self, d):\n        page = LoginPage(d, LoginPageSrc.URL)  # Creates the Login page instance\n        page.open_page()\n        page.register_user(\"standard_user\", \"secret_sauce\")  # Standard user logs in\n        page = ProductsPage(\n            d, ProductsPageSrc.URL\n        )  # Creates the Products page instance\n        page.should_be_products_page()  # Checks the current page is Progucts Page\n>       page.check_privacy_link()  # Tries to click on Privacy Policy\n\ntests/test_TC_002_read_privacy_policy.py:37: \n_ _ _ _ _ _ _ _ _ _ _ _ _ _ _ _ _ _ _ _ _ _ _ _ _ _ _ _ _ _ _ _ _ _ _ _ _ _ _ _ \npages/products_page.py:94: in check_privacy_link\n    self.browser.find_element(*PageLocators.PRIVACY).click()\n../../../.cache/pypoetry/virtualenvs/saucedemoproject-P9vpYs8v-py3.10/lib/python3.10/site-packages/selenium/webdriver/remote/webdriver.py:861: in find_element\n    return self.execute(Command.FIND_ELEMENT, {\"using\": by, \"value\": value})[\"value\"]\n../../../.cache/pypoetry/virtualenvs/saucedemoproject-P9vpYs8v-py3.10/lib/python3.10/site-packages/selenium/webdriver/remote/webdriver.py:444: in execute\n    self.error_handler.check_response(response)\n_ _ _ _ _ _ _ _ _ _ _ _ _ _ _ _ _ _ _ _ _ _ _ _ _ _ _ _ _ _ _ _ _ _ _ _ _ _ _ _ \n\nself = <selenium.webdriver.remote.errorhandler.ErrorHandler object at 0x7f0d6a024790>\nresponse = {'status': 400, 'value': '{\"value\":{\"error\":\"invalid selector\",\"message\":\"invalid selector: The result of the xpath ex...\\\\n#19 0x55ed9d45fe36 \\\\u003Cunknown>\\\\n#20 0x55ed9d47b333 \\\\u003Cunknown>\\\\n#21 0x7f24c2842b43 \\\\u003Cunknown>\\\\n\"}}'}\n\n    def check_response(self, response: Dict[str, Any]) -> None:\n        \"\"\"\n        Checks that a JSON response from the WebDriver does not have an error.\n    \n        :Args:\n         - response - The JSON response from the WebDriver server as a dictionary\n           object.\n    \n        :Raises: If the response contains an error message.\n        \"\"\"\n        status = response.get(\"status\", None)\n        if not status or status == ErrorCode.SUCCESS:\n            return\n        value = None\n        message = response.get(\"message\", \"\")\n        screen: str = response.get(\"screen\", \"\")\n        stacktrace = None\n        if isinstance(status, int):\n            value_json = response.get(\"value\", None)\n            if value_json and isinstance(value_json, str):\n                import json\n    \n                try:\n                    value = json.loads(value_json)\n                    if len(value.keys()) == 1:\n                        value = value[\"value\"]\n                    status = value.get(\"error\", None)\n                    if not status:\n                        status = value.get(\"status\", ErrorCode.UNKNOWN_ERROR)\n                        message = value.get(\"value\") or value.get(\"message\")\n                        if not isinstance(message, str):\n                            value = message\n                            message = message.get(\"message\")\n                    else:\n                        message = value.get(\"message\", None)\n                except ValueError:\n                    pass\n    \n        exception_class: Type[WebDriverException]\n        if status in ErrorCode.NO_SUCH_ELEMENT:\n            exception_class = NoSuchElementException\n        elif status in ErrorCode.NO_SUCH_FRAME:\n            exception_class = NoSuchFrameException\n        elif status in ErrorCode.NO_SUCH_SHADOW_ROOT:\n            exception_class = NoSuchShadowRootException\n        elif status in ErrorCode.NO_SUCH_WINDOW:\n            exception_class = NoSuchWindowException\n        elif status in ErrorCode.STALE_ELEMENT_REFERENCE:\n            exception_class = StaleElementReferenceException\n        elif status in ErrorCode.ELEMENT_NOT_VISIBLE:\n            exception_class = ElementNotVisibleException\n        elif status in ErrorCode.INVALID_ELEMENT_STATE:\n            exception_class = InvalidElementStateException\n        elif (\n            status in ErrorCode.INVALID_SELECTOR\n            or status in ErrorCode.INVALID_XPATH_SELECTOR\n            or status in ErrorCode.INVALID_XPATH_SELECTOR_RETURN_TYPER\n        ):\n            exception_class = InvalidSelectorException\n        elif status in ErrorCode.ELEMENT_IS_NOT_SELECTABLE:\n            exception_class = ElementNotSelectableException\n        elif status in ErrorCode.ELEMENT_NOT_INTERACTABLE:\n            exception_class = ElementNotInteractableException\n        elif status in ErrorCode.INVALID_COOKIE_DOMAIN:\n            exception_class = InvalidCookieDomainException\n        elif status in ErrorCode.UNABLE_TO_SET_COOKIE:\n            exception_class = UnableToSetCookieException\n        elif status in ErrorCode.TIMEOUT:\n            exception_class = TimeoutException\n        elif status in ErrorCode.SCRIPT_TIMEOUT:\n            exception_class = TimeoutException\n        elif status in ErrorCode.UNKNOWN_ERROR:\n            exception_class = WebDriverException\n        elif status in ErrorCode.UNEXPECTED_ALERT_OPEN:\n            exception_class = UnexpectedAlertPresentException\n        elif status in ErrorCode.NO_ALERT_OPEN:\n            exception_class = NoAlertPresentException\n        elif status in ErrorCode.IME_NOT_AVAILABLE:\n            exception_class = ImeNotAvailableException\n        elif status in ErrorCode.IME_ENGINE_ACTIVATION_FAILED:\n            exception_class = ImeActivationFailedException\n        elif status in ErrorCode.MOVE_TARGET_OUT_OF_BOUNDS:\n            exception_class = MoveTargetOutOfBoundsException\n        elif status in ErrorCode.JAVASCRIPT_ERROR:\n            exception_class = JavascriptException\n        elif status in ErrorCode.SESSION_NOT_CREATED:\n            exception_class = SessionNotCreatedException\n        elif status in ErrorCode.INVALID_ARGUMENT:\n            exception_class = InvalidArgumentException\n        elif status in ErrorCode.NO_SUCH_COOKIE:\n            exception_class = NoSuchCookieException\n        elif status in ErrorCode.UNABLE_TO_CAPTURE_SCREEN:\n            exception_class = ScreenshotException\n        elif status in ErrorCode.ELEMENT_CLICK_INTERCEPTED:\n            exception_class = ElementClickInterceptedException\n        elif status in ErrorCode.INSECURE_CERTIFICATE:\n            exception_class = InsecureCertificateException\n        elif status in ErrorCode.INVALID_COORDINATES:\n            exception_class = InvalidCoordinatesException\n        elif status in ErrorCode.INVALID_SESSION_ID:\n            exception_class = InvalidSessionIdException\n        elif status in ErrorCode.UNKNOWN_METHOD:\n            exception_class = UnknownMethodException\n        else:\n            exception_class = WebDriverException\n        if not value:\n            value = response[\"value\"]\n        if isinstance(value, str):\n            raise exception_class(value)\n        if message == \"\" and \"message\" in value:\n            message = value[\"message\"]\n    \n        screen = None  # type: ignore[assignment]\n        if \"screen\" in value:\n            screen = value[\"screen\"]\n    \n        stacktrace = None\n        st_value = value.get(\"stackTrace\") or value.get(\"stacktrace\")\n        if st_value:\n            if isinstance(st_value, str):\n                stacktrace = st_value.split(\"\\n\")\n            else:\n                stacktrace = []\n                try:\n                    for frame in st_value:\n                        line = frame.get(\"lineNumber\", \"\")\n                        file = frame.get(\"fileName\", \"<anonymous>\")\n                        if line:\n                            file = f\"{file}:{line}\"\n                        meth = frame.get(\"methodName\", \"<anonymous>\")\n                        if \"className\" in frame:\n                            meth = \"{}.{}\".format(frame[\"className\"], meth)\n                        msg = \"    at %s (%s)\"\n                        msg = msg % (meth, file)\n                        stacktrace.append(msg)\n                except TypeError:\n                    pass\n        if exception_class == UnexpectedAlertPresentException:\n            alert_text = None\n            if \"data\" in value:\n                alert_text = value[\"data\"].get(\"text\")\n            elif \"alert\" in value:\n                alert_text = value[\"alert\"].get(\"text\")\n            raise exception_class(message, screen, stacktrace, alert_text)  # type: ignore[call-arg]  # mypy is not smart enough here\n>       raise exception_class(message, screen, stacktrace)\nE       selenium.common.exceptions.InvalidSelectorException: Message: invalid selector: The result of the xpath expression \"//*[@class = 'footer_copy']/text()[3]\" is: [object Text]. It should be an element.\nE         (Session info: headless chrome=108.0.5359.98)\nE       Stacktrace:\nE       #0 0x55ed9d3ea2a3 <unknown>\nE       #1 0x55ed9d1a8f77 <unknown>\nE       #2 0x55ed9d1ac9c8 <unknown>\nE       #3 0x55ed9d1ac792 <unknown>\nE       #4 0x55ed9d1aca9c <unknown>\nE       #5 0x55ed9d1e5538 <unknown>\nE       #6 0x55ed9d1e5a71 <unknown>\nE       #7 0x55ed9d21f734 <unknown>\nE       #8 0x55ed9d205b5d <unknown>\nE       #9 0x55ed9d21d47c <unknown>\nE       #10 0x55ed9d205903 <unknown>\nE       #11 0x55ed9d1d8ece <unknown>\nE       #12 0x55ed9d1d9fde <unknown>\nE       #13 0x55ed9d43a63e <unknown>\nE       #14 0x55ed9d43db79 <unknown>\nE       #15 0x55ed9d42089e <unknown>\nE       #16 0x55ed9d43ea83 <unknown>\nE       #17 0x55ed9d413505 <unknown>\nE       #18 0x55ed9d45fca8 <unknown>\nE       #19 0x55ed9d45fe36 <unknown>\nE       #20 0x55ed9d47b333 <unknown>\nE       #21 0x7f24c2842b43 <unknown>\n\n../../../.cache/pypoetry/virtualenvs/saucedemoproject-P9vpYs8v-py3.10/lib/python3.10/site-packages/selenium/webdriver/remote/errorhandler.py:249: InvalidSelectorException","flaky":false,"newFailed":false,"newBroken":false,"newPassed":false,"retriesCount":0,"retriesStatusChange":false,"beforeStages":[{"name":"d","time":{"start":1671321395378,"stop":1671321402949,"duration":7571},"status":"passed","steps":[],"attachments":[],"parameters":[],"stepsCount":0,"attachmentsCount":0,"shouldDisplayMessage":false,"hasContent":false},{"name":"browser","time":{"start":1671321395378,"stop":1671321395378,"duration":0},"status":"passed","steps":[],"attachments":[],"parameters":[],"stepsCount":0,"attachmentsCount":0,"shouldDisplayMessage":false,"hasContent":false},{"name":"g","time":{"start":1671321402949,"stop":1671321404018,"duration":1069},"status":"passed","steps":[],"attachments":[],"parameters":[],"stepsCount":0,"attachmentsCount":0,"shouldDisplayMessage":false,"hasContent":false}],"testStage":{"status":"skipped","statusMessage":"XFAIL\n\nselenium.common.exceptions.InvalidSelectorException: Message: invalid selector: The result of the xpath expression \"//*[@class = 'footer_copy']/text()[3]\" is: [object Text]. It should be an element.\n  (Session info: headless chrome=108.0.5359.98)\nStacktrace:\n#0 0x55ed9d3ea2a3 <unknown>\n#1 0x55ed9d1a8f77 <unknown>\n#2 0x55ed9d1ac9c8 <unknown>\n#3 0x55ed9d1ac792 <unknown>\n#4 0x55ed9d1aca9c <unknown>\n#5 0x55ed9d1e5538 <unknown>\n#6 0x55ed9d1e5a71 <unknown>\n#7 0x55ed9d21f734 <unknown>\n#8 0x55ed9d205b5d <unknown>\n#9 0x55ed9d21d47c <unknown>\n#10 0x55ed9d205903 <unknown>\n#11 0x55ed9d1d8ece <unknown>\n#12 0x55ed9d1d9fde <unknown>\n#13 0x55ed9d43a63e <unknown>\n#14 0x55ed9d43db79 <unknown>\n#15 0x55ed9d42089e <unknown>\n#16 0x55ed9d43ea83 <unknown>\n#17 0x55ed9d413505 <unknown>\n#18 0x55ed9d45fca8 <unknown>\n#19 0x55ed9d45fe36 <unknown>\n#20 0x55ed9d47b333 <unknown>\n#21 0x7f24c2842b43 <unknown>","statusTrace":"self = <SauceDemoProject.tests.test_TC_002_read_privacy_policy.Tests object at 0x7f0d6a1692a0>\nd = <selenium.webdriver.chrome.webdriver.WebDriver (session=\"c9c7033fcbb078117ebf28be17804c89\")>\n\n    @allure.feature(\"US_002 | Privacy Policy\")\n    @allure.story(\"TC_002.01 | Read Privacy Policy from the catalog\")\n    @pytest.mark.xfail(raises=InvalidSelectorException)\n    def test_TC_002_01_read_privacy_policy_from_catalog(self, d):\n        page = LoginPage(d, LoginPageSrc.URL)  # Creates the Login page instance\n        page.open_page()\n        page.register_user(\"standard_user\", \"secret_sauce\")  # Standard user logs in\n        page = ProductsPage(\n            d, ProductsPageSrc.URL\n        )  # Creates the Products page instance\n        page.should_be_products_page()  # Checks the current page is Progucts Page\n>       page.check_privacy_link()  # Tries to click on Privacy Policy\n\ntests/test_TC_002_read_privacy_policy.py:37: \n_ _ _ _ _ _ _ _ _ _ _ _ _ _ _ _ _ _ _ _ _ _ _ _ _ _ _ _ _ _ _ _ _ _ _ _ _ _ _ _ \npages/products_page.py:94: in check_privacy_link\n    self.browser.find_element(*PageLocators.PRIVACY).click()\n../../../.cache/pypoetry/virtualenvs/saucedemoproject-P9vpYs8v-py3.10/lib/python3.10/site-packages/selenium/webdriver/remote/webdriver.py:861: in find_element\n    return self.execute(Command.FIND_ELEMENT, {\"using\": by, \"value\": value})[\"value\"]\n../../../.cache/pypoetry/virtualenvs/saucedemoproject-P9vpYs8v-py3.10/lib/python3.10/site-packages/selenium/webdriver/remote/webdriver.py:444: in execute\n    self.error_handler.check_response(response)\n_ _ _ _ _ _ _ _ _ _ _ _ _ _ _ _ _ _ _ _ _ _ _ _ _ _ _ _ _ _ _ _ _ _ _ _ _ _ _ _ \n\nself = <selenium.webdriver.remote.errorhandler.ErrorHandler object at 0x7f0d6a024790>\nresponse = {'status': 400, 'value': '{\"value\":{\"error\":\"invalid selector\",\"message\":\"invalid selector: The result of the xpath ex...\\\\n#19 0x55ed9d45fe36 \\\\u003Cunknown>\\\\n#20 0x55ed9d47b333 \\\\u003Cunknown>\\\\n#21 0x7f24c2842b43 \\\\u003Cunknown>\\\\n\"}}'}\n\n    def check_response(self, response: Dict[str, Any]) -> None:\n        \"\"\"\n        Checks that a JSON response from the WebDriver does not have an error.\n    \n        :Args:\n         - response - The JSON response from the WebDriver server as a dictionary\n           object.\n    \n        :Raises: If the response contains an error message.\n        \"\"\"\n        status = response.get(\"status\", None)\n        if not status or status == ErrorCode.SUCCESS:\n            return\n        value = None\n        message = response.get(\"message\", \"\")\n        screen: str = response.get(\"screen\", \"\")\n        stacktrace = None\n        if isinstance(status, int):\n            value_json = response.get(\"value\", None)\n            if value_json and isinstance(value_json, str):\n                import json\n    \n                try:\n                    value = json.loads(value_json)\n                    if len(value.keys()) == 1:\n                        value = value[\"value\"]\n                    status = value.get(\"error\", None)\n                    if not status:\n                        status = value.get(\"status\", ErrorCode.UNKNOWN_ERROR)\n                        message = value.get(\"value\") or value.get(\"message\")\n                        if not isinstance(message, str):\n                            value = message\n                            message = message.get(\"message\")\n                    else:\n                        message = value.get(\"message\", None)\n                except ValueError:\n                    pass\n    \n        exception_class: Type[WebDriverException]\n        if status in ErrorCode.NO_SUCH_ELEMENT:\n            exception_class = NoSuchElementException\n        elif status in ErrorCode.NO_SUCH_FRAME:\n            exception_class = NoSuchFrameException\n        elif status in ErrorCode.NO_SUCH_SHADOW_ROOT:\n            exception_class = NoSuchShadowRootException\n        elif status in ErrorCode.NO_SUCH_WINDOW:\n            exception_class = NoSuchWindowException\n        elif status in ErrorCode.STALE_ELEMENT_REFERENCE:\n            exception_class = StaleElementReferenceException\n        elif status in ErrorCode.ELEMENT_NOT_VISIBLE:\n            exception_class = ElementNotVisibleException\n        elif status in ErrorCode.INVALID_ELEMENT_STATE:\n            exception_class = InvalidElementStateException\n        elif (\n            status in ErrorCode.INVALID_SELECTOR\n            or status in ErrorCode.INVALID_XPATH_SELECTOR\n            or status in ErrorCode.INVALID_XPATH_SELECTOR_RETURN_TYPER\n        ):\n            exception_class = InvalidSelectorException\n        elif status in ErrorCode.ELEMENT_IS_NOT_SELECTABLE:\n            exception_class = ElementNotSelectableException\n        elif status in ErrorCode.ELEMENT_NOT_INTERACTABLE:\n            exception_class = ElementNotInteractableException\n        elif status in ErrorCode.INVALID_COOKIE_DOMAIN:\n            exception_class = InvalidCookieDomainException\n        elif status in ErrorCode.UNABLE_TO_SET_COOKIE:\n            exception_class = UnableToSetCookieException\n        elif status in ErrorCode.TIMEOUT:\n            exception_class = TimeoutException\n        elif status in ErrorCode.SCRIPT_TIMEOUT:\n            exception_class = TimeoutException\n        elif status in ErrorCode.UNKNOWN_ERROR:\n            exception_class = WebDriverException\n        elif status in ErrorCode.UNEXPECTED_ALERT_OPEN:\n            exception_class = UnexpectedAlertPresentException\n        elif status in ErrorCode.NO_ALERT_OPEN:\n            exception_class = NoAlertPresentException\n        elif status in ErrorCode.IME_NOT_AVAILABLE:\n            exception_class = ImeNotAvailableException\n        elif status in ErrorCode.IME_ENGINE_ACTIVATION_FAILED:\n            exception_class = ImeActivationFailedException\n        elif status in ErrorCode.MOVE_TARGET_OUT_OF_BOUNDS:\n            exception_class = MoveTargetOutOfBoundsException\n        elif status in ErrorCode.JAVASCRIPT_ERROR:\n            exception_class = JavascriptException\n        elif status in ErrorCode.SESSION_NOT_CREATED:\n            exception_class = SessionNotCreatedException\n        elif status in ErrorCode.INVALID_ARGUMENT:\n            exception_class = InvalidArgumentException\n        elif status in ErrorCode.NO_SUCH_COOKIE:\n            exception_class = NoSuchCookieException\n        elif status in ErrorCode.UNABLE_TO_CAPTURE_SCREEN:\n            exception_class = ScreenshotException\n        elif status in ErrorCode.ELEMENT_CLICK_INTERCEPTED:\n            exception_class = ElementClickInterceptedException\n        elif status in ErrorCode.INSECURE_CERTIFICATE:\n            exception_class = InsecureCertificateException\n        elif status in ErrorCode.INVALID_COORDINATES:\n            exception_class = InvalidCoordinatesException\n        elif status in ErrorCode.INVALID_SESSION_ID:\n            exception_class = InvalidSessionIdException\n        elif status in ErrorCode.UNKNOWN_METHOD:\n            exception_class = UnknownMethodException\n        else:\n            exception_class = WebDriverException\n        if not value:\n            value = response[\"value\"]\n        if isinstance(value, str):\n            raise exception_class(value)\n        if message == \"\" and \"message\" in value:\n            message = value[\"message\"]\n    \n        screen = None  # type: ignore[assignment]\n        if \"screen\" in value:\n            screen = value[\"screen\"]\n    \n        stacktrace = None\n        st_value = value.get(\"stackTrace\") or value.get(\"stacktrace\")\n        if st_value:\n            if isinstance(st_value, str):\n                stacktrace = st_value.split(\"\\n\")\n            else:\n                stacktrace = []\n                try:\n                    for frame in st_value:\n                        line = frame.get(\"lineNumber\", \"\")\n                        file = frame.get(\"fileName\", \"<anonymous>\")\n                        if line:\n                            file = f\"{file}:{line}\"\n                        meth = frame.get(\"methodName\", \"<anonymous>\")\n                        if \"className\" in frame:\n                            meth = \"{}.{}\".format(frame[\"className\"], meth)\n                        msg = \"    at %s (%s)\"\n                        msg = msg % (meth, file)\n                        stacktrace.append(msg)\n                except TypeError:\n                    pass\n        if exception_class == UnexpectedAlertPresentException:\n            alert_text = None\n            if \"data\" in value:\n                alert_text = value[\"data\"].get(\"text\")\n            elif \"alert\" in value:\n                alert_text = value[\"alert\"].get(\"text\")\n            raise exception_class(message, screen, stacktrace, alert_text)  # type: ignore[call-arg]  # mypy is not smart enough here\n>       raise exception_class(message, screen, stacktrace)\nE       selenium.common.exceptions.InvalidSelectorException: Message: invalid selector: The result of the xpath expression \"//*[@class = 'footer_copy']/text()[3]\" is: [object Text]. It should be an element.\nE         (Session info: headless chrome=108.0.5359.98)\nE       Stacktrace:\nE       #0 0x55ed9d3ea2a3 <unknown>\nE       #1 0x55ed9d1a8f77 <unknown>\nE       #2 0x55ed9d1ac9c8 <unknown>\nE       #3 0x55ed9d1ac792 <unknown>\nE       #4 0x55ed9d1aca9c <unknown>\nE       #5 0x55ed9d1e5538 <unknown>\nE       #6 0x55ed9d1e5a71 <unknown>\nE       #7 0x55ed9d21f734 <unknown>\nE       #8 0x55ed9d205b5d <unknown>\nE       #9 0x55ed9d21d47c <unknown>\nE       #10 0x55ed9d205903 <unknown>\nE       #11 0x55ed9d1d8ece <unknown>\nE       #12 0x55ed9d1d9fde <unknown>\nE       #13 0x55ed9d43a63e <unknown>\nE       #14 0x55ed9d43db79 <unknown>\nE       #15 0x55ed9d42089e <unknown>\nE       #16 0x55ed9d43ea83 <unknown>\nE       #17 0x55ed9d413505 <unknown>\nE       #18 0x55ed9d45fca8 <unknown>\nE       #19 0x55ed9d45fe36 <unknown>\nE       #20 0x55ed9d47b333 <unknown>\nE       #21 0x7f24c2842b43 <unknown>\n\n../../../.cache/pypoetry/virtualenvs/saucedemoproject-P9vpYs8v-py3.10/lib/python3.10/site-packages/selenium/webdriver/remote/errorhandler.py:249: InvalidSelectorException","steps":[],"attachments":[{"uid":"290e13bfa876c07b","name":"Screenshot","source":"290e13bfa876c07b.png","type":"image/png","size":716797},{"uid":"3a73faac138b70c8","name":"stdout","source":"3a73faac138b70c8.txt","type":"text/plain","size":32},{"uid":"7f6996817ac69158","name":"stderr","source":"7f6996817ac69158.txt","type":"text/plain","size":159}],"parameters":[],"stepsCount":0,"attachmentsCount":3,"shouldDisplayMessage":true,"hasContent":true},"afterStages":[{"name":"g::0","time":{"start":1671321411135,"stop":1671321411192,"duration":57},"status":"passed","steps":[],"attachments":[],"parameters":[],"stepsCount":0,"attachmentsCount":0,"shouldDisplayMessage":false,"hasContent":false}],"labels":[{"name":"feature","value":"US_002 | Privacy Policy"},{"name":"story","value":"TC_002.01 | Read Privacy Policy from the catalog"},{"name":"tag","value":"@pytest.mark.xfail(raises=<class 'selenium.common.exceptions.InvalidSelectorException'>)"},{"name":"parentSuite","value":"tests"},{"name":"suite","value":"test_TC_002_read_privacy_policy"},{"name":"subSuite","value":"Tests"},{"name":"host","value":"fv-az362-405"},{"name":"thread","value":"2719-MainThread"},{"name":"framework","value":"pytest"},{"name":"language","value":"cpython3"},{"name":"package","value":"tests.test_TC_002_read_privacy_policy"},{"name":"resultFormat","value":"allure2"}],"parameters":[],"links":[],"hidden":false,"retry":false,"extra":{"severity":"normal","retries":[],"categories":[],"history":{"statistic":{"failed":0,"broken":0,"skipped":45,"passed":0,"unknown":0,"total":45},"items":[{"uid":"693348812c1e907b","reportUrl":"https://Natalia-Tsy.github.io/SauceDemoProject/330//#testresult/693348812c1e907b","status":"skipped","statusDetails":"XFAIL\n\nselenium.common.exceptions.InvalidSelectorException: Message: invalid selector: The result of the xpath expression \"//*[@class = 'footer_copy']/text()[3]\" is: [object Text]. It should be an element.\n  (Session info: headless chrome=108.0.5359.98)\nStacktrace:\n#0 0x558dd09a82a3 <unknown>\n#1 0x558dd0766f77 <unknown>\n#2 0x558dd076a9c8 <unknown>\n#3 0x558dd076a792 <unknown>\n#4 0x558dd076aa9c <unknown>\n#5 0x558dd07a3538 <unknown>\n#6 0x558dd07a3a71 <unknown>\n#7 0x558dd07dd734 <unknown>\n#8 0x558dd07c3b5d <unknown>\n#9 0x558dd07db47c <unknown>\n#10 0x558dd07c3903 <unknown>\n#11 0x558dd0796ece <unknown>\n#12 0x558dd0797fde <unknown>\n#13 0x558dd09f863e <unknown>\n#14 0x558dd09fbb79 <unknown>\n#15 0x558dd09de89e <unknown>\n#16 0x558dd09fca83 <unknown>\n#17 0x558dd09d1505 <unknown>\n#18 0x558dd0a1dca8 <unknown>\n#19 0x558dd0a1de36 <unknown>\n#20 0x558dd0a39333 <unknown>\n#21 0x7fd51242cb43 <unknown>","time":{"start":1671321111613,"stop":1671321112437,"duration":824}},{"uid":"ffe8ba52960233c6","reportUrl":"https://Natalia-Tsy.github.io/SauceDemoProject/329//#testresult/ffe8ba52960233c6","status":"skipped","statusDetails":"XFAIL\n\nselenium.common.exceptions.InvalidSelectorException: Message: invalid selector: The result of the xpath expression \"//*[@class = 'footer_copy']/text()[3]\" is: [object Text]. It should be an element.\n  (Session info: headless chrome=108.0.5359.98)\nStacktrace:\n#0 0x56002f5242a3 <unknown>\n#1 0x56002f2e2f77 <unknown>\n#2 0x56002f2e69c8 <unknown>\n#3 0x56002f2e6792 <unknown>\n#4 0x56002f2e6a9c <unknown>\n#5 0x56002f31f538 <unknown>\n#6 0x56002f31fa71 <unknown>\n#7 0x56002f359734 <unknown>\n#8 0x56002f33fb5d <unknown>\n#9 0x56002f35747c <unknown>\n#10 0x56002f33f903 <unknown>\n#11 0x56002f312ece <unknown>\n#12 0x56002f313fde <unknown>\n#13 0x56002f57463e <unknown>\n#14 0x56002f577b79 <unknown>\n#15 0x56002f55a89e <unknown>\n#16 0x56002f578a83 <unknown>\n#17 0x56002f54d505 <unknown>\n#18 0x56002f599ca8 <unknown>\n#19 0x56002f599e36 <unknown>\n#20 0x56002f5b5333 <unknown>\n#21 0x7f9ad7b32b43 <unknown>","time":{"start":1671320782578,"stop":1671320783180,"duration":602}},{"uid":"a55f2630b9e87b9e","reportUrl":"https://Natalia-Tsy.github.io/SauceDemoProject/328//#testresult/a55f2630b9e87b9e","status":"skipped","statusDetails":"XFAIL\n\nselenium.common.exceptions.InvalidSelectorException: Message: invalid selector: The result of the xpath expression \"//*[@class = 'footer_copy']/text()[3]\" is: [object Text]. It should be an element.\n  (Session info: headless chrome=108.0.5359.98)\nStacktrace:\n#0 0x55eb97df92a3 <unknown>\n#1 0x55eb97bb7f77 <unknown>\n#2 0x55eb97bbb9c8 <unknown>\n#3 0x55eb97bbb792 <unknown>\n#4 0x55eb97bbba9c <unknown>\n#5 0x55eb97bf4538 <unknown>\n#6 0x55eb97bf4a71 <unknown>\n#7 0x55eb97c2e734 <unknown>\n#8 0x55eb97c14b5d <unknown>\n#9 0x55eb97c2c47c <unknown>\n#10 0x55eb97c14903 <unknown>\n#11 0x55eb97be7ece <unknown>\n#12 0x55eb97be8fde <unknown>\n#13 0x55eb97e4963e <unknown>\n#14 0x55eb97e4cb79 <unknown>\n#15 0x55eb97e2f89e <unknown>\n#16 0x55eb97e4da83 <unknown>\n#17 0x55eb97e22505 <unknown>\n#18 0x55eb97e6eca8 <unknown>\n#19 0x55eb97e6ee36 <unknown>\n#20 0x55eb97e8a333 <unknown>\n#21 0x7fe8a1522b43 <unknown>","time":{"start":1671317098728,"stop":1671317099200,"duration":472}},{"uid":"803c27dfab76c99c","reportUrl":"https://Natalia-Tsy.github.io/SauceDemoProject/327//#testresult/803c27dfab76c99c","status":"skipped","statusDetails":"XFAIL\n\nselenium.common.exceptions.InvalidSelectorException: Message: invalid selector: The result of the xpath expression \"//*[@class = 'footer_copy']/text()[3]\" is: [object Text]. It should be an element.\n  (Session info: headless chrome=108.0.5359.98)\nStacktrace:\n#0 0x56100be7e2a3 <unknown>\n#1 0x56100bc3cf77 <unknown>\n#2 0x56100bc409c8 <unknown>\n#3 0x56100bc40792 <unknown>\n#4 0x56100bc40a9c <unknown>\n#5 0x56100bc79538 <unknown>\n#6 0x56100bc79a71 <unknown>\n#7 0x56100bcb3734 <unknown>\n#8 0x56100bc99b5d <unknown>\n#9 0x56100bcb147c <unknown>\n#10 0x56100bc99903 <unknown>\n#11 0x56100bc6cece <unknown>\n#12 0x56100bc6dfde <unknown>\n#13 0x56100bece63e <unknown>\n#14 0x56100bed1b79 <unknown>\n#15 0x56100beb489e <unknown>\n#16 0x56100bed2a83 <unknown>\n#17 0x56100bea7505 <unknown>\n#18 0x56100bef3ca8 <unknown>\n#19 0x56100bef3e36 <unknown>\n#20 0x56100bf0f333 <unknown>\n#21 0x7fdb7636db43 <unknown>","time":{"start":1671314954764,"stop":1671314955812,"duration":1048}},{"uid":"a943e3d38c36a2b5","reportUrl":"https://Natalia-Tsy.github.io/SauceDemoProject/326//#testresult/a943e3d38c36a2b5","status":"skipped","statusDetails":"XFAIL\n\nselenium.common.exceptions.InvalidSelectorException: Message: invalid selector: The result of the xpath expression \"//*[@class = 'footer_copy']/text()[3]\" is: [object Text]. It should be an element.\n  (Session info: headless chrome=108.0.5359.98)\nStacktrace:\n#0 0x5631cbfe52a3 <unknown>\n#1 0x5631cbda3f77 <unknown>\n#2 0x5631cbda79c8 <unknown>\n#3 0x5631cbda7792 <unknown>\n#4 0x5631cbda7a9c <unknown>\n#5 0x5631cbde0538 <unknown>\n#6 0x5631cbde0a71 <unknown>\n#7 0x5631cbe1a734 <unknown>\n#8 0x5631cbe00b5d <unknown>\n#9 0x5631cbe1847c <unknown>\n#10 0x5631cbe00903 <unknown>\n#11 0x5631cbdd3ece <unknown>\n#12 0x5631cbdd4fde <unknown>\n#13 0x5631cc03563e <unknown>\n#14 0x5631cc038b79 <unknown>\n#15 0x5631cc01b89e <unknown>\n#16 0x5631cc039a83 <unknown>\n#17 0x5631cc00e505 <unknown>\n#18 0x5631cc05aca8 <unknown>\n#19 0x5631cc05ae36 <unknown>\n#20 0x5631cc076333 <unknown>\n#21 0x7f6c908d9b43 <unknown>","time":{"start":1671314559636,"stop":1671314560098,"duration":462}},{"uid":"7526887ea4b65d0","reportUrl":"https://Natalia-Tsy.github.io/SauceDemoProject/325//#testresult/7526887ea4b65d0","status":"skipped","statusDetails":"XFAIL\n\nselenium.common.exceptions.InvalidSelectorException: Message: invalid selector: The result of the xpath expression \"//*[@class = 'footer_copy']/text()[3]\" is: [object Text]. It should be an element.\n  (Session info: headless chrome=108.0.5359.98)\nStacktrace:\n#0 0x55fd8201c2a3 <unknown>\n#1 0x55fd81ddaf77 <unknown>\n#2 0x55fd81dde9c8 <unknown>\n#3 0x55fd81dde792 <unknown>\n#4 0x55fd81ddea9c <unknown>\n#5 0x55fd81e17538 <unknown>\n#6 0x55fd81e17a71 <unknown>\n#7 0x55fd81e51734 <unknown>\n#8 0x55fd81e37b5d <unknown>\n#9 0x55fd81e4f47c <unknown>\n#10 0x55fd81e37903 <unknown>\n#11 0x55fd81e0aece <unknown>\n#12 0x55fd81e0bfde <unknown>\n#13 0x55fd8206c63e <unknown>\n#14 0x55fd8206fb79 <unknown>\n#15 0x55fd8205289e <unknown>\n#16 0x55fd82070a83 <unknown>\n#17 0x55fd82045505 <unknown>\n#18 0x55fd82091ca8 <unknown>\n#19 0x55fd82091e36 <unknown>\n#20 0x55fd820ad333 <unknown>\n#21 0x7f1dba2cab43 <unknown>","time":{"start":1671314049677,"stop":1671314050530,"duration":853}},{"uid":"6ea57aeaa95e8fa5","reportUrl":"https://Natalia-Tsy.github.io/SauceDemoProject/324//#testresult/6ea57aeaa95e8fa5","status":"skipped","statusDetails":"XFAIL\n\nselenium.common.exceptions.InvalidSelectorException: Message: invalid selector: The result of the xpath expression \"//*[@class = 'footer_copy']/text()[3]\" is: [object Text]. It should be an element.\n  (Session info: headless chrome=108.0.5359.98)\nStacktrace:\n#0 0x55ad26a5b2a3 <unknown>\n#1 0x55ad26819f77 <unknown>\n#2 0x55ad2681d9c8 <unknown>\n#3 0x55ad2681d792 <unknown>\n#4 0x55ad2681da9c <unknown>\n#5 0x55ad26856538 <unknown>\n#6 0x55ad26856a71 <unknown>\n#7 0x55ad26890734 <unknown>\n#8 0x55ad26876b5d <unknown>\n#9 0x55ad2688e47c <unknown>\n#10 0x55ad26876903 <unknown>\n#11 0x55ad26849ece <unknown>\n#12 0x55ad2684afde <unknown>\n#13 0x55ad26aab63e <unknown>\n#14 0x55ad26aaeb79 <unknown>\n#15 0x55ad26a9189e <unknown>\n#16 0x55ad26aafa83 <unknown>\n#17 0x55ad26a84505 <unknown>\n#18 0x55ad26ad0ca8 <unknown>\n#19 0x55ad26ad0e36 <unknown>\n#20 0x55ad26aec333 <unknown>\n#21 0x7f9fabb24b43 <unknown>","time":{"start":1671312695883,"stop":1671312696985,"duration":1102}},{"uid":"6e1b87b2250fb12a","reportUrl":"https://Natalia-Tsy.github.io/SauceDemoProject/323//#testresult/6e1b87b2250fb12a","status":"skipped","statusDetails":"XFAIL\n\nselenium.common.exceptions.InvalidSelectorException: Message: invalid selector: The result of the xpath expression \"//*[@class = 'footer_copy']/text()[3]\" is: [object Text]. It should be an element.\n  (Session info: headless chrome=108.0.5359.98)\nStacktrace:\n#0 0x55eb0ab3c2a3 <unknown>\n#1 0x55eb0a8faf77 <unknown>\n#2 0x55eb0a8fe9c8 <unknown>\n#3 0x55eb0a8fe792 <unknown>\n#4 0x55eb0a8fea9c <unknown>\n#5 0x55eb0a937538 <unknown>\n#6 0x55eb0a937a71 <unknown>\n#7 0x55eb0a971734 <unknown>\n#8 0x55eb0a957b5d <unknown>\n#9 0x55eb0a96f47c <unknown>\n#10 0x55eb0a957903 <unknown>\n#11 0x55eb0a92aece <unknown>\n#12 0x55eb0a92bfde <unknown>\n#13 0x55eb0ab8c63e <unknown>\n#14 0x55eb0ab8fb79 <unknown>\n#15 0x55eb0ab7289e <unknown>\n#16 0x55eb0ab90a83 <unknown>\n#17 0x55eb0ab65505 <unknown>\n#18 0x55eb0abb1ca8 <unknown>\n#19 0x55eb0abb1e36 <unknown>\n#20 0x55eb0abcd333 <unknown>\n#21 0x7fc785719b43 <unknown>","time":{"start":1671296391675,"stop":1671296392528,"duration":853}},{"uid":"94582f65a1dbc32a","reportUrl":"https://Natalia-Tsy.github.io/SauceDemoProject/322//#testresult/94582f65a1dbc32a","status":"skipped","statusDetails":"XFAIL\n\nselenium.common.exceptions.InvalidSelectorException: Message: invalid selector: The result of the xpath expression \"//*[@class = 'footer_copy']/text()[3]\" is: [object Text]. It should be an element.\n  (Session info: headless chrome=108.0.5359.98)\nStacktrace:\n#0 0x5603d526f2a3 <unknown>\n#1 0x5603d502df77 <unknown>\n#2 0x5603d50319c8 <unknown>\n#3 0x5603d5031792 <unknown>\n#4 0x5603d5031a9c <unknown>\n#5 0x5603d506a538 <unknown>\n#6 0x5603d506aa71 <unknown>\n#7 0x5603d50a4734 <unknown>\n#8 0x5603d508ab5d <unknown>\n#9 0x5603d50a247c <unknown>\n#10 0x5603d508a903 <unknown>\n#11 0x5603d505dece <unknown>\n#12 0x5603d505efde <unknown>\n#13 0x5603d52bf63e <unknown>\n#14 0x5603d52c2b79 <unknown>\n#15 0x5603d52a589e <unknown>\n#16 0x5603d52c3a83 <unknown>\n#17 0x5603d5298505 <unknown>\n#18 0x5603d52e4ca8 <unknown>\n#19 0x5603d52e4e36 <unknown>\n#20 0x5603d5300333 <unknown>\n#21 0x7fdb54f29b43 <unknown>","time":{"start":1671274118423,"stop":1671274119024,"duration":601}},{"uid":"4895a5e9ab1b35e7","reportUrl":"https://Natalia-Tsy.github.io/SauceDemoProject/321//#testresult/4895a5e9ab1b35e7","status":"skipped","statusDetails":"XFAIL\n\nselenium.common.exceptions.InvalidSelectorException: Message: invalid selector: The result of the xpath expression \"//*[@class = 'footer_copy']/text()[3]\" is: [object Text]. It should be an element.\n  (Session info: headless chrome=108.0.5359.98)\nStacktrace:\n#0 0x56394a1b52a3 <unknown>\n#1 0x563949f73f77 <unknown>\n#2 0x563949f779c8 <unknown>\n#3 0x563949f77792 <unknown>\n#4 0x563949f77a9c <unknown>\n#5 0x563949fb0538 <unknown>\n#6 0x563949fb0a71 <unknown>\n#7 0x563949fea734 <unknown>\n#8 0x563949fd0b5d <unknown>\n#9 0x563949fe847c <unknown>\n#10 0x563949fd0903 <unknown>\n#11 0x563949fa3ece <unknown>\n#12 0x563949fa4fde <unknown>\n#13 0x56394a20563e <unknown>\n#14 0x56394a208b79 <unknown>\n#15 0x56394a1eb89e <unknown>\n#16 0x56394a209a83 <unknown>\n#17 0x56394a1de505 <unknown>\n#18 0x56394a22aca8 <unknown>\n#19 0x56394a22ae36 <unknown>\n#20 0x56394a246333 <unknown>\n#21 0x7f871f24db43 <unknown>","time":{"start":1671238879418,"stop":1671238880105,"duration":687}},{"uid":"a5d8f321747604cd","reportUrl":"https://Natalia-Tsy.github.io/SauceDemoProject/320//#testresult/a5d8f321747604cd","status":"skipped","statusDetails":"XFAIL\n\nselenium.common.exceptions.InvalidSelectorException: Message: invalid selector: The result of the xpath expression \"//*[@class = 'footer_copy']/text()[3]\" is: [object Text]. It should be an element.\n  (Session info: headless chrome=108.0.5359.98)\nStacktrace:\n#0 0x5574f8bb62a3 <unknown>\n#1 0x5574f8974f77 <unknown>\n#2 0x5574f89789c8 <unknown>\n#3 0x5574f8978792 <unknown>\n#4 0x5574f8978a9c <unknown>\n#5 0x5574f89b1538 <unknown>\n#6 0x5574f89b1a71 <unknown>\n#7 0x5574f89eb734 <unknown>\n#8 0x5574f89d1b5d <unknown>\n#9 0x5574f89e947c <unknown>\n#10 0x5574f89d1903 <unknown>\n#11 0x5574f89a4ece <unknown>\n#12 0x5574f89a5fde <unknown>\n#13 0x5574f8c0663e <unknown>\n#14 0x5574f8c09b79 <unknown>\n#15 0x5574f8bec89e <unknown>\n#16 0x5574f8c0aa83 <unknown>\n#17 0x5574f8bdf505 <unknown>\n#18 0x5574f8c2bca8 <unknown>\n#19 0x5574f8c2be36 <unknown>\n#20 0x5574f8c47333 <unknown>\n#21 0x7ff72f23fb43 <unknown>","time":{"start":1671238604139,"stop":1671238604690,"duration":551}},{"uid":"1a6250c1e221c013","reportUrl":"https://Natalia-Tsy.github.io/SauceDemoProject/319//#testresult/1a6250c1e221c013","status":"skipped","statusDetails":"XFAIL\n\nselenium.common.exceptions.InvalidSelectorException: Message: invalid selector: The result of the xpath expression \"//*[@class = 'footer_copy']/text()[3]\" is: [object Text]. It should be an element.\n  (Session info: headless chrome=108.0.5359.98)\nStacktrace:\n#0 0x5572e6e992a3 <unknown>\n#1 0x5572e6c57f77 <unknown>\n#2 0x5572e6c5b9c8 <unknown>\n#3 0x5572e6c5b792 <unknown>\n#4 0x5572e6c5ba9c <unknown>\n#5 0x5572e6c94538 <unknown>\n#6 0x5572e6c94a71 <unknown>\n#7 0x5572e6cce734 <unknown>\n#8 0x5572e6cb4b5d <unknown>\n#9 0x5572e6ccc47c <unknown>\n#10 0x5572e6cb4903 <unknown>\n#11 0x5572e6c87ece <unknown>\n#12 0x5572e6c88fde <unknown>\n#13 0x5572e6ee963e <unknown>\n#14 0x5572e6eecb79 <unknown>\n#15 0x5572e6ecf89e <unknown>\n#16 0x5572e6eeda83 <unknown>\n#17 0x5572e6ec2505 <unknown>\n#18 0x5572e6f0eca8 <unknown>\n#19 0x5572e6f0ee36 <unknown>\n#20 0x5572e6f2a333 <unknown>\n#21 0x7f45c4ec7b43 <unknown>","time":{"start":1671237717658,"stop":1671237718307,"duration":649}},{"uid":"23ea002e55e99c09","reportUrl":"https://Natalia-Tsy.github.io/SauceDemoProject/318//#testresult/23ea002e55e99c09","status":"skipped","statusDetails":"XFAIL\n\nselenium.common.exceptions.InvalidSelectorException: Message: invalid selector: The result of the xpath expression \"//*[@class = 'footer_copy']/text()[3]\" is: [object Text]. It should be an element.\n  (Session info: headless chrome=108.0.5359.98)\nStacktrace:\n#0 0x556643f9c2a3 <unknown>\n#1 0x556643d5af77 <unknown>\n#2 0x556643d5e9c8 <unknown>\n#3 0x556643d5e792 <unknown>\n#4 0x556643d5ea9c <unknown>\n#5 0x556643d97538 <unknown>\n#6 0x556643d97a71 <unknown>\n#7 0x556643dd1734 <unknown>\n#8 0x556643db7b5d <unknown>\n#9 0x556643dcf47c <unknown>\n#10 0x556643db7903 <unknown>\n#11 0x556643d8aece <unknown>\n#12 0x556643d8bfde <unknown>\n#13 0x556643fec63e <unknown>\n#14 0x556643fefb79 <unknown>\n#15 0x556643fd289e <unknown>\n#16 0x556643ff0a83 <unknown>\n#17 0x556643fc5505 <unknown>\n#18 0x556644011ca8 <unknown>\n#19 0x556644011e36 <unknown>\n#20 0x55664402d333 <unknown>\n#21 0x7f100312bb43 <unknown>","time":{"start":1671236311073,"stop":1671236311557,"duration":484}},{"uid":"4ec5dfd3c5b1d00b","reportUrl":"https://Natalia-Tsy.github.io/SauceDemoProject/317//#testresult/4ec5dfd3c5b1d00b","status":"skipped","statusDetails":"XFAIL\n\nselenium.common.exceptions.InvalidSelectorException: Message: invalid selector: The result of the xpath expression \"//*[@class = 'footer_copy']/text()[3]\" is: [object Text]. It should be an element.\n  (Session info: headless chrome=108.0.5359.98)\nStacktrace:\n#0 0x557587a632a3 <unknown>\n#1 0x557587821f77 <unknown>\n#2 0x5575878259c8 <unknown>\n#3 0x557587825792 <unknown>\n#4 0x557587825a9c <unknown>\n#5 0x55758785e538 <unknown>\n#6 0x55758785ea71 <unknown>\n#7 0x557587898734 <unknown>\n#8 0x55758787eb5d <unknown>\n#9 0x55758789647c <unknown>\n#10 0x55758787e903 <unknown>\n#11 0x557587851ece <unknown>\n#12 0x557587852fde <unknown>\n#13 0x557587ab363e <unknown>\n#14 0x557587ab6b79 <unknown>\n#15 0x557587a9989e <unknown>\n#16 0x557587ab7a83 <unknown>\n#17 0x557587a8c505 <unknown>\n#18 0x557587ad8ca8 <unknown>\n#19 0x557587ad8e36 <unknown>\n#20 0x557587af4333 <unknown>\n#21 0x7f5440e57b43 <unknown>","time":{"start":1671235607727,"stop":1671235608333,"duration":606}},{"uid":"fc946166bd75acab","reportUrl":"https://Natalia-Tsy.github.io/SauceDemoProject/316//#testresult/fc946166bd75acab","status":"skipped","statusDetails":"XFAIL\n\nselenium.common.exceptions.InvalidSelectorException: Message: invalid selector: The result of the xpath expression \"//*[@class = 'footer_copy']/text()[3]\" is: [object Text]. It should be an element.\n  (Session info: headless chrome=108.0.5359.98)\nStacktrace:\n#0 0x55bffeba02a3 <unknown>\n#1 0x55bffe95ef77 <unknown>\n#2 0x55bffe9629c8 <unknown>\n#3 0x55bffe962792 <unknown>\n#4 0x55bffe962a9c <unknown>\n#5 0x55bffe99b538 <unknown>\n#6 0x55bffe99ba71 <unknown>\n#7 0x55bffe9d5734 <unknown>\n#8 0x55bffe9bbb5d <unknown>\n#9 0x55bffe9d347c <unknown>\n#10 0x55bffe9bb903 <unknown>\n#11 0x55bffe98eece <unknown>\n#12 0x55bffe98ffde <unknown>\n#13 0x55bffebf063e <unknown>\n#14 0x55bffebf3b79 <unknown>\n#15 0x55bffebd689e <unknown>\n#16 0x55bffebf4a83 <unknown>\n#17 0x55bffebc9505 <unknown>\n#18 0x55bffec15ca8 <unknown>\n#19 0x55bffec15e36 <unknown>\n#20 0x55bffec31333 <unknown>\n#21 0x7fe49cae0b43 <unknown>","time":{"start":1671232945631,"stop":1671232946496,"duration":865}},{"uid":"b98c98731892ca42","reportUrl":"https://Natalia-Tsy.github.io/SauceDemoProject/314//#testresult/b98c98731892ca42","status":"skipped","statusDetails":"XFAIL\n\nselenium.common.exceptions.InvalidSelectorException: Message: invalid selector: The result of the xpath expression \"//*[@class = 'footer_copy']/text()[3]\" is: [object Text]. It should be an element.\n  (Session info: headless chrome=108.0.5359.98)\nStacktrace:\n#0 0x55d6cae052a3 <unknown>\n#1 0x55d6cabc3f77 <unknown>\n#2 0x55d6cabc79c8 <unknown>\n#3 0x55d6cabc7792 <unknown>\n#4 0x55d6cabc7a9c <unknown>\n#5 0x55d6cac00538 <unknown>\n#6 0x55d6cac00a71 <unknown>\n#7 0x55d6cac3a734 <unknown>\n#8 0x55d6cac20b5d <unknown>\n#9 0x55d6cac3847c <unknown>\n#10 0x55d6cac20903 <unknown>\n#11 0x55d6cabf3ece <unknown>\n#12 0x55d6cabf4fde <unknown>\n#13 0x55d6cae5563e <unknown>\n#14 0x55d6cae58b79 <unknown>\n#15 0x55d6cae3b89e <unknown>\n#16 0x55d6cae59a83 <unknown>\n#17 0x55d6cae2e505 <unknown>\n#18 0x55d6cae7aca8 <unknown>\n#19 0x55d6cae7ae36 <unknown>\n#20 0x55d6cae96333 <unknown>\n#21 0x7f3886a33b43 <unknown>","time":{"start":1671229570346,"stop":1671229571058,"duration":712}},{"uid":"e372e781d142e17f","reportUrl":"https://Natalia-Tsy.github.io/SauceDemoProject/313//#testresult/e372e781d142e17f","status":"skipped","statusDetails":"XFAIL\n\nselenium.common.exceptions.InvalidSelectorException: Message: invalid selector: The result of the xpath expression \"//*[@class = 'footer_copy']/text()[3]\" is: [object Text]. It should be an element.\n  (Session info: headless chrome=108.0.5359.98)\nStacktrace:\n#0 0x5645eee9e2a3 <unknown>\n#1 0x5645eec5cf77 <unknown>\n#2 0x5645eec609c8 <unknown>\n#3 0x5645eec60792 <unknown>\n#4 0x5645eec60a9c <unknown>\n#5 0x5645eec99538 <unknown>\n#6 0x5645eec99a71 <unknown>\n#7 0x5645eecd3734 <unknown>\n#8 0x5645eecb9b5d <unknown>\n#9 0x5645eecd147c <unknown>\n#10 0x5645eecb9903 <unknown>\n#11 0x5645eec8cece <unknown>\n#12 0x5645eec8dfde <unknown>\n#13 0x5645eeeee63e <unknown>\n#14 0x5645eeef1b79 <unknown>\n#15 0x5645eeed489e <unknown>\n#16 0x5645eeef2a83 <unknown>\n#17 0x5645eeec7505 <unknown>\n#18 0x5645eef13ca8 <unknown>\n#19 0x5645eef13e36 <unknown>\n#20 0x5645eef2f333 <unknown>\n#21 0x7f2621480b43 <unknown>","time":{"start":1671228741395,"stop":1671228742481,"duration":1086}},{"uid":"51b0822a5ba8ad30","reportUrl":"https://Natalia-Tsy.github.io/SauceDemoProject/312//#testresult/51b0822a5ba8ad30","status":"skipped","statusDetails":"XFAIL\n\nselenium.common.exceptions.InvalidSelectorException: Message: invalid selector: The result of the xpath expression \"//*[@class = 'footer_copy']/text()[3]\" is: [object Text]. It should be an element.\n  (Session info: headless chrome=108.0.5359.98)\nStacktrace:\n#0 0x55683918b2a3 <unknown>\n#1 0x556838f49f77 <unknown>\n#2 0x556838f4d9c8 <unknown>\n#3 0x556838f4d792 <unknown>\n#4 0x556838f4da9c <unknown>\n#5 0x556838f86538 <unknown>\n#6 0x556838f86a71 <unknown>\n#7 0x556838fc0734 <unknown>\n#8 0x556838fa6b5d <unknown>\n#9 0x556838fbe47c <unknown>\n#10 0x556838fa6903 <unknown>\n#11 0x556838f79ece <unknown>\n#12 0x556838f7afde <unknown>\n#13 0x5568391db63e <unknown>\n#14 0x5568391deb79 <unknown>\n#15 0x5568391c189e <unknown>\n#16 0x5568391dfa83 <unknown>\n#17 0x5568391b4505 <unknown>\n#18 0x556839200ca8 <unknown>\n#19 0x556839200e36 <unknown>\n#20 0x55683921c333 <unknown>\n#21 0x7f6abd249b43 <unknown>","time":{"start":1671227841888,"stop":1671227842586,"duration":698}},{"uid":"8c366a1b8a24b576","reportUrl":"https://Natalia-Tsy.github.io/SauceDemoProject/311//#testresult/8c366a1b8a24b576","status":"skipped","statusDetails":"XFAIL\n\nselenium.common.exceptions.InvalidSelectorException: Message: invalid selector: The result of the xpath expression \"//*[@class = 'footer_copy']/text()[3]\" is: [object Text]. It should be an element.\n  (Session info: headless chrome=108.0.5359.98)\nStacktrace:\n#0 0x5641b6e752a3 <unknown>\n#1 0x5641b6c33f77 <unknown>\n#2 0x5641b6c379c8 <unknown>\n#3 0x5641b6c37792 <unknown>\n#4 0x5641b6c37a9c <unknown>\n#5 0x5641b6c70538 <unknown>\n#6 0x5641b6c70a71 <unknown>\n#7 0x5641b6caa734 <unknown>\n#8 0x5641b6c90b5d <unknown>\n#9 0x5641b6ca847c <unknown>\n#10 0x5641b6c90903 <unknown>\n#11 0x5641b6c63ece <unknown>\n#12 0x5641b6c64fde <unknown>\n#13 0x5641b6ec563e <unknown>\n#14 0x5641b6ec8b79 <unknown>\n#15 0x5641b6eab89e <unknown>\n#16 0x5641b6ec9a83 <unknown>\n#17 0x5641b6e9e505 <unknown>\n#18 0x5641b6eeaca8 <unknown>\n#19 0x5641b6eeae36 <unknown>\n#20 0x5641b6f06333 <unknown>\n#21 0x7f2a550a0b43 <unknown>","time":{"start":1671227238939,"stop":1671227240049,"duration":1110}},{"uid":"8f7cf7c5cc734fa","reportUrl":"https://Natalia-Tsy.github.io/SauceDemoProject/310//#testresult/8f7cf7c5cc734fa","status":"skipped","statusDetails":"XFAIL\n\nselenium.common.exceptions.InvalidSelectorException: Message: invalid selector: The result of the xpath expression \"//*[@class = 'footer_copy']/text()[3]\" is: [object Text]. It should be an element.\n  (Session info: headless chrome=108.0.5359.98)\nStacktrace:\n#0 0x55a095ff52a3 <unknown>\n#1 0x55a095db3f77 <unknown>\n#2 0x55a095db79c8 <unknown>\n#3 0x55a095db7792 <unknown>\n#4 0x55a095db7a9c <unknown>\n#5 0x55a095df0538 <unknown>\n#6 0x55a095df0a71 <unknown>\n#7 0x55a095e2a734 <unknown>\n#8 0x55a095e10b5d <unknown>\n#9 0x55a095e2847c <unknown>\n#10 0x55a095e10903 <unknown>\n#11 0x55a095de3ece <unknown>\n#12 0x55a095de4fde <unknown>\n#13 0x55a09604563e <unknown>\n#14 0x55a096048b79 <unknown>\n#15 0x55a09602b89e <unknown>\n#16 0x55a096049a83 <unknown>\n#17 0x55a09601e505 <unknown>\n#18 0x55a09606aca8 <unknown>\n#19 0x55a09606ae36 <unknown>\n#20 0x55a096086333 <unknown>\n#21 0x7fedce009b43 <unknown>","time":{"start":1671226200433,"stop":1671226201167,"duration":734}}]},"tags":["@pytest.mark.xfail(raises=<class 'selenium.common.exceptions.InvalidSelectorException'>)"]},"source":"50caf814d45e026c.json","parameterValues":[]}