2022-12-17 00:08:32 ERROR Could not find element on page: https://www.saucedemo.com/
2022-12-17 00:08:32 ERROR no such element: Unable to locate element: {"method":"css selector","selector":".shopping_cart_link"}
  (Session info: headless chrome=108.0.5359.98)
Traceback (most recent call last):
  File "/home/runner/work/SauceDemoProject/SauceDemoProject/pages/base_page.py", line 72, in inner_function
    return func(*args, **kwargs)
  File "/home/runner/work/SauceDemoProject/SauceDemoProject/pages/base_page.py", line 295, in get_property
    return self.browser.find_element(method, locator).get_property(property)
  File "/home/runner/.cache/pypoetry/virtualenvs/saucedemoproject-P9vpYs8v-py3.10/lib/python3.10/site-packages/selenium/webdriver/remote/webdriver.py", line 861, in find_element
    return self.execute(Command.FIND_ELEMENT, {"using": by, "value": value})["value"]
  File "/home/runner/.cache/pypoetry/virtualenvs/saucedemoproject-P9vpYs8v-py3.10/lib/python3.10/site-packages/selenium/webdriver/remote/webdriver.py", line 444, in execute
    self.error_handler.check_response(response)
  File "/home/runner/.cache/pypoetry/virtualenvs/saucedemoproject-P9vpYs8v-py3.10/lib/python3.10/site-packages/selenium/webdriver/remote/errorhandler.py", line 249, in check_response
    raise exception_class(message, screen, stacktrace)
selenium.common.exceptions.NoSuchElementException: Message: no such element: Unable to locate element: {"method":"css selector","selector":".shopping_cart_link"}
  (Session info: headless chrome=108.0.5359.98)
Stacktrace:
#0 0x560cbe0032a3 <unknown>
#1 0x560cbddc1f77 <unknown>
#2 0x560cbddfe80c <unknown>
#3 0x560cbddfea71 <unknown>
#4 0x560cbde38734 <unknown>
#5 0x560cbde1eb5d <unknown>
#6 0x560cbde3647c <unknown>
#7 0x560cbde1e903 <unknown>
#8 0x560cbddf1ece <unknown>
#9 0x560cbddf2fde <unknown>
#10 0x560cbe05363e <unknown>
#11 0x560cbe056b79 <unknown>
#12 0x560cbe03989e <unknown>
#13 0x560cbe057a83 <unknown>
#14 0x560cbe02c505 <unknown>
#15 0x560cbe078ca8 <unknown>
#16 0x560cbe078e36 <unknown>
#17 0x560cbe094333 <unknown>
#18 0x7fde812ddb43 <unknown>