2022-12-19 22:23:26 ERROR Could not find element on page: https://www.saucedemo.com/
2022-12-19 22:23:26 ERROR no such element: Unable to locate element: {"method":"css selector","selector":".shopping_cart_link"}
  (Session info: headless chrome=108.0.5359.98)
Traceback (most recent call last):
  File "/home/runner/work/SauceDemoProject/SauceDemoProject/pages/base_page.py", line 72, in inner_function
    return func(*args, **kwargs)
  File "/home/runner/work/SauceDemoProject/SauceDemoProject/pages/base_page.py", line 295, in get_property
    return self.browser.find_element(method, locator).get_property(property)
  File "/home/runner/.cache/pypoetry/virtualenvs/saucedemoproject-P9vpYs8v-py3.10/lib/python3.10/site-packages/selenium/webdriver/remote/webdriver.py", line 861, in find_element
    return self.execute(Command.FIND_ELEMENT, {"using": by, "value": value})["value"]
  File "/home/runner/.cache/pypoetry/virtualenvs/saucedemoproject-P9vpYs8v-py3.10/lib/python3.10/site-packages/selenium/webdriver/remote/webdriver.py", line 444, in execute
    self.error_handler.check_response(response)
  File "/home/runner/.cache/pypoetry/virtualenvs/saucedemoproject-P9vpYs8v-py3.10/lib/python3.10/site-packages/selenium/webdriver/remote/errorhandler.py", line 249, in check_response
    raise exception_class(message, screen, stacktrace)
selenium.common.exceptions.NoSuchElementException: Message: no such element: Unable to locate element: {"method":"css selector","selector":".shopping_cart_link"}
  (Session info: headless chrome=108.0.5359.98)
Stacktrace:
#0 0x5578129c82a3 <unknown>
#1 0x557812786f77 <unknown>
#2 0x5578127c380c <unknown>
#3 0x5578127c3a71 <unknown>
#4 0x5578127fd734 <unknown>
#5 0x5578127e3b5d <unknown>
#6 0x5578127fb47c <unknown>
#7 0x5578127e3903 <unknown>
#8 0x5578127b6ece <unknown>
#9 0x5578127b7fde <unknown>
#10 0x557812a1863e <unknown>
#11 0x557812a1bb79 <unknown>
#12 0x5578129fe89e <unknown>
#13 0x557812a1ca83 <unknown>
#14 0x5578129f1505 <unknown>
#15 0x557812a3dca8 <unknown>
#16 0x557812a3de36 <unknown>
#17 0x557812a59333 <unknown>
#18 0x7f11cd35bb43 <unknown>