{"uid":"ef210edda2eec14b","name":"test_TC_002_04_read_privacy_policy_from_checkout_overview","fullName":"tests.test_TC_002_read_privacy_policy.Tests#test_TC_002_04_read_privacy_policy_from_checkout_overview","historyId":"2d3b3399edc3cf499c1d1cbb8eadf15d","time":{"start":1671323761994,"stop":1671323762789,"duration":795},"status":"skipped","statusMessage":"XFAIL\n\nselenium.common.exceptions.InvalidSelectorException: Message: invalid selector: The result of the xpath expression \"//*[@class = 'footer_copy']/text()[3]\" is: [object Text]. It should be an element.\n  (Session info: headless chrome=108.0.5359.98)\nStacktrace:\n#0 0x5563871f02a3 <unknown>\n#1 0x556386faef77 <unknown>\n#2 0x556386fb29c8 <unknown>\n#3 0x556386fb2792 <unknown>\n#4 0x556386fb2a9c <unknown>\n#5 0x556386feb538 <unknown>\n#6 0x556386feba71 <unknown>\n#7 0x556387025734 <unknown>\n#8 0x55638700bb5d <unknown>\n#9 0x55638702347c <unknown>\n#10 0x55638700b903 <unknown>\n#11 0x556386fdeece <unknown>\n#12 0x556386fdffde <unknown>\n#13 0x55638724063e <unknown>\n#14 0x556387243b79 <unknown>\n#15 0x55638722689e <unknown>\n#16 0x556387244a83 <unknown>\n#17 0x556387219505 <unknown>\n#18 0x556387265ca8 <unknown>\n#19 0x556387265e36 <unknown>\n#20 0x556387281333 <unknown>\n#21 0x7fdefc536b43 <unknown>","statusTrace":"self = <SauceDemoProject.tests.test_TC_002_read_privacy_policy.Tests object at 0x7f8b008112a0>\nd = <selenium.webdriver.chrome.webdriver.WebDriver (session=\"17e97a3901f5ebc9bf430515696e0125\")>\n\n    @allure.feature(\"US_002 | Privacy Policy\")\n    @allure.story(\"TC_002.04 | Read Privacy Policy from the checkout overview page\")\n    @pytest.mark.xfail(raises=InvalidSelectorException)\n    def test_TC_002_04_read_privacy_policy_from_checkout_overview(self, d):\n        page = LoginPage(d, LoginPageSrc.URL)  # Creates the Login page instance\n        page.open_page()\n        page.register_user(\"standard_user\", \"secret_sauce\")  # Standard user logs in\n        page = ProductsPage(\n            d, ProductsPageSrc.URL\n        )  # Creates the Products page instance\n        page.add_item_on_products_page(\n            \"Sauce Labs Onesie\"\n        )  # Adds one product into the cart\n        page.go_to_basket_page()  # Gets to the cart page\n        page = CartPage(d, CartPageSrc.URL)  # Creates the Cart Page instance\n        page.go_to_checkout_1_page()  # gets to Checkout-one page\n        page = CheckoutPage_1(\n            d, Chckout1PageSrc.URL\n        )  # Creates the Checkout-one instance\n        page.should_be_checkout_1_page()  # Checks the current page is Checkout-1 page\n        page.set_shipping_info(\"John\", \"Smith\", \"33009\")  # Enters shipping data\n        page.go_to_checkout_2_page()  # Gets to Checkout-two page\n        page = CheckoutPage_2(\n            d, Chckout2PageSrc.URL\n        )  # Creates the Checkout-two page instance\n        page.should_be_checkout_2_page()  # Checks the current page is Checkout-2 page\n>       page.check_privacy_link()  # Tries to click on Privacy Policy\n\ntests/test_TC_002_read_privacy_policy.py:106: \n_ _ _ _ _ _ _ _ _ _ _ _ _ _ _ _ _ _ _ _ _ _ _ _ _ _ _ _ _ _ _ _ _ _ _ _ _ _ _ _ \npages/checkout_2_page.py:35: in check_privacy_link\n    self.browser.find_element(*PageLocators.PRIVACY).click()\n../../../.cache/pypoetry/virtualenvs/saucedemoproject-P9vpYs8v-py3.10/lib/python3.10/site-packages/selenium/webdriver/remote/webdriver.py:861: in find_element\n    return self.execute(Command.FIND_ELEMENT, {\"using\": by, \"value\": value})[\"value\"]\n../../../.cache/pypoetry/virtualenvs/saucedemoproject-P9vpYs8v-py3.10/lib/python3.10/site-packages/selenium/webdriver/remote/webdriver.py:444: in execute\n    self.error_handler.check_response(response)\n_ _ _ _ _ _ _ _ _ _ _ _ _ _ _ _ _ _ _ _ _ _ _ _ _ _ _ _ _ _ _ _ _ _ _ _ _ _ _ _ \n\nself = <selenium.webdriver.remote.errorhandler.ErrorHandler object at 0x7f8b0069c040>\nresponse = {'status': 400, 'value': '{\"value\":{\"error\":\"invalid selector\",\"message\":\"invalid selector: The result of the xpath ex...\\\\n#19 0x556387265e36 \\\\u003Cunknown>\\\\n#20 0x556387281333 \\\\u003Cunknown>\\\\n#21 0x7fdefc536b43 \\\\u003Cunknown>\\\\n\"}}'}\n\n    def check_response(self, response: Dict[str, Any]) -> None:\n        \"\"\"\n        Checks that a JSON response from the WebDriver does not have an error.\n    \n        :Args:\n         - response - The JSON response from the WebDriver server as a dictionary\n           object.\n    \n        :Raises: If the response contains an error message.\n        \"\"\"\n        status = response.get(\"status\", None)\n        if not status or status == ErrorCode.SUCCESS:\n            return\n        value = None\n        message = response.get(\"message\", \"\")\n        screen: str = response.get(\"screen\", \"\")\n        stacktrace = None\n        if isinstance(status, int):\n            value_json = response.get(\"value\", None)\n            if value_json and isinstance(value_json, str):\n                import json\n    \n                try:\n                    value = json.loads(value_json)\n                    if len(value.keys()) == 1:\n                        value = value[\"value\"]\n                    status = value.get(\"error\", None)\n                    if not status:\n                        status = value.get(\"status\", ErrorCode.UNKNOWN_ERROR)\n                        message = value.get(\"value\") or value.get(\"message\")\n                        if not isinstance(message, str):\n                            value = message\n                            message = message.get(\"message\")\n                    else:\n                        message = value.get(\"message\", None)\n                except ValueError:\n                    pass\n    \n        exception_class: Type[WebDriverException]\n        if status in ErrorCode.NO_SUCH_ELEMENT:\n            exception_class = NoSuchElementException\n        elif status in ErrorCode.NO_SUCH_FRAME:\n            exception_class = NoSuchFrameException\n        elif status in ErrorCode.NO_SUCH_SHADOW_ROOT:\n            exception_class = NoSuchShadowRootException\n        elif status in ErrorCode.NO_SUCH_WINDOW:\n            exception_class = NoSuchWindowException\n        elif status in ErrorCode.STALE_ELEMENT_REFERENCE:\n            exception_class = StaleElementReferenceException\n        elif status in ErrorCode.ELEMENT_NOT_VISIBLE:\n            exception_class = ElementNotVisibleException\n        elif status in ErrorCode.INVALID_ELEMENT_STATE:\n            exception_class = InvalidElementStateException\n        elif (\n            status in ErrorCode.INVALID_SELECTOR\n            or status in ErrorCode.INVALID_XPATH_SELECTOR\n            or status in ErrorCode.INVALID_XPATH_SELECTOR_RETURN_TYPER\n        ):\n            exception_class = InvalidSelectorException\n        elif status in ErrorCode.ELEMENT_IS_NOT_SELECTABLE:\n            exception_class = ElementNotSelectableException\n        elif status in ErrorCode.ELEMENT_NOT_INTERACTABLE:\n            exception_class = ElementNotInteractableException\n        elif status in ErrorCode.INVALID_COOKIE_DOMAIN:\n            exception_class = InvalidCookieDomainException\n        elif status in ErrorCode.UNABLE_TO_SET_COOKIE:\n            exception_class = UnableToSetCookieException\n        elif status in ErrorCode.TIMEOUT:\n            exception_class = TimeoutException\n        elif status in ErrorCode.SCRIPT_TIMEOUT:\n            exception_class = TimeoutException\n        elif status in ErrorCode.UNKNOWN_ERROR:\n            exception_class = WebDriverException\n        elif status in ErrorCode.UNEXPECTED_ALERT_OPEN:\n            exception_class = UnexpectedAlertPresentException\n        elif status in ErrorCode.NO_ALERT_OPEN:\n            exception_class = NoAlertPresentException\n        elif status in ErrorCode.IME_NOT_AVAILABLE:\n            exception_class = ImeNotAvailableException\n        elif status in ErrorCode.IME_ENGINE_ACTIVATION_FAILED:\n            exception_class = ImeActivationFailedException\n        elif status in ErrorCode.MOVE_TARGET_OUT_OF_BOUNDS:\n            exception_class = MoveTargetOutOfBoundsException\n        elif status in ErrorCode.JAVASCRIPT_ERROR:\n            exception_class = JavascriptException\n        elif status in ErrorCode.SESSION_NOT_CREATED:\n            exception_class = SessionNotCreatedException\n        elif status in ErrorCode.INVALID_ARGUMENT:\n            exception_class = InvalidArgumentException\n        elif status in ErrorCode.NO_SUCH_COOKIE:\n            exception_class = NoSuchCookieException\n        elif status in ErrorCode.UNABLE_TO_CAPTURE_SCREEN:\n            exception_class = ScreenshotException\n        elif status in ErrorCode.ELEMENT_CLICK_INTERCEPTED:\n            exception_class = ElementClickInterceptedException\n        elif status in ErrorCode.INSECURE_CERTIFICATE:\n            exception_class = InsecureCertificateException\n        elif status in ErrorCode.INVALID_COORDINATES:\n            exception_class = InvalidCoordinatesException\n        elif status in ErrorCode.INVALID_SESSION_ID:\n            exception_class = InvalidSessionIdException\n        elif status in ErrorCode.UNKNOWN_METHOD:\n            exception_class = UnknownMethodException\n        else:\n            exception_class = WebDriverException\n        if not value:\n            value = response[\"value\"]\n        if isinstance(value, str):\n            raise exception_class(value)\n        if message == \"\" and \"message\" in value:\n            message = value[\"message\"]\n    \n        screen = None  # type: ignore[assignment]\n        if \"screen\" in value:\n            screen = value[\"screen\"]\n    \n        stacktrace = None\n        st_value = value.get(\"stackTrace\") or value.get(\"stacktrace\")\n        if st_value:\n            if isinstance(st_value, str):\n                stacktrace = st_value.split(\"\\n\")\n            else:\n                stacktrace = []\n                try:\n                    for frame in st_value:\n                        line = frame.get(\"lineNumber\", \"\")\n                        file = frame.get(\"fileName\", \"<anonymous>\")\n                        if line:\n                            file = f\"{file}:{line}\"\n                        meth = frame.get(\"methodName\", \"<anonymous>\")\n                        if \"className\" in frame:\n                            meth = \"{}.{}\".format(frame[\"className\"], meth)\n                        msg = \"    at %s (%s)\"\n                        msg = msg % (meth, file)\n                        stacktrace.append(msg)\n                except TypeError:\n                    pass\n        if exception_class == UnexpectedAlertPresentException:\n            alert_text = None\n            if \"data\" in value:\n                alert_text = value[\"data\"].get(\"text\")\n            elif \"alert\" in value:\n                alert_text = value[\"alert\"].get(\"text\")\n            raise exception_class(message, screen, stacktrace, alert_text)  # type: ignore[call-arg]  # mypy is not smart enough here\n>       raise exception_class(message, screen, stacktrace)\nE       selenium.common.exceptions.InvalidSelectorException: Message: invalid selector: The result of the xpath expression \"//*[@class = 'footer_copy']/text()[3]\" is: [object Text]. It should be an element.\nE         (Session info: headless chrome=108.0.5359.98)\nE       Stacktrace:\nE       #0 0x5563871f02a3 <unknown>\nE       #1 0x556386faef77 <unknown>\nE       #2 0x556386fb29c8 <unknown>\nE       #3 0x556386fb2792 <unknown>\nE       #4 0x556386fb2a9c <unknown>\nE       #5 0x556386feb538 <unknown>\nE       #6 0x556386feba71 <unknown>\nE       #7 0x556387025734 <unknown>\nE       #8 0x55638700bb5d <unknown>\nE       #9 0x55638702347c <unknown>\nE       #10 0x55638700b903 <unknown>\nE       #11 0x556386fdeece <unknown>\nE       #12 0x556386fdffde <unknown>\nE       #13 0x55638724063e <unknown>\nE       #14 0x556387243b79 <unknown>\nE       #15 0x55638722689e <unknown>\nE       #16 0x556387244a83 <unknown>\nE       #17 0x556387219505 <unknown>\nE       #18 0x556387265ca8 <unknown>\nE       #19 0x556387265e36 <unknown>\nE       #20 0x556387281333 <unknown>\nE       #21 0x7fdefc536b43 <unknown>\n\n../../../.cache/pypoetry/virtualenvs/saucedemoproject-P9vpYs8v-py3.10/lib/python3.10/site-packages/selenium/webdriver/remote/errorhandler.py:249: InvalidSelectorException","flaky":false,"newFailed":false,"newBroken":false,"newPassed":false,"retriesCount":0,"retriesStatusChange":false,"beforeStages":[{"name":"browser","time":{"start":1671323750955,"stop":1671323750955,"duration":0},"status":"passed","steps":[],"attachments":[],"parameters":[],"stepsCount":0,"attachmentsCount":0,"shouldDisplayMessage":false,"hasContent":false},{"name":"d","time":{"start":1671323750956,"stop":1671323757110,"duration":6154},"status":"passed","steps":[],"attachments":[],"parameters":[],"stepsCount":0,"attachmentsCount":0,"shouldDisplayMessage":false,"hasContent":false},{"name":"g","time":{"start":1671323757110,"stop":1671323757920,"duration":810},"status":"passed","steps":[],"attachments":[],"parameters":[],"stepsCount":0,"attachmentsCount":0,"shouldDisplayMessage":false,"hasContent":false}],"testStage":{"status":"skipped","statusMessage":"XFAIL\n\nselenium.common.exceptions.InvalidSelectorException: Message: invalid selector: The result of the xpath expression \"//*[@class = 'footer_copy']/text()[3]\" is: [object Text]. It should be an element.\n  (Session info: headless chrome=108.0.5359.98)\nStacktrace:\n#0 0x5563871f02a3 <unknown>\n#1 0x556386faef77 <unknown>\n#2 0x556386fb29c8 <unknown>\n#3 0x556386fb2792 <unknown>\n#4 0x556386fb2a9c <unknown>\n#5 0x556386feb538 <unknown>\n#6 0x556386feba71 <unknown>\n#7 0x556387025734 <unknown>\n#8 0x55638700bb5d <unknown>\n#9 0x55638702347c <unknown>\n#10 0x55638700b903 <unknown>\n#11 0x556386fdeece <unknown>\n#12 0x556386fdffde <unknown>\n#13 0x55638724063e <unknown>\n#14 0x556387243b79 <unknown>\n#15 0x55638722689e <unknown>\n#16 0x556387244a83 <unknown>\n#17 0x556387219505 <unknown>\n#18 0x556387265ca8 <unknown>\n#19 0x556387265e36 <unknown>\n#20 0x556387281333 <unknown>\n#21 0x7fdefc536b43 <unknown>","statusTrace":"self = <SauceDemoProject.tests.test_TC_002_read_privacy_policy.Tests object at 0x7f8b008112a0>\nd = <selenium.webdriver.chrome.webdriver.WebDriver (session=\"17e97a3901f5ebc9bf430515696e0125\")>\n\n    @allure.feature(\"US_002 | Privacy Policy\")\n    @allure.story(\"TC_002.04 | Read Privacy Policy from the checkout overview page\")\n    @pytest.mark.xfail(raises=InvalidSelectorException)\n    def test_TC_002_04_read_privacy_policy_from_checkout_overview(self, d):\n        page = LoginPage(d, LoginPageSrc.URL)  # Creates the Login page instance\n        page.open_page()\n        page.register_user(\"standard_user\", \"secret_sauce\")  # Standard user logs in\n        page = ProductsPage(\n            d, ProductsPageSrc.URL\n        )  # Creates the Products page instance\n        page.add_item_on_products_page(\n            \"Sauce Labs Onesie\"\n        )  # Adds one product into the cart\n        page.go_to_basket_page()  # Gets to the cart page\n        page = CartPage(d, CartPageSrc.URL)  # Creates the Cart Page instance\n        page.go_to_checkout_1_page()  # gets to Checkout-one page\n        page = CheckoutPage_1(\n            d, Chckout1PageSrc.URL\n        )  # Creates the Checkout-one instance\n        page.should_be_checkout_1_page()  # Checks the current page is Checkout-1 page\n        page.set_shipping_info(\"John\", \"Smith\", \"33009\")  # Enters shipping data\n        page.go_to_checkout_2_page()  # Gets to Checkout-two page\n        page = CheckoutPage_2(\n            d, Chckout2PageSrc.URL\n        )  # Creates the Checkout-two page instance\n        page.should_be_checkout_2_page()  # Checks the current page is Checkout-2 page\n>       page.check_privacy_link()  # Tries to click on Privacy Policy\n\ntests/test_TC_002_read_privacy_policy.py:106: \n_ _ _ _ _ _ _ _ _ _ _ _ _ _ _ _ _ _ _ _ _ _ _ _ _ _ _ _ _ _ _ _ _ _ _ _ _ _ _ _ \npages/checkout_2_page.py:35: in check_privacy_link\n    self.browser.find_element(*PageLocators.PRIVACY).click()\n../../../.cache/pypoetry/virtualenvs/saucedemoproject-P9vpYs8v-py3.10/lib/python3.10/site-packages/selenium/webdriver/remote/webdriver.py:861: in find_element\n    return self.execute(Command.FIND_ELEMENT, {\"using\": by, \"value\": value})[\"value\"]\n../../../.cache/pypoetry/virtualenvs/saucedemoproject-P9vpYs8v-py3.10/lib/python3.10/site-packages/selenium/webdriver/remote/webdriver.py:444: in execute\n    self.error_handler.check_response(response)\n_ _ _ _ _ _ _ _ _ _ _ _ _ _ _ _ _ _ _ _ _ _ _ _ _ _ _ _ _ _ _ _ _ _ _ _ _ _ _ _ \n\nself = <selenium.webdriver.remote.errorhandler.ErrorHandler object at 0x7f8b0069c040>\nresponse = {'status': 400, 'value': '{\"value\":{\"error\":\"invalid selector\",\"message\":\"invalid selector: The result of the xpath ex...\\\\n#19 0x556387265e36 \\\\u003Cunknown>\\\\n#20 0x556387281333 \\\\u003Cunknown>\\\\n#21 0x7fdefc536b43 \\\\u003Cunknown>\\\\n\"}}'}\n\n    def check_response(self, response: Dict[str, Any]) -> None:\n        \"\"\"\n        Checks that a JSON response from the WebDriver does not have an error.\n    \n        :Args:\n         - response - The JSON response from the WebDriver server as a dictionary\n           object.\n    \n        :Raises: If the response contains an error message.\n        \"\"\"\n        status = response.get(\"status\", None)\n        if not status or status == ErrorCode.SUCCESS:\n            return\n        value = None\n        message = response.get(\"message\", \"\")\n        screen: str = response.get(\"screen\", \"\")\n        stacktrace = None\n        if isinstance(status, int):\n            value_json = response.get(\"value\", None)\n            if value_json and isinstance(value_json, str):\n                import json\n    \n                try:\n                    value = json.loads(value_json)\n                    if len(value.keys()) == 1:\n                        value = value[\"value\"]\n                    status = value.get(\"error\", None)\n                    if not status:\n                        status = value.get(\"status\", ErrorCode.UNKNOWN_ERROR)\n                        message = value.get(\"value\") or value.get(\"message\")\n                        if not isinstance(message, str):\n                            value = message\n                            message = message.get(\"message\")\n                    else:\n                        message = value.get(\"message\", None)\n                except ValueError:\n                    pass\n    \n        exception_class: Type[WebDriverException]\n        if status in ErrorCode.NO_SUCH_ELEMENT:\n            exception_class = NoSuchElementException\n        elif status in ErrorCode.NO_SUCH_FRAME:\n            exception_class = NoSuchFrameException\n        elif status in ErrorCode.NO_SUCH_SHADOW_ROOT:\n            exception_class = NoSuchShadowRootException\n        elif status in ErrorCode.NO_SUCH_WINDOW:\n            exception_class = NoSuchWindowException\n        elif status in ErrorCode.STALE_ELEMENT_REFERENCE:\n            exception_class = StaleElementReferenceException\n        elif status in ErrorCode.ELEMENT_NOT_VISIBLE:\n            exception_class = ElementNotVisibleException\n        elif status in ErrorCode.INVALID_ELEMENT_STATE:\n            exception_class = InvalidElementStateException\n        elif (\n            status in ErrorCode.INVALID_SELECTOR\n            or status in ErrorCode.INVALID_XPATH_SELECTOR\n            or status in ErrorCode.INVALID_XPATH_SELECTOR_RETURN_TYPER\n        ):\n            exception_class = InvalidSelectorException\n        elif status in ErrorCode.ELEMENT_IS_NOT_SELECTABLE:\n            exception_class = ElementNotSelectableException\n        elif status in ErrorCode.ELEMENT_NOT_INTERACTABLE:\n            exception_class = ElementNotInteractableException\n        elif status in ErrorCode.INVALID_COOKIE_DOMAIN:\n            exception_class = InvalidCookieDomainException\n        elif status in ErrorCode.UNABLE_TO_SET_COOKIE:\n            exception_class = UnableToSetCookieException\n        elif status in ErrorCode.TIMEOUT:\n            exception_class = TimeoutException\n        elif status in ErrorCode.SCRIPT_TIMEOUT:\n            exception_class = TimeoutException\n        elif status in ErrorCode.UNKNOWN_ERROR:\n            exception_class = WebDriverException\n        elif status in ErrorCode.UNEXPECTED_ALERT_OPEN:\n            exception_class = UnexpectedAlertPresentException\n        elif status in ErrorCode.NO_ALERT_OPEN:\n            exception_class = NoAlertPresentException\n        elif status in ErrorCode.IME_NOT_AVAILABLE:\n            exception_class = ImeNotAvailableException\n        elif status in ErrorCode.IME_ENGINE_ACTIVATION_FAILED:\n            exception_class = ImeActivationFailedException\n        elif status in ErrorCode.MOVE_TARGET_OUT_OF_BOUNDS:\n            exception_class = MoveTargetOutOfBoundsException\n        elif status in ErrorCode.JAVASCRIPT_ERROR:\n            exception_class = JavascriptException\n        elif status in ErrorCode.SESSION_NOT_CREATED:\n            exception_class = SessionNotCreatedException\n        elif status in ErrorCode.INVALID_ARGUMENT:\n            exception_class = InvalidArgumentException\n        elif status in ErrorCode.NO_SUCH_COOKIE:\n            exception_class = NoSuchCookieException\n        elif status in ErrorCode.UNABLE_TO_CAPTURE_SCREEN:\n            exception_class = ScreenshotException\n        elif status in ErrorCode.ELEMENT_CLICK_INTERCEPTED:\n            exception_class = ElementClickInterceptedException\n        elif status in ErrorCode.INSECURE_CERTIFICATE:\n            exception_class = InsecureCertificateException\n        elif status in ErrorCode.INVALID_COORDINATES:\n            exception_class = InvalidCoordinatesException\n        elif status in ErrorCode.INVALID_SESSION_ID:\n            exception_class = InvalidSessionIdException\n        elif status in ErrorCode.UNKNOWN_METHOD:\n            exception_class = UnknownMethodException\n        else:\n            exception_class = WebDriverException\n        if not value:\n            value = response[\"value\"]\n        if isinstance(value, str):\n            raise exception_class(value)\n        if message == \"\" and \"message\" in value:\n            message = value[\"message\"]\n    \n        screen = None  # type: ignore[assignment]\n        if \"screen\" in value:\n            screen = value[\"screen\"]\n    \n        stacktrace = None\n        st_value = value.get(\"stackTrace\") or value.get(\"stacktrace\")\n        if st_value:\n            if isinstance(st_value, str):\n                stacktrace = st_value.split(\"\\n\")\n            else:\n                stacktrace = []\n                try:\n                    for frame in st_value:\n                        line = frame.get(\"lineNumber\", \"\")\n                        file = frame.get(\"fileName\", \"<anonymous>\")\n                        if line:\n                            file = f\"{file}:{line}\"\n                        meth = frame.get(\"methodName\", \"<anonymous>\")\n                        if \"className\" in frame:\n                            meth = \"{}.{}\".format(frame[\"className\"], meth)\n                        msg = \"    at %s (%s)\"\n                        msg = msg % (meth, file)\n                        stacktrace.append(msg)\n                except TypeError:\n                    pass\n        if exception_class == UnexpectedAlertPresentException:\n            alert_text = None\n            if \"data\" in value:\n                alert_text = value[\"data\"].get(\"text\")\n            elif \"alert\" in value:\n                alert_text = value[\"alert\"].get(\"text\")\n            raise exception_class(message, screen, stacktrace, alert_text)  # type: ignore[call-arg]  # mypy is not smart enough here\n>       raise exception_class(message, screen, stacktrace)\nE       selenium.common.exceptions.InvalidSelectorException: Message: invalid selector: The result of the xpath expression \"//*[@class = 'footer_copy']/text()[3]\" is: [object Text]. It should be an element.\nE         (Session info: headless chrome=108.0.5359.98)\nE       Stacktrace:\nE       #0 0x5563871f02a3 <unknown>\nE       #1 0x556386faef77 <unknown>\nE       #2 0x556386fb29c8 <unknown>\nE       #3 0x556386fb2792 <unknown>\nE       #4 0x556386fb2a9c <unknown>\nE       #5 0x556386feb538 <unknown>\nE       #6 0x556386feba71 <unknown>\nE       #7 0x556387025734 <unknown>\nE       #8 0x55638700bb5d <unknown>\nE       #9 0x55638702347c <unknown>\nE       #10 0x55638700b903 <unknown>\nE       #11 0x556386fdeece <unknown>\nE       #12 0x556386fdffde <unknown>\nE       #13 0x55638724063e <unknown>\nE       #14 0x556387243b79 <unknown>\nE       #15 0x55638722689e <unknown>\nE       #16 0x556387244a83 <unknown>\nE       #17 0x556387219505 <unknown>\nE       #18 0x556387265ca8 <unknown>\nE       #19 0x556387265e36 <unknown>\nE       #20 0x556387281333 <unknown>\nE       #21 0x7fdefc536b43 <unknown>\n\n../../../.cache/pypoetry/virtualenvs/saucedemoproject-P9vpYs8v-py3.10/lib/python3.10/site-packages/selenium/webdriver/remote/errorhandler.py:249: InvalidSelectorException","steps":[],"attachments":[{"uid":"db677f326e5dd35f","name":"Screenshot","source":"db677f326e5dd35f.png","type":"image/png","size":118854}],"parameters":[],"stepsCount":0,"attachmentsCount":1,"shouldDisplayMessage":true,"hasContent":true},"afterStages":[{"name":"g::0","time":{"start":1671323764801,"stop":1671323764860,"duration":59},"status":"passed","steps":[],"attachments":[],"parameters":[],"stepsCount":0,"attachmentsCount":0,"shouldDisplayMessage":false,"hasContent":false}],"labels":[{"name":"story","value":"TC_002.04 | Read Privacy Policy from the checkout overview page"},{"name":"feature","value":"US_002 | Privacy Policy"},{"name":"tag","value":"@pytest.mark.xfail(raises=<class 'selenium.common.exceptions.InvalidSelectorException'>)"},{"name":"parentSuite","value":"tests"},{"name":"suite","value":"test_TC_002_read_privacy_policy"},{"name":"subSuite","value":"Tests"},{"name":"host","value":"fv-az440-119"},{"name":"thread","value":"2756-MainThread"},{"name":"framework","value":"pytest"},{"name":"language","value":"cpython3"},{"name":"package","value":"tests.test_TC_002_read_privacy_policy"},{"name":"resultFormat","value":"allure2"}],"parameters":[],"links":[],"hidden":false,"retry":false,"extra":{"severity":"normal","retries":[],"categories":[],"history":{"statistic":{"failed":0,"broken":0,"skipped":47,"passed":0,"unknown":0,"total":47},"items":[{"uid":"4e1f12441c171fc7","reportUrl":"https://Natalia-Tsy.github.io/SauceDemoProject/332//#testresult/4e1f12441c171fc7","status":"skipped","statusDetails":"XFAIL\n\nselenium.common.exceptions.InvalidSelectorException: Message: invalid selector: The result of the xpath expression \"//*[@class = 'footer_copy']/text()[3]\" is: [object Text]. It should be an element.\n  (Session info: headless chrome=108.0.5359.98)\nStacktrace:\n#0 0x5607ea0702a3 <unknown>\n#1 0x5607e9e2ef77 <unknown>\n#2 0x5607e9e329c8 <unknown>\n#3 0x5607e9e32792 <unknown>\n#4 0x5607e9e32a9c <unknown>\n#5 0x5607e9e6b538 <unknown>\n#6 0x5607e9e6ba71 <unknown>\n#7 0x5607e9ea5734 <unknown>\n#8 0x5607e9e8bb5d <unknown>\n#9 0x5607e9ea347c <unknown>\n#10 0x5607e9e8b903 <unknown>\n#11 0x5607e9e5eece <unknown>\n#12 0x5607e9e5ffde <unknown>\n#13 0x5607ea0c063e <unknown>\n#14 0x5607ea0c3b79 <unknown>\n#15 0x5607ea0a689e <unknown>\n#16 0x5607ea0c4a83 <unknown>\n#17 0x5607ea099505 <unknown>\n#18 0x5607ea0e5ca8 <unknown>\n#19 0x5607ea0e5e36 <unknown>\n#20 0x5607ea101333 <unknown>\n#21 0x7fc6e645cb43 <unknown>","time":{"start":1671322373044,"stop":1671322373822,"duration":778}},{"uid":"9b6d3e24b578bb25","reportUrl":"https://Natalia-Tsy.github.io/SauceDemoProject/331//#testresult/9b6d3e24b578bb25","status":"skipped","statusDetails":"XFAIL\n\nselenium.common.exceptions.InvalidSelectorException: Message: invalid selector: The result of the xpath expression \"//*[@class = 'footer_copy']/text()[3]\" is: [object Text]. It should be an element.\n  (Session info: headless chrome=108.0.5359.98)\nStacktrace:\n#0 0x55ed9d3ea2a3 <unknown>\n#1 0x55ed9d1a8f77 <unknown>\n#2 0x55ed9d1ac9c8 <unknown>\n#3 0x55ed9d1ac792 <unknown>\n#4 0x55ed9d1aca9c <unknown>\n#5 0x55ed9d1e5538 <unknown>\n#6 0x55ed9d1e5a71 <unknown>\n#7 0x55ed9d21f734 <unknown>\n#8 0x55ed9d205b5d <unknown>\n#9 0x55ed9d21d47c <unknown>\n#10 0x55ed9d205903 <unknown>\n#11 0x55ed9d1d8ece <unknown>\n#12 0x55ed9d1d9fde <unknown>\n#13 0x55ed9d43a63e <unknown>\n#14 0x55ed9d43db79 <unknown>\n#15 0x55ed9d42089e <unknown>\n#16 0x55ed9d43ea83 <unknown>\n#17 0x55ed9d413505 <unknown>\n#18 0x55ed9d45fca8 <unknown>\n#19 0x55ed9d45fe36 <unknown>\n#20 0x55ed9d47b333 <unknown>\n#21 0x7f24c2842b43 <unknown>","time":{"start":1671321408259,"stop":1671321409091,"duration":832}},{"uid":"e6cda7da1c3fb589","reportUrl":"https://Natalia-Tsy.github.io/SauceDemoProject/330//#testresult/e6cda7da1c3fb589","status":"skipped","statusDetails":"XFAIL\n\nselenium.common.exceptions.InvalidSelectorException: Message: invalid selector: The result of the xpath expression \"//*[@class = 'footer_copy']/text()[3]\" is: [object Text]. It should be an element.\n  (Session info: headless chrome=108.0.5359.98)\nStacktrace:\n#0 0x558dd09a82a3 <unknown>\n#1 0x558dd0766f77 <unknown>\n#2 0x558dd076a9c8 <unknown>\n#3 0x558dd076a792 <unknown>\n#4 0x558dd076aa9c <unknown>\n#5 0x558dd07a3538 <unknown>\n#6 0x558dd07a3a71 <unknown>\n#7 0x558dd07dd734 <unknown>\n#8 0x558dd07c3b5d <unknown>\n#9 0x558dd07db47c <unknown>\n#10 0x558dd07c3903 <unknown>\n#11 0x558dd0796ece <unknown>\n#12 0x558dd0797fde <unknown>\n#13 0x558dd09f863e <unknown>\n#14 0x558dd09fbb79 <unknown>\n#15 0x558dd09de89e <unknown>\n#16 0x558dd09fca83 <unknown>\n#17 0x558dd09d1505 <unknown>\n#18 0x558dd0a1dca8 <unknown>\n#19 0x558dd0a1de36 <unknown>\n#20 0x558dd0a39333 <unknown>\n#21 0x7fd51242cb43 <unknown>","time":{"start":1671321116377,"stop":1671321117235,"duration":858}},{"uid":"c2ebeb113a70486d","reportUrl":"https://Natalia-Tsy.github.io/SauceDemoProject/329//#testresult/c2ebeb113a70486d","status":"skipped","statusDetails":"XFAIL\n\nselenium.common.exceptions.InvalidSelectorException: Message: invalid selector: The result of the xpath expression \"//*[@class = 'footer_copy']/text()[3]\" is: [object Text]. It should be an element.\n  (Session info: headless chrome=108.0.5359.98)\nStacktrace:\n#0 0x56002f5242a3 <unknown>\n#1 0x56002f2e2f77 <unknown>\n#2 0x56002f2e69c8 <unknown>\n#3 0x56002f2e6792 <unknown>\n#4 0x56002f2e6a9c <unknown>\n#5 0x56002f31f538 <unknown>\n#6 0x56002f31fa71 <unknown>\n#7 0x56002f359734 <unknown>\n#8 0x56002f33fb5d <unknown>\n#9 0x56002f35747c <unknown>\n#10 0x56002f33f903 <unknown>\n#11 0x56002f312ece <unknown>\n#12 0x56002f313fde <unknown>\n#13 0x56002f57463e <unknown>\n#14 0x56002f577b79 <unknown>\n#15 0x56002f55a89e <unknown>\n#16 0x56002f578a83 <unknown>\n#17 0x56002f54d505 <unknown>\n#18 0x56002f599ca8 <unknown>\n#19 0x56002f599e36 <unknown>\n#20 0x56002f5b5333 <unknown>\n#21 0x7f9ad7b32b43 <unknown>","time":{"start":1671320786384,"stop":1671320787208,"duration":824}},{"uid":"bd74c58eddababe0","reportUrl":"https://Natalia-Tsy.github.io/SauceDemoProject/328//#testresult/bd74c58eddababe0","status":"skipped","statusDetails":"XFAIL\n\nselenium.common.exceptions.InvalidSelectorException: Message: invalid selector: The result of the xpath expression \"//*[@class = 'footer_copy']/text()[3]\" is: [object Text]. It should be an element.\n  (Session info: headless chrome=108.0.5359.98)\nStacktrace:\n#0 0x55eb97df92a3 <unknown>\n#1 0x55eb97bb7f77 <unknown>\n#2 0x55eb97bbb9c8 <unknown>\n#3 0x55eb97bbb792 <unknown>\n#4 0x55eb97bbba9c <unknown>\n#5 0x55eb97bf4538 <unknown>\n#6 0x55eb97bf4a71 <unknown>\n#7 0x55eb97c2e734 <unknown>\n#8 0x55eb97c14b5d <unknown>\n#9 0x55eb97c2c47c <unknown>\n#10 0x55eb97c14903 <unknown>\n#11 0x55eb97be7ece <unknown>\n#12 0x55eb97be8fde <unknown>\n#13 0x55eb97e4963e <unknown>\n#14 0x55eb97e4cb79 <unknown>\n#15 0x55eb97e2f89e <unknown>\n#16 0x55eb97e4da83 <unknown>\n#17 0x55eb97e22505 <unknown>\n#18 0x55eb97e6eca8 <unknown>\n#19 0x55eb97e6ee36 <unknown>\n#20 0x55eb97e8a333 <unknown>\n#21 0x7fe8a1522b43 <unknown>","time":{"start":1671317102406,"stop":1671317103179,"duration":773}},{"uid":"d144cb613024f97f","reportUrl":"https://Natalia-Tsy.github.io/SauceDemoProject/327//#testresult/d144cb613024f97f","status":"skipped","statusDetails":"XFAIL\n\nselenium.common.exceptions.InvalidSelectorException: Message: invalid selector: The result of the xpath expression \"//*[@class = 'footer_copy']/text()[3]\" is: [object Text]. It should be an element.\n  (Session info: headless chrome=108.0.5359.98)\nStacktrace:\n#0 0x56100be7e2a3 <unknown>\n#1 0x56100bc3cf77 <unknown>\n#2 0x56100bc409c8 <unknown>\n#3 0x56100bc40792 <unknown>\n#4 0x56100bc40a9c <unknown>\n#5 0x56100bc79538 <unknown>\n#6 0x56100bc79a71 <unknown>\n#7 0x56100bcb3734 <unknown>\n#8 0x56100bc99b5d <unknown>\n#9 0x56100bcb147c <unknown>\n#10 0x56100bc99903 <unknown>\n#11 0x56100bc6cece <unknown>\n#12 0x56100bc6dfde <unknown>\n#13 0x56100bece63e <unknown>\n#14 0x56100bed1b79 <unknown>\n#15 0x56100beb489e <unknown>\n#16 0x56100bed2a83 <unknown>\n#17 0x56100bea7505 <unknown>\n#18 0x56100bef3ca8 <unknown>\n#19 0x56100bef3e36 <unknown>\n#20 0x56100bf0f333 <unknown>\n#21 0x7fdb7636db43 <unknown>","time":{"start":1671314959451,"stop":1671314960283,"duration":832}},{"uid":"2538d15001de991b","reportUrl":"https://Natalia-Tsy.github.io/SauceDemoProject/326//#testresult/2538d15001de991b","status":"skipped","statusDetails":"XFAIL\n\nselenium.common.exceptions.InvalidSelectorException: Message: invalid selector: The result of the xpath expression \"//*[@class = 'footer_copy']/text()[3]\" is: [object Text]. It should be an element.\n  (Session info: headless chrome=108.0.5359.98)\nStacktrace:\n#0 0x5631cbfe52a3 <unknown>\n#1 0x5631cbda3f77 <unknown>\n#2 0x5631cbda79c8 <unknown>\n#3 0x5631cbda7792 <unknown>\n#4 0x5631cbda7a9c <unknown>\n#5 0x5631cbde0538 <unknown>\n#6 0x5631cbde0a71 <unknown>\n#7 0x5631cbe1a734 <unknown>\n#8 0x5631cbe00b5d <unknown>\n#9 0x5631cbe1847c <unknown>\n#10 0x5631cbe00903 <unknown>\n#11 0x5631cbdd3ece <unknown>\n#12 0x5631cbdd4fde <unknown>\n#13 0x5631cc03563e <unknown>\n#14 0x5631cc038b79 <unknown>\n#15 0x5631cc01b89e <unknown>\n#16 0x5631cc039a83 <unknown>\n#17 0x5631cc00e505 <unknown>\n#18 0x5631cc05aca8 <unknown>\n#19 0x5631cc05ae36 <unknown>\n#20 0x5631cc076333 <unknown>\n#21 0x7f6c908d9b43 <unknown>","time":{"start":1671314563186,"stop":1671314563927,"duration":741}},{"uid":"367fac638b877a8b","reportUrl":"https://Natalia-Tsy.github.io/SauceDemoProject/325//#testresult/367fac638b877a8b","status":"skipped","statusDetails":"XFAIL\n\nselenium.common.exceptions.InvalidSelectorException: Message: invalid selector: The result of the xpath expression \"//*[@class = 'footer_copy']/text()[3]\" is: [object Text]. It should be an element.\n  (Session info: headless chrome=108.0.5359.98)\nStacktrace:\n#0 0x55fd8201c2a3 <unknown>\n#1 0x55fd81ddaf77 <unknown>\n#2 0x55fd81dde9c8 <unknown>\n#3 0x55fd81dde792 <unknown>\n#4 0x55fd81ddea9c <unknown>\n#5 0x55fd81e17538 <unknown>\n#6 0x55fd81e17a71 <unknown>\n#7 0x55fd81e51734 <unknown>\n#8 0x55fd81e37b5d <unknown>\n#9 0x55fd81e4f47c <unknown>\n#10 0x55fd81e37903 <unknown>\n#11 0x55fd81e0aece <unknown>\n#12 0x55fd81e0bfde <unknown>\n#13 0x55fd8206c63e <unknown>\n#14 0x55fd8206fb79 <unknown>\n#15 0x55fd8205289e <unknown>\n#16 0x55fd82070a83 <unknown>\n#17 0x55fd82045505 <unknown>\n#18 0x55fd82091ca8 <unknown>\n#19 0x55fd82091e36 <unknown>\n#20 0x55fd820ad333 <unknown>\n#21 0x7f1dba2cab43 <unknown>","time":{"start":1671314054004,"stop":1671314054838,"duration":834}},{"uid":"e405dc0129fb6874","reportUrl":"https://Natalia-Tsy.github.io/SauceDemoProject/324//#testresult/e405dc0129fb6874","status":"skipped","statusDetails":"XFAIL\n\nselenium.common.exceptions.InvalidSelectorException: Message: invalid selector: The result of the xpath expression \"//*[@class = 'footer_copy']/text()[3]\" is: [object Text]. It should be an element.\n  (Session info: headless chrome=108.0.5359.98)\nStacktrace:\n#0 0x55ad26a5b2a3 <unknown>\n#1 0x55ad26819f77 <unknown>\n#2 0x55ad2681d9c8 <unknown>\n#3 0x55ad2681d792 <unknown>\n#4 0x55ad2681da9c <unknown>\n#5 0x55ad26856538 <unknown>\n#6 0x55ad26856a71 <unknown>\n#7 0x55ad26890734 <unknown>\n#8 0x55ad26876b5d <unknown>\n#9 0x55ad2688e47c <unknown>\n#10 0x55ad26876903 <unknown>\n#11 0x55ad26849ece <unknown>\n#12 0x55ad2684afde <unknown>\n#13 0x55ad26aab63e <unknown>\n#14 0x55ad26aaeb79 <unknown>\n#15 0x55ad26a9189e <unknown>\n#16 0x55ad26aafa83 <unknown>\n#17 0x55ad26a84505 <unknown>\n#18 0x55ad26ad0ca8 <unknown>\n#19 0x55ad26ad0e36 <unknown>\n#20 0x55ad26aec333 <unknown>\n#21 0x7f9fabb24b43 <unknown>","time":{"start":1671312700224,"stop":1671312701069,"duration":845}},{"uid":"33422867c98f0690","reportUrl":"https://Natalia-Tsy.github.io/SauceDemoProject/323//#testresult/33422867c98f0690","status":"skipped","statusDetails":"XFAIL\n\nselenium.common.exceptions.InvalidSelectorException: Message: invalid selector: The result of the xpath expression \"//*[@class = 'footer_copy']/text()[3]\" is: [object Text]. It should be an element.\n  (Session info: headless chrome=108.0.5359.98)\nStacktrace:\n#0 0x55eb0ab3c2a3 <unknown>\n#1 0x55eb0a8faf77 <unknown>\n#2 0x55eb0a8fe9c8 <unknown>\n#3 0x55eb0a8fe792 <unknown>\n#4 0x55eb0a8fea9c <unknown>\n#5 0x55eb0a937538 <unknown>\n#6 0x55eb0a937a71 <unknown>\n#7 0x55eb0a971734 <unknown>\n#8 0x55eb0a957b5d <unknown>\n#9 0x55eb0a96f47c <unknown>\n#10 0x55eb0a957903 <unknown>\n#11 0x55eb0a92aece <unknown>\n#12 0x55eb0a92bfde <unknown>\n#13 0x55eb0ab8c63e <unknown>\n#14 0x55eb0ab8fb79 <unknown>\n#15 0x55eb0ab7289e <unknown>\n#16 0x55eb0ab90a83 <unknown>\n#17 0x55eb0ab65505 <unknown>\n#18 0x55eb0abb1ca8 <unknown>\n#19 0x55eb0abb1e36 <unknown>\n#20 0x55eb0abcd333 <unknown>\n#21 0x7fc785719b43 <unknown>","time":{"start":1671296395955,"stop":1671296396767,"duration":812}},{"uid":"acdfca71e2ac06a7","reportUrl":"https://Natalia-Tsy.github.io/SauceDemoProject/322//#testresult/acdfca71e2ac06a7","status":"skipped","statusDetails":"XFAIL\n\nselenium.common.exceptions.InvalidSelectorException: Message: invalid selector: The result of the xpath expression \"//*[@class = 'footer_copy']/text()[3]\" is: [object Text]. It should be an element.\n  (Session info: headless chrome=108.0.5359.98)\nStacktrace:\n#0 0x5603d526f2a3 <unknown>\n#1 0x5603d502df77 <unknown>\n#2 0x5603d50319c8 <unknown>\n#3 0x5603d5031792 <unknown>\n#4 0x5603d5031a9c <unknown>\n#5 0x5603d506a538 <unknown>\n#6 0x5603d506aa71 <unknown>\n#7 0x5603d50a4734 <unknown>\n#8 0x5603d508ab5d <unknown>\n#9 0x5603d50a247c <unknown>\n#10 0x5603d508a903 <unknown>\n#11 0x5603d505dece <unknown>\n#12 0x5603d505efde <unknown>\n#13 0x5603d52bf63e <unknown>\n#14 0x5603d52c2b79 <unknown>\n#15 0x5603d52a589e <unknown>\n#16 0x5603d52c3a83 <unknown>\n#17 0x5603d5298505 <unknown>\n#18 0x5603d52e4ca8 <unknown>\n#19 0x5603d52e4e36 <unknown>\n#20 0x5603d5300333 <unknown>\n#21 0x7fdb54f29b43 <unknown>","time":{"start":1671274122074,"stop":1671274122833,"duration":759}},{"uid":"6fb535b9fdc474fd","reportUrl":"https://Natalia-Tsy.github.io/SauceDemoProject/321//#testresult/6fb535b9fdc474fd","status":"skipped","statusDetails":"XFAIL\n\nselenium.common.exceptions.InvalidSelectorException: Message: invalid selector: The result of the xpath expression \"//*[@class = 'footer_copy']/text()[3]\" is: [object Text]. It should be an element.\n  (Session info: headless chrome=108.0.5359.98)\nStacktrace:\n#0 0x56394a1b52a3 <unknown>\n#1 0x563949f73f77 <unknown>\n#2 0x563949f779c8 <unknown>\n#3 0x563949f77792 <unknown>\n#4 0x563949f77a9c <unknown>\n#5 0x563949fb0538 <unknown>\n#6 0x563949fb0a71 <unknown>\n#7 0x563949fea734 <unknown>\n#8 0x563949fd0b5d <unknown>\n#9 0x563949fe847c <unknown>\n#10 0x563949fd0903 <unknown>\n#11 0x563949fa3ece <unknown>\n#12 0x563949fa4fde <unknown>\n#13 0x56394a20563e <unknown>\n#14 0x56394a208b79 <unknown>\n#15 0x56394a1eb89e <unknown>\n#16 0x56394a209a83 <unknown>\n#17 0x56394a1de505 <unknown>\n#18 0x56394a22aca8 <unknown>\n#19 0x56394a22ae36 <unknown>\n#20 0x56394a246333 <unknown>\n#21 0x7f871f24db43 <unknown>","time":{"start":1671238884078,"stop":1671238885161,"duration":1083}},{"uid":"ffdf4bd291201701","reportUrl":"https://Natalia-Tsy.github.io/SauceDemoProject/320//#testresult/ffdf4bd291201701","status":"skipped","statusDetails":"XFAIL\n\nselenium.common.exceptions.InvalidSelectorException: Message: invalid selector: The result of the xpath expression \"//*[@class = 'footer_copy']/text()[3]\" is: [object Text]. It should be an element.\n  (Session info: headless chrome=108.0.5359.98)\nStacktrace:\n#0 0x5574f8bb62a3 <unknown>\n#1 0x5574f8974f77 <unknown>\n#2 0x5574f89789c8 <unknown>\n#3 0x5574f8978792 <unknown>\n#4 0x5574f8978a9c <unknown>\n#5 0x5574f89b1538 <unknown>\n#6 0x5574f89b1a71 <unknown>\n#7 0x5574f89eb734 <unknown>\n#8 0x5574f89d1b5d <unknown>\n#9 0x5574f89e947c <unknown>\n#10 0x5574f89d1903 <unknown>\n#11 0x5574f89a4ece <unknown>\n#12 0x5574f89a5fde <unknown>\n#13 0x5574f8c0663e <unknown>\n#14 0x5574f8c09b79 <unknown>\n#15 0x5574f8bec89e <unknown>\n#16 0x5574f8c0aa83 <unknown>\n#17 0x5574f8bdf505 <unknown>\n#18 0x5574f8c2bca8 <unknown>\n#19 0x5574f8c2be36 <unknown>\n#20 0x5574f8c47333 <unknown>\n#21 0x7ff72f23fb43 <unknown>","time":{"start":1671238608370,"stop":1671238609338,"duration":968}},{"uid":"f2ed0d886352d001","reportUrl":"https://Natalia-Tsy.github.io/SauceDemoProject/319//#testresult/f2ed0d886352d001","status":"skipped","statusDetails":"XFAIL\n\nselenium.common.exceptions.InvalidSelectorException: Message: invalid selector: The result of the xpath expression \"//*[@class = 'footer_copy']/text()[3]\" is: [object Text]. It should be an element.\n  (Session info: headless chrome=108.0.5359.98)\nStacktrace:\n#0 0x5572e6e992a3 <unknown>\n#1 0x5572e6c57f77 <unknown>\n#2 0x5572e6c5b9c8 <unknown>\n#3 0x5572e6c5b792 <unknown>\n#4 0x5572e6c5ba9c <unknown>\n#5 0x5572e6c94538 <unknown>\n#6 0x5572e6c94a71 <unknown>\n#7 0x5572e6cce734 <unknown>\n#8 0x5572e6cb4b5d <unknown>\n#9 0x5572e6ccc47c <unknown>\n#10 0x5572e6cb4903 <unknown>\n#11 0x5572e6c87ece <unknown>\n#12 0x5572e6c88fde <unknown>\n#13 0x5572e6ee963e <unknown>\n#14 0x5572e6eecb79 <unknown>\n#15 0x5572e6ecf89e <unknown>\n#16 0x5572e6eeda83 <unknown>\n#17 0x5572e6ec2505 <unknown>\n#18 0x5572e6f0eca8 <unknown>\n#19 0x5572e6f0ee36 <unknown>\n#20 0x5572e6f2a333 <unknown>\n#21 0x7f45c4ec7b43 <unknown>","time":{"start":1671237721464,"stop":1671237722258,"duration":794}},{"uid":"92b4b7e4499263b0","reportUrl":"https://Natalia-Tsy.github.io/SauceDemoProject/318//#testresult/92b4b7e4499263b0","status":"skipped","statusDetails":"XFAIL\n\nselenium.common.exceptions.InvalidSelectorException: Message: invalid selector: The result of the xpath expression \"//*[@class = 'footer_copy']/text()[3]\" is: [object Text]. It should be an element.\n  (Session info: headless chrome=108.0.5359.98)\nStacktrace:\n#0 0x556643f9c2a3 <unknown>\n#1 0x556643d5af77 <unknown>\n#2 0x556643d5e9c8 <unknown>\n#3 0x556643d5e792 <unknown>\n#4 0x556643d5ea9c <unknown>\n#5 0x556643d97538 <unknown>\n#6 0x556643d97a71 <unknown>\n#7 0x556643dd1734 <unknown>\n#8 0x556643db7b5d <unknown>\n#9 0x556643dcf47c <unknown>\n#10 0x556643db7903 <unknown>\n#11 0x556643d8aece <unknown>\n#12 0x556643d8bfde <unknown>\n#13 0x556643fec63e <unknown>\n#14 0x556643fefb79 <unknown>\n#15 0x556643fd289e <unknown>\n#16 0x556643ff0a83 <unknown>\n#17 0x556643fc5505 <unknown>\n#18 0x556644011ca8 <unknown>\n#19 0x556644011e36 <unknown>\n#20 0x55664402d333 <unknown>\n#21 0x7f100312bb43 <unknown>","time":{"start":1671236314639,"stop":1671236315448,"duration":809}},{"uid":"68d188d4c2d94a55","reportUrl":"https://Natalia-Tsy.github.io/SauceDemoProject/317//#testresult/68d188d4c2d94a55","status":"skipped","statusDetails":"XFAIL\n\nselenium.common.exceptions.InvalidSelectorException: Message: invalid selector: The result of the xpath expression \"//*[@class = 'footer_copy']/text()[3]\" is: [object Text]. It should be an element.\n  (Session info: headless chrome=108.0.5359.98)\nStacktrace:\n#0 0x557587a632a3 <unknown>\n#1 0x557587821f77 <unknown>\n#2 0x5575878259c8 <unknown>\n#3 0x557587825792 <unknown>\n#4 0x557587825a9c <unknown>\n#5 0x55758785e538 <unknown>\n#6 0x55758785ea71 <unknown>\n#7 0x557587898734 <unknown>\n#8 0x55758787eb5d <unknown>\n#9 0x55758789647c <unknown>\n#10 0x55758787e903 <unknown>\n#11 0x557587851ece <unknown>\n#12 0x557587852fde <unknown>\n#13 0x557587ab363e <unknown>\n#14 0x557587ab6b79 <unknown>\n#15 0x557587a9989e <unknown>\n#16 0x557587ab7a83 <unknown>\n#17 0x557587a8c505 <unknown>\n#18 0x557587ad8ca8 <unknown>\n#19 0x557587ad8e36 <unknown>\n#20 0x557587af4333 <unknown>\n#21 0x7f5440e57b43 <unknown>","time":{"start":1671235611526,"stop":1671235612357,"duration":831}},{"uid":"ba5cd0cc84f0f3b1","reportUrl":"https://Natalia-Tsy.github.io/SauceDemoProject/316//#testresult/ba5cd0cc84f0f3b1","status":"skipped","statusDetails":"XFAIL\n\nselenium.common.exceptions.InvalidSelectorException: Message: invalid selector: The result of the xpath expression \"//*[@class = 'footer_copy']/text()[3]\" is: [object Text]. It should be an element.\n  (Session info: headless chrome=108.0.5359.98)\nStacktrace:\n#0 0x55bffeba02a3 <unknown>\n#1 0x55bffe95ef77 <unknown>\n#2 0x55bffe9629c8 <unknown>\n#3 0x55bffe962792 <unknown>\n#4 0x55bffe962a9c <unknown>\n#5 0x55bffe99b538 <unknown>\n#6 0x55bffe99ba71 <unknown>\n#7 0x55bffe9d5734 <unknown>\n#8 0x55bffe9bbb5d <unknown>\n#9 0x55bffe9d347c <unknown>\n#10 0x55bffe9bb903 <unknown>\n#11 0x55bffe98eece <unknown>\n#12 0x55bffe98ffde <unknown>\n#13 0x55bffebf063e <unknown>\n#14 0x55bffebf3b79 <unknown>\n#15 0x55bffebd689e <unknown>\n#16 0x55bffebf4a83 <unknown>\n#17 0x55bffebc9505 <unknown>\n#18 0x55bffec15ca8 <unknown>\n#19 0x55bffec15e36 <unknown>\n#20 0x55bffec31333 <unknown>\n#21 0x7fe49cae0b43 <unknown>","time":{"start":1671232949763,"stop":1671232950529,"duration":766}},{"uid":"d230eb56d55a6c8b","reportUrl":"https://Natalia-Tsy.github.io/SauceDemoProject/314//#testresult/d230eb56d55a6c8b","status":"skipped","statusDetails":"XFAIL\n\nselenium.common.exceptions.InvalidSelectorException: Message: invalid selector: The result of the xpath expression \"//*[@class = 'footer_copy']/text()[3]\" is: [object Text]. It should be an element.\n  (Session info: headless chrome=108.0.5359.98)\nStacktrace:\n#0 0x55d6cae052a3 <unknown>\n#1 0x55d6cabc3f77 <unknown>\n#2 0x55d6cabc79c8 <unknown>\n#3 0x55d6cabc7792 <unknown>\n#4 0x55d6cabc7a9c <unknown>\n#5 0x55d6cac00538 <unknown>\n#6 0x55d6cac00a71 <unknown>\n#7 0x55d6cac3a734 <unknown>\n#8 0x55d6cac20b5d <unknown>\n#9 0x55d6cac3847c <unknown>\n#10 0x55d6cac20903 <unknown>\n#11 0x55d6cabf3ece <unknown>\n#12 0x55d6cabf4fde <unknown>\n#13 0x55d6cae5563e <unknown>\n#14 0x55d6cae58b79 <unknown>\n#15 0x55d6cae3b89e <unknown>\n#16 0x55d6cae59a83 <unknown>\n#17 0x55d6cae2e505 <unknown>\n#18 0x55d6cae7aca8 <unknown>\n#19 0x55d6cae7ae36 <unknown>\n#20 0x55d6cae96333 <unknown>\n#21 0x7f3886a33b43 <unknown>","time":{"start":1671229575169,"stop":1671229576281,"duration":1112}},{"uid":"9b94d1636cfb6b26","reportUrl":"https://Natalia-Tsy.github.io/SauceDemoProject/313//#testresult/9b94d1636cfb6b26","status":"skipped","statusDetails":"XFAIL\n\nselenium.common.exceptions.InvalidSelectorException: Message: invalid selector: The result of the xpath expression \"//*[@class = 'footer_copy']/text()[3]\" is: [object Text]. It should be an element.\n  (Session info: headless chrome=108.0.5359.98)\nStacktrace:\n#0 0x5645eee9e2a3 <unknown>\n#1 0x5645eec5cf77 <unknown>\n#2 0x5645eec609c8 <unknown>\n#3 0x5645eec60792 <unknown>\n#4 0x5645eec60a9c <unknown>\n#5 0x5645eec99538 <unknown>\n#6 0x5645eec99a71 <unknown>\n#7 0x5645eecd3734 <unknown>\n#8 0x5645eecb9b5d <unknown>\n#9 0x5645eecd147c <unknown>\n#10 0x5645eecb9903 <unknown>\n#11 0x5645eec8cece <unknown>\n#12 0x5645eec8dfde <unknown>\n#13 0x5645eeeee63e <unknown>\n#14 0x5645eeef1b79 <unknown>\n#15 0x5645eeed489e <unknown>\n#16 0x5645eeef2a83 <unknown>\n#17 0x5645eeec7505 <unknown>\n#18 0x5645eef13ca8 <unknown>\n#19 0x5645eef13e36 <unknown>\n#20 0x5645eef2f333 <unknown>\n#21 0x7f2621480b43 <unknown>","time":{"start":1671228746166,"stop":1671228747071,"duration":905}},{"uid":"d88a343bf8c1c0e1","reportUrl":"https://Natalia-Tsy.github.io/SauceDemoProject/312//#testresult/d88a343bf8c1c0e1","status":"skipped","statusDetails":"XFAIL\n\nselenium.common.exceptions.InvalidSelectorException: Message: invalid selector: The result of the xpath expression \"//*[@class = 'footer_copy']/text()[3]\" is: [object Text]. It should be an element.\n  (Session info: headless chrome=108.0.5359.98)\nStacktrace:\n#0 0x55683918b2a3 <unknown>\n#1 0x556838f49f77 <unknown>\n#2 0x556838f4d9c8 <unknown>\n#3 0x556838f4d792 <unknown>\n#4 0x556838f4da9c <unknown>\n#5 0x556838f86538 <unknown>\n#6 0x556838f86a71 <unknown>\n#7 0x556838fc0734 <unknown>\n#8 0x556838fa6b5d <unknown>\n#9 0x556838fbe47c <unknown>\n#10 0x556838fa6903 <unknown>\n#11 0x556838f79ece <unknown>\n#12 0x556838f7afde <unknown>\n#13 0x5568391db63e <unknown>\n#14 0x5568391deb79 <unknown>\n#15 0x5568391c189e <unknown>\n#16 0x5568391dfa83 <unknown>\n#17 0x5568391b4505 <unknown>\n#18 0x556839200ca8 <unknown>\n#19 0x556839200e36 <unknown>\n#20 0x55683921c333 <unknown>\n#21 0x7f6abd249b43 <unknown>","time":{"start":1671227846021,"stop":1671227846838,"duration":817}}]},"tags":["@pytest.mark.xfail(raises=<class 'selenium.common.exceptions.InvalidSelectorException'>)"]},"source":"ef210edda2eec14b.json","parameterValues":[]}