2022-12-16 21:31:50 ERROR Could not find element on page: https://www.saucedemo.com/
2022-12-16 21:31:50 ERROR no such element: Unable to locate element: {"method":"css selector","selector":".shopping_cart_link"}
  (Session info: headless chrome=108.0.5359.98)
Traceback (most recent call last):
  File "/home/runner/work/SauceDemoProject/SauceDemoProject/pages/base_page.py", line 72, in inner_function
    return func(*args, **kwargs)
  File "/home/runner/work/SauceDemoProject/SauceDemoProject/pages/base_page.py", line 295, in get_property
    return self.browser.find_element(method, locator).get_property(property)
  File "/home/runner/.cache/pypoetry/virtualenvs/saucedemoproject-P9vpYs8v-py3.10/lib/python3.10/site-packages/selenium/webdriver/remote/webdriver.py", line 861, in find_element
    return self.execute(Command.FIND_ELEMENT, {"using": by, "value": value})["value"]
  File "/home/runner/.cache/pypoetry/virtualenvs/saucedemoproject-P9vpYs8v-py3.10/lib/python3.10/site-packages/selenium/webdriver/remote/webdriver.py", line 444, in execute
    self.error_handler.check_response(response)
  File "/home/runner/.cache/pypoetry/virtualenvs/saucedemoproject-P9vpYs8v-py3.10/lib/python3.10/site-packages/selenium/webdriver/remote/errorhandler.py", line 249, in check_response
    raise exception_class(message, screen, stacktrace)
selenium.common.exceptions.NoSuchElementException: Message: no such element: Unable to locate element: {"method":"css selector","selector":".shopping_cart_link"}
  (Session info: headless chrome=108.0.5359.98)
Stacktrace:
#0 0x558456e7a2a3 <unknown>
#1 0x558456c38f77 <unknown>
#2 0x558456c7580c <unknown>
#3 0x558456c75a71 <unknown>
#4 0x558456caf734 <unknown>
#5 0x558456c95b5d <unknown>
#6 0x558456cad47c <unknown>
#7 0x558456c95903 <unknown>
#8 0x558456c68ece <unknown>
#9 0x558456c69fde <unknown>
#10 0x558456eca63e <unknown>
#11 0x558456ecdb79 <unknown>
#12 0x558456eb089e <unknown>
#13 0x558456ecea83 <unknown>
#14 0x558456ea3505 <unknown>
#15 0x558456eefca8 <unknown>
#16 0x558456eefe36 <unknown>
#17 0x558456f0b333 <unknown>
#18 0x7f2609bc1b43 <unknown>