{"uid":"6c887bd0e933f959","name":"test_return_to_the_catalog_all_items[problem_user-secret_sauce]","fullName":"tests.test_TC_014_02_return_to_catalog.Tests#test_return_to_the_catalog_all_items","historyId":"dffd96921d8391af1ebfbc129c61d96e","time":{"start":1671202463219,"stop":1671202463775,"duration":556},"status":"skipped","statusMessage":"XFAIL\n\nselenium.common.exceptions.NoSuchElementException: Message: no such element: Unable to locate element: {\"method\":\"css selector\",\"selector\":\".shopping_cart_badge\"}\n  (Session info: headless chrome=108.0.5359.98)\nStacktrace:\n#0 0x55620f6f02a3 <unknown>\n#1 0x55620f4aef77 <unknown>\n#2 0x55620f4eb80c <unknown>\n#3 0x55620f4eba71 <unknown>\n#4 0x55620f525734 <unknown>\n#5 0x55620f50bb5d <unknown>\n#6 0x55620f52347c <unknown>\n#7 0x55620f50b903 <unknown>\n#8 0x55620f4deece <unknown>\n#9 0x55620f4dffde <unknown>\n#10 0x55620f74063e <unknown>\n#11 0x55620f743b79 <unknown>\n#12 0x55620f72689e <unknown>\n#13 0x55620f744a83 <unknown>\n#14 0x55620f719505 <unknown>\n#15 0x55620f765ca8 <unknown>\n#16 0x55620f765e36 <unknown>\n#17 0x55620f781333 <unknown>\n#18 0x7f7753f7bb43 <unknown>","statusTrace":"self = <SauceDemoProject.tests.test_TC_014_02_return_to_catalog.Tests object at 0x7f1b0eb9e830>\nd = <selenium.webdriver.chrome.webdriver.WebDriver (session=\"c652762d5012d0a6fccf995b0ed3304b\")>\nusername = 'problem_user', password = 'secret_sauce'\n\n    @allure.feature(\"US_014 | Exit to the catalog of products from the cart in order\")\n    @allure.story(\n        \"TC_014.02 | Return to the catalog of products from shopping cart using the menu item ALL ITEMS\"\n    )\n    @pytest.mark.parametrize(\n        \"username, password\",\n        [\n            (\"standard_user\", \"secret_sauce\"),\n            (\"performance_glitch_user\", \"secret_sauce\"),\n            pytest.param(\n                \"problem_user\",\n                \"secret_sauce\",\n                marks=pytest.mark.xfail(raises=NoSuchElementException),\n            ),\n            pytest.param(\n                \"locked_out_user\",\n                \"secret_sauce\",\n                marks=pytest.mark.xfail(raises=AssertionError),\n            ),\n        ],\n    )\n    def test_return_to_the_catalog_all_items(self, d, username, password):\n        page = LoginPage(d, LoginPageSrc.URL)  # Creates the Login page instance\n        page.open_page()\n        page.register_user(username, password)  # user logs in\n        page = ProductsPage(\n            d, ProductsPageSrc.URL\n        )  # Creates the Products page instance\n        page.should_be_products_page()\n        page.add_item_on_products_page(\n            \"Sauce Labs Fleece Jacket\", \"Test.allTheThings() T-Shirt (Red)\"\n        )\n        page.go_to_basket_page()  # gets to the Cart page\n        page = CartPage(d, CartPageSrc.URL)\n>       page.check_the_quantity()  # checks the cart is not empty\n\ntests/test_TC_014_02_return_to_catalog.py:50: \n_ _ _ _ _ _ _ _ _ _ _ _ _ _ _ _ _ _ _ _ _ _ _ _ _ _ _ _ _ _ _ _ _ _ _ _ _ _ _ _ \npages/cart_page.py:40: in check_the_quantity\n    quant = self.browser.find_element(*CartPageLocators.QUANTITY).text\n../../../.cache/pypoetry/virtualenvs/saucedemoproject-P9vpYs8v-py3.10/lib/python3.10/site-packages/selenium/webdriver/remote/webdriver.py:861: in find_element\n    return self.execute(Command.FIND_ELEMENT, {\"using\": by, \"value\": value})[\"value\"]\n../../../.cache/pypoetry/virtualenvs/saucedemoproject-P9vpYs8v-py3.10/lib/python3.10/site-packages/selenium/webdriver/remote/webdriver.py:444: in execute\n    self.error_handler.check_response(response)\n_ _ _ _ _ _ _ _ _ _ _ _ _ _ _ _ _ _ _ _ _ _ _ _ _ _ _ _ _ _ _ _ _ _ _ _ _ _ _ _ \n\nself = <selenium.webdriver.remote.errorhandler.ErrorHandler object at 0x7f1b0eb977f0>\nresponse = {'status': 404, 'value': '{\"value\":{\"error\":\"no such element\",\"message\":\"no such element: Unable to locate element: {\\...\\\\n#16 0x55620f765e36 \\\\u003Cunknown>\\\\n#17 0x55620f781333 \\\\u003Cunknown>\\\\n#18 0x7f7753f7bb43 \\\\u003Cunknown>\\\\n\"}}'}\n\n    def check_response(self, response: Dict[str, Any]) -> None:\n        \"\"\"\n        Checks that a JSON response from the WebDriver does not have an error.\n    \n        :Args:\n         - response - The JSON response from the WebDriver server as a dictionary\n           object.\n    \n        :Raises: If the response contains an error message.\n        \"\"\"\n        status = response.get(\"status\", None)\n        if not status or status == ErrorCode.SUCCESS:\n            return\n        value = None\n        message = response.get(\"message\", \"\")\n        screen: str = response.get(\"screen\", \"\")\n        stacktrace = None\n        if isinstance(status, int):\n            value_json = response.get(\"value\", None)\n            if value_json and isinstance(value_json, str):\n                import json\n    \n                try:\n                    value = json.loads(value_json)\n                    if len(value.keys()) == 1:\n                        value = value[\"value\"]\n                    status = value.get(\"error\", None)\n                    if not status:\n                        status = value.get(\"status\", ErrorCode.UNKNOWN_ERROR)\n                        message = value.get(\"value\") or value.get(\"message\")\n                        if not isinstance(message, str):\n                            value = message\n                            message = message.get(\"message\")\n                    else:\n                        message = value.get(\"message\", None)\n                except ValueError:\n                    pass\n    \n        exception_class: Type[WebDriverException]\n        if status in ErrorCode.NO_SUCH_ELEMENT:\n            exception_class = NoSuchElementException\n        elif status in ErrorCode.NO_SUCH_FRAME:\n            exception_class = NoSuchFrameException\n        elif status in ErrorCode.NO_SUCH_SHADOW_ROOT:\n            exception_class = NoSuchShadowRootException\n        elif status in ErrorCode.NO_SUCH_WINDOW:\n            exception_class = NoSuchWindowException\n        elif status in ErrorCode.STALE_ELEMENT_REFERENCE:\n            exception_class = StaleElementReferenceException\n        elif status in ErrorCode.ELEMENT_NOT_VISIBLE:\n            exception_class = ElementNotVisibleException\n        elif status in ErrorCode.INVALID_ELEMENT_STATE:\n            exception_class = InvalidElementStateException\n        elif (\n            status in ErrorCode.INVALID_SELECTOR\n            or status in ErrorCode.INVALID_XPATH_SELECTOR\n            or status in ErrorCode.INVALID_XPATH_SELECTOR_RETURN_TYPER\n        ):\n            exception_class = InvalidSelectorException\n        elif status in ErrorCode.ELEMENT_IS_NOT_SELECTABLE:\n            exception_class = ElementNotSelectableException\n        elif status in ErrorCode.ELEMENT_NOT_INTERACTABLE:\n            exception_class = ElementNotInteractableException\n        elif status in ErrorCode.INVALID_COOKIE_DOMAIN:\n            exception_class = InvalidCookieDomainException\n        elif status in ErrorCode.UNABLE_TO_SET_COOKIE:\n            exception_class = UnableToSetCookieException\n        elif status in ErrorCode.TIMEOUT:\n            exception_class = TimeoutException\n        elif status in ErrorCode.SCRIPT_TIMEOUT:\n            exception_class = TimeoutException\n        elif status in ErrorCode.UNKNOWN_ERROR:\n            exception_class = WebDriverException\n        elif status in ErrorCode.UNEXPECTED_ALERT_OPEN:\n            exception_class = UnexpectedAlertPresentException\n        elif status in ErrorCode.NO_ALERT_OPEN:\n            exception_class = NoAlertPresentException\n        elif status in ErrorCode.IME_NOT_AVAILABLE:\n            exception_class = ImeNotAvailableException\n        elif status in ErrorCode.IME_ENGINE_ACTIVATION_FAILED:\n            exception_class = ImeActivationFailedException\n        elif status in ErrorCode.MOVE_TARGET_OUT_OF_BOUNDS:\n            exception_class = MoveTargetOutOfBoundsException\n        elif status in ErrorCode.JAVASCRIPT_ERROR:\n            exception_class = JavascriptException\n        elif status in ErrorCode.SESSION_NOT_CREATED:\n            exception_class = SessionNotCreatedException\n        elif status in ErrorCode.INVALID_ARGUMENT:\n            exception_class = InvalidArgumentException\n        elif status in ErrorCode.NO_SUCH_COOKIE:\n            exception_class = NoSuchCookieException\n        elif status in ErrorCode.UNABLE_TO_CAPTURE_SCREEN:\n            exception_class = ScreenshotException\n        elif status in ErrorCode.ELEMENT_CLICK_INTERCEPTED:\n            exception_class = ElementClickInterceptedException\n        elif status in ErrorCode.INSECURE_CERTIFICATE:\n            exception_class = InsecureCertificateException\n        elif status in ErrorCode.INVALID_COORDINATES:\n            exception_class = InvalidCoordinatesException\n        elif status in ErrorCode.INVALID_SESSION_ID:\n            exception_class = InvalidSessionIdException\n        elif status in ErrorCode.UNKNOWN_METHOD:\n            exception_class = UnknownMethodException\n        else:\n            exception_class = WebDriverException\n        if not value:\n            value = response[\"value\"]\n        if isinstance(value, str):\n            raise exception_class(value)\n        if message == \"\" and \"message\" in value:\n            message = value[\"message\"]\n    \n        screen = None  # type: ignore[assignment]\n        if \"screen\" in value:\n            screen = value[\"screen\"]\n    \n        stacktrace = None\n        st_value = value.get(\"stackTrace\") or value.get(\"stacktrace\")\n        if st_value:\n            if isinstance(st_value, str):\n                stacktrace = st_value.split(\"\\n\")\n            else:\n                stacktrace = []\n                try:\n                    for frame in st_value:\n                        line = frame.get(\"lineNumber\", \"\")\n                        file = frame.get(\"fileName\", \"<anonymous>\")\n                        if line:\n                            file = f\"{file}:{line}\"\n                        meth = frame.get(\"methodName\", \"<anonymous>\")\n                        if \"className\" in frame:\n                            meth = \"{}.{}\".format(frame[\"className\"], meth)\n                        msg = \"    at %s (%s)\"\n                        msg = msg % (meth, file)\n                        stacktrace.append(msg)\n                except TypeError:\n                    pass\n        if exception_class == UnexpectedAlertPresentException:\n            alert_text = None\n            if \"data\" in value:\n                alert_text = value[\"data\"].get(\"text\")\n            elif \"alert\" in value:\n                alert_text = value[\"alert\"].get(\"text\")\n            raise exception_class(message, screen, stacktrace, alert_text)  # type: ignore[call-arg]  # mypy is not smart enough here\n>       raise exception_class(message, screen, stacktrace)\nE       selenium.common.exceptions.NoSuchElementException: Message: no such element: Unable to locate element: {\"method\":\"css selector\",\"selector\":\".shopping_cart_badge\"}\nE         (Session info: headless chrome=108.0.5359.98)\nE       Stacktrace:\nE       #0 0x55620f6f02a3 <unknown>\nE       #1 0x55620f4aef77 <unknown>\nE       #2 0x55620f4eb80c <unknown>\nE       #3 0x55620f4eba71 <unknown>\nE       #4 0x55620f525734 <unknown>\nE       #5 0x55620f50bb5d <unknown>\nE       #6 0x55620f52347c <unknown>\nE       #7 0x55620f50b903 <unknown>\nE       #8 0x55620f4deece <unknown>\nE       #9 0x55620f4dffde <unknown>\nE       #10 0x55620f74063e <unknown>\nE       #11 0x55620f743b79 <unknown>\nE       #12 0x55620f72689e <unknown>\nE       #13 0x55620f744a83 <unknown>\nE       #14 0x55620f719505 <unknown>\nE       #15 0x55620f765ca8 <unknown>\nE       #16 0x55620f765e36 <unknown>\nE       #17 0x55620f781333 <unknown>\nE       #18 0x7f7753f7bb43 <unknown>\n\n../../../.cache/pypoetry/virtualenvs/saucedemoproject-P9vpYs8v-py3.10/lib/python3.10/site-packages/selenium/webdriver/remote/errorhandler.py:249: NoSuchElementException","flaky":false,"newFailed":false,"newBroken":false,"newPassed":false,"retriesCount":0,"retriesStatusChange":false,"beforeStages":[{"name":"browser","time":{"start":1671202449039,"stop":1671202449039,"duration":0},"status":"passed","steps":[],"attachments":[],"parameters":[],"stepsCount":0,"attachmentsCount":0,"shouldDisplayMessage":false,"hasContent":false},{"name":"d","time":{"start":1671202449039,"stop":1671202449887,"duration":848},"status":"passed","steps":[],"attachments":[],"parameters":[],"stepsCount":0,"attachmentsCount":0,"shouldDisplayMessage":false,"hasContent":false},{"name":"g","time":{"start":1671202449888,"stop":1671202450050,"duration":162},"status":"passed","steps":[],"attachments":[],"parameters":[],"stepsCount":0,"attachmentsCount":0,"shouldDisplayMessage":false,"hasContent":false}],"testStage":{"status":"skipped","statusMessage":"XFAIL\n\nselenium.common.exceptions.NoSuchElementException: Message: no such element: Unable to locate element: {\"method\":\"css selector\",\"selector\":\".shopping_cart_badge\"}\n  (Session info: headless chrome=108.0.5359.98)\nStacktrace:\n#0 0x55620f6f02a3 <unknown>\n#1 0x55620f4aef77 <unknown>\n#2 0x55620f4eb80c <unknown>\n#3 0x55620f4eba71 <unknown>\n#4 0x55620f525734 <unknown>\n#5 0x55620f50bb5d <unknown>\n#6 0x55620f52347c <unknown>\n#7 0x55620f50b903 <unknown>\n#8 0x55620f4deece <unknown>\n#9 0x55620f4dffde <unknown>\n#10 0x55620f74063e <unknown>\n#11 0x55620f743b79 <unknown>\n#12 0x55620f72689e <unknown>\n#13 0x55620f744a83 <unknown>\n#14 0x55620f719505 <unknown>\n#15 0x55620f765ca8 <unknown>\n#16 0x55620f765e36 <unknown>\n#17 0x55620f781333 <unknown>\n#18 0x7f7753f7bb43 <unknown>","statusTrace":"self = <SauceDemoProject.tests.test_TC_014_02_return_to_catalog.Tests object at 0x7f1b0eb9e830>\nd = <selenium.webdriver.chrome.webdriver.WebDriver (session=\"c652762d5012d0a6fccf995b0ed3304b\")>\nusername = 'problem_user', password = 'secret_sauce'\n\n    @allure.feature(\"US_014 | Exit to the catalog of products from the cart in order\")\n    @allure.story(\n        \"TC_014.02 | Return to the catalog of products from shopping cart using the menu item ALL ITEMS\"\n    )\n    @pytest.mark.parametrize(\n        \"username, password\",\n        [\n            (\"standard_user\", \"secret_sauce\"),\n            (\"performance_glitch_user\", \"secret_sauce\"),\n            pytest.param(\n                \"problem_user\",\n                \"secret_sauce\",\n                marks=pytest.mark.xfail(raises=NoSuchElementException),\n            ),\n            pytest.param(\n                \"locked_out_user\",\n                \"secret_sauce\",\n                marks=pytest.mark.xfail(raises=AssertionError),\n            ),\n        ],\n    )\n    def test_return_to_the_catalog_all_items(self, d, username, password):\n        page = LoginPage(d, LoginPageSrc.URL)  # Creates the Login page instance\n        page.open_page()\n        page.register_user(username, password)  # user logs in\n        page = ProductsPage(\n            d, ProductsPageSrc.URL\n        )  # Creates the Products page instance\n        page.should_be_products_page()\n        page.add_item_on_products_page(\n            \"Sauce Labs Fleece Jacket\", \"Test.allTheThings() T-Shirt (Red)\"\n        )\n        page.go_to_basket_page()  # gets to the Cart page\n        page = CartPage(d, CartPageSrc.URL)\n>       page.check_the_quantity()  # checks the cart is not empty\n\ntests/test_TC_014_02_return_to_catalog.py:50: \n_ _ _ _ _ _ _ _ _ _ _ _ _ _ _ _ _ _ _ _ _ _ _ _ _ _ _ _ _ _ _ _ _ _ _ _ _ _ _ _ \npages/cart_page.py:40: in check_the_quantity\n    quant = self.browser.find_element(*CartPageLocators.QUANTITY).text\n../../../.cache/pypoetry/virtualenvs/saucedemoproject-P9vpYs8v-py3.10/lib/python3.10/site-packages/selenium/webdriver/remote/webdriver.py:861: in find_element\n    return self.execute(Command.FIND_ELEMENT, {\"using\": by, \"value\": value})[\"value\"]\n../../../.cache/pypoetry/virtualenvs/saucedemoproject-P9vpYs8v-py3.10/lib/python3.10/site-packages/selenium/webdriver/remote/webdriver.py:444: in execute\n    self.error_handler.check_response(response)\n_ _ _ _ _ _ _ _ _ _ _ _ _ _ _ _ _ _ _ _ _ _ _ _ _ _ _ _ _ _ _ _ _ _ _ _ _ _ _ _ \n\nself = <selenium.webdriver.remote.errorhandler.ErrorHandler object at 0x7f1b0eb977f0>\nresponse = {'status': 404, 'value': '{\"value\":{\"error\":\"no such element\",\"message\":\"no such element: Unable to locate element: {\\...\\\\n#16 0x55620f765e36 \\\\u003Cunknown>\\\\n#17 0x55620f781333 \\\\u003Cunknown>\\\\n#18 0x7f7753f7bb43 \\\\u003Cunknown>\\\\n\"}}'}\n\n    def check_response(self, response: Dict[str, Any]) -> None:\n        \"\"\"\n        Checks that a JSON response from the WebDriver does not have an error.\n    \n        :Args:\n         - response - The JSON response from the WebDriver server as a dictionary\n           object.\n    \n        :Raises: If the response contains an error message.\n        \"\"\"\n        status = response.get(\"status\", None)\n        if not status or status == ErrorCode.SUCCESS:\n            return\n        value = None\n        message = response.get(\"message\", \"\")\n        screen: str = response.get(\"screen\", \"\")\n        stacktrace = None\n        if isinstance(status, int):\n            value_json = response.get(\"value\", None)\n            if value_json and isinstance(value_json, str):\n                import json\n    \n                try:\n                    value = json.loads(value_json)\n                    if len(value.keys()) == 1:\n                        value = value[\"value\"]\n                    status = value.get(\"error\", None)\n                    if not status:\n                        status = value.get(\"status\", ErrorCode.UNKNOWN_ERROR)\n                        message = value.get(\"value\") or value.get(\"message\")\n                        if not isinstance(message, str):\n                            value = message\n                            message = message.get(\"message\")\n                    else:\n                        message = value.get(\"message\", None)\n                except ValueError:\n                    pass\n    \n        exception_class: Type[WebDriverException]\n        if status in ErrorCode.NO_SUCH_ELEMENT:\n            exception_class = NoSuchElementException\n        elif status in ErrorCode.NO_SUCH_FRAME:\n            exception_class = NoSuchFrameException\n        elif status in ErrorCode.NO_SUCH_SHADOW_ROOT:\n            exception_class = NoSuchShadowRootException\n        elif status in ErrorCode.NO_SUCH_WINDOW:\n            exception_class = NoSuchWindowException\n        elif status in ErrorCode.STALE_ELEMENT_REFERENCE:\n            exception_class = StaleElementReferenceException\n        elif status in ErrorCode.ELEMENT_NOT_VISIBLE:\n            exception_class = ElementNotVisibleException\n        elif status in ErrorCode.INVALID_ELEMENT_STATE:\n            exception_class = InvalidElementStateException\n        elif (\n            status in ErrorCode.INVALID_SELECTOR\n            or status in ErrorCode.INVALID_XPATH_SELECTOR\n            or status in ErrorCode.INVALID_XPATH_SELECTOR_RETURN_TYPER\n        ):\n            exception_class = InvalidSelectorException\n        elif status in ErrorCode.ELEMENT_IS_NOT_SELECTABLE:\n            exception_class = ElementNotSelectableException\n        elif status in ErrorCode.ELEMENT_NOT_INTERACTABLE:\n            exception_class = ElementNotInteractableException\n        elif status in ErrorCode.INVALID_COOKIE_DOMAIN:\n            exception_class = InvalidCookieDomainException\n        elif status in ErrorCode.UNABLE_TO_SET_COOKIE:\n            exception_class = UnableToSetCookieException\n        elif status in ErrorCode.TIMEOUT:\n            exception_class = TimeoutException\n        elif status in ErrorCode.SCRIPT_TIMEOUT:\n            exception_class = TimeoutException\n        elif status in ErrorCode.UNKNOWN_ERROR:\n            exception_class = WebDriverException\n        elif status in ErrorCode.UNEXPECTED_ALERT_OPEN:\n            exception_class = UnexpectedAlertPresentException\n        elif status in ErrorCode.NO_ALERT_OPEN:\n            exception_class = NoAlertPresentException\n        elif status in ErrorCode.IME_NOT_AVAILABLE:\n            exception_class = ImeNotAvailableException\n        elif status in ErrorCode.IME_ENGINE_ACTIVATION_FAILED:\n            exception_class = ImeActivationFailedException\n        elif status in ErrorCode.MOVE_TARGET_OUT_OF_BOUNDS:\n            exception_class = MoveTargetOutOfBoundsException\n        elif status in ErrorCode.JAVASCRIPT_ERROR:\n            exception_class = JavascriptException\n        elif status in ErrorCode.SESSION_NOT_CREATED:\n            exception_class = SessionNotCreatedException\n        elif status in ErrorCode.INVALID_ARGUMENT:\n            exception_class = InvalidArgumentException\n        elif status in ErrorCode.NO_SUCH_COOKIE:\n            exception_class = NoSuchCookieException\n        elif status in ErrorCode.UNABLE_TO_CAPTURE_SCREEN:\n            exception_class = ScreenshotException\n        elif status in ErrorCode.ELEMENT_CLICK_INTERCEPTED:\n            exception_class = ElementClickInterceptedException\n        elif status in ErrorCode.INSECURE_CERTIFICATE:\n            exception_class = InsecureCertificateException\n        elif status in ErrorCode.INVALID_COORDINATES:\n            exception_class = InvalidCoordinatesException\n        elif status in ErrorCode.INVALID_SESSION_ID:\n            exception_class = InvalidSessionIdException\n        elif status in ErrorCode.UNKNOWN_METHOD:\n            exception_class = UnknownMethodException\n        else:\n            exception_class = WebDriverException\n        if not value:\n            value = response[\"value\"]\n        if isinstance(value, str):\n            raise exception_class(value)\n        if message == \"\" and \"message\" in value:\n            message = value[\"message\"]\n    \n        screen = None  # type: ignore[assignment]\n        if \"screen\" in value:\n            screen = value[\"screen\"]\n    \n        stacktrace = None\n        st_value = value.get(\"stackTrace\") or value.get(\"stacktrace\")\n        if st_value:\n            if isinstance(st_value, str):\n                stacktrace = st_value.split(\"\\n\")\n            else:\n                stacktrace = []\n                try:\n                    for frame in st_value:\n                        line = frame.get(\"lineNumber\", \"\")\n                        file = frame.get(\"fileName\", \"<anonymous>\")\n                        if line:\n                            file = f\"{file}:{line}\"\n                        meth = frame.get(\"methodName\", \"<anonymous>\")\n                        if \"className\" in frame:\n                            meth = \"{}.{}\".format(frame[\"className\"], meth)\n                        msg = \"    at %s (%s)\"\n                        msg = msg % (meth, file)\n                        stacktrace.append(msg)\n                except TypeError:\n                    pass\n        if exception_class == UnexpectedAlertPresentException:\n            alert_text = None\n            if \"data\" in value:\n                alert_text = value[\"data\"].get(\"text\")\n            elif \"alert\" in value:\n                alert_text = value[\"alert\"].get(\"text\")\n            raise exception_class(message, screen, stacktrace, alert_text)  # type: ignore[call-arg]  # mypy is not smart enough here\n>       raise exception_class(message, screen, stacktrace)\nE       selenium.common.exceptions.NoSuchElementException: Message: no such element: Unable to locate element: {\"method\":\"css selector\",\"selector\":\".shopping_cart_badge\"}\nE         (Session info: headless chrome=108.0.5359.98)\nE       Stacktrace:\nE       #0 0x55620f6f02a3 <unknown>\nE       #1 0x55620f4aef77 <unknown>\nE       #2 0x55620f4eb80c <unknown>\nE       #3 0x55620f4eba71 <unknown>\nE       #4 0x55620f525734 <unknown>\nE       #5 0x55620f50bb5d <unknown>\nE       #6 0x55620f52347c <unknown>\nE       #7 0x55620f50b903 <unknown>\nE       #8 0x55620f4deece <unknown>\nE       #9 0x55620f4dffde <unknown>\nE       #10 0x55620f74063e <unknown>\nE       #11 0x55620f743b79 <unknown>\nE       #12 0x55620f72689e <unknown>\nE       #13 0x55620f744a83 <unknown>\nE       #14 0x55620f719505 <unknown>\nE       #15 0x55620f765ca8 <unknown>\nE       #16 0x55620f765e36 <unknown>\nE       #17 0x55620f781333 <unknown>\nE       #18 0x7f7753f7bb43 <unknown>\n\n../../../.cache/pypoetry/virtualenvs/saucedemoproject-P9vpYs8v-py3.10/lib/python3.10/site-packages/selenium/webdriver/remote/errorhandler.py:249: NoSuchElementException","steps":[],"attachments":[{"uid":"9afc61ac4aaadc55","name":"Screenshot","source":"9afc61ac4aaadc55.png","type":"image/png","size":78984}],"parameters":[],"stepsCount":0,"attachmentsCount":1,"shouldDisplayMessage":true,"hasContent":true},"afterStages":[{"name":"g::0","time":{"start":1671202464978,"stop":1671202465037,"duration":59},"status":"passed","steps":[],"attachments":[],"parameters":[],"stepsCount":0,"attachmentsCount":0,"shouldDisplayMessage":false,"hasContent":false}],"labels":[{"name":"story","value":"TC_014.02 | Return to the catalog of products from shopping cart using the menu item ALL ITEMS"},{"name":"feature","value":"US_014 | Exit to the catalog of products from the cart in order"},{"name":"tag","value":"@pytest.mark.xfail(raises=<class 'selenium.common.exceptions.NoSuchElementException'>)"},{"name":"parentSuite","value":"tests"},{"name":"suite","value":"test_TC_014_02_return_to_catalog"},{"name":"subSuite","value":"Tests"},{"name":"host","value":"fv-az283-129"},{"name":"thread","value":"2723-MainThread"},{"name":"framework","value":"pytest"},{"name":"language","value":"cpython3"},{"name":"package","value":"tests.test_TC_014_02_return_to_catalog"},{"name":"resultFormat","value":"allure2"}],"parameters":[{"name":"password","value":"'secret_sauce'"},{"name":"username","value":"'problem_user'"}],"links":[],"hidden":false,"retry":false,"extra":{"severity":"normal","retries":[],"categories":[],"history":{"statistic":{"failed":0,"broken":0,"skipped":14,"passed":0,"unknown":0,"total":14},"items":[{"uid":"8c7aa95c4ef7bfb5","reportUrl":"https://Natalia-Tsy.github.io/SauceDemoProject/298//#testresult/8c7aa95c4ef7bfb5","status":"skipped","statusDetails":"XFAIL\n\nselenium.common.exceptions.NoSuchElementException: Message: no such element: Unable to locate element: {\"method\":\"css selector\",\"selector\":\".shopping_cart_badge\"}\n  (Session info: headless chrome=108.0.5359.98)\nStacktrace:\n#0 0x5654c17042a3 <unknown>\n#1 0x5654c14c2f77 <unknown>\n#2 0x5654c14ff80c <unknown>\n#3 0x5654c14ffa71 <unknown>\n#4 0x5654c1539734 <unknown>\n#5 0x5654c151fb5d <unknown>\n#6 0x5654c153747c <unknown>\n#7 0x5654c151f903 <unknown>\n#8 0x5654c14f2ece <unknown>\n#9 0x5654c14f3fde <unknown>\n#10 0x5654c175463e <unknown>\n#11 0x5654c1757b79 <unknown>\n#12 0x5654c173a89e <unknown>\n#13 0x5654c1758a83 <unknown>\n#14 0x5654c172d505 <unknown>\n#15 0x5654c1779ca8 <unknown>\n#16 0x5654c1779e36 <unknown>\n#17 0x5654c1795333 <unknown>\n#18 0x7f8636788b43 <unknown>","time":{"start":1671202148013,"stop":1671202148544,"duration":531}},{"uid":"d378319cfb967586","reportUrl":"https://Natalia-Tsy.github.io/SauceDemoProject/297//#testresult/d378319cfb967586","status":"skipped","statusDetails":"XFAIL\n\nselenium.common.exceptions.NoSuchElementException: Message: no such element: Unable to locate element: {\"method\":\"css selector\",\"selector\":\".shopping_cart_badge\"}\n  (Session info: headless chrome=108.0.5359.98)\nStacktrace:\n#0 0x55f82197a2a3 <unknown>\n#1 0x55f821738f77 <unknown>\n#2 0x55f82177580c <unknown>\n#3 0x55f821775a71 <unknown>\n#4 0x55f8217af734 <unknown>\n#5 0x55f821795b5d <unknown>\n#6 0x55f8217ad47c <unknown>\n#7 0x55f821795903 <unknown>\n#8 0x55f821768ece <unknown>\n#9 0x55f821769fde <unknown>\n#10 0x55f8219ca63e <unknown>\n#11 0x55f8219cdb79 <unknown>\n#12 0x55f8219b089e <unknown>\n#13 0x55f8219cea83 <unknown>\n#14 0x55f8219a3505 <unknown>\n#15 0x55f8219efca8 <unknown>\n#16 0x55f8219efe36 <unknown>\n#17 0x55f821a0b333 <unknown>\n#18 0x7f39d9435b43 <unknown>","time":{"start":1671200294934,"stop":1671200295475,"duration":541}},{"uid":"adaea67cab4329bd","reportUrl":"https://Natalia-Tsy.github.io/SauceDemoProject/296//#testresult/adaea67cab4329bd","status":"skipped","statusDetails":"XFAIL\n\nselenium.common.exceptions.NoSuchElementException: Message: no such element: Unable to locate element: {\"method\":\"css selector\",\"selector\":\".shopping_cart_badge\"}\n  (Session info: headless chrome=108.0.5359.98)\nStacktrace:\n#0 0x5651960092a3 <unknown>\n#1 0x565195dc7f77 <unknown>\n#2 0x565195e0480c <unknown>\n#3 0x565195e04a71 <unknown>\n#4 0x565195e3e734 <unknown>\n#5 0x565195e24b5d <unknown>\n#6 0x565195e3c47c <unknown>\n#7 0x565195e24903 <unknown>\n#8 0x565195df7ece <unknown>\n#9 0x565195df8fde <unknown>\n#10 0x56519605963e <unknown>\n#11 0x56519605cb79 <unknown>\n#12 0x56519603f89e <unknown>\n#13 0x56519605da83 <unknown>\n#14 0x565196032505 <unknown>\n#15 0x56519607eca8 <unknown>\n#16 0x56519607ee36 <unknown>\n#17 0x56519609a333 <unknown>\n#18 0x7f4b5554cb43 <unknown>","time":{"start":1671199839911,"stop":1671199840575,"duration":664}},{"uid":"28515afa0d85ba37","reportUrl":"https://Natalia-Tsy.github.io/SauceDemoProject/293//#testresult/28515afa0d85ba37","status":"skipped","statusDetails":"XFAIL\n\nselenium.common.exceptions.NoSuchElementException: Message: no such element: Unable to locate element: {\"method\":\"css selector\",\"selector\":\".shopping_cart_badge\"}\n  (Session info: headless chrome=108.0.5359.98)\nStacktrace:\n#0 0x55f8866902a3 <unknown>\n#1 0x55f88644ef77 <unknown>\n#2 0x55f88648b80c <unknown>\n#3 0x55f88648ba71 <unknown>\n#4 0x55f8864c5734 <unknown>\n#5 0x55f8864abb5d <unknown>\n#6 0x55f8864c347c <unknown>\n#7 0x55f8864ab903 <unknown>\n#8 0x55f88647eece <unknown>\n#9 0x55f88647ffde <unknown>\n#10 0x55f8866e063e <unknown>\n#11 0x55f8866e3b79 <unknown>\n#12 0x55f8866c689e <unknown>\n#13 0x55f8866e4a83 <unknown>\n#14 0x55f8866b9505 <unknown>\n#15 0x55f886705ca8 <unknown>\n#16 0x55f886705e36 <unknown>\n#17 0x55f886721333 <unknown>\n#18 0x7f72de805b43 <unknown>","time":{"start":1671199820267,"stop":1671199820922,"duration":655}},{"uid":"edc1c2345fd0294c","reportUrl":"https://Natalia-Tsy.github.io/SauceDemoProject/295//#testresult/edc1c2345fd0294c","status":"skipped","statusDetails":"XFAIL\n\nselenium.common.exceptions.NoSuchElementException: Message: no such element: Unable to locate element: {\"method\":\"css selector\",\"selector\":\".shopping_cart_badge\"}\n  (Session info: headless chrome=108.0.5359.98)\nStacktrace:\n#0 0x55e32d46c2a3 <unknown>\n#1 0x55e32d22af77 <unknown>\n#2 0x55e32d26780c <unknown>\n#3 0x55e32d267a71 <unknown>\n#4 0x55e32d2a1734 <unknown>\n#5 0x55e32d287b5d <unknown>\n#6 0x55e32d29f47c <unknown>\n#7 0x55e32d287903 <unknown>\n#8 0x55e32d25aece <unknown>\n#9 0x55e32d25bfde <unknown>\n#10 0x55e32d4bc63e <unknown>\n#11 0x55e32d4bfb79 <unknown>\n#12 0x55e32d4a289e <unknown>\n#13 0x55e32d4c0a83 <unknown>\n#14 0x55e32d495505 <unknown>\n#15 0x55e32d4e1ca8 <unknown>\n#16 0x55e32d4e1e36 <unknown>\n#17 0x55e32d4fd333 <unknown>\n#18 0x7fd33e95bb43 <unknown>","time":{"start":1671199803234,"stop":1671199803711,"duration":477}},{"uid":"f5b58976d43b503d","reportUrl":"https://Natalia-Tsy.github.io/SauceDemoProject/291//#testresult/f5b58976d43b503d","status":"skipped","statusDetails":"XFAIL\n\nselenium.common.exceptions.NoSuchElementException: Message: no such element: Unable to locate element: {\"method\":\"css selector\",\"selector\":\".shopping_cart_badge\"}\n  (Session info: headless chrome=108.0.5359.98)\nStacktrace:\n#0 0x55870eec82a3 <unknown>\n#1 0x55870ec86f77 <unknown>\n#2 0x55870ecc380c <unknown>\n#3 0x55870ecc3a71 <unknown>\n#4 0x55870ecfd734 <unknown>\n#5 0x55870ece3b5d <unknown>\n#6 0x55870ecfb47c <unknown>\n#7 0x55870ece3903 <unknown>\n#8 0x55870ecb6ece <unknown>\n#9 0x55870ecb7fde <unknown>\n#10 0x55870ef1863e <unknown>\n#11 0x55870ef1bb79 <unknown>\n#12 0x55870eefe89e <unknown>\n#13 0x55870ef1ca83 <unknown>\n#14 0x55870eef1505 <unknown>\n#15 0x55870ef3dca8 <unknown>\n#16 0x55870ef3de36 <unknown>\n#17 0x55870ef59333 <unknown>\n#18 0x7f2462a45b43 <unknown>","time":{"start":1671198730116,"stop":1671198730714,"duration":598}},{"uid":"29e4a1dd5ecc85cc","reportUrl":"https://Natalia-Tsy.github.io/SauceDemoProject/289//#testresult/29e4a1dd5ecc85cc","status":"skipped","statusDetails":"XFAIL\n\nselenium.common.exceptions.NoSuchElementException: Message: no such element: Unable to locate element: {\"method\":\"css selector\",\"selector\":\".shopping_cart_badge\"}\n  (Session info: headless chrome=108.0.5359.98)\nStacktrace:\n#0 0x55d6dd0ba2a3 <unknown>\n#1 0x55d6dce78f77 <unknown>\n#2 0x55d6dceb580c <unknown>\n#3 0x55d6dceb5a71 <unknown>\n#4 0x55d6dceef734 <unknown>\n#5 0x55d6dced5b5d <unknown>\n#6 0x55d6dceed47c <unknown>\n#7 0x55d6dced5903 <unknown>\n#8 0x55d6dcea8ece <unknown>\n#9 0x55d6dcea9fde <unknown>\n#10 0x55d6dd10a63e <unknown>\n#11 0x55d6dd10db79 <unknown>\n#12 0x55d6dd0f089e <unknown>\n#13 0x55d6dd10ea83 <unknown>\n#14 0x55d6dd0e3505 <unknown>\n#15 0x55d6dd12fca8 <unknown>\n#16 0x55d6dd12fe36 <unknown>\n#17 0x55d6dd14b333 <unknown>\n#18 0x7f5aa3722b43 <unknown>","time":{"start":1671197646972,"stop":1671197647483,"duration":511}},{"uid":"778b184546bacc2c","reportUrl":"https://Natalia-Tsy.github.io/SauceDemoProject/4//#testresult/778b184546bacc2c","status":"skipped","statusDetails":"XFAIL\n\nselenium.common.exceptions.NoSuchElementException: Message: no such element: Unable to locate element: {\"method\":\"css selector\",\"selector\":\".shopping_cart_badge\"}\n  (Session info: headless chrome=108.0.5359.98)\nStacktrace:\n#0 0x55dfe59442a3 <unknown>\n#1 0x55dfe5702f77 <unknown>\n#2 0x55dfe573f80c <unknown>\n#3 0x55dfe573fa71 <unknown>\n#4 0x55dfe5779734 <unknown>\n#5 0x55dfe575fb5d <unknown>\n#6 0x55dfe577747c <unknown>\n#7 0x55dfe575f903 <unknown>\n#8 0x55dfe5732ece <unknown>\n#9 0x55dfe5733fde <unknown>\n#10 0x55dfe599463e <unknown>\n#11 0x55dfe5997b79 <unknown>\n#12 0x55dfe597a89e <unknown>\n#13 0x55dfe5998a83 <unknown>\n#14 0x55dfe596d505 <unknown>\n#15 0x55dfe59b9ca8 <unknown>\n#16 0x55dfe59b9e36 <unknown>\n#17 0x55dfe59d5333 <unknown>\n#18 0x7f2487ca4b43 <unknown>","time":{"start":1671197635937,"stop":1671197636434,"duration":497}},{"uid":"4b9b348a781efc59","reportUrl":"https://Natalia-Tsy.github.io/SauceDemoProject/3//#testresult/4b9b348a781efc59","status":"skipped","statusDetails":"XFAIL\n\nselenium.common.exceptions.NoSuchElementException: Message: no such element: Unable to locate element: {\"method\":\"css selector\",\"selector\":\".shopping_cart_badge\"}\n  (Session info: headless chrome=108.0.5359.98)\nStacktrace:\n#0 0x557fbaf002a3 <unknown>\n#1 0x557fbacbef77 <unknown>\n#2 0x557fbacfb80c <unknown>\n#3 0x557fbacfba71 <unknown>\n#4 0x557fbad35734 <unknown>\n#5 0x557fbad1bb5d <unknown>\n#6 0x557fbad3347c <unknown>\n#7 0x557fbad1b903 <unknown>\n#8 0x557fbaceeece <unknown>\n#9 0x557fbaceffde <unknown>\n#10 0x557fbaf5063e <unknown>\n#11 0x557fbaf53b79 <unknown>\n#12 0x557fbaf3689e <unknown>\n#13 0x557fbaf54a83 <unknown>\n#14 0x557fbaf29505 <unknown>\n#15 0x557fbaf75ca8 <unknown>\n#16 0x557fbaf75e36 <unknown>\n#17 0x557fbaf91333 <unknown>\n#18 0x7fed2a9edb43 <unknown>","time":{"start":1671195953459,"stop":1671195954207,"duration":748}},{"uid":"48ed405686219fde","reportUrl":"https://Natalia-Tsy.github.io/SauceDemoProject/288//#testresult/48ed405686219fde","status":"skipped","statusDetails":"XFAIL\n\nselenium.common.exceptions.NoSuchElementException: Message: no such element: Unable to locate element: {\"method\":\"css selector\",\"selector\":\".shopping_cart_badge\"}\n  (Session info: headless chrome=108.0.5359.98)\nStacktrace:\n#0 0x56224b36e2a3 <unknown>\n#1 0x56224b12cf77 <unknown>\n#2 0x56224b16980c <unknown>\n#3 0x56224b169a71 <unknown>\n#4 0x56224b1a3734 <unknown>\n#5 0x56224b189b5d <unknown>\n#6 0x56224b1a147c <unknown>\n#7 0x56224b189903 <unknown>\n#8 0x56224b15cece <unknown>\n#9 0x56224b15dfde <unknown>\n#10 0x56224b3be63e <unknown>\n#11 0x56224b3c1b79 <unknown>\n#12 0x56224b3a489e <unknown>\n#13 0x56224b3c2a83 <unknown>\n#14 0x56224b397505 <unknown>\n#15 0x56224b3e3ca8 <unknown>\n#16 0x56224b3e3e36 <unknown>\n#17 0x56224b3ff333 <unknown>\n#18 0x7fea88376b43 <unknown>","time":{"start":1671195934695,"stop":1671195935229,"duration":534}},{"uid":"2f479c26289af9c","reportUrl":"https://Natalia-Tsy.github.io/SauceDemoProject/287//#testresult/2f479c26289af9c","status":"skipped","statusDetails":"XFAIL\n\nselenium.common.exceptions.NoSuchElementException: Message: no such element: Unable to locate element: {\"method\":\"css selector\",\"selector\":\".shopping_cart_badge\"}\n  (Session info: headless chrome=108.0.5359.98)\nStacktrace:\n#0 0x56056f9dd2a3 <unknown>\n#1 0x56056f79bf77 <unknown>\n#2 0x56056f7d880c <unknown>\n#3 0x56056f7d8a71 <unknown>\n#4 0x56056f812734 <unknown>\n#5 0x56056f7f8b5d <unknown>\n#6 0x56056f81047c <unknown>\n#7 0x56056f7f8903 <unknown>\n#8 0x56056f7cbece <unknown>\n#9 0x56056f7ccfde <unknown>\n#10 0x56056fa2d63e <unknown>\n#11 0x56056fa30b79 <unknown>\n#12 0x56056fa1389e <unknown>\n#13 0x56056fa31a83 <unknown>\n#14 0x56056fa06505 <unknown>\n#15 0x56056fa52ca8 <unknown>\n#16 0x56056fa52e36 <unknown>\n#17 0x56056fa6e333 <unknown>\n#18 0x7f7cd511ab43 <unknown>","time":{"start":1671195146491,"stop":1671195147168,"duration":677}},{"uid":"be6e079ca66bd177","reportUrl":"https://Natalia-Tsy.github.io/SauceDemoProject/286//#testresult/be6e079ca66bd177","status":"skipped","statusDetails":"XFAIL\n\nselenium.common.exceptions.NoSuchElementException: Message: no such element: Unable to locate element: {\"method\":\"css selector\",\"selector\":\".shopping_cart_badge\"}\n  (Session info: headless chrome=108.0.5359.98)\nStacktrace:\n#0 0x5616af1fc2a3 <unknown>\n#1 0x5616aefbaf77 <unknown>\n#2 0x5616aeff780c <unknown>\n#3 0x5616aeff7a71 <unknown>\n#4 0x5616af031734 <unknown>\n#5 0x5616af017b5d <unknown>\n#6 0x5616af02f47c <unknown>\n#7 0x5616af017903 <unknown>\n#8 0x5616aefeaece <unknown>\n#9 0x5616aefebfde <unknown>\n#10 0x5616af24c63e <unknown>\n#11 0x5616af24fb79 <unknown>\n#12 0x5616af23289e <unknown>\n#13 0x5616af250a83 <unknown>\n#14 0x5616af225505 <unknown>\n#15 0x5616af271ca8 <unknown>\n#16 0x5616af271e36 <unknown>\n#17 0x5616af28d333 <unknown>\n#18 0x7fc4d19a2b43 <unknown>","time":{"start":1671195029126,"stop":1671195029805,"duration":679}},{"uid":"ba075b6568104f53","reportUrl":"https://Natalia-Tsy.github.io/SauceDemoProject/285//#testresult/ba075b6568104f53","status":"skipped","statusDetails":"XFAIL\n\nselenium.common.exceptions.NoSuchElementException: Message: no such element: Unable to locate element: {\"method\":\"css selector\",\"selector\":\".shopping_cart_badge\"}\n  (Session info: headless chrome=108.0.5359.98)\nStacktrace:\n#0 0x56484e0d82a3 <unknown>\n#1 0x56484de96f77 <unknown>\n#2 0x56484ded380c <unknown>\n#3 0x56484ded3a71 <unknown>\n#4 0x56484df0d734 <unknown>\n#5 0x56484def3b5d <unknown>\n#6 0x56484df0b47c <unknown>\n#7 0x56484def3903 <unknown>\n#8 0x56484dec6ece <unknown>\n#9 0x56484dec7fde <unknown>\n#10 0x56484e12863e <unknown>\n#11 0x56484e12bb79 <unknown>\n#12 0x56484e10e89e <unknown>\n#13 0x56484e12ca83 <unknown>\n#14 0x56484e101505 <unknown>\n#15 0x56484e14dca8 <unknown>\n#16 0x56484e14de36 <unknown>\n#17 0x56484e169333 <unknown>\n#18 0x7f5ef517ab43 <unknown>","time":{"start":1671194965480,"stop":1671194966156,"duration":676}}]},"tags":["@pytest.mark.xfail(raises=<class 'selenium.common.exceptions.NoSuchElementException'>)"]},"source":"6c887bd0e933f959.json","parameterValues":["'secret_sauce'","'problem_user'"]}