{"uid":"934fe8b88e6307f1","name":"test_TC_002_05_read_privacy_policy_from_final_page","fullName":"tests.test_TC_002_read_privacy_policy.Tests#test_TC_002_05_read_privacy_policy_from_final_page","historyId":"ca7b5aac9a71c6333e576a6412c91c17","time":{"start":1671503201077,"stop":1671503201927,"duration":850},"status":"skipped","statusMessage":"XFAIL\n\nselenium.common.exceptions.InvalidSelectorException: Message: invalid selector: The result of the xpath expression \"//*[@class = 'footer_copy']/text()[3]\" is: [object Text]. It should be an element.\n  (Session info: headless chrome=108.0.5359.98)\nStacktrace:\n#0 0x55f6ec6f02a3 <unknown>\n#1 0x55f6ec4aef77 <unknown>\n#2 0x55f6ec4b29c8 <unknown>\n#3 0x55f6ec4b2792 <unknown>\n#4 0x55f6ec4b2a9c <unknown>\n#5 0x55f6ec4eb538 <unknown>\n#6 0x55f6ec4eba71 <unknown>\n#7 0x55f6ec525734 <unknown>\n#8 0x55f6ec50bb5d <unknown>\n#9 0x55f6ec52347c <unknown>\n#10 0x55f6ec50b903 <unknown>\n#11 0x55f6ec4deece <unknown>\n#12 0x55f6ec4dffde <unknown>\n#13 0x55f6ec74063e <unknown>\n#14 0x55f6ec743b79 <unknown>\n#15 0x55f6ec72689e <unknown>\n#16 0x55f6ec744a83 <unknown>\n#17 0x55f6ec719505 <unknown>\n#18 0x55f6ec765ca8 <unknown>\n#19 0x55f6ec765e36 <unknown>\n#20 0x55f6ec781333 <unknown>\n#21 0x7fba4b458b43 <unknown>","statusTrace":"self = <SauceDemoProject.tests.test_TC_002_read_privacy_policy.Tests object at 0x7f564c4cd720>\nd = <selenium.webdriver.chrome.webdriver.WebDriver (session=\"b51330bc87ae10f9ee6b53cd069c6eed\")>\n\n    @allure.feature(\"US_002 | Privacy Policy\")\n    @allure.story(\"TC_002.05 | Read Privacy Policy from the final page\")\n    @pytest.mark.xfail(raises=InvalidSelectorException)\n    def test_TC_002_05_read_privacy_policy_from_final_page(self, d):\n        page = LoginPage(d, LoginPageSrc.URL)  # Creates the Login page instance\n        page.open_page()\n        page.register_user(\"standard_user\", \"secret_sauce\")  # Standard user logs in\n        page = ProductsPage(d, ProductsPageSrc.URL)  # Creates the ProductsPage instance\n        page.add_item_on_products_page(\n            \"Sauce Labs Onesie\"\n        )  # puts one product into the cart\n        page.go_to_basket_page()  # gets to the cart page\n        page = CartPage(d, CartPageSrc.URL)  # Creates the Cart Page instance\n        page.go_to_checkout_1_page()  # gets to Checkout step 1 page\n        page = CheckoutPage_1(\n            d, Chckout1PageSrc.URL\n        )  # Creates the Checkout-one page instance\n        page.should_be_checkout_1_page()  # Checks that the current page is Checkout-1 page\n        page.set_shipping_info(\"John\", \"Smith\", \"33009\")  # Enters shipping data\n        page.go_to_checkout_2_page()  # gets to checkout-2 page\n        page = CheckoutPage_2(\n            d, Chckout2PageSrc.URL\n        )  # Creates the Checkout-two instance\n        page.should_be_checkout_2_page()  # Checks that the current page is Checkout-2 page\n        page.go_to_checkout_complete_page()  # gets to the final page\n        page = CheckouCmpltPage(\n            d, CheckoutCmpltPageSrc.URL\n        )  # Creates the Checkout-complete page instance\n        page.should_be_checkout_complete_page()  # Checks the current page is Checkout-complete page\n>       page.check_privacy_link()  # tries to click on Privacy Policy\n\ntests/test_TC_002_read_privacy_policy.py:137: \n_ _ _ _ _ _ _ _ _ _ _ _ _ _ _ _ _ _ _ _ _ _ _ _ _ _ _ _ _ _ _ _ _ _ _ _ _ _ _ _ \npages/checkout_cmplt_page.py:44: in check_privacy_link\n    self.browser.find_element(*PageLocators.PRIVACY).click()\n../../../.cache/pypoetry/virtualenvs/saucedemoproject-P9vpYs8v-py3.10/lib/python3.10/site-packages/selenium/webdriver/remote/webdriver.py:861: in find_element\n    return self.execute(Command.FIND_ELEMENT, {\"using\": by, \"value\": value})[\"value\"]\n../../../.cache/pypoetry/virtualenvs/saucedemoproject-P9vpYs8v-py3.10/lib/python3.10/site-packages/selenium/webdriver/remote/webdriver.py:444: in execute\n    self.error_handler.check_response(response)\n_ _ _ _ _ _ _ _ _ _ _ _ _ _ _ _ _ _ _ _ _ _ _ _ _ _ _ _ _ _ _ _ _ _ _ _ _ _ _ _ \n\nself = <selenium.webdriver.remote.errorhandler.ErrorHandler object at 0x7f564c3d3550>\nresponse = {'status': 400, 'value': '{\"value\":{\"error\":\"invalid selector\",\"message\":\"invalid selector: The result of the xpath ex...\\\\n#19 0x55f6ec765e36 \\\\u003Cunknown>\\\\n#20 0x55f6ec781333 \\\\u003Cunknown>\\\\n#21 0x7fba4b458b43 \\\\u003Cunknown>\\\\n\"}}'}\n\n    def check_response(self, response: Dict[str, Any]) -> None:\n        \"\"\"\n        Checks that a JSON response from the WebDriver does not have an error.\n    \n        :Args:\n         - response - The JSON response from the WebDriver server as a dictionary\n           object.\n    \n        :Raises: If the response contains an error message.\n        \"\"\"\n        status = response.get(\"status\", None)\n        if not status or status == ErrorCode.SUCCESS:\n            return\n        value = None\n        message = response.get(\"message\", \"\")\n        screen: str = response.get(\"screen\", \"\")\n        stacktrace = None\n        if isinstance(status, int):\n            value_json = response.get(\"value\", None)\n            if value_json and isinstance(value_json, str):\n                import json\n    \n                try:\n                    value = json.loads(value_json)\n                    if len(value.keys()) == 1:\n                        value = value[\"value\"]\n                    status = value.get(\"error\", None)\n                    if not status:\n                        status = value.get(\"status\", ErrorCode.UNKNOWN_ERROR)\n                        message = value.get(\"value\") or value.get(\"message\")\n                        if not isinstance(message, str):\n                            value = message\n                            message = message.get(\"message\")\n                    else:\n                        message = value.get(\"message\", None)\n                except ValueError:\n                    pass\n    \n        exception_class: Type[WebDriverException]\n        if status in ErrorCode.NO_SUCH_ELEMENT:\n            exception_class = NoSuchElementException\n        elif status in ErrorCode.NO_SUCH_FRAME:\n            exception_class = NoSuchFrameException\n        elif status in ErrorCode.NO_SUCH_SHADOW_ROOT:\n            exception_class = NoSuchShadowRootException\n        elif status in ErrorCode.NO_SUCH_WINDOW:\n            exception_class = NoSuchWindowException\n        elif status in ErrorCode.STALE_ELEMENT_REFERENCE:\n            exception_class = StaleElementReferenceException\n        elif status in ErrorCode.ELEMENT_NOT_VISIBLE:\n            exception_class = ElementNotVisibleException\n        elif status in ErrorCode.INVALID_ELEMENT_STATE:\n            exception_class = InvalidElementStateException\n        elif (\n            status in ErrorCode.INVALID_SELECTOR\n            or status in ErrorCode.INVALID_XPATH_SELECTOR\n            or status in ErrorCode.INVALID_XPATH_SELECTOR_RETURN_TYPER\n        ):\n            exception_class = InvalidSelectorException\n        elif status in ErrorCode.ELEMENT_IS_NOT_SELECTABLE:\n            exception_class = ElementNotSelectableException\n        elif status in ErrorCode.ELEMENT_NOT_INTERACTABLE:\n            exception_class = ElementNotInteractableException\n        elif status in ErrorCode.INVALID_COOKIE_DOMAIN:\n            exception_class = InvalidCookieDomainException\n        elif status in ErrorCode.UNABLE_TO_SET_COOKIE:\n            exception_class = UnableToSetCookieException\n        elif status in ErrorCode.TIMEOUT:\n            exception_class = TimeoutException\n        elif status in ErrorCode.SCRIPT_TIMEOUT:\n            exception_class = TimeoutException\n        elif status in ErrorCode.UNKNOWN_ERROR:\n            exception_class = WebDriverException\n        elif status in ErrorCode.UNEXPECTED_ALERT_OPEN:\n            exception_class = UnexpectedAlertPresentException\n        elif status in ErrorCode.NO_ALERT_OPEN:\n            exception_class = NoAlertPresentException\n        elif status in ErrorCode.IME_NOT_AVAILABLE:\n            exception_class = ImeNotAvailableException\n        elif status in ErrorCode.IME_ENGINE_ACTIVATION_FAILED:\n            exception_class = ImeActivationFailedException\n        elif status in ErrorCode.MOVE_TARGET_OUT_OF_BOUNDS:\n            exception_class = MoveTargetOutOfBoundsException\n        elif status in ErrorCode.JAVASCRIPT_ERROR:\n            exception_class = JavascriptException\n        elif status in ErrorCode.SESSION_NOT_CREATED:\n            exception_class = SessionNotCreatedException\n        elif status in ErrorCode.INVALID_ARGUMENT:\n            exception_class = InvalidArgumentException\n        elif status in ErrorCode.NO_SUCH_COOKIE:\n            exception_class = NoSuchCookieException\n        elif status in ErrorCode.UNABLE_TO_CAPTURE_SCREEN:\n            exception_class = ScreenshotException\n        elif status in ErrorCode.ELEMENT_CLICK_INTERCEPTED:\n            exception_class = ElementClickInterceptedException\n        elif status in ErrorCode.INSECURE_CERTIFICATE:\n            exception_class = InsecureCertificateException\n        elif status in ErrorCode.INVALID_COORDINATES:\n            exception_class = InvalidCoordinatesException\n        elif status in ErrorCode.INVALID_SESSION_ID:\n            exception_class = InvalidSessionIdException\n        elif status in ErrorCode.UNKNOWN_METHOD:\n            exception_class = UnknownMethodException\n        else:\n            exception_class = WebDriverException\n        if not value:\n            value = response[\"value\"]\n        if isinstance(value, str):\n            raise exception_class(value)\n        if message == \"\" and \"message\" in value:\n            message = value[\"message\"]\n    \n        screen = None  # type: ignore[assignment]\n        if \"screen\" in value:\n            screen = value[\"screen\"]\n    \n        stacktrace = None\n        st_value = value.get(\"stackTrace\") or value.get(\"stacktrace\")\n        if st_value:\n            if isinstance(st_value, str):\n                stacktrace = st_value.split(\"\\n\")\n            else:\n                stacktrace = []\n                try:\n                    for frame in st_value:\n                        line = frame.get(\"lineNumber\", \"\")\n                        file = frame.get(\"fileName\", \"<anonymous>\")\n                        if line:\n                            file = f\"{file}:{line}\"\n                        meth = frame.get(\"methodName\", \"<anonymous>\")\n                        if \"className\" in frame:\n                            meth = \"{}.{}\".format(frame[\"className\"], meth)\n                        msg = \"    at %s (%s)\"\n                        msg = msg % (meth, file)\n                        stacktrace.append(msg)\n                except TypeError:\n                    pass\n        if exception_class == UnexpectedAlertPresentException:\n            alert_text = None\n            if \"data\" in value:\n                alert_text = value[\"data\"].get(\"text\")\n            elif \"alert\" in value:\n                alert_text = value[\"alert\"].get(\"text\")\n            raise exception_class(message, screen, stacktrace, alert_text)  # type: ignore[call-arg]  # mypy is not smart enough here\n>       raise exception_class(message, screen, stacktrace)\nE       selenium.common.exceptions.InvalidSelectorException: Message: invalid selector: The result of the xpath expression \"//*[@class = 'footer_copy']/text()[3]\" is: [object Text]. It should be an element.\nE         (Session info: headless chrome=108.0.5359.98)\nE       Stacktrace:\nE       #0 0x55f6ec6f02a3 <unknown>\nE       #1 0x55f6ec4aef77 <unknown>\nE       #2 0x55f6ec4b29c8 <unknown>\nE       #3 0x55f6ec4b2792 <unknown>\nE       #4 0x55f6ec4b2a9c <unknown>\nE       #5 0x55f6ec4eb538 <unknown>\nE       #6 0x55f6ec4eba71 <unknown>\nE       #7 0x55f6ec525734 <unknown>\nE       #8 0x55f6ec50bb5d <unknown>\nE       #9 0x55f6ec52347c <unknown>\nE       #10 0x55f6ec50b903 <unknown>\nE       #11 0x55f6ec4deece <unknown>\nE       #12 0x55f6ec4dffde <unknown>\nE       #13 0x55f6ec74063e <unknown>\nE       #14 0x55f6ec743b79 <unknown>\nE       #15 0x55f6ec72689e <unknown>\nE       #16 0x55f6ec744a83 <unknown>\nE       #17 0x55f6ec719505 <unknown>\nE       #18 0x55f6ec765ca8 <unknown>\nE       #19 0x55f6ec765e36 <unknown>\nE       #20 0x55f6ec781333 <unknown>\nE       #21 0x7fba4b458b43 <unknown>\n\n../../../.cache/pypoetry/virtualenvs/saucedemoproject-P9vpYs8v-py3.10/lib/python3.10/site-packages/selenium/webdriver/remote/errorhandler.py:249: InvalidSelectorException","flaky":false,"newFailed":false,"newBroken":false,"newPassed":false,"retriesCount":0,"retriesStatusChange":false,"beforeStages":[{"name":"d","time":{"start":1671503189445,"stop":1671503194762,"duration":5317},"status":"passed","steps":[],"attachments":[],"parameters":[],"stepsCount":0,"attachmentsCount":0,"shouldDisplayMessage":false,"hasContent":false},{"name":"browser","time":{"start":1671503189445,"stop":1671503189445,"duration":0},"status":"passed","steps":[],"attachments":[],"parameters":[],"stepsCount":0,"attachmentsCount":0,"shouldDisplayMessage":false,"hasContent":false},{"name":"g","time":{"start":1671503194762,"stop":1671503195637,"duration":875},"status":"passed","steps":[],"attachments":[],"parameters":[],"stepsCount":0,"attachmentsCount":0,"shouldDisplayMessage":false,"hasContent":false}],"testStage":{"status":"skipped","statusMessage":"XFAIL\n\nselenium.common.exceptions.InvalidSelectorException: Message: invalid selector: The result of the xpath expression \"//*[@class = 'footer_copy']/text()[3]\" is: [object Text]. It should be an element.\n  (Session info: headless chrome=108.0.5359.98)\nStacktrace:\n#0 0x55f6ec6f02a3 <unknown>\n#1 0x55f6ec4aef77 <unknown>\n#2 0x55f6ec4b29c8 <unknown>\n#3 0x55f6ec4b2792 <unknown>\n#4 0x55f6ec4b2a9c <unknown>\n#5 0x55f6ec4eb538 <unknown>\n#6 0x55f6ec4eba71 <unknown>\n#7 0x55f6ec525734 <unknown>\n#8 0x55f6ec50bb5d <unknown>\n#9 0x55f6ec52347c <unknown>\n#10 0x55f6ec50b903 <unknown>\n#11 0x55f6ec4deece <unknown>\n#12 0x55f6ec4dffde <unknown>\n#13 0x55f6ec74063e <unknown>\n#14 0x55f6ec743b79 <unknown>\n#15 0x55f6ec72689e <unknown>\n#16 0x55f6ec744a83 <unknown>\n#17 0x55f6ec719505 <unknown>\n#18 0x55f6ec765ca8 <unknown>\n#19 0x55f6ec765e36 <unknown>\n#20 0x55f6ec781333 <unknown>\n#21 0x7fba4b458b43 <unknown>","statusTrace":"self = <SauceDemoProject.tests.test_TC_002_read_privacy_policy.Tests object at 0x7f564c4cd720>\nd = <selenium.webdriver.chrome.webdriver.WebDriver (session=\"b51330bc87ae10f9ee6b53cd069c6eed\")>\n\n    @allure.feature(\"US_002 | Privacy Policy\")\n    @allure.story(\"TC_002.05 | Read Privacy Policy from the final page\")\n    @pytest.mark.xfail(raises=InvalidSelectorException)\n    def test_TC_002_05_read_privacy_policy_from_final_page(self, d):\n        page = LoginPage(d, LoginPageSrc.URL)  # Creates the Login page instance\n        page.open_page()\n        page.register_user(\"standard_user\", \"secret_sauce\")  # Standard user logs in\n        page = ProductsPage(d, ProductsPageSrc.URL)  # Creates the ProductsPage instance\n        page.add_item_on_products_page(\n            \"Sauce Labs Onesie\"\n        )  # puts one product into the cart\n        page.go_to_basket_page()  # gets to the cart page\n        page = CartPage(d, CartPageSrc.URL)  # Creates the Cart Page instance\n        page.go_to_checkout_1_page()  # gets to Checkout step 1 page\n        page = CheckoutPage_1(\n            d, Chckout1PageSrc.URL\n        )  # Creates the Checkout-one page instance\n        page.should_be_checkout_1_page()  # Checks that the current page is Checkout-1 page\n        page.set_shipping_info(\"John\", \"Smith\", \"33009\")  # Enters shipping data\n        page.go_to_checkout_2_page()  # gets to checkout-2 page\n        page = CheckoutPage_2(\n            d, Chckout2PageSrc.URL\n        )  # Creates the Checkout-two instance\n        page.should_be_checkout_2_page()  # Checks that the current page is Checkout-2 page\n        page.go_to_checkout_complete_page()  # gets to the final page\n        page = CheckouCmpltPage(\n            d, CheckoutCmpltPageSrc.URL\n        )  # Creates the Checkout-complete page instance\n        page.should_be_checkout_complete_page()  # Checks the current page is Checkout-complete page\n>       page.check_privacy_link()  # tries to click on Privacy Policy\n\ntests/test_TC_002_read_privacy_policy.py:137: \n_ _ _ _ _ _ _ _ _ _ _ _ _ _ _ _ _ _ _ _ _ _ _ _ _ _ _ _ _ _ _ _ _ _ _ _ _ _ _ _ \npages/checkout_cmplt_page.py:44: in check_privacy_link\n    self.browser.find_element(*PageLocators.PRIVACY).click()\n../../../.cache/pypoetry/virtualenvs/saucedemoproject-P9vpYs8v-py3.10/lib/python3.10/site-packages/selenium/webdriver/remote/webdriver.py:861: in find_element\n    return self.execute(Command.FIND_ELEMENT, {\"using\": by, \"value\": value})[\"value\"]\n../../../.cache/pypoetry/virtualenvs/saucedemoproject-P9vpYs8v-py3.10/lib/python3.10/site-packages/selenium/webdriver/remote/webdriver.py:444: in execute\n    self.error_handler.check_response(response)\n_ _ _ _ _ _ _ _ _ _ _ _ _ _ _ _ _ _ _ _ _ _ _ _ _ _ _ _ _ _ _ _ _ _ _ _ _ _ _ _ \n\nself = <selenium.webdriver.remote.errorhandler.ErrorHandler object at 0x7f564c3d3550>\nresponse = {'status': 400, 'value': '{\"value\":{\"error\":\"invalid selector\",\"message\":\"invalid selector: The result of the xpath ex...\\\\n#19 0x55f6ec765e36 \\\\u003Cunknown>\\\\n#20 0x55f6ec781333 \\\\u003Cunknown>\\\\n#21 0x7fba4b458b43 \\\\u003Cunknown>\\\\n\"}}'}\n\n    def check_response(self, response: Dict[str, Any]) -> None:\n        \"\"\"\n        Checks that a JSON response from the WebDriver does not have an error.\n    \n        :Args:\n         - response - The JSON response from the WebDriver server as a dictionary\n           object.\n    \n        :Raises: If the response contains an error message.\n        \"\"\"\n        status = response.get(\"status\", None)\n        if not status or status == ErrorCode.SUCCESS:\n            return\n        value = None\n        message = response.get(\"message\", \"\")\n        screen: str = response.get(\"screen\", \"\")\n        stacktrace = None\n        if isinstance(status, int):\n            value_json = response.get(\"value\", None)\n            if value_json and isinstance(value_json, str):\n                import json\n    \n                try:\n                    value = json.loads(value_json)\n                    if len(value.keys()) == 1:\n                        value = value[\"value\"]\n                    status = value.get(\"error\", None)\n                    if not status:\n                        status = value.get(\"status\", ErrorCode.UNKNOWN_ERROR)\n                        message = value.get(\"value\") or value.get(\"message\")\n                        if not isinstance(message, str):\n                            value = message\n                            message = message.get(\"message\")\n                    else:\n                        message = value.get(\"message\", None)\n                except ValueError:\n                    pass\n    \n        exception_class: Type[WebDriverException]\n        if status in ErrorCode.NO_SUCH_ELEMENT:\n            exception_class = NoSuchElementException\n        elif status in ErrorCode.NO_SUCH_FRAME:\n            exception_class = NoSuchFrameException\n        elif status in ErrorCode.NO_SUCH_SHADOW_ROOT:\n            exception_class = NoSuchShadowRootException\n        elif status in ErrorCode.NO_SUCH_WINDOW:\n            exception_class = NoSuchWindowException\n        elif status in ErrorCode.STALE_ELEMENT_REFERENCE:\n            exception_class = StaleElementReferenceException\n        elif status in ErrorCode.ELEMENT_NOT_VISIBLE:\n            exception_class = ElementNotVisibleException\n        elif status in ErrorCode.INVALID_ELEMENT_STATE:\n            exception_class = InvalidElementStateException\n        elif (\n            status in ErrorCode.INVALID_SELECTOR\n            or status in ErrorCode.INVALID_XPATH_SELECTOR\n            or status in ErrorCode.INVALID_XPATH_SELECTOR_RETURN_TYPER\n        ):\n            exception_class = InvalidSelectorException\n        elif status in ErrorCode.ELEMENT_IS_NOT_SELECTABLE:\n            exception_class = ElementNotSelectableException\n        elif status in ErrorCode.ELEMENT_NOT_INTERACTABLE:\n            exception_class = ElementNotInteractableException\n        elif status in ErrorCode.INVALID_COOKIE_DOMAIN:\n            exception_class = InvalidCookieDomainException\n        elif status in ErrorCode.UNABLE_TO_SET_COOKIE:\n            exception_class = UnableToSetCookieException\n        elif status in ErrorCode.TIMEOUT:\n            exception_class = TimeoutException\n        elif status in ErrorCode.SCRIPT_TIMEOUT:\n            exception_class = TimeoutException\n        elif status in ErrorCode.UNKNOWN_ERROR:\n            exception_class = WebDriverException\n        elif status in ErrorCode.UNEXPECTED_ALERT_OPEN:\n            exception_class = UnexpectedAlertPresentException\n        elif status in ErrorCode.NO_ALERT_OPEN:\n            exception_class = NoAlertPresentException\n        elif status in ErrorCode.IME_NOT_AVAILABLE:\n            exception_class = ImeNotAvailableException\n        elif status in ErrorCode.IME_ENGINE_ACTIVATION_FAILED:\n            exception_class = ImeActivationFailedException\n        elif status in ErrorCode.MOVE_TARGET_OUT_OF_BOUNDS:\n            exception_class = MoveTargetOutOfBoundsException\n        elif status in ErrorCode.JAVASCRIPT_ERROR:\n            exception_class = JavascriptException\n        elif status in ErrorCode.SESSION_NOT_CREATED:\n            exception_class = SessionNotCreatedException\n        elif status in ErrorCode.INVALID_ARGUMENT:\n            exception_class = InvalidArgumentException\n        elif status in ErrorCode.NO_SUCH_COOKIE:\n            exception_class = NoSuchCookieException\n        elif status in ErrorCode.UNABLE_TO_CAPTURE_SCREEN:\n            exception_class = ScreenshotException\n        elif status in ErrorCode.ELEMENT_CLICK_INTERCEPTED:\n            exception_class = ElementClickInterceptedException\n        elif status in ErrorCode.INSECURE_CERTIFICATE:\n            exception_class = InsecureCertificateException\n        elif status in ErrorCode.INVALID_COORDINATES:\n            exception_class = InvalidCoordinatesException\n        elif status in ErrorCode.INVALID_SESSION_ID:\n            exception_class = InvalidSessionIdException\n        elif status in ErrorCode.UNKNOWN_METHOD:\n            exception_class = UnknownMethodException\n        else:\n            exception_class = WebDriverException\n        if not value:\n            value = response[\"value\"]\n        if isinstance(value, str):\n            raise exception_class(value)\n        if message == \"\" and \"message\" in value:\n            message = value[\"message\"]\n    \n        screen = None  # type: ignore[assignment]\n        if \"screen\" in value:\n            screen = value[\"screen\"]\n    \n        stacktrace = None\n        st_value = value.get(\"stackTrace\") or value.get(\"stacktrace\")\n        if st_value:\n            if isinstance(st_value, str):\n                stacktrace = st_value.split(\"\\n\")\n            else:\n                stacktrace = []\n                try:\n                    for frame in st_value:\n                        line = frame.get(\"lineNumber\", \"\")\n                        file = frame.get(\"fileName\", \"<anonymous>\")\n                        if line:\n                            file = f\"{file}:{line}\"\n                        meth = frame.get(\"methodName\", \"<anonymous>\")\n                        if \"className\" in frame:\n                            meth = \"{}.{}\".format(frame[\"className\"], meth)\n                        msg = \"    at %s (%s)\"\n                        msg = msg % (meth, file)\n                        stacktrace.append(msg)\n                except TypeError:\n                    pass\n        if exception_class == UnexpectedAlertPresentException:\n            alert_text = None\n            if \"data\" in value:\n                alert_text = value[\"data\"].get(\"text\")\n            elif \"alert\" in value:\n                alert_text = value[\"alert\"].get(\"text\")\n            raise exception_class(message, screen, stacktrace, alert_text)  # type: ignore[call-arg]  # mypy is not smart enough here\n>       raise exception_class(message, screen, stacktrace)\nE       selenium.common.exceptions.InvalidSelectorException: Message: invalid selector: The result of the xpath expression \"//*[@class = 'footer_copy']/text()[3]\" is: [object Text]. It should be an element.\nE         (Session info: headless chrome=108.0.5359.98)\nE       Stacktrace:\nE       #0 0x55f6ec6f02a3 <unknown>\nE       #1 0x55f6ec4aef77 <unknown>\nE       #2 0x55f6ec4b29c8 <unknown>\nE       #3 0x55f6ec4b2792 <unknown>\nE       #4 0x55f6ec4b2a9c <unknown>\nE       #5 0x55f6ec4eb538 <unknown>\nE       #6 0x55f6ec4eba71 <unknown>\nE       #7 0x55f6ec525734 <unknown>\nE       #8 0x55f6ec50bb5d <unknown>\nE       #9 0x55f6ec52347c <unknown>\nE       #10 0x55f6ec50b903 <unknown>\nE       #11 0x55f6ec4deece <unknown>\nE       #12 0x55f6ec4dffde <unknown>\nE       #13 0x55f6ec74063e <unknown>\nE       #14 0x55f6ec743b79 <unknown>\nE       #15 0x55f6ec72689e <unknown>\nE       #16 0x55f6ec744a83 <unknown>\nE       #17 0x55f6ec719505 <unknown>\nE       #18 0x55f6ec765ca8 <unknown>\nE       #19 0x55f6ec765e36 <unknown>\nE       #20 0x55f6ec781333 <unknown>\nE       #21 0x7fba4b458b43 <unknown>\n\n../../../.cache/pypoetry/virtualenvs/saucedemoproject-P9vpYs8v-py3.10/lib/python3.10/site-packages/selenium/webdriver/remote/errorhandler.py:249: InvalidSelectorException","steps":[],"attachments":[{"uid":"4a168ff32301a295","name":"Screenshot","source":"4a168ff32301a295.png","type":"image/png","size":149876},{"uid":"8469279bb2fe469a","name":"stdout","source":"8469279bb2fe469a.txt","type":"text/plain","size":33}],"parameters":[],"stepsCount":0,"attachmentsCount":2,"shouldDisplayMessage":true,"hasContent":true},"afterStages":[{"name":"g::0","time":{"start":1671503202466,"stop":1671503202523,"duration":57},"status":"passed","steps":[],"attachments":[],"parameters":[],"stepsCount":0,"attachmentsCount":0,"shouldDisplayMessage":false,"hasContent":false}],"labels":[{"name":"story","value":"TC_002.05 | Read Privacy Policy from the final page"},{"name":"feature","value":"US_002 | Privacy Policy"},{"name":"tag","value":"@pytest.mark.xfail(raises=<class 'selenium.common.exceptions.InvalidSelectorException'>)"},{"name":"parentSuite","value":"tests"},{"name":"suite","value":"test_TC_002_read_privacy_policy"},{"name":"subSuite","value":"Tests"},{"name":"host","value":"fv-az444-31"},{"name":"thread","value":"2728-MainThread"},{"name":"framework","value":"pytest"},{"name":"language","value":"cpython3"},{"name":"package","value":"tests.test_TC_002_read_privacy_policy"},{"name":"resultFormat","value":"allure2"}],"parameters":[],"links":[],"hidden":false,"retry":false,"extra":{"severity":"normal","retries":[],"categories":[],"history":{"statistic":{"failed":0,"broken":0,"skipped":70,"passed":0,"unknown":0,"total":70},"items":[{"uid":"c04172ed7c78e7f4","reportUrl":"https://Natalia-Tsy.github.io/SauceDemoProject/356//#testresult/c04172ed7c78e7f4","status":"skipped","statusDetails":"XFAIL\n\nselenium.common.exceptions.InvalidSelectorException: Message: invalid selector: The result of the xpath expression \"//*[@class = 'footer_copy']/text()[3]\" is: [object Text]. It should be an element.\n  (Session info: headless chrome=108.0.5359.98)\nStacktrace:\n#0 0x56343e4412a3 <unknown>\n#1 0x56343e1fff77 <unknown>\n#2 0x56343e2039c8 <unknown>\n#3 0x56343e203792 <unknown>\n#4 0x56343e203a9c <unknown>\n#5 0x56343e23c538 <unknown>\n#6 0x56343e23ca71 <unknown>\n#7 0x56343e276734 <unknown>\n#8 0x56343e25cb5d <unknown>\n#9 0x56343e27447c <unknown>\n#10 0x56343e25c903 <unknown>\n#11 0x56343e22fece <unknown>\n#12 0x56343e230fde <unknown>\n#13 0x56343e49163e <unknown>\n#14 0x56343e494b79 <unknown>\n#15 0x56343e47789e <unknown>\n#16 0x56343e495a83 <unknown>\n#17 0x56343e46a505 <unknown>\n#18 0x56343e4b6ca8 <unknown>\n#19 0x56343e4b6e36 <unknown>\n#20 0x56343e4d2333 <unknown>\n#21 0x7f7e3f883b43 <unknown>","time":{"start":1671502616861,"stop":1671502617867,"duration":1006}},{"uid":"5941eef38379c8df","reportUrl":"https://Natalia-Tsy.github.io/SauceDemoProject/355//#testresult/5941eef38379c8df","status":"skipped","statusDetails":"XFAIL\n\nselenium.common.exceptions.InvalidSelectorException: Message: invalid selector: The result of the xpath expression \"//*[@class = 'footer_copy']/text()[3]\" is: [object Text]. It should be an element.\n  (Session info: headless chrome=108.0.5359.98)\nStacktrace:\n#0 0x55b831e3c2a3 <unknown>\n#1 0x55b831bfaf77 <unknown>\n#2 0x55b831bfe9c8 <unknown>\n#3 0x55b831bfe792 <unknown>\n#4 0x55b831bfea9c <unknown>\n#5 0x55b831c37538 <unknown>\n#6 0x55b831c37a71 <unknown>\n#7 0x55b831c71734 <unknown>\n#8 0x55b831c57b5d <unknown>\n#9 0x55b831c6f47c <unknown>\n#10 0x55b831c57903 <unknown>\n#11 0x55b831c2aece <unknown>\n#12 0x55b831c2bfde <unknown>\n#13 0x55b831e8c63e <unknown>\n#14 0x55b831e8fb79 <unknown>\n#15 0x55b831e7289e <unknown>\n#16 0x55b831e90a83 <unknown>\n#17 0x55b831e65505 <unknown>\n#18 0x55b831eb1ca8 <unknown>\n#19 0x55b831eb1e36 <unknown>\n#20 0x55b831ecd333 <unknown>\n#21 0x7fb51d384b43 <unknown>","time":{"start":1671501745959,"stop":1671501746799,"duration":840}},{"uid":"324003f8817397da","reportUrl":"https://Natalia-Tsy.github.io/SauceDemoProject/353//#testresult/324003f8817397da","status":"skipped","statusDetails":"XFAIL\n\nselenium.common.exceptions.InvalidSelectorException: Message: invalid selector: The result of the xpath expression \"//*[@class = 'footer_copy']/text()[3]\" is: [object Text]. It should be an element.\n  (Session info: headless chrome=108.0.5359.98)\nStacktrace:\n#0 0x55ec6b5562a3 <unknown>\n#1 0x55ec6b314f77 <unknown>\n#2 0x55ec6b3189c8 <unknown>\n#3 0x55ec6b318792 <unknown>\n#4 0x55ec6b318a9c <unknown>\n#5 0x55ec6b351538 <unknown>\n#6 0x55ec6b351a71 <unknown>\n#7 0x55ec6b38b734 <unknown>\n#8 0x55ec6b371b5d <unknown>\n#9 0x55ec6b38947c <unknown>\n#10 0x55ec6b371903 <unknown>\n#11 0x55ec6b344ece <unknown>\n#12 0x55ec6b345fde <unknown>\n#13 0x55ec6b5a663e <unknown>\n#14 0x55ec6b5a9b79 <unknown>\n#15 0x55ec6b58c89e <unknown>\n#16 0x55ec6b5aaa83 <unknown>\n#17 0x55ec6b57f505 <unknown>\n#18 0x55ec6b5cbca8 <unknown>\n#19 0x55ec6b5cbe36 <unknown>\n#20 0x55ec6b5e7333 <unknown>\n#21 0x7fd19e36fb43 <unknown>","time":{"start":1671500243774,"stop":1671500244645,"duration":871}},{"uid":"12714e3d16f8d625","reportUrl":"https://Natalia-Tsy.github.io/SauceDemoProject/352//#testresult/12714e3d16f8d625","status":"skipped","statusDetails":"XFAIL\n\nselenium.common.exceptions.InvalidSelectorException: Message: invalid selector: The result of the xpath expression \"//*[@class = 'footer_copy']/text()[3]\" is: [object Text]. It should be an element.\n  (Session info: headless chrome=108.0.5359.98)\nStacktrace:\n#0 0x55bba1b752a3 <unknown>\n#1 0x55bba1933f77 <unknown>\n#2 0x55bba19379c8 <unknown>\n#3 0x55bba1937792 <unknown>\n#4 0x55bba1937a9c <unknown>\n#5 0x55bba1970538 <unknown>\n#6 0x55bba1970a71 <unknown>\n#7 0x55bba19aa734 <unknown>\n#8 0x55bba1990b5d <unknown>\n#9 0x55bba19a847c <unknown>\n#10 0x55bba1990903 <unknown>\n#11 0x55bba1963ece <unknown>\n#12 0x55bba1964fde <unknown>\n#13 0x55bba1bc563e <unknown>\n#14 0x55bba1bc8b79 <unknown>\n#15 0x55bba1bab89e <unknown>\n#16 0x55bba1bc9a83 <unknown>\n#17 0x55bba1b9e505 <unknown>\n#18 0x55bba1beaca8 <unknown>\n#19 0x55bba1beae36 <unknown>\n#20 0x55bba1c06333 <unknown>\n#21 0x7f9bd68e0b43 <unknown>","time":{"start":1671499110718,"stop":1671499111626,"duration":908}},{"uid":"60fbfc38d944191","reportUrl":"https://Natalia-Tsy.github.io/SauceDemoProject/351//#testresult/60fbfc38d944191","status":"skipped","statusDetails":"XFAIL\n\nselenium.common.exceptions.InvalidSelectorException: Message: invalid selector: The result of the xpath expression \"//*[@class = 'footer_copy']/text()[3]\" is: [object Text]. It should be an element.\n  (Session info: headless chrome=108.0.5359.98)\nStacktrace:\n#0 0x555d7ebc72a3 <unknown>\n#1 0x555d7e985f77 <unknown>\n#2 0x555d7e9899c8 <unknown>\n#3 0x555d7e989792 <unknown>\n#4 0x555d7e989a9c <unknown>\n#5 0x555d7e9c2538 <unknown>\n#6 0x555d7e9c2a71 <unknown>\n#7 0x555d7e9fc734 <unknown>\n#8 0x555d7e9e2b5d <unknown>\n#9 0x555d7e9fa47c <unknown>\n#10 0x555d7e9e2903 <unknown>\n#11 0x555d7e9b5ece <unknown>\n#12 0x555d7e9b6fde <unknown>\n#13 0x555d7ec1763e <unknown>\n#14 0x555d7ec1ab79 <unknown>\n#15 0x555d7ebfd89e <unknown>\n#16 0x555d7ec1ba83 <unknown>\n#17 0x555d7ebf0505 <unknown>\n#18 0x555d7ec3cca8 <unknown>\n#19 0x555d7ec3ce36 <unknown>\n#20 0x555d7ec58333 <unknown>\n#21 0x7fc32b5e7b43 <unknown>","time":{"start":1671498449982,"stop":1671498450833,"duration":851}},{"uid":"a6f1e6a317353e77","reportUrl":"https://Natalia-Tsy.github.io/SauceDemoProject/350//#testresult/a6f1e6a317353e77","status":"skipped","statusDetails":"XFAIL\n\nselenium.common.exceptions.InvalidSelectorException: Message: invalid selector: The result of the xpath expression \"//*[@class = 'footer_copy']/text()[3]\" is: [object Text]. It should be an element.\n  (Session info: headless chrome=108.0.5359.98)\nStacktrace:\n#0 0x557711cca2a3 <unknown>\n#1 0x557711a88f77 <unknown>\n#2 0x557711a8c9c8 <unknown>\n#3 0x557711a8c792 <unknown>\n#4 0x557711a8ca9c <unknown>\n#5 0x557711ac5538 <unknown>\n#6 0x557711ac5a71 <unknown>\n#7 0x557711aff734 <unknown>\n#8 0x557711ae5b5d <unknown>\n#9 0x557711afd47c <unknown>\n#10 0x557711ae5903 <unknown>\n#11 0x557711ab8ece <unknown>\n#12 0x557711ab9fde <unknown>\n#13 0x557711d1a63e <unknown>\n#14 0x557711d1db79 <unknown>\n#15 0x557711d0089e <unknown>\n#16 0x557711d1ea83 <unknown>\n#17 0x557711cf3505 <unknown>\n#18 0x557711d3fca8 <unknown>\n#19 0x557711d3fe36 <unknown>\n#20 0x557711d5b333 <unknown>\n#21 0x7f02b99dbb43 <unknown>","time":{"start":1671497330022,"stop":1671497331279,"duration":1257}},{"uid":"f524a4a1ba98709a","reportUrl":"https://Natalia-Tsy.github.io/SauceDemoProject/349//#testresult/f524a4a1ba98709a","status":"skipped","statusDetails":"XFAIL\n\nselenium.common.exceptions.InvalidSelectorException: Message: invalid selector: The result of the xpath expression \"//*[@class = 'footer_copy']/text()[3]\" is: [object Text]. It should be an element.\n  (Session info: headless chrome=108.0.5359.98)\nStacktrace:\n#0 0x5566563ef2a3 <unknown>\n#1 0x5566561adf77 <unknown>\n#2 0x5566561b19c8 <unknown>\n#3 0x5566561b1792 <unknown>\n#4 0x5566561b1a9c <unknown>\n#5 0x5566561ea538 <unknown>\n#6 0x5566561eaa71 <unknown>\n#7 0x556656224734 <unknown>\n#8 0x55665620ab5d <unknown>\n#9 0x55665622247c <unknown>\n#10 0x55665620a903 <unknown>\n#11 0x5566561ddece <unknown>\n#12 0x5566561defde <unknown>\n#13 0x55665643f63e <unknown>\n#14 0x556656442b79 <unknown>\n#15 0x55665642589e <unknown>\n#16 0x556656443a83 <unknown>\n#17 0x556656418505 <unknown>\n#18 0x556656464ca8 <unknown>\n#19 0x556656464e36 <unknown>\n#20 0x556656480333 <unknown>\n#21 0x7fccc1075b43 <unknown>","time":{"start":1671497081722,"stop":1671497082823,"duration":1101}},{"uid":"22059e51133db62","reportUrl":"https://Natalia-Tsy.github.io/SauceDemoProject/348//#testresult/22059e51133db62","status":"skipped","statusDetails":"XFAIL\n\nselenium.common.exceptions.InvalidSelectorException: Message: invalid selector: The result of the xpath expression \"//*[@class = 'footer_copy']/text()[3]\" is: [object Text]. It should be an element.\n  (Session info: headless chrome=108.0.5359.98)\nStacktrace:\n#0 0x556926c552a3 <unknown>\n#1 0x556926a13f77 <unknown>\n#2 0x556926a179c8 <unknown>\n#3 0x556926a17792 <unknown>\n#4 0x556926a17a9c <unknown>\n#5 0x556926a50538 <unknown>\n#6 0x556926a50a71 <unknown>\n#7 0x556926a8a734 <unknown>\n#8 0x556926a70b5d <unknown>\n#9 0x556926a8847c <unknown>\n#10 0x556926a70903 <unknown>\n#11 0x556926a43ece <unknown>\n#12 0x556926a44fde <unknown>\n#13 0x556926ca563e <unknown>\n#14 0x556926ca8b79 <unknown>\n#15 0x556926c8b89e <unknown>\n#16 0x556926ca9a83 <unknown>\n#17 0x556926c7e505 <unknown>\n#18 0x556926ccaca8 <unknown>\n#19 0x556926ccae36 <unknown>\n#20 0x556926ce6333 <unknown>\n#21 0x7f205ace4b43 <unknown>","time":{"start":1671495646866,"stop":1671495647877,"duration":1011}},{"uid":"343a3c15b47139be","reportUrl":"https://Natalia-Tsy.github.io/SauceDemoProject/347//#testresult/343a3c15b47139be","status":"skipped","statusDetails":"XFAIL\n\nselenium.common.exceptions.InvalidSelectorException: Message: invalid selector: The result of the xpath expression \"//*[@class = 'footer_copy']/text()[3]\" is: [object Text]. It should be an element.\n  (Session info: headless chrome=108.0.5359.98)\nStacktrace:\n#0 0x561d56d8b2a3 <unknown>\n#1 0x561d56b49f77 <unknown>\n#2 0x561d56b4d9c8 <unknown>\n#3 0x561d56b4d792 <unknown>\n#4 0x561d56b4da9c <unknown>\n#5 0x561d56b86538 <unknown>\n#6 0x561d56b86a71 <unknown>\n#7 0x561d56bc0734 <unknown>\n#8 0x561d56ba6b5d <unknown>\n#9 0x561d56bbe47c <unknown>\n#10 0x561d56ba6903 <unknown>\n#11 0x561d56b79ece <unknown>\n#12 0x561d56b7afde <unknown>\n#13 0x561d56ddb63e <unknown>\n#14 0x561d56ddeb79 <unknown>\n#15 0x561d56dc189e <unknown>\n#16 0x561d56ddfa83 <unknown>\n#17 0x561d56db4505 <unknown>\n#18 0x561d56e00ca8 <unknown>\n#19 0x561d56e00e36 <unknown>\n#20 0x561d56e1c333 <unknown>\n#21 0x7f902d1ceb43 <unknown>","time":{"start":1671494890170,"stop":1671494891096,"duration":926}},{"uid":"1b5919369bbff5e0","reportUrl":"https://Natalia-Tsy.github.io/SauceDemoProject/346//#testresult/1b5919369bbff5e0","status":"skipped","statusDetails":"XFAIL\n\nselenium.common.exceptions.InvalidSelectorException: Message: invalid selector: The result of the xpath expression \"//*[@class = 'footer_copy']/text()[3]\" is: [object Text]. It should be an element.\n  (Session info: headless chrome=108.0.5359.98)\nStacktrace:\n#0 0x5651060e92a3 <unknown>\n#1 0x565105ea7f77 <unknown>\n#2 0x565105eab9c8 <unknown>\n#3 0x565105eab792 <unknown>\n#4 0x565105eaba9c <unknown>\n#5 0x565105ee4538 <unknown>\n#6 0x565105ee4a71 <unknown>\n#7 0x565105f1e734 <unknown>\n#8 0x565105f04b5d <unknown>\n#9 0x565105f1c47c <unknown>\n#10 0x565105f04903 <unknown>\n#11 0x565105ed7ece <unknown>\n#12 0x565105ed8fde <unknown>\n#13 0x56510613963e <unknown>\n#14 0x56510613cb79 <unknown>\n#15 0x56510611f89e <unknown>\n#16 0x56510613da83 <unknown>\n#17 0x565106112505 <unknown>\n#18 0x56510615eca8 <unknown>\n#19 0x56510615ee36 <unknown>\n#20 0x56510617a333 <unknown>\n#21 0x7f994f94bb43 <unknown>","time":{"start":1671494585296,"stop":1671494586622,"duration":1326}},{"uid":"38845e997e87263","reportUrl":"https://Natalia-Tsy.github.io/SauceDemoProject/345//#testresult/38845e997e87263","status":"skipped","statusDetails":"XFAIL\n\nselenium.common.exceptions.InvalidSelectorException: Message: invalid selector: The result of the xpath expression \"//*[@class = 'footer_copy']/text()[3]\" is: [object Text]. It should be an element.\n  (Session info: headless chrome=108.0.5359.98)\nStacktrace:\n#0 0x561844cd22a3 <unknown>\n#1 0x561844a90f77 <unknown>\n#2 0x561844a949c8 <unknown>\n#3 0x561844a94792 <unknown>\n#4 0x561844a94a9c <unknown>\n#5 0x561844acd538 <unknown>\n#6 0x561844acda71 <unknown>\n#7 0x561844b07734 <unknown>\n#8 0x561844aedb5d <unknown>\n#9 0x561844b0547c <unknown>\n#10 0x561844aed903 <unknown>\n#11 0x561844ac0ece <unknown>\n#12 0x561844ac1fde <unknown>\n#13 0x561844d2263e <unknown>\n#14 0x561844d25b79 <unknown>\n#15 0x561844d0889e <unknown>\n#16 0x561844d26a83 <unknown>\n#17 0x561844cfb505 <unknown>\n#18 0x561844d47ca8 <unknown>\n#19 0x561844d47e36 <unknown>\n#20 0x561844d63333 <unknown>\n#21 0x7eff3dd9bb43 <unknown>","time":{"start":1671488503322,"stop":1671488504363,"duration":1041}},{"uid":"130391c3c937a049","reportUrl":"https://Natalia-Tsy.github.io/SauceDemoProject/344//#testresult/130391c3c937a049","status":"skipped","statusDetails":"XFAIL\n\nselenium.common.exceptions.InvalidSelectorException: Message: invalid selector: The result of the xpath expression \"//*[@class = 'footer_copy']/text()[3]\" is: [object Text]. It should be an element.\n  (Session info: headless chrome=108.0.5359.98)\nStacktrace:\n#0 0x55a980d1f2a3 <unknown>\n#1 0x55a980addf77 <unknown>\n#2 0x55a980ae19c8 <unknown>\n#3 0x55a980ae1792 <unknown>\n#4 0x55a980ae1a9c <unknown>\n#5 0x55a980b1a538 <unknown>\n#6 0x55a980b1aa71 <unknown>\n#7 0x55a980b54734 <unknown>\n#8 0x55a980b3ab5d <unknown>\n#9 0x55a980b5247c <unknown>\n#10 0x55a980b3a903 <unknown>\n#11 0x55a980b0dece <unknown>\n#12 0x55a980b0efde <unknown>\n#13 0x55a980d6f63e <unknown>\n#14 0x55a980d72b79 <unknown>\n#15 0x55a980d5589e <unknown>\n#16 0x55a980d73a83 <unknown>\n#17 0x55a980d48505 <unknown>\n#18 0x55a980d94ca8 <unknown>\n#19 0x55a980d94e36 <unknown>\n#20 0x55a980db0333 <unknown>\n#21 0x7f280ba2ab43 <unknown>","time":{"start":1671487807164,"stop":1671487808284,"duration":1120}},{"uid":"208d9fb0eaac0aa7","reportUrl":"https://Natalia-Tsy.github.io/SauceDemoProject/343//#testresult/208d9fb0eaac0aa7","status":"skipped","statusDetails":"XFAIL\n\nselenium.common.exceptions.InvalidSelectorException: Message: invalid selector: The result of the xpath expression \"//*[@class = 'footer_copy']/text()[3]\" is: [object Text]. It should be an element.\n  (Session info: headless chrome=108.0.5359.98)\nStacktrace:\n#0 0x55ba81eae2a3 <unknown>\n#1 0x55ba81c6cf77 <unknown>\n#2 0x55ba81c709c8 <unknown>\n#3 0x55ba81c70792 <unknown>\n#4 0x55ba81c70a9c <unknown>\n#5 0x55ba81ca9538 <unknown>\n#6 0x55ba81ca9a71 <unknown>\n#7 0x55ba81ce3734 <unknown>\n#8 0x55ba81cc9b5d <unknown>\n#9 0x55ba81ce147c <unknown>\n#10 0x55ba81cc9903 <unknown>\n#11 0x55ba81c9cece <unknown>\n#12 0x55ba81c9dfde <unknown>\n#13 0x55ba81efe63e <unknown>\n#14 0x55ba81f01b79 <unknown>\n#15 0x55ba81ee489e <unknown>\n#16 0x55ba81f02a83 <unknown>\n#17 0x55ba81ed7505 <unknown>\n#18 0x55ba81f23ca8 <unknown>\n#19 0x55ba81f23e36 <unknown>\n#20 0x55ba81f3f333 <unknown>\n#21 0x7fe92ffddb43 <unknown>","time":{"start":1671485208189,"stop":1671485209064,"duration":875}},{"uid":"5c974e414b10dc06","reportUrl":"https://Natalia-Tsy.github.io/SauceDemoProject/342//#testresult/5c974e414b10dc06","status":"skipped","statusDetails":"XFAIL\n\nselenium.common.exceptions.InvalidSelectorException: Message: invalid selector: The result of the xpath expression \"//*[@class = 'footer_copy']/text()[3]\" is: [object Text]. It should be an element.\n  (Session info: headless chrome=108.0.5359.98)\nStacktrace:\n#0 0x558b145b02a3 <unknown>\n#1 0x558b1436ef77 <unknown>\n#2 0x558b143729c8 <unknown>\n#3 0x558b14372792 <unknown>\n#4 0x558b14372a9c <unknown>\n#5 0x558b143ab538 <unknown>\n#6 0x558b143aba71 <unknown>\n#7 0x558b143e5734 <unknown>\n#8 0x558b143cbb5d <unknown>\n#9 0x558b143e347c <unknown>\n#10 0x558b143cb903 <unknown>\n#11 0x558b1439eece <unknown>\n#12 0x558b1439ffde <unknown>\n#13 0x558b1460063e <unknown>\n#14 0x558b14603b79 <unknown>\n#15 0x558b145e689e <unknown>\n#16 0x558b14604a83 <unknown>\n#17 0x558b145d9505 <unknown>\n#18 0x558b14625ca8 <unknown>\n#19 0x558b14625e36 <unknown>\n#20 0x558b14641333 <unknown>\n#21 0x7f33cbaedb43 <unknown>","time":{"start":1671483893236,"stop":1671483894402,"duration":1166}},{"uid":"d0bccf59c82cd1a1","reportUrl":"https://Natalia-Tsy.github.io/SauceDemoProject/341//#testresult/d0bccf59c82cd1a1","status":"skipped","statusDetails":"XFAIL\n\nselenium.common.exceptions.InvalidSelectorException: Message: invalid selector: The result of the xpath expression \"//*[@class = 'footer_copy']/text()[3]\" is: [object Text]. It should be an element.\n  (Session info: headless chrome=108.0.5359.98)\nStacktrace:\n#0 0x55b642f5d2a3 <unknown>\n#1 0x55b642d1bf77 <unknown>\n#2 0x55b642d1f9c8 <unknown>\n#3 0x55b642d1f792 <unknown>\n#4 0x55b642d1fa9c <unknown>\n#5 0x55b642d58538 <unknown>\n#6 0x55b642d58a71 <unknown>\n#7 0x55b642d92734 <unknown>\n#8 0x55b642d78b5d <unknown>\n#9 0x55b642d9047c <unknown>\n#10 0x55b642d78903 <unknown>\n#11 0x55b642d4bece <unknown>\n#12 0x55b642d4cfde <unknown>\n#13 0x55b642fad63e <unknown>\n#14 0x55b642fb0b79 <unknown>\n#15 0x55b642f9389e <unknown>\n#16 0x55b642fb1a83 <unknown>\n#17 0x55b642f86505 <unknown>\n#18 0x55b642fd2ca8 <unknown>\n#19 0x55b642fd2e36 <unknown>\n#20 0x55b642fee333 <unknown>\n#21 0x7f69ea3f7b43 <unknown>","time":{"start":1671483176513,"stop":1671483177654,"duration":1141}},{"uid":"b1179dd5f5bb6041","reportUrl":"https://Natalia-Tsy.github.io/SauceDemoProject/340//#testresult/b1179dd5f5bb6041","status":"skipped","statusDetails":"XFAIL\n\nselenium.common.exceptions.InvalidSelectorException: Message: invalid selector: The result of the xpath expression \"//*[@class = 'footer_copy']/text()[3]\" is: [object Text]. It should be an element.\n  (Session info: headless chrome=108.0.5359.98)\nStacktrace:\n#0 0x56514137d2a3 <unknown>\n#1 0x56514113bf77 <unknown>\n#2 0x56514113f9c8 <unknown>\n#3 0x56514113f792 <unknown>\n#4 0x56514113fa9c <unknown>\n#5 0x565141178538 <unknown>\n#6 0x565141178a71 <unknown>\n#7 0x5651411b2734 <unknown>\n#8 0x565141198b5d <unknown>\n#9 0x5651411b047c <unknown>\n#10 0x565141198903 <unknown>\n#11 0x56514116bece <unknown>\n#12 0x56514116cfde <unknown>\n#13 0x5651413cd63e <unknown>\n#14 0x5651413d0b79 <unknown>\n#15 0x5651413b389e <unknown>\n#16 0x5651413d1a83 <unknown>\n#17 0x5651413a6505 <unknown>\n#18 0x5651413f2ca8 <unknown>\n#19 0x5651413f2e36 <unknown>\n#20 0x56514140e333 <unknown>\n#21 0x7f7becd79b43 <unknown>","time":{"start":1671482866134,"stop":1671482867072,"duration":938}},{"uid":"fb37c983cb916bf9","reportUrl":"https://Natalia-Tsy.github.io/SauceDemoProject/339//#testresult/fb37c983cb916bf9","status":"skipped","statusDetails":"XFAIL\n\nselenium.common.exceptions.InvalidSelectorException: Message: invalid selector: The result of the xpath expression \"//*[@class = 'footer_copy']/text()[3]\" is: [object Text]. It should be an element.\n  (Session info: headless chrome=108.0.5359.98)\nStacktrace:\n#0 0x555c3c2582a3 <unknown>\n#1 0x555c3c016f77 <unknown>\n#2 0x555c3c01a9c8 <unknown>\n#3 0x555c3c01a792 <unknown>\n#4 0x555c3c01aa9c <unknown>\n#5 0x555c3c053538 <unknown>\n#6 0x555c3c053a71 <unknown>\n#7 0x555c3c08d734 <unknown>\n#8 0x555c3c073b5d <unknown>\n#9 0x555c3c08b47c <unknown>\n#10 0x555c3c073903 <unknown>\n#11 0x555c3c046ece <unknown>\n#12 0x555c3c047fde <unknown>\n#13 0x555c3c2a863e <unknown>\n#14 0x555c3c2abb79 <unknown>\n#15 0x555c3c28e89e <unknown>\n#16 0x555c3c2aca83 <unknown>\n#17 0x555c3c281505 <unknown>\n#18 0x555c3c2cdca8 <unknown>\n#19 0x555c3c2cde36 <unknown>\n#20 0x555c3c2e9333 <unknown>\n#21 0x7fc4a25c8b43 <unknown>","time":{"start":1671479535998,"stop":1671479536877,"duration":879}},{"uid":"25f415790d61ee85","reportUrl":"https://Natalia-Tsy.github.io/SauceDemoProject/338//#testresult/25f415790d61ee85","status":"skipped","statusDetails":"XFAIL\n\nselenium.common.exceptions.InvalidSelectorException: Message: invalid selector: The result of the xpath expression \"//*[@class = 'footer_copy']/text()[3]\" is: [object Text]. It should be an element.\n  (Session info: headless chrome=108.0.5359.98)\nStacktrace:\n#0 0x5637b70e32a3 <unknown>\n#1 0x5637b6ea1f77 <unknown>\n#2 0x5637b6ea59c8 <unknown>\n#3 0x5637b6ea5792 <unknown>\n#4 0x5637b6ea5a9c <unknown>\n#5 0x5637b6ede538 <unknown>\n#6 0x5637b6edea71 <unknown>\n#7 0x5637b6f18734 <unknown>\n#8 0x5637b6efeb5d <unknown>\n#9 0x5637b6f1647c <unknown>\n#10 0x5637b6efe903 <unknown>\n#11 0x5637b6ed1ece <unknown>\n#12 0x5637b6ed2fde <unknown>\n#13 0x5637b713363e <unknown>\n#14 0x5637b7136b79 <unknown>\n#15 0x5637b711989e <unknown>\n#16 0x5637b7137a83 <unknown>\n#17 0x5637b710c505 <unknown>\n#18 0x5637b7158ca8 <unknown>\n#19 0x5637b7158e36 <unknown>\n#20 0x5637b7174333 <unknown>\n#21 0x7f61dc1d3b43 <unknown>","time":{"start":1671403115978,"stop":1671403117047,"duration":1069}},{"uid":"f5d40b9f36dd764d","reportUrl":"https://Natalia-Tsy.github.io/SauceDemoProject/337//#testresult/f5d40b9f36dd764d","status":"skipped","statusDetails":"XFAIL\n\nselenium.common.exceptions.InvalidSelectorException: Message: invalid selector: The result of the xpath expression \"//*[@class = 'footer_copy']/text()[3]\" is: [object Text]. It should be an element.\n  (Session info: headless chrome=108.0.5359.98)\nStacktrace:\n#0 0x55a0ace0f2a3 <unknown>\n#1 0x55a0acbcdf77 <unknown>\n#2 0x55a0acbd19c8 <unknown>\n#3 0x55a0acbd1792 <unknown>\n#4 0x55a0acbd1a9c <unknown>\n#5 0x55a0acc0a538 <unknown>\n#6 0x55a0acc0aa71 <unknown>\n#7 0x55a0acc44734 <unknown>\n#8 0x55a0acc2ab5d <unknown>\n#9 0x55a0acc4247c <unknown>\n#10 0x55a0acc2a903 <unknown>\n#11 0x55a0acbfdece <unknown>\n#12 0x55a0acbfefde <unknown>\n#13 0x55a0ace5f63e <unknown>\n#14 0x55a0ace62b79 <unknown>\n#15 0x55a0ace4589e <unknown>\n#16 0x55a0ace63a83 <unknown>\n#17 0x55a0ace38505 <unknown>\n#18 0x55a0ace84ca8 <unknown>\n#19 0x55a0ace84e36 <unknown>\n#20 0x55a0acea0333 <unknown>\n#21 0x7f3c61589b43 <unknown>","time":{"start":1671367484924,"stop":1671367485743,"duration":819}},{"uid":"9c7a165e36ddbc62","reportUrl":"https://Natalia-Tsy.github.io/SauceDemoProject/336//#testresult/9c7a165e36ddbc62","status":"skipped","statusDetails":"XFAIL\n\nselenium.common.exceptions.InvalidSelectorException: Message: invalid selector: The result of the xpath expression \"//*[@class = 'footer_copy']/text()[3]\" is: [object Text]. It should be an element.\n  (Session info: headless chrome=108.0.5359.98)\nStacktrace:\n#0 0x560615a102a3 <unknown>\n#1 0x5606157cef77 <unknown>\n#2 0x5606157d29c8 <unknown>\n#3 0x5606157d2792 <unknown>\n#4 0x5606157d2a9c <unknown>\n#5 0x56061580b538 <unknown>\n#6 0x56061580ba71 <unknown>\n#7 0x560615845734 <unknown>\n#8 0x56061582bb5d <unknown>\n#9 0x56061584347c <unknown>\n#10 0x56061582b903 <unknown>\n#11 0x5606157feece <unknown>\n#12 0x5606157fffde <unknown>\n#13 0x560615a6063e <unknown>\n#14 0x560615a63b79 <unknown>\n#15 0x560615a4689e <unknown>\n#16 0x560615a64a83 <unknown>\n#17 0x560615a39505 <unknown>\n#18 0x560615a85ca8 <unknown>\n#19 0x560615a85e36 <unknown>\n#20 0x560615aa1333 <unknown>\n#21 0x7fa0bd966b43 <unknown>","time":{"start":1671364272076,"stop":1671364272962,"duration":886}}]},"tags":["@pytest.mark.xfail(raises=<class 'selenium.common.exceptions.InvalidSelectorException'>)"]},"source":"934fe8b88e6307f1.json","parameterValues":[]}