2022-12-19 20:49:26 ERROR Could not find element on page: https://www.saucedemo.com/
2022-12-19 20:49:26 ERROR no such element: Unable to locate element: {"method":"css selector","selector":".shopping_cart_link"}
  (Session info: headless chrome=108.0.5359.98)
Traceback (most recent call last):
  File "/home/runner/work/SauceDemoProject/SauceDemoProject/pages/base_page.py", line 72, in inner_function
    return func(*args, **kwargs)
  File "/home/runner/work/SauceDemoProject/SauceDemoProject/pages/base_page.py", line 295, in get_property
    return self.browser.find_element(method, locator).get_property(property)
  File "/home/runner/.cache/pypoetry/virtualenvs/saucedemoproject-P9vpYs8v-py3.10/lib/python3.10/site-packages/selenium/webdriver/remote/webdriver.py", line 861, in find_element
    return self.execute(Command.FIND_ELEMENT, {"using": by, "value": value})["value"]
  File "/home/runner/.cache/pypoetry/virtualenvs/saucedemoproject-P9vpYs8v-py3.10/lib/python3.10/site-packages/selenium/webdriver/remote/webdriver.py", line 444, in execute
    self.error_handler.check_response(response)
  File "/home/runner/.cache/pypoetry/virtualenvs/saucedemoproject-P9vpYs8v-py3.10/lib/python3.10/site-packages/selenium/webdriver/remote/errorhandler.py", line 249, in check_response
    raise exception_class(message, screen, stacktrace)
selenium.common.exceptions.NoSuchElementException: Message: no such element: Unable to locate element: {"method":"css selector","selector":".shopping_cart_link"}
  (Session info: headless chrome=108.0.5359.98)
Stacktrace:
#0 0x563d013352a3 <unknown>
#1 0x563d010f3f77 <unknown>
#2 0x563d0113080c <unknown>
#3 0x563d01130a71 <unknown>
#4 0x563d0116a734 <unknown>
#5 0x563d01150b5d <unknown>
#6 0x563d0116847c <unknown>
#7 0x563d01150903 <unknown>
#8 0x563d01123ece <unknown>
#9 0x563d01124fde <unknown>
#10 0x563d0138563e <unknown>
#11 0x563d01388b79 <unknown>
#12 0x563d0136b89e <unknown>
#13 0x563d01389a83 <unknown>
#14 0x563d0135e505 <unknown>
#15 0x563d013aaca8 <unknown>
#16 0x563d013aae36 <unknown>
#17 0x563d013c6333 <unknown>
#18 0x7fae24a97b43 <unknown>