{"uid":"dd36c14680031151","name":"test_return_to_the_catalog_all_items[problem_user-secret_sauce]","fullName":"tests.test_TC_014_02_return_to_catalog.Tests#test_return_to_the_catalog_all_items","historyId":"dffd96921d8391af1ebfbc129c61d96e","time":{"start":1671227309197,"stop":1671227309861,"duration":664},"status":"skipped","statusMessage":"XFAIL\n\nselenium.common.exceptions.NoSuchElementException: Message: no such element: Unable to locate element: {\"method\":\"css selector\",\"selector\":\".shopping_cart_badge\"}\n  (Session info: headless chrome=108.0.5359.98)\nStacktrace:\n#0 0x555f23bfd2a3 <unknown>\n#1 0x555f239bbf77 <unknown>\n#2 0x555f239f880c <unknown>\n#3 0x555f239f8a71 <unknown>\n#4 0x555f23a32734 <unknown>\n#5 0x555f23a18b5d <unknown>\n#6 0x555f23a3047c <unknown>\n#7 0x555f23a18903 <unknown>\n#8 0x555f239ebece <unknown>\n#9 0x555f239ecfde <unknown>\n#10 0x555f23c4d63e <unknown>\n#11 0x555f23c50b79 <unknown>\n#12 0x555f23c3389e <unknown>\n#13 0x555f23c51a83 <unknown>\n#14 0x555f23c26505 <unknown>\n#15 0x555f23c72ca8 <unknown>\n#16 0x555f23c72e36 <unknown>\n#17 0x555f23c8e333 <unknown>\n#18 0x7f9704cc8b43 <unknown>","statusTrace":"self = <SauceDemoProject.tests.test_TC_014_02_return_to_catalog.Tests object at 0x7fe7033bf010>\nd = <selenium.webdriver.chrome.webdriver.WebDriver (session=\"beae3762e599d86579c1dae4e5fd062f\")>\nusername = 'problem_user', password = 'secret_sauce'\n\n    @allure.feature(\"US_014 | Exit to the catalog of products from the cart in order\")\n    @allure.story(\n        \"TC_014.02 | Return to the catalog of products from shopping cart using the menu item ALL ITEMS\"\n    )\n    @pytest.mark.parametrize(\n        \"username, password\",\n        [\n            (\"standard_user\", \"secret_sauce\"),\n            (\"performance_glitch_user\", \"secret_sauce\"),\n            pytest.param(\n                \"problem_user\",\n                \"secret_sauce\",\n                marks=pytest.mark.xfail(raises=NoSuchElementException),\n            ),\n            pytest.param(\n                \"locked_out_user\",\n                \"secret_sauce\",\n                marks=pytest.mark.xfail(raises=AssertionError),\n            ),\n        ],\n    )\n    def test_return_to_the_catalog_all_items(self, d, username, password):\n        page = LoginPage(d, LoginPageSrc.URL)  # Creates the Login page instance\n        page.open_page()\n        page.register_user(username, password)  # user logs in\n        page = ProductsPage(\n            d, ProductsPageSrc.URL\n        )  # Creates the Products page instance\n        page.should_be_products_page()\n        page.add_item_on_products_page(\n            \"Sauce Labs Fleece Jacket\", \"Test.allTheThings() T-Shirt (Red)\"\n        )\n        page.go_to_basket_page()  # gets to the Cart page\n        page = CartPage(d, CartPageSrc.URL)\n>       page.check_the_quantity()  # checks the cart is not empty\n\ntests/test_TC_014_02_return_to_catalog.py:50: \n_ _ _ _ _ _ _ _ _ _ _ _ _ _ _ _ _ _ _ _ _ _ _ _ _ _ _ _ _ _ _ _ _ _ _ _ _ _ _ _ \npages/cart_page.py:40: in check_the_quantity\n    quant = self.browser.find_element(*CartPageLocators.QUANTITY).text\n../../../.cache/pypoetry/virtualenvs/saucedemoproject-P9vpYs8v-py3.10/lib/python3.10/site-packages/selenium/webdriver/remote/webdriver.py:861: in find_element\n    return self.execute(Command.FIND_ELEMENT, {\"using\": by, \"value\": value})[\"value\"]\n../../../.cache/pypoetry/virtualenvs/saucedemoproject-P9vpYs8v-py3.10/lib/python3.10/site-packages/selenium/webdriver/remote/webdriver.py:444: in execute\n    self.error_handler.check_response(response)\n_ _ _ _ _ _ _ _ _ _ _ _ _ _ _ _ _ _ _ _ _ _ _ _ _ _ _ _ _ _ _ _ _ _ _ _ _ _ _ _ \n\nself = <selenium.webdriver.remote.errorhandler.ErrorHandler object at 0x7fe7020a1b10>\nresponse = {'status': 404, 'value': '{\"value\":{\"error\":\"no such element\",\"message\":\"no such element: Unable to locate element: {\\...\\\\n#16 0x555f23c72e36 \\\\u003Cunknown>\\\\n#17 0x555f23c8e333 \\\\u003Cunknown>\\\\n#18 0x7f9704cc8b43 \\\\u003Cunknown>\\\\n\"}}'}\n\n    def check_response(self, response: Dict[str, Any]) -> None:\n        \"\"\"\n        Checks that a JSON response from the WebDriver does not have an error.\n    \n        :Args:\n         - response - The JSON response from the WebDriver server as a dictionary\n           object.\n    \n        :Raises: If the response contains an error message.\n        \"\"\"\n        status = response.get(\"status\", None)\n        if not status or status == ErrorCode.SUCCESS:\n            return\n        value = None\n        message = response.get(\"message\", \"\")\n        screen: str = response.get(\"screen\", \"\")\n        stacktrace = None\n        if isinstance(status, int):\n            value_json = response.get(\"value\", None)\n            if value_json and isinstance(value_json, str):\n                import json\n    \n                try:\n                    value = json.loads(value_json)\n                    if len(value.keys()) == 1:\n                        value = value[\"value\"]\n                    status = value.get(\"error\", None)\n                    if not status:\n                        status = value.get(\"status\", ErrorCode.UNKNOWN_ERROR)\n                        message = value.get(\"value\") or value.get(\"message\")\n                        if not isinstance(message, str):\n                            value = message\n                            message = message.get(\"message\")\n                    else:\n                        message = value.get(\"message\", None)\n                except ValueError:\n                    pass\n    \n        exception_class: Type[WebDriverException]\n        if status in ErrorCode.NO_SUCH_ELEMENT:\n            exception_class = NoSuchElementException\n        elif status in ErrorCode.NO_SUCH_FRAME:\n            exception_class = NoSuchFrameException\n        elif status in ErrorCode.NO_SUCH_SHADOW_ROOT:\n            exception_class = NoSuchShadowRootException\n        elif status in ErrorCode.NO_SUCH_WINDOW:\n            exception_class = NoSuchWindowException\n        elif status in ErrorCode.STALE_ELEMENT_REFERENCE:\n            exception_class = StaleElementReferenceException\n        elif status in ErrorCode.ELEMENT_NOT_VISIBLE:\n            exception_class = ElementNotVisibleException\n        elif status in ErrorCode.INVALID_ELEMENT_STATE:\n            exception_class = InvalidElementStateException\n        elif (\n            status in ErrorCode.INVALID_SELECTOR\n            or status in ErrorCode.INVALID_XPATH_SELECTOR\n            or status in ErrorCode.INVALID_XPATH_SELECTOR_RETURN_TYPER\n        ):\n            exception_class = InvalidSelectorException\n        elif status in ErrorCode.ELEMENT_IS_NOT_SELECTABLE:\n            exception_class = ElementNotSelectableException\n        elif status in ErrorCode.ELEMENT_NOT_INTERACTABLE:\n            exception_class = ElementNotInteractableException\n        elif status in ErrorCode.INVALID_COOKIE_DOMAIN:\n            exception_class = InvalidCookieDomainException\n        elif status in ErrorCode.UNABLE_TO_SET_COOKIE:\n            exception_class = UnableToSetCookieException\n        elif status in ErrorCode.TIMEOUT:\n            exception_class = TimeoutException\n        elif status in ErrorCode.SCRIPT_TIMEOUT:\n            exception_class = TimeoutException\n        elif status in ErrorCode.UNKNOWN_ERROR:\n            exception_class = WebDriverException\n        elif status in ErrorCode.UNEXPECTED_ALERT_OPEN:\n            exception_class = UnexpectedAlertPresentException\n        elif status in ErrorCode.NO_ALERT_OPEN:\n            exception_class = NoAlertPresentException\n        elif status in ErrorCode.IME_NOT_AVAILABLE:\n            exception_class = ImeNotAvailableException\n        elif status in ErrorCode.IME_ENGINE_ACTIVATION_FAILED:\n            exception_class = ImeActivationFailedException\n        elif status in ErrorCode.MOVE_TARGET_OUT_OF_BOUNDS:\n            exception_class = MoveTargetOutOfBoundsException\n        elif status in ErrorCode.JAVASCRIPT_ERROR:\n            exception_class = JavascriptException\n        elif status in ErrorCode.SESSION_NOT_CREATED:\n            exception_class = SessionNotCreatedException\n        elif status in ErrorCode.INVALID_ARGUMENT:\n            exception_class = InvalidArgumentException\n        elif status in ErrorCode.NO_SUCH_COOKIE:\n            exception_class = NoSuchCookieException\n        elif status in ErrorCode.UNABLE_TO_CAPTURE_SCREEN:\n            exception_class = ScreenshotException\n        elif status in ErrorCode.ELEMENT_CLICK_INTERCEPTED:\n            exception_class = ElementClickInterceptedException\n        elif status in ErrorCode.INSECURE_CERTIFICATE:\n            exception_class = InsecureCertificateException\n        elif status in ErrorCode.INVALID_COORDINATES:\n            exception_class = InvalidCoordinatesException\n        elif status in ErrorCode.INVALID_SESSION_ID:\n            exception_class = InvalidSessionIdException\n        elif status in ErrorCode.UNKNOWN_METHOD:\n            exception_class = UnknownMethodException\n        else:\n            exception_class = WebDriverException\n        if not value:\n            value = response[\"value\"]\n        if isinstance(value, str):\n            raise exception_class(value)\n        if message == \"\" and \"message\" in value:\n            message = value[\"message\"]\n    \n        screen = None  # type: ignore[assignment]\n        if \"screen\" in value:\n            screen = value[\"screen\"]\n    \n        stacktrace = None\n        st_value = value.get(\"stackTrace\") or value.get(\"stacktrace\")\n        if st_value:\n            if isinstance(st_value, str):\n                stacktrace = st_value.split(\"\\n\")\n            else:\n                stacktrace = []\n                try:\n                    for frame in st_value:\n                        line = frame.get(\"lineNumber\", \"\")\n                        file = frame.get(\"fileName\", \"<anonymous>\")\n                        if line:\n                            file = f\"{file}:{line}\"\n                        meth = frame.get(\"methodName\", \"<anonymous>\")\n                        if \"className\" in frame:\n                            meth = \"{}.{}\".format(frame[\"className\"], meth)\n                        msg = \"    at %s (%s)\"\n                        msg = msg % (meth, file)\n                        stacktrace.append(msg)\n                except TypeError:\n                    pass\n        if exception_class == UnexpectedAlertPresentException:\n            alert_text = None\n            if \"data\" in value:\n                alert_text = value[\"data\"].get(\"text\")\n            elif \"alert\" in value:\n                alert_text = value[\"alert\"].get(\"text\")\n            raise exception_class(message, screen, stacktrace, alert_text)  # type: ignore[call-arg]  # mypy is not smart enough here\n>       raise exception_class(message, screen, stacktrace)\nE       selenium.common.exceptions.NoSuchElementException: Message: no such element: Unable to locate element: {\"method\":\"css selector\",\"selector\":\".shopping_cart_badge\"}\nE         (Session info: headless chrome=108.0.5359.98)\nE       Stacktrace:\nE       #0 0x555f23bfd2a3 <unknown>\nE       #1 0x555f239bbf77 <unknown>\nE       #2 0x555f239f880c <unknown>\nE       #3 0x555f239f8a71 <unknown>\nE       #4 0x555f23a32734 <unknown>\nE       #5 0x555f23a18b5d <unknown>\nE       #6 0x555f23a3047c <unknown>\nE       #7 0x555f23a18903 <unknown>\nE       #8 0x555f239ebece <unknown>\nE       #9 0x555f239ecfde <unknown>\nE       #10 0x555f23c4d63e <unknown>\nE       #11 0x555f23c50b79 <unknown>\nE       #12 0x555f23c3389e <unknown>\nE       #13 0x555f23c51a83 <unknown>\nE       #14 0x555f23c26505 <unknown>\nE       #15 0x555f23c72ca8 <unknown>\nE       #16 0x555f23c72e36 <unknown>\nE       #17 0x555f23c8e333 <unknown>\nE       #18 0x7f9704cc8b43 <unknown>\n\n../../../.cache/pypoetry/virtualenvs/saucedemoproject-P9vpYs8v-py3.10/lib/python3.10/site-packages/selenium/webdriver/remote/errorhandler.py:249: NoSuchElementException","flaky":false,"newFailed":false,"newBroken":false,"newPassed":false,"retriesCount":0,"retriesStatusChange":false,"beforeStages":[{"name":"d","time":{"start":1671227294537,"stop":1671227295396,"duration":859},"status":"passed","steps":[],"attachments":[],"parameters":[],"stepsCount":0,"attachmentsCount":0,"shouldDisplayMessage":false,"hasContent":false},{"name":"browser","time":{"start":1671227294537,"stop":1671227294537,"duration":0},"status":"passed","steps":[],"attachments":[],"parameters":[],"stepsCount":0,"attachmentsCount":0,"shouldDisplayMessage":false,"hasContent":false},{"name":"g","time":{"start":1671227295396,"stop":1671227295554,"duration":158},"status":"passed","steps":[],"attachments":[],"parameters":[],"stepsCount":0,"attachmentsCount":0,"shouldDisplayMessage":false,"hasContent":false}],"testStage":{"status":"skipped","statusMessage":"XFAIL\n\nselenium.common.exceptions.NoSuchElementException: Message: no such element: Unable to locate element: {\"method\":\"css selector\",\"selector\":\".shopping_cart_badge\"}\n  (Session info: headless chrome=108.0.5359.98)\nStacktrace:\n#0 0x555f23bfd2a3 <unknown>\n#1 0x555f239bbf77 <unknown>\n#2 0x555f239f880c <unknown>\n#3 0x555f239f8a71 <unknown>\n#4 0x555f23a32734 <unknown>\n#5 0x555f23a18b5d <unknown>\n#6 0x555f23a3047c <unknown>\n#7 0x555f23a18903 <unknown>\n#8 0x555f239ebece <unknown>\n#9 0x555f239ecfde <unknown>\n#10 0x555f23c4d63e <unknown>\n#11 0x555f23c50b79 <unknown>\n#12 0x555f23c3389e <unknown>\n#13 0x555f23c51a83 <unknown>\n#14 0x555f23c26505 <unknown>\n#15 0x555f23c72ca8 <unknown>\n#16 0x555f23c72e36 <unknown>\n#17 0x555f23c8e333 <unknown>\n#18 0x7f9704cc8b43 <unknown>","statusTrace":"self = <SauceDemoProject.tests.test_TC_014_02_return_to_catalog.Tests object at 0x7fe7033bf010>\nd = <selenium.webdriver.chrome.webdriver.WebDriver (session=\"beae3762e599d86579c1dae4e5fd062f\")>\nusername = 'problem_user', password = 'secret_sauce'\n\n    @allure.feature(\"US_014 | Exit to the catalog of products from the cart in order\")\n    @allure.story(\n        \"TC_014.02 | Return to the catalog of products from shopping cart using the menu item ALL ITEMS\"\n    )\n    @pytest.mark.parametrize(\n        \"username, password\",\n        [\n            (\"standard_user\", \"secret_sauce\"),\n            (\"performance_glitch_user\", \"secret_sauce\"),\n            pytest.param(\n                \"problem_user\",\n                \"secret_sauce\",\n                marks=pytest.mark.xfail(raises=NoSuchElementException),\n            ),\n            pytest.param(\n                \"locked_out_user\",\n                \"secret_sauce\",\n                marks=pytest.mark.xfail(raises=AssertionError),\n            ),\n        ],\n    )\n    def test_return_to_the_catalog_all_items(self, d, username, password):\n        page = LoginPage(d, LoginPageSrc.URL)  # Creates the Login page instance\n        page.open_page()\n        page.register_user(username, password)  # user logs in\n        page = ProductsPage(\n            d, ProductsPageSrc.URL\n        )  # Creates the Products page instance\n        page.should_be_products_page()\n        page.add_item_on_products_page(\n            \"Sauce Labs Fleece Jacket\", \"Test.allTheThings() T-Shirt (Red)\"\n        )\n        page.go_to_basket_page()  # gets to the Cart page\n        page = CartPage(d, CartPageSrc.URL)\n>       page.check_the_quantity()  # checks the cart is not empty\n\ntests/test_TC_014_02_return_to_catalog.py:50: \n_ _ _ _ _ _ _ _ _ _ _ _ _ _ _ _ _ _ _ _ _ _ _ _ _ _ _ _ _ _ _ _ _ _ _ _ _ _ _ _ \npages/cart_page.py:40: in check_the_quantity\n    quant = self.browser.find_element(*CartPageLocators.QUANTITY).text\n../../../.cache/pypoetry/virtualenvs/saucedemoproject-P9vpYs8v-py3.10/lib/python3.10/site-packages/selenium/webdriver/remote/webdriver.py:861: in find_element\n    return self.execute(Command.FIND_ELEMENT, {\"using\": by, \"value\": value})[\"value\"]\n../../../.cache/pypoetry/virtualenvs/saucedemoproject-P9vpYs8v-py3.10/lib/python3.10/site-packages/selenium/webdriver/remote/webdriver.py:444: in execute\n    self.error_handler.check_response(response)\n_ _ _ _ _ _ _ _ _ _ _ _ _ _ _ _ _ _ _ _ _ _ _ _ _ _ _ _ _ _ _ _ _ _ _ _ _ _ _ _ \n\nself = <selenium.webdriver.remote.errorhandler.ErrorHandler object at 0x7fe7020a1b10>\nresponse = {'status': 404, 'value': '{\"value\":{\"error\":\"no such element\",\"message\":\"no such element: Unable to locate element: {\\...\\\\n#16 0x555f23c72e36 \\\\u003Cunknown>\\\\n#17 0x555f23c8e333 \\\\u003Cunknown>\\\\n#18 0x7f9704cc8b43 \\\\u003Cunknown>\\\\n\"}}'}\n\n    def check_response(self, response: Dict[str, Any]) -> None:\n        \"\"\"\n        Checks that a JSON response from the WebDriver does not have an error.\n    \n        :Args:\n         - response - The JSON response from the WebDriver server as a dictionary\n           object.\n    \n        :Raises: If the response contains an error message.\n        \"\"\"\n        status = response.get(\"status\", None)\n        if not status or status == ErrorCode.SUCCESS:\n            return\n        value = None\n        message = response.get(\"message\", \"\")\n        screen: str = response.get(\"screen\", \"\")\n        stacktrace = None\n        if isinstance(status, int):\n            value_json = response.get(\"value\", None)\n            if value_json and isinstance(value_json, str):\n                import json\n    \n                try:\n                    value = json.loads(value_json)\n                    if len(value.keys()) == 1:\n                        value = value[\"value\"]\n                    status = value.get(\"error\", None)\n                    if not status:\n                        status = value.get(\"status\", ErrorCode.UNKNOWN_ERROR)\n                        message = value.get(\"value\") or value.get(\"message\")\n                        if not isinstance(message, str):\n                            value = message\n                            message = message.get(\"message\")\n                    else:\n                        message = value.get(\"message\", None)\n                except ValueError:\n                    pass\n    \n        exception_class: Type[WebDriverException]\n        if status in ErrorCode.NO_SUCH_ELEMENT:\n            exception_class = NoSuchElementException\n        elif status in ErrorCode.NO_SUCH_FRAME:\n            exception_class = NoSuchFrameException\n        elif status in ErrorCode.NO_SUCH_SHADOW_ROOT:\n            exception_class = NoSuchShadowRootException\n        elif status in ErrorCode.NO_SUCH_WINDOW:\n            exception_class = NoSuchWindowException\n        elif status in ErrorCode.STALE_ELEMENT_REFERENCE:\n            exception_class = StaleElementReferenceException\n        elif status in ErrorCode.ELEMENT_NOT_VISIBLE:\n            exception_class = ElementNotVisibleException\n        elif status in ErrorCode.INVALID_ELEMENT_STATE:\n            exception_class = InvalidElementStateException\n        elif (\n            status in ErrorCode.INVALID_SELECTOR\n            or status in ErrorCode.INVALID_XPATH_SELECTOR\n            or status in ErrorCode.INVALID_XPATH_SELECTOR_RETURN_TYPER\n        ):\n            exception_class = InvalidSelectorException\n        elif status in ErrorCode.ELEMENT_IS_NOT_SELECTABLE:\n            exception_class = ElementNotSelectableException\n        elif status in ErrorCode.ELEMENT_NOT_INTERACTABLE:\n            exception_class = ElementNotInteractableException\n        elif status in ErrorCode.INVALID_COOKIE_DOMAIN:\n            exception_class = InvalidCookieDomainException\n        elif status in ErrorCode.UNABLE_TO_SET_COOKIE:\n            exception_class = UnableToSetCookieException\n        elif status in ErrorCode.TIMEOUT:\n            exception_class = TimeoutException\n        elif status in ErrorCode.SCRIPT_TIMEOUT:\n            exception_class = TimeoutException\n        elif status in ErrorCode.UNKNOWN_ERROR:\n            exception_class = WebDriverException\n        elif status in ErrorCode.UNEXPECTED_ALERT_OPEN:\n            exception_class = UnexpectedAlertPresentException\n        elif status in ErrorCode.NO_ALERT_OPEN:\n            exception_class = NoAlertPresentException\n        elif status in ErrorCode.IME_NOT_AVAILABLE:\n            exception_class = ImeNotAvailableException\n        elif status in ErrorCode.IME_ENGINE_ACTIVATION_FAILED:\n            exception_class = ImeActivationFailedException\n        elif status in ErrorCode.MOVE_TARGET_OUT_OF_BOUNDS:\n            exception_class = MoveTargetOutOfBoundsException\n        elif status in ErrorCode.JAVASCRIPT_ERROR:\n            exception_class = JavascriptException\n        elif status in ErrorCode.SESSION_NOT_CREATED:\n            exception_class = SessionNotCreatedException\n        elif status in ErrorCode.INVALID_ARGUMENT:\n            exception_class = InvalidArgumentException\n        elif status in ErrorCode.NO_SUCH_COOKIE:\n            exception_class = NoSuchCookieException\n        elif status in ErrorCode.UNABLE_TO_CAPTURE_SCREEN:\n            exception_class = ScreenshotException\n        elif status in ErrorCode.ELEMENT_CLICK_INTERCEPTED:\n            exception_class = ElementClickInterceptedException\n        elif status in ErrorCode.INSECURE_CERTIFICATE:\n            exception_class = InsecureCertificateException\n        elif status in ErrorCode.INVALID_COORDINATES:\n            exception_class = InvalidCoordinatesException\n        elif status in ErrorCode.INVALID_SESSION_ID:\n            exception_class = InvalidSessionIdException\n        elif status in ErrorCode.UNKNOWN_METHOD:\n            exception_class = UnknownMethodException\n        else:\n            exception_class = WebDriverException\n        if not value:\n            value = response[\"value\"]\n        if isinstance(value, str):\n            raise exception_class(value)\n        if message == \"\" and \"message\" in value:\n            message = value[\"message\"]\n    \n        screen = None  # type: ignore[assignment]\n        if \"screen\" in value:\n            screen = value[\"screen\"]\n    \n        stacktrace = None\n        st_value = value.get(\"stackTrace\") or value.get(\"stacktrace\")\n        if st_value:\n            if isinstance(st_value, str):\n                stacktrace = st_value.split(\"\\n\")\n            else:\n                stacktrace = []\n                try:\n                    for frame in st_value:\n                        line = frame.get(\"lineNumber\", \"\")\n                        file = frame.get(\"fileName\", \"<anonymous>\")\n                        if line:\n                            file = f\"{file}:{line}\"\n                        meth = frame.get(\"methodName\", \"<anonymous>\")\n                        if \"className\" in frame:\n                            meth = \"{}.{}\".format(frame[\"className\"], meth)\n                        msg = \"    at %s (%s)\"\n                        msg = msg % (meth, file)\n                        stacktrace.append(msg)\n                except TypeError:\n                    pass\n        if exception_class == UnexpectedAlertPresentException:\n            alert_text = None\n            if \"data\" in value:\n                alert_text = value[\"data\"].get(\"text\")\n            elif \"alert\" in value:\n                alert_text = value[\"alert\"].get(\"text\")\n            raise exception_class(message, screen, stacktrace, alert_text)  # type: ignore[call-arg]  # mypy is not smart enough here\n>       raise exception_class(message, screen, stacktrace)\nE       selenium.common.exceptions.NoSuchElementException: Message: no such element: Unable to locate element: {\"method\":\"css selector\",\"selector\":\".shopping_cart_badge\"}\nE         (Session info: headless chrome=108.0.5359.98)\nE       Stacktrace:\nE       #0 0x555f23bfd2a3 <unknown>\nE       #1 0x555f239bbf77 <unknown>\nE       #2 0x555f239f880c <unknown>\nE       #3 0x555f239f8a71 <unknown>\nE       #4 0x555f23a32734 <unknown>\nE       #5 0x555f23a18b5d <unknown>\nE       #6 0x555f23a3047c <unknown>\nE       #7 0x555f23a18903 <unknown>\nE       #8 0x555f239ebece <unknown>\nE       #9 0x555f239ecfde <unknown>\nE       #10 0x555f23c4d63e <unknown>\nE       #11 0x555f23c50b79 <unknown>\nE       #12 0x555f23c3389e <unknown>\nE       #13 0x555f23c51a83 <unknown>\nE       #14 0x555f23c26505 <unknown>\nE       #15 0x555f23c72ca8 <unknown>\nE       #16 0x555f23c72e36 <unknown>\nE       #17 0x555f23c8e333 <unknown>\nE       #18 0x7f9704cc8b43 <unknown>\n\n../../../.cache/pypoetry/virtualenvs/saucedemoproject-P9vpYs8v-py3.10/lib/python3.10/site-packages/selenium/webdriver/remote/errorhandler.py:249: NoSuchElementException","steps":[],"attachments":[{"uid":"fd4847eecfd3db04","name":"Screenshot","source":"fd4847eecfd3db04.png","type":"image/png","size":78984}],"parameters":[],"stepsCount":0,"attachmentsCount":1,"shouldDisplayMessage":true,"hasContent":true},"afterStages":[{"name":"g::0","time":{"start":1671227311240,"stop":1671227311301,"duration":61},"status":"passed","steps":[],"attachments":[],"parameters":[],"stepsCount":0,"attachmentsCount":0,"shouldDisplayMessage":false,"hasContent":false}],"labels":[{"name":"feature","value":"US_014 | Exit to the catalog of products from the cart in order"},{"name":"story","value":"TC_014.02 | Return to the catalog of products from shopping cart using the menu item ALL ITEMS"},{"name":"tag","value":"@pytest.mark.xfail(raises=<class 'selenium.common.exceptions.NoSuchElementException'>)"},{"name":"parentSuite","value":"tests"},{"name":"suite","value":"test_TC_014_02_return_to_catalog"},{"name":"subSuite","value":"Tests"},{"name":"host","value":"fv-az360-669"},{"name":"thread","value":"2795-MainThread"},{"name":"framework","value":"pytest"},{"name":"language","value":"cpython3"},{"name":"package","value":"tests.test_TC_014_02_return_to_catalog"},{"name":"resultFormat","value":"allure2"}],"parameters":[{"name":"password","value":"'secret_sauce'"},{"name":"username","value":"'problem_user'"}],"links":[],"hidden":false,"retry":false,"extra":{"severity":"normal","retries":[],"categories":[],"history":{"statistic":{"failed":0,"broken":0,"skipped":26,"passed":0,"unknown":0,"total":26},"items":[{"uid":"9753a113b03548db","reportUrl":"https://Natalia-Tsy.github.io/SauceDemoProject/310//#testresult/9753a113b03548db","status":"skipped","statusDetails":"XFAIL\n\nselenium.common.exceptions.NoSuchElementException: Message: no such element: Unable to locate element: {\"method\":\"css selector\",\"selector\":\".shopping_cart_badge\"}\n  (Session info: headless chrome=108.0.5359.98)\nStacktrace:\n#0 0x55cafd3fc2a3 <unknown>\n#1 0x55cafd1baf77 <unknown>\n#2 0x55cafd1f780c <unknown>\n#3 0x55cafd1f7a71 <unknown>\n#4 0x55cafd231734 <unknown>\n#5 0x55cafd217b5d <unknown>\n#6 0x55cafd22f47c <unknown>\n#7 0x55cafd217903 <unknown>\n#8 0x55cafd1eaece <unknown>\n#9 0x55cafd1ebfde <unknown>\n#10 0x55cafd44c63e <unknown>\n#11 0x55cafd44fb79 <unknown>\n#12 0x55cafd43289e <unknown>\n#13 0x55cafd450a83 <unknown>\n#14 0x55cafd425505 <unknown>\n#15 0x55cafd471ca8 <unknown>\n#16 0x55cafd471e36 <unknown>\n#17 0x55cafd48d333 <unknown>\n#18 0x7f1cc03b9b43 <unknown>","time":{"start":1671226269608,"stop":1671226270220,"duration":612}},{"uid":"cfe2933f02d487a0","reportUrl":"https://Natalia-Tsy.github.io/SauceDemoProject/309//#testresult/cfe2933f02d487a0","status":"skipped","statusDetails":"XFAIL\n\nselenium.common.exceptions.NoSuchElementException: Message: no such element: Unable to locate element: {\"method\":\"css selector\",\"selector\":\".shopping_cart_badge\"}\n  (Session info: headless chrome=108.0.5359.98)\nStacktrace:\n#0 0x55ca5bd212a3 <unknown>\n#1 0x55ca5badff77 <unknown>\n#2 0x55ca5bb1c80c <unknown>\n#3 0x55ca5bb1ca71 <unknown>\n#4 0x55ca5bb56734 <unknown>\n#5 0x55ca5bb3cb5d <unknown>\n#6 0x55ca5bb5447c <unknown>\n#7 0x55ca5bb3c903 <unknown>\n#8 0x55ca5bb0fece <unknown>\n#9 0x55ca5bb10fde <unknown>\n#10 0x55ca5bd7163e <unknown>\n#11 0x55ca5bd74b79 <unknown>\n#12 0x55ca5bd5789e <unknown>\n#13 0x55ca5bd75a83 <unknown>\n#14 0x55ca5bd4a505 <unknown>\n#15 0x55ca5bd96ca8 <unknown>\n#16 0x55ca5bd96e36 <unknown>\n#17 0x55ca5bdb2333 <unknown>\n#18 0x7fcef3702b43 <unknown>","time":{"start":1671222430632,"stop":1671222431120,"duration":488}},{"uid":"9f3e1b34d849a0e2","reportUrl":"https://Natalia-Tsy.github.io/SauceDemoProject/308//#testresult/9f3e1b34d849a0e2","status":"skipped","statusDetails":"XFAIL\n\nselenium.common.exceptions.NoSuchElementException: Message: no such element: Unable to locate element: {\"method\":\"css selector\",\"selector\":\".shopping_cart_badge\"}\n  (Session info: headless chrome=108.0.5359.98)\nStacktrace:\n#0 0x55b6db6ba2a3 <unknown>\n#1 0x55b6db478f77 <unknown>\n#2 0x55b6db4b580c <unknown>\n#3 0x55b6db4b5a71 <unknown>\n#4 0x55b6db4ef734 <unknown>\n#5 0x55b6db4d5b5d <unknown>\n#6 0x55b6db4ed47c <unknown>\n#7 0x55b6db4d5903 <unknown>\n#8 0x55b6db4a8ece <unknown>\n#9 0x55b6db4a9fde <unknown>\n#10 0x55b6db70a63e <unknown>\n#11 0x55b6db70db79 <unknown>\n#12 0x55b6db6f089e <unknown>\n#13 0x55b6db70ea83 <unknown>\n#14 0x55b6db6e3505 <unknown>\n#15 0x55b6db72fca8 <unknown>\n#16 0x55b6db72fe36 <unknown>\n#17 0x55b6db74b333 <unknown>\n#18 0x7f44c6fb1b43 <unknown>","time":{"start":1671221593039,"stop":1671221593574,"duration":535}},{"uid":"b13f2b82d74ce4b7","reportUrl":"https://Natalia-Tsy.github.io/SauceDemoProject/307//#testresult/b13f2b82d74ce4b7","status":"skipped","statusDetails":"XFAIL\n\nselenium.common.exceptions.NoSuchElementException: Message: no such element: Unable to locate element: {\"method\":\"css selector\",\"selector\":\".shopping_cart_badge\"}\n  (Session info: headless chrome=108.0.5359.98)\nStacktrace:\n#0 0x555c1d5f02a3 <unknown>\n#1 0x555c1d3aef77 <unknown>\n#2 0x555c1d3eb80c <unknown>\n#3 0x555c1d3eba71 <unknown>\n#4 0x555c1d425734 <unknown>\n#5 0x555c1d40bb5d <unknown>\n#6 0x555c1d42347c <unknown>\n#7 0x555c1d40b903 <unknown>\n#8 0x555c1d3deece <unknown>\n#9 0x555c1d3dffde <unknown>\n#10 0x555c1d64063e <unknown>\n#11 0x555c1d643b79 <unknown>\n#12 0x555c1d62689e <unknown>\n#13 0x555c1d644a83 <unknown>\n#14 0x555c1d619505 <unknown>\n#15 0x555c1d665ca8 <unknown>\n#16 0x555c1d665e36 <unknown>\n#17 0x555c1d681333 <unknown>\n#18 0x7fd664064b43 <unknown>","time":{"start":1671220714378,"stop":1671220714868,"duration":490}},{"uid":"88b39e2363f45ee6","reportUrl":"https://Natalia-Tsy.github.io/SauceDemoProject/306//#testresult/88b39e2363f45ee6","status":"skipped","statusDetails":"XFAIL\n\nselenium.common.exceptions.NoSuchElementException: Message: no such element: Unable to locate element: {\"method\":\"css selector\",\"selector\":\".shopping_cart_badge\"}\n  (Session info: headless chrome=108.0.5359.98)\nStacktrace:\n#0 0x5625abf912a3 <unknown>\n#1 0x5625abd4ff77 <unknown>\n#2 0x5625abd8c80c <unknown>\n#3 0x5625abd8ca71 <unknown>\n#4 0x5625abdc6734 <unknown>\n#5 0x5625abdacb5d <unknown>\n#6 0x5625abdc447c <unknown>\n#7 0x5625abdac903 <unknown>\n#8 0x5625abd7fece <unknown>\n#9 0x5625abd80fde <unknown>\n#10 0x5625abfe163e <unknown>\n#11 0x5625abfe4b79 <unknown>\n#12 0x5625abfc789e <unknown>\n#13 0x5625abfe5a83 <unknown>\n#14 0x5625abfba505 <unknown>\n#15 0x5625ac006ca8 <unknown>\n#16 0x5625ac006e36 <unknown>\n#17 0x5625ac022333 <unknown>\n#18 0x7f8c794c8b43 <unknown>","time":{"start":1671220137582,"stop":1671220138080,"duration":498}},{"uid":"134b3d7174da5f01","reportUrl":"https://Natalia-Tsy.github.io/SauceDemoProject/305//#testresult/134b3d7174da5f01","status":"skipped","statusDetails":"XFAIL\n\nselenium.common.exceptions.NoSuchElementException: Message: no such element: Unable to locate element: {\"method\":\"css selector\",\"selector\":\".shopping_cart_badge\"}\n  (Session info: headless chrome=108.0.5359.98)\nStacktrace:\n#0 0x5633108da2a3 <unknown>\n#1 0x563310698f77 <unknown>\n#2 0x5633106d580c <unknown>\n#3 0x5633106d5a71 <unknown>\n#4 0x56331070f734 <unknown>\n#5 0x5633106f5b5d <unknown>\n#6 0x56331070d47c <unknown>\n#7 0x5633106f5903 <unknown>\n#8 0x5633106c8ece <unknown>\n#9 0x5633106c9fde <unknown>\n#10 0x56331092a63e <unknown>\n#11 0x56331092db79 <unknown>\n#12 0x56331091089e <unknown>\n#13 0x56331092ea83 <unknown>\n#14 0x563310903505 <unknown>\n#15 0x56331094fca8 <unknown>\n#16 0x56331094fe36 <unknown>\n#17 0x56331096b333 <unknown>\n#18 0x7ffae36e7b43 <unknown>","time":{"start":1671216375197,"stop":1671216375842,"duration":645}},{"uid":"aea9f098aea9fb3a","reportUrl":"https://Natalia-Tsy.github.io/SauceDemoProject/304//#testresult/aea9f098aea9fb3a","status":"skipped","statusDetails":"XFAIL\n\nselenium.common.exceptions.NoSuchElementException: Message: no such element: Unable to locate element: {\"method\":\"css selector\",\"selector\":\".shopping_cart_badge\"}\n  (Session info: headless chrome=108.0.5359.98)\nStacktrace:\n#0 0x55de3c1422a3 <unknown>\n#1 0x55de3bf00f77 <unknown>\n#2 0x55de3bf3d80c <unknown>\n#3 0x55de3bf3da71 <unknown>\n#4 0x55de3bf77734 <unknown>\n#5 0x55de3bf5db5d <unknown>\n#6 0x55de3bf7547c <unknown>\n#7 0x55de3bf5d903 <unknown>\n#8 0x55de3bf30ece <unknown>\n#9 0x55de3bf31fde <unknown>\n#10 0x55de3c19263e <unknown>\n#11 0x55de3c195b79 <unknown>\n#12 0x55de3c17889e <unknown>\n#13 0x55de3c196a83 <unknown>\n#14 0x55de3c16b505 <unknown>\n#15 0x55de3c1b7ca8 <unknown>\n#16 0x55de3c1b7e36 <unknown>\n#17 0x55de3c1d3333 <unknown>\n#18 0x7ff3c941eb43 <unknown>","time":{"start":1671214779833,"stop":1671214780378,"duration":545}},{"uid":"d7b4561d989408e5","reportUrl":"https://Natalia-Tsy.github.io/SauceDemoProject/303//#testresult/d7b4561d989408e5","status":"skipped","statusDetails":"XFAIL\n\nselenium.common.exceptions.NoSuchElementException: Message: no such element: Unable to locate element: {\"method\":\"css selector\",\"selector\":\".shopping_cart_badge\"}\n  (Session info: headless chrome=108.0.5359.98)\nStacktrace:\n#0 0x5641e43882a3 <unknown>\n#1 0x5641e4146f77 <unknown>\n#2 0x5641e418380c <unknown>\n#3 0x5641e4183a71 <unknown>\n#4 0x5641e41bd734 <unknown>\n#5 0x5641e41a3b5d <unknown>\n#6 0x5641e41bb47c <unknown>\n#7 0x5641e41a3903 <unknown>\n#8 0x5641e4176ece <unknown>\n#9 0x5641e4177fde <unknown>\n#10 0x5641e43d863e <unknown>\n#11 0x5641e43dbb79 <unknown>\n#12 0x5641e43be89e <unknown>\n#13 0x5641e43dca83 <unknown>\n#14 0x5641e43b1505 <unknown>\n#15 0x5641e43fdca8 <unknown>\n#16 0x5641e43fde36 <unknown>\n#17 0x5641e4419333 <unknown>\n#18 0x7f37979a7b43 <unknown>","time":{"start":1671212760414,"stop":1671212760913,"duration":499}},{"uid":"6b7bd0717dd13d09","reportUrl":"https://Natalia-Tsy.github.io/SauceDemoProject/302//#testresult/6b7bd0717dd13d09","status":"skipped","statusDetails":"XFAIL\n\nselenium.common.exceptions.NoSuchElementException: Message: no such element: Unable to locate element: {\"method\":\"css selector\",\"selector\":\".shopping_cart_badge\"}\n  (Session info: headless chrome=108.0.5359.98)\nStacktrace:\n#0 0x55de282832a3 <unknown>\n#1 0x55de28041f77 <unknown>\n#2 0x55de2807e80c <unknown>\n#3 0x55de2807ea71 <unknown>\n#4 0x55de280b8734 <unknown>\n#5 0x55de2809eb5d <unknown>\n#6 0x55de280b647c <unknown>\n#7 0x55de2809e903 <unknown>\n#8 0x55de28071ece <unknown>\n#9 0x55de28072fde <unknown>\n#10 0x55de282d363e <unknown>\n#11 0x55de282d6b79 <unknown>\n#12 0x55de282b989e <unknown>\n#13 0x55de282d7a83 <unknown>\n#14 0x55de282ac505 <unknown>\n#15 0x55de282f8ca8 <unknown>\n#16 0x55de282f8e36 <unknown>\n#17 0x55de28314333 <unknown>\n#18 0x7f3f0c463b43 <unknown>","time":{"start":1671209454522,"stop":1671209455033,"duration":511}},{"uid":"d7d06fdfa9868f84","reportUrl":"https://Natalia-Tsy.github.io/SauceDemoProject/301//#testresult/d7d06fdfa9868f84","status":"skipped","statusDetails":"XFAIL\n\nselenium.common.exceptions.NoSuchElementException: Message: no such element: Unable to locate element: {\"method\":\"css selector\",\"selector\":\".shopping_cart_badge\"}\n  (Session info: headless chrome=108.0.5359.98)\nStacktrace:\n#0 0x5616646ec2a3 <unknown>\n#1 0x5616644aaf77 <unknown>\n#2 0x5616644e780c <unknown>\n#3 0x5616644e7a71 <unknown>\n#4 0x561664521734 <unknown>\n#5 0x561664507b5d <unknown>\n#6 0x56166451f47c <unknown>\n#7 0x561664507903 <unknown>\n#8 0x5616644daece <unknown>\n#9 0x5616644dbfde <unknown>\n#10 0x56166473c63e <unknown>\n#11 0x56166473fb79 <unknown>\n#12 0x56166472289e <unknown>\n#13 0x561664740a83 <unknown>\n#14 0x561664715505 <unknown>\n#15 0x561664761ca8 <unknown>\n#16 0x561664761e36 <unknown>\n#17 0x56166477d333 <unknown>\n#18 0x7f4d007adb43 <unknown>","time":{"start":1671205710863,"stop":1671205711480,"duration":617}},{"uid":"24265da108be26a9","reportUrl":"https://Natalia-Tsy.github.io/SauceDemoProject/300//#testresult/24265da108be26a9","status":"skipped","statusDetails":"XFAIL\n\nselenium.common.exceptions.NoSuchElementException: Message: no such element: Unable to locate element: {\"method\":\"css selector\",\"selector\":\".shopping_cart_badge\"}\n  (Session info: headless chrome=108.0.5359.98)\nStacktrace:\n#0 0x5581797382a3 <unknown>\n#1 0x5581794f6f77 <unknown>\n#2 0x55817953380c <unknown>\n#3 0x558179533a71 <unknown>\n#4 0x55817956d734 <unknown>\n#5 0x558179553b5d <unknown>\n#6 0x55817956b47c <unknown>\n#7 0x558179553903 <unknown>\n#8 0x558179526ece <unknown>\n#9 0x558179527fde <unknown>\n#10 0x55817978863e <unknown>\n#11 0x55817978bb79 <unknown>\n#12 0x55817976e89e <unknown>\n#13 0x55817978ca83 <unknown>\n#14 0x558179761505 <unknown>\n#15 0x5581797adca8 <unknown>\n#16 0x5581797ade36 <unknown>\n#17 0x5581797c9333 <unknown>\n#18 0x7f1ef3c5eb43 <unknown>","time":{"start":1671205349966,"stop":1671205350546,"duration":580}},{"uid":"6c887bd0e933f959","reportUrl":"https://Natalia-Tsy.github.io/SauceDemoProject/299//#testresult/6c887bd0e933f959","status":"skipped","statusDetails":"XFAIL\n\nselenium.common.exceptions.NoSuchElementException: Message: no such element: Unable to locate element: {\"method\":\"css selector\",\"selector\":\".shopping_cart_badge\"}\n  (Session info: headless chrome=108.0.5359.98)\nStacktrace:\n#0 0x55620f6f02a3 <unknown>\n#1 0x55620f4aef77 <unknown>\n#2 0x55620f4eb80c <unknown>\n#3 0x55620f4eba71 <unknown>\n#4 0x55620f525734 <unknown>\n#5 0x55620f50bb5d <unknown>\n#6 0x55620f52347c <unknown>\n#7 0x55620f50b903 <unknown>\n#8 0x55620f4deece <unknown>\n#9 0x55620f4dffde <unknown>\n#10 0x55620f74063e <unknown>\n#11 0x55620f743b79 <unknown>\n#12 0x55620f72689e <unknown>\n#13 0x55620f744a83 <unknown>\n#14 0x55620f719505 <unknown>\n#15 0x55620f765ca8 <unknown>\n#16 0x55620f765e36 <unknown>\n#17 0x55620f781333 <unknown>\n#18 0x7f7753f7bb43 <unknown>","time":{"start":1671202463219,"stop":1671202463775,"duration":556}},{"uid":"8c7aa95c4ef7bfb5","reportUrl":"https://Natalia-Tsy.github.io/SauceDemoProject/298//#testresult/8c7aa95c4ef7bfb5","status":"skipped","statusDetails":"XFAIL\n\nselenium.common.exceptions.NoSuchElementException: Message: no such element: Unable to locate element: {\"method\":\"css selector\",\"selector\":\".shopping_cart_badge\"}\n  (Session info: headless chrome=108.0.5359.98)\nStacktrace:\n#0 0x5654c17042a3 <unknown>\n#1 0x5654c14c2f77 <unknown>\n#2 0x5654c14ff80c <unknown>\n#3 0x5654c14ffa71 <unknown>\n#4 0x5654c1539734 <unknown>\n#5 0x5654c151fb5d <unknown>\n#6 0x5654c153747c <unknown>\n#7 0x5654c151f903 <unknown>\n#8 0x5654c14f2ece <unknown>\n#9 0x5654c14f3fde <unknown>\n#10 0x5654c175463e <unknown>\n#11 0x5654c1757b79 <unknown>\n#12 0x5654c173a89e <unknown>\n#13 0x5654c1758a83 <unknown>\n#14 0x5654c172d505 <unknown>\n#15 0x5654c1779ca8 <unknown>\n#16 0x5654c1779e36 <unknown>\n#17 0x5654c1795333 <unknown>\n#18 0x7f8636788b43 <unknown>","time":{"start":1671202148013,"stop":1671202148544,"duration":531}},{"uid":"d378319cfb967586","reportUrl":"https://Natalia-Tsy.github.io/SauceDemoProject/297//#testresult/d378319cfb967586","status":"skipped","statusDetails":"XFAIL\n\nselenium.common.exceptions.NoSuchElementException: Message: no such element: Unable to locate element: {\"method\":\"css selector\",\"selector\":\".shopping_cart_badge\"}\n  (Session info: headless chrome=108.0.5359.98)\nStacktrace:\n#0 0x55f82197a2a3 <unknown>\n#1 0x55f821738f77 <unknown>\n#2 0x55f82177580c <unknown>\n#3 0x55f821775a71 <unknown>\n#4 0x55f8217af734 <unknown>\n#5 0x55f821795b5d <unknown>\n#6 0x55f8217ad47c <unknown>\n#7 0x55f821795903 <unknown>\n#8 0x55f821768ece <unknown>\n#9 0x55f821769fde <unknown>\n#10 0x55f8219ca63e <unknown>\n#11 0x55f8219cdb79 <unknown>\n#12 0x55f8219b089e <unknown>\n#13 0x55f8219cea83 <unknown>\n#14 0x55f8219a3505 <unknown>\n#15 0x55f8219efca8 <unknown>\n#16 0x55f8219efe36 <unknown>\n#17 0x55f821a0b333 <unknown>\n#18 0x7f39d9435b43 <unknown>","time":{"start":1671200294934,"stop":1671200295475,"duration":541}},{"uid":"adaea67cab4329bd","reportUrl":"https://Natalia-Tsy.github.io/SauceDemoProject/296//#testresult/adaea67cab4329bd","status":"skipped","statusDetails":"XFAIL\n\nselenium.common.exceptions.NoSuchElementException: Message: no such element: Unable to locate element: {\"method\":\"css selector\",\"selector\":\".shopping_cart_badge\"}\n  (Session info: headless chrome=108.0.5359.98)\nStacktrace:\n#0 0x5651960092a3 <unknown>\n#1 0x565195dc7f77 <unknown>\n#2 0x565195e0480c <unknown>\n#3 0x565195e04a71 <unknown>\n#4 0x565195e3e734 <unknown>\n#5 0x565195e24b5d <unknown>\n#6 0x565195e3c47c <unknown>\n#7 0x565195e24903 <unknown>\n#8 0x565195df7ece <unknown>\n#9 0x565195df8fde <unknown>\n#10 0x56519605963e <unknown>\n#11 0x56519605cb79 <unknown>\n#12 0x56519603f89e <unknown>\n#13 0x56519605da83 <unknown>\n#14 0x565196032505 <unknown>\n#15 0x56519607eca8 <unknown>\n#16 0x56519607ee36 <unknown>\n#17 0x56519609a333 <unknown>\n#18 0x7f4b5554cb43 <unknown>","time":{"start":1671199839911,"stop":1671199840575,"duration":664}},{"uid":"28515afa0d85ba37","reportUrl":"https://Natalia-Tsy.github.io/SauceDemoProject/293//#testresult/28515afa0d85ba37","status":"skipped","statusDetails":"XFAIL\n\nselenium.common.exceptions.NoSuchElementException: Message: no such element: Unable to locate element: {\"method\":\"css selector\",\"selector\":\".shopping_cart_badge\"}\n  (Session info: headless chrome=108.0.5359.98)\nStacktrace:\n#0 0x55f8866902a3 <unknown>\n#1 0x55f88644ef77 <unknown>\n#2 0x55f88648b80c <unknown>\n#3 0x55f88648ba71 <unknown>\n#4 0x55f8864c5734 <unknown>\n#5 0x55f8864abb5d <unknown>\n#6 0x55f8864c347c <unknown>\n#7 0x55f8864ab903 <unknown>\n#8 0x55f88647eece <unknown>\n#9 0x55f88647ffde <unknown>\n#10 0x55f8866e063e <unknown>\n#11 0x55f8866e3b79 <unknown>\n#12 0x55f8866c689e <unknown>\n#13 0x55f8866e4a83 <unknown>\n#14 0x55f8866b9505 <unknown>\n#15 0x55f886705ca8 <unknown>\n#16 0x55f886705e36 <unknown>\n#17 0x55f886721333 <unknown>\n#18 0x7f72de805b43 <unknown>","time":{"start":1671199820267,"stop":1671199820922,"duration":655}},{"uid":"edc1c2345fd0294c","reportUrl":"https://Natalia-Tsy.github.io/SauceDemoProject/295//#testresult/edc1c2345fd0294c","status":"skipped","statusDetails":"XFAIL\n\nselenium.common.exceptions.NoSuchElementException: Message: no such element: Unable to locate element: {\"method\":\"css selector\",\"selector\":\".shopping_cart_badge\"}\n  (Session info: headless chrome=108.0.5359.98)\nStacktrace:\n#0 0x55e32d46c2a3 <unknown>\n#1 0x55e32d22af77 <unknown>\n#2 0x55e32d26780c <unknown>\n#3 0x55e32d267a71 <unknown>\n#4 0x55e32d2a1734 <unknown>\n#5 0x55e32d287b5d <unknown>\n#6 0x55e32d29f47c <unknown>\n#7 0x55e32d287903 <unknown>\n#8 0x55e32d25aece <unknown>\n#9 0x55e32d25bfde <unknown>\n#10 0x55e32d4bc63e <unknown>\n#11 0x55e32d4bfb79 <unknown>\n#12 0x55e32d4a289e <unknown>\n#13 0x55e32d4c0a83 <unknown>\n#14 0x55e32d495505 <unknown>\n#15 0x55e32d4e1ca8 <unknown>\n#16 0x55e32d4e1e36 <unknown>\n#17 0x55e32d4fd333 <unknown>\n#18 0x7fd33e95bb43 <unknown>","time":{"start":1671199803234,"stop":1671199803711,"duration":477}},{"uid":"f5b58976d43b503d","reportUrl":"https://Natalia-Tsy.github.io/SauceDemoProject/291//#testresult/f5b58976d43b503d","status":"skipped","statusDetails":"XFAIL\n\nselenium.common.exceptions.NoSuchElementException: Message: no such element: Unable to locate element: {\"method\":\"css selector\",\"selector\":\".shopping_cart_badge\"}\n  (Session info: headless chrome=108.0.5359.98)\nStacktrace:\n#0 0x55870eec82a3 <unknown>\n#1 0x55870ec86f77 <unknown>\n#2 0x55870ecc380c <unknown>\n#3 0x55870ecc3a71 <unknown>\n#4 0x55870ecfd734 <unknown>\n#5 0x55870ece3b5d <unknown>\n#6 0x55870ecfb47c <unknown>\n#7 0x55870ece3903 <unknown>\n#8 0x55870ecb6ece <unknown>\n#9 0x55870ecb7fde <unknown>\n#10 0x55870ef1863e <unknown>\n#11 0x55870ef1bb79 <unknown>\n#12 0x55870eefe89e <unknown>\n#13 0x55870ef1ca83 <unknown>\n#14 0x55870eef1505 <unknown>\n#15 0x55870ef3dca8 <unknown>\n#16 0x55870ef3de36 <unknown>\n#17 0x55870ef59333 <unknown>\n#18 0x7f2462a45b43 <unknown>","time":{"start":1671198730116,"stop":1671198730714,"duration":598}},{"uid":"29e4a1dd5ecc85cc","reportUrl":"https://Natalia-Tsy.github.io/SauceDemoProject/289//#testresult/29e4a1dd5ecc85cc","status":"skipped","statusDetails":"XFAIL\n\nselenium.common.exceptions.NoSuchElementException: Message: no such element: Unable to locate element: {\"method\":\"css selector\",\"selector\":\".shopping_cart_badge\"}\n  (Session info: headless chrome=108.0.5359.98)\nStacktrace:\n#0 0x55d6dd0ba2a3 <unknown>\n#1 0x55d6dce78f77 <unknown>\n#2 0x55d6dceb580c <unknown>\n#3 0x55d6dceb5a71 <unknown>\n#4 0x55d6dceef734 <unknown>\n#5 0x55d6dced5b5d <unknown>\n#6 0x55d6dceed47c <unknown>\n#7 0x55d6dced5903 <unknown>\n#8 0x55d6dcea8ece <unknown>\n#9 0x55d6dcea9fde <unknown>\n#10 0x55d6dd10a63e <unknown>\n#11 0x55d6dd10db79 <unknown>\n#12 0x55d6dd0f089e <unknown>\n#13 0x55d6dd10ea83 <unknown>\n#14 0x55d6dd0e3505 <unknown>\n#15 0x55d6dd12fca8 <unknown>\n#16 0x55d6dd12fe36 <unknown>\n#17 0x55d6dd14b333 <unknown>\n#18 0x7f5aa3722b43 <unknown>","time":{"start":1671197646972,"stop":1671197647483,"duration":511}},{"uid":"778b184546bacc2c","reportUrl":"https://Natalia-Tsy.github.io/SauceDemoProject/4//#testresult/778b184546bacc2c","status":"skipped","statusDetails":"XFAIL\n\nselenium.common.exceptions.NoSuchElementException: Message: no such element: Unable to locate element: {\"method\":\"css selector\",\"selector\":\".shopping_cart_badge\"}\n  (Session info: headless chrome=108.0.5359.98)\nStacktrace:\n#0 0x55dfe59442a3 <unknown>\n#1 0x55dfe5702f77 <unknown>\n#2 0x55dfe573f80c <unknown>\n#3 0x55dfe573fa71 <unknown>\n#4 0x55dfe5779734 <unknown>\n#5 0x55dfe575fb5d <unknown>\n#6 0x55dfe577747c <unknown>\n#7 0x55dfe575f903 <unknown>\n#8 0x55dfe5732ece <unknown>\n#9 0x55dfe5733fde <unknown>\n#10 0x55dfe599463e <unknown>\n#11 0x55dfe5997b79 <unknown>\n#12 0x55dfe597a89e <unknown>\n#13 0x55dfe5998a83 <unknown>\n#14 0x55dfe596d505 <unknown>\n#15 0x55dfe59b9ca8 <unknown>\n#16 0x55dfe59b9e36 <unknown>\n#17 0x55dfe59d5333 <unknown>\n#18 0x7f2487ca4b43 <unknown>","time":{"start":1671197635937,"stop":1671197636434,"duration":497}}]},"tags":["@pytest.mark.xfail(raises=<class 'selenium.common.exceptions.NoSuchElementException'>)"]},"source":"dd36c14680031151.json","parameterValues":["'secret_sauce'","'problem_user'"]}