{"uid":"5194d2f38b4baa88","name":"test_user_can_go_to_checkout_complete_page[problem_user-secret_sauce]","fullName":"tests.test_TC_016_01_return_to_catalog_after_order.TestSample#test_user_can_go_to_checkout_complete_page","historyId":"a0ae2b1f654c22ef377249a2cfb07fcf","time":{"start":1671197714540,"stop":1671197715403,"duration":863},"description":"Checks whether a user can navigate to the checkout complete page of a website\n        after logging in, adding items to cart, navigating to the cart page,\n        filling out the shipping information on the first checkout page, and navigating to the second checkout page.\n\n        Args:\n            d: WebDriver\n            username: used to specify the username of the user\n            password: used to specify the password of the user\n        ","descriptionHtml":"<p>Checks whether a user can navigate to the checkout complete page of a website<br />\nafter logging in, adding items to cart, navigating to the cart page,<br />\nfilling out the shipping information on the first checkout page, and navigating to the second checkout page.</p>\n<pre><code>    Args:\n        d: WebDriver\n        username: used to specify the username of the user\n        password: used to specify the password of the user\n</code></pre>\n","status":"skipped","statusMessage":"XFAIL\n\nAssertionError: Expected link -step-two not found in URL https://www.saucedemo.com/checkout-step-one.html","statusTrace":"self = <SauceDemoProject.tests.test_TC_016_01_return_to_catalog_after_order.TestSample object at 0x7f0fa1511ed0>\nd = <selenium.webdriver.chrome.webdriver.WebDriver (session=\"e3a70346da30e1e33a4607b71bc53dec\")>\nusername = 'problem_user', password = 'secret_sauce'\n\n    @pytest.mark.parametrize(\n        \"username, password\",\n        [\n            (\"standard_user\", \"secret_sauce\"),\n            (\"performance_glitch_user\", \"secret_sauce\"),\n            pytest.param(\n                \"problem_user\",\n                \"secret_sauce\",\n                marks=pytest.mark.xfail(raises=AssertionError),\n            ),\n            pytest.param(\n                \"locked_out_user\",\n                \"secret_sauce\",\n                marks=pytest.mark.xfail(raises=AssertionError),\n            ),\n        ],\n    )\n    def test_user_can_go_to_checkout_complete_page(self, d, username, password):\n        \"\"\"Checks whether a user can navigate to the checkout complete page of a website\n        after logging in, adding items to cart, navigating to the cart page,\n        filling out the shipping information on the first checkout page, and navigating to the second checkout page.\n    \n        Args:\n            d: WebDriver\n            username: used to specify the username of the user\n            password: used to specify the password of the user\n        \"\"\"\n>       self.test_user_can_go_to_checkout_2_page(d, username, password)\n\ntests/test_TC_016_01_return_to_catalog_after_order.py:177: \n_ _ _ _ _ _ _ _ _ _ _ _ _ _ _ _ _ _ _ _ _ _ _ _ _ _ _ _ _ _ _ _ _ _ _ _ _ _ _ _ \ntests/test_TC_016_01_return_to_catalog_after_order.py:148: in test_user_can_go_to_checkout_2_page\n    page.should_be_checkout_2_page()\npages/checkout_2_page.py:15: in should_be_checkout_2_page\n    self.should_be_link(Chckout2PageSrc.LINK)\n_ _ _ _ _ _ _ _ _ _ _ _ _ _ _ _ _ _ _ _ _ _ _ _ _ _ _ _ _ _ _ _ _ _ _ _ _ _ _ _ \n\nself = <pages.checkout_2_page.CheckoutPage_2 object at 0x7f0fa02bfaf0>\nlink = '-step-two'\n\n    def should_be_link(self, link):\n        \"\"\"Check that the link provided is in the current URL of the browser.\n    \n        Args:\n            link: link browser\n        \"\"\"\n        assert (\n>           link in self.browser.current_url\n        ), f\"Expected link {link} not found in URL {self.browser.current_url}\"\nE       AssertionError: Expected link -step-two not found in URL https://www.saucedemo.com/checkout-step-one.html\n\npages/base_page.py:350: AssertionError","flaky":false,"newFailed":false,"newBroken":false,"newPassed":false,"retriesCount":0,"retriesStatusChange":false,"beforeStages":[{"name":"browser","time":{"start":1671197675637,"stop":1671197675637,"duration":0},"status":"passed","steps":[],"attachments":[],"parameters":[],"stepsCount":0,"attachmentsCount":0,"shouldDisplayMessage":false,"hasContent":false},{"name":"d","time":{"start":1671197675637,"stop":1671197676449,"duration":812},"status":"passed","steps":[],"attachments":[],"parameters":[],"stepsCount":0,"attachmentsCount":0,"shouldDisplayMessage":false,"hasContent":false},{"name":"g","time":{"start":1671197676449,"stop":1671197676594,"duration":145},"status":"passed","steps":[],"attachments":[],"parameters":[],"stepsCount":0,"attachmentsCount":0,"shouldDisplayMessage":false,"hasContent":false}],"testStage":{"description":"Checks whether a user can navigate to the checkout complete page of a website\n        after logging in, adding items to cart, navigating to the cart page,\n        filling out the shipping information on the first checkout page, and navigating to the second checkout page.\n\n        Args:\n            d: WebDriver\n            username: used to specify the username of the user\n            password: used to specify the password of the user\n        ","status":"skipped","statusMessage":"XFAIL\n\nAssertionError: Expected link -step-two not found in URL https://www.saucedemo.com/checkout-step-one.html","statusTrace":"self = <SauceDemoProject.tests.test_TC_016_01_return_to_catalog_after_order.TestSample object at 0x7f0fa1511ed0>\nd = <selenium.webdriver.chrome.webdriver.WebDriver (session=\"e3a70346da30e1e33a4607b71bc53dec\")>\nusername = 'problem_user', password = 'secret_sauce'\n\n    @pytest.mark.parametrize(\n        \"username, password\",\n        [\n            (\"standard_user\", \"secret_sauce\"),\n            (\"performance_glitch_user\", \"secret_sauce\"),\n            pytest.param(\n                \"problem_user\",\n                \"secret_sauce\",\n                marks=pytest.mark.xfail(raises=AssertionError),\n            ),\n            pytest.param(\n                \"locked_out_user\",\n                \"secret_sauce\",\n                marks=pytest.mark.xfail(raises=AssertionError),\n            ),\n        ],\n    )\n    def test_user_can_go_to_checkout_complete_page(self, d, username, password):\n        \"\"\"Checks whether a user can navigate to the checkout complete page of a website\n        after logging in, adding items to cart, navigating to the cart page,\n        filling out the shipping information on the first checkout page, and navigating to the second checkout page.\n    \n        Args:\n            d: WebDriver\n            username: used to specify the username of the user\n            password: used to specify the password of the user\n        \"\"\"\n>       self.test_user_can_go_to_checkout_2_page(d, username, password)\n\ntests/test_TC_016_01_return_to_catalog_after_order.py:177: \n_ _ _ _ _ _ _ _ _ _ _ _ _ _ _ _ _ _ _ _ _ _ _ _ _ _ _ _ _ _ _ _ _ _ _ _ _ _ _ _ \ntests/test_TC_016_01_return_to_catalog_after_order.py:148: in test_user_can_go_to_checkout_2_page\n    page.should_be_checkout_2_page()\npages/checkout_2_page.py:15: in should_be_checkout_2_page\n    self.should_be_link(Chckout2PageSrc.LINK)\n_ _ _ _ _ _ _ _ _ _ _ _ _ _ _ _ _ _ _ _ _ _ _ _ _ _ _ _ _ _ _ _ _ _ _ _ _ _ _ _ \n\nself = <pages.checkout_2_page.CheckoutPage_2 object at 0x7f0fa02bfaf0>\nlink = '-step-two'\n\n    def should_be_link(self, link):\n        \"\"\"Check that the link provided is in the current URL of the browser.\n    \n        Args:\n            link: link browser\n        \"\"\"\n        assert (\n>           link in self.browser.current_url\n        ), f\"Expected link {link} not found in URL {self.browser.current_url}\"\nE       AssertionError: Expected link -step-two not found in URL https://www.saucedemo.com/checkout-step-one.html\n\npages/base_page.py:350: AssertionError","steps":[],"attachments":[{"uid":"1b1c7f882642e834","name":"Screenshot","source":"1b1c7f882642e834.png","type":"image/png","size":87399}],"parameters":[],"stepsCount":0,"attachmentsCount":1,"shouldDisplayMessage":true,"hasContent":true},"afterStages":[{"name":"g::0","time":{"start":1671197730885,"stop":1671197730943,"duration":58},"status":"passed","steps":[],"attachments":[],"parameters":[],"stepsCount":0,"attachmentsCount":0,"shouldDisplayMessage":false,"hasContent":false}],"labels":[{"name":"tag","value":"@pytest.mark.xfail(raises=<class 'AssertionError'>)"},{"name":"parentSuite","value":"tests"},{"name":"suite","value":"test_TC_016_01_return_to_catalog_after_order"},{"name":"subSuite","value":"TestSample"},{"name":"host","value":"fv-az183-962"},{"name":"thread","value":"2720-MainThread"},{"name":"framework","value":"pytest"},{"name":"language","value":"cpython3"},{"name":"package","value":"tests.test_TC_016_01_return_to_catalog_after_order"},{"name":"resultFormat","value":"allure2"}],"parameters":[{"name":"password","value":"'secret_sauce'"},{"name":"username","value":"'problem_user'"}],"links":[],"hidden":false,"retry":false,"extra":{"severity":"normal","retries":[],"categories":[],"history":{"statistic":{"failed":0,"broken":0,"skipped":6,"passed":0,"unknown":0,"total":6},"items":[{"uid":"af670ec3bbe2af44","reportUrl":"https://Natalia-Tsy.github.io/SauceDemoProject/3//#testresult/af670ec3bbe2af44","status":"skipped","statusDetails":"XFAIL\n\nAssertionError: Expected link -step-two not found in URL https://www.saucedemo.com/checkout-step-one.html","time":{"start":1671196040746,"stop":1671196041993,"duration":1247}},{"uid":"124f16e486423847","reportUrl":"https://Natalia-Tsy.github.io/SauceDemoProject/288//#testresult/124f16e486423847","status":"skipped","statusDetails":"XFAIL\n\nAssertionError: Expected link -step-two not found in URL https://www.saucedemo.com/checkout-step-one.html","time":{"start":1671196014707,"stop":1671196015631,"duration":924}},{"uid":"9878713868ea096d","reportUrl":"https://Natalia-Tsy.github.io/SauceDemoProject/287//#testresult/9878713868ea096d","status":"skipped","statusDetails":"XFAIL\n\nAssertionError: Expected link -step-two not found in URL https://www.saucedemo.com/checkout-step-one.html","time":{"start":1671195232738,"stop":1671195233968,"duration":1230}},{"uid":"af3e313658cc2fa","reportUrl":"https://Natalia-Tsy.github.io/SauceDemoProject/286//#testresult/af3e313658cc2fa","status":"skipped","statusDetails":"XFAIL\n\nAssertionError: Expected link -step-two not found in URL https://www.saucedemo.com/checkout-step-one.html","time":{"start":1671195114500,"stop":1671195115709,"duration":1209}},{"uid":"31a78bb2fce1b06f","reportUrl":"https://Natalia-Tsy.github.io/SauceDemoProject/285//#testresult/31a78bb2fce1b06f","status":"skipped","statusDetails":"XFAIL\n\nAssertionError: Expected link -step-two not found in URL https://www.saucedemo.com/checkout-step-one.html","time":{"start":1671195051912,"stop":1671195053123,"duration":1211}}]},"tags":["@pytest.mark.xfail(raises=<class 'AssertionError'>)"]},"source":"5194d2f38b4baa88.json","parameterValues":["'secret_sauce'","'problem_user'"]}