{"uid":"ed494e8379f5f570","name":"test_TC_016_01_return_to_catalog_after_order[problem_user-secret_sauce]","fullName":"tests.test_TC_016_01_return_to_catalog_after_order.TestSample#test_TC_016_01_return_to_catalog_after_order","historyId":"fa1afa900d60e1eb8a5d0a701f46e006","time":{"start":1671197728816,"stop":1671197729681,"duration":865},"description":"Checks whether a user can return to the products page of a website\n        after completing an order and verifying that the cart is empty\n\n        Args:\n            d: WebDriver\n            username: used to specify the username of the user\n            password: used to specify the password of the user\n        ","descriptionHtml":"<p>Checks whether a user can return to the products page of a website<br />\nafter completing an order and verifying that the cart is empty</p>\n<pre><code>    Args:\n        d: WebDriver\n        username: used to specify the username of the user\n        password: used to specify the password of the user\n</code></pre>\n","status":"skipped","statusMessage":"XFAIL\n\nAssertionError: Expected link -step-two not found in URL https://www.saucedemo.com/checkout-step-one.html","statusTrace":"self = <SauceDemoProject.tests.test_TC_016_01_return_to_catalog_after_order.TestSample object at 0x7f0fa1511c90>\nd = <selenium.webdriver.chrome.webdriver.WebDriver (session=\"e3a70346da30e1e33a4607b71bc53dec\")>\nusername = 'problem_user', password = 'secret_sauce'\n\n    @allure.feature(\"US_016 | Return to the products page\")\n    @allure.story(\"TC_016.01 | Return to products page from checkout complete page\")\n    @pytest.mark.parametrize(\n        \"username, password\",\n        [\n            (\"standard_user\", \"secret_sauce\"),\n            (\"performance_glitch_user\", \"secret_sauce\"),\n            pytest.param(\n                \"problem_user\",\n                \"secret_sauce\",\n                marks=pytest.mark.xfail(raises=AssertionError),\n            ),\n            pytest.param(\n                \"locked_out_user\",\n                \"secret_sauce\",\n                marks=pytest.mark.xfail(raises=AssertionError),\n            ),\n        ],\n    )\n    def test_TC_016_01_return_to_catalog_after_order(self, d, username, password):\n        \"\"\"Checks whether a user can return to the products page of a website\n        after completing an order and verifying that the cart is empty\n    \n        Args:\n            d: WebDriver\n            username: used to specify the username of the user\n            password: used to specify the password of the user\n        \"\"\"\n>       self.test_user_can_go_to_checkout_complete_page(d, username, password)\n\ntests/test_TC_016_01_return_to_catalog_after_order.py:211: \n_ _ _ _ _ _ _ _ _ _ _ _ _ _ _ _ _ _ _ _ _ _ _ _ _ _ _ _ _ _ _ _ _ _ _ _ _ _ _ _ \ntests/test_TC_016_01_return_to_catalog_after_order.py:177: in test_user_can_go_to_checkout_complete_page\n    self.test_user_can_go_to_checkout_2_page(d, username, password)\ntests/test_TC_016_01_return_to_catalog_after_order.py:148: in test_user_can_go_to_checkout_2_page\n    page.should_be_checkout_2_page()\npages/checkout_2_page.py:15: in should_be_checkout_2_page\n    self.should_be_link(Chckout2PageSrc.LINK)\n_ _ _ _ _ _ _ _ _ _ _ _ _ _ _ _ _ _ _ _ _ _ _ _ _ _ _ _ _ _ _ _ _ _ _ _ _ _ _ _ \n\nself = <pages.checkout_2_page.CheckoutPage_2 object at 0x7f0fa1377280>\nlink = '-step-two'\n\n    def should_be_link(self, link):\n        \"\"\"Check that the link provided is in the current URL of the browser.\n    \n        Args:\n            link: link browser\n        \"\"\"\n        assert (\n>           link in self.browser.current_url\n        ), f\"Expected link {link} not found in URL {self.browser.current_url}\"\nE       AssertionError: Expected link -step-two not found in URL https://www.saucedemo.com/checkout-step-one.html\n\npages/base_page.py:350: AssertionError","flaky":false,"newFailed":false,"newBroken":false,"newPassed":false,"retriesCount":0,"retriesStatusChange":false,"beforeStages":[{"name":"browser","time":{"start":1671197675637,"stop":1671197675637,"duration":0},"status":"passed","steps":[],"attachments":[],"parameters":[],"stepsCount":0,"attachmentsCount":0,"shouldDisplayMessage":false,"hasContent":false},{"name":"d","time":{"start":1671197675637,"stop":1671197676449,"duration":812},"status":"passed","steps":[],"attachments":[],"parameters":[],"stepsCount":0,"attachmentsCount":0,"shouldDisplayMessage":false,"hasContent":false},{"name":"g","time":{"start":1671197676449,"stop":1671197676594,"duration":145},"status":"passed","steps":[],"attachments":[],"parameters":[],"stepsCount":0,"attachmentsCount":0,"shouldDisplayMessage":false,"hasContent":false}],"testStage":{"description":"Checks whether a user can return to the products page of a website\n        after completing an order and verifying that the cart is empty\n\n        Args:\n            d: WebDriver\n            username: used to specify the username of the user\n            password: used to specify the password of the user\n        ","status":"skipped","statusMessage":"XFAIL\n\nAssertionError: Expected link -step-two not found in URL https://www.saucedemo.com/checkout-step-one.html","statusTrace":"self = <SauceDemoProject.tests.test_TC_016_01_return_to_catalog_after_order.TestSample object at 0x7f0fa1511c90>\nd = <selenium.webdriver.chrome.webdriver.WebDriver (session=\"e3a70346da30e1e33a4607b71bc53dec\")>\nusername = 'problem_user', password = 'secret_sauce'\n\n    @allure.feature(\"US_016 | Return to the products page\")\n    @allure.story(\"TC_016.01 | Return to products page from checkout complete page\")\n    @pytest.mark.parametrize(\n        \"username, password\",\n        [\n            (\"standard_user\", \"secret_sauce\"),\n            (\"performance_glitch_user\", \"secret_sauce\"),\n            pytest.param(\n                \"problem_user\",\n                \"secret_sauce\",\n                marks=pytest.mark.xfail(raises=AssertionError),\n            ),\n            pytest.param(\n                \"locked_out_user\",\n                \"secret_sauce\",\n                marks=pytest.mark.xfail(raises=AssertionError),\n            ),\n        ],\n    )\n    def test_TC_016_01_return_to_catalog_after_order(self, d, username, password):\n        \"\"\"Checks whether a user can return to the products page of a website\n        after completing an order and verifying that the cart is empty\n    \n        Args:\n            d: WebDriver\n            username: used to specify the username of the user\n            password: used to specify the password of the user\n        \"\"\"\n>       self.test_user_can_go_to_checkout_complete_page(d, username, password)\n\ntests/test_TC_016_01_return_to_catalog_after_order.py:211: \n_ _ _ _ _ _ _ _ _ _ _ _ _ _ _ _ _ _ _ _ _ _ _ _ _ _ _ _ _ _ _ _ _ _ _ _ _ _ _ _ \ntests/test_TC_016_01_return_to_catalog_after_order.py:177: in test_user_can_go_to_checkout_complete_page\n    self.test_user_can_go_to_checkout_2_page(d, username, password)\ntests/test_TC_016_01_return_to_catalog_after_order.py:148: in test_user_can_go_to_checkout_2_page\n    page.should_be_checkout_2_page()\npages/checkout_2_page.py:15: in should_be_checkout_2_page\n    self.should_be_link(Chckout2PageSrc.LINK)\n_ _ _ _ _ _ _ _ _ _ _ _ _ _ _ _ _ _ _ _ _ _ _ _ _ _ _ _ _ _ _ _ _ _ _ _ _ _ _ _ \n\nself = <pages.checkout_2_page.CheckoutPage_2 object at 0x7f0fa1377280>\nlink = '-step-two'\n\n    def should_be_link(self, link):\n        \"\"\"Check that the link provided is in the current URL of the browser.\n    \n        Args:\n            link: link browser\n        \"\"\"\n        assert (\n>           link in self.browser.current_url\n        ), f\"Expected link {link} not found in URL {self.browser.current_url}\"\nE       AssertionError: Expected link -step-two not found in URL https://www.saucedemo.com/checkout-step-one.html\n\npages/base_page.py:350: AssertionError","steps":[],"attachments":[{"uid":"d3244746cba5695b","name":"Screenshot","source":"d3244746cba5695b.png","type":"image/png","size":87671}],"parameters":[],"stepsCount":0,"attachmentsCount":1,"shouldDisplayMessage":true,"hasContent":true},"afterStages":[{"name":"g::0","time":{"start":1671197730885,"stop":1671197730943,"duration":58},"status":"passed","steps":[],"attachments":[],"parameters":[],"stepsCount":0,"attachmentsCount":0,"shouldDisplayMessage":false,"hasContent":false}],"labels":[{"name":"story","value":"TC_016.01 | Return to products page from checkout complete page"},{"name":"feature","value":"US_016 | Return to the products page"},{"name":"tag","value":"@pytest.mark.xfail(raises=<class 'AssertionError'>)"},{"name":"parentSuite","value":"tests"},{"name":"suite","value":"test_TC_016_01_return_to_catalog_after_order"},{"name":"subSuite","value":"TestSample"},{"name":"host","value":"fv-az183-962"},{"name":"thread","value":"2720-MainThread"},{"name":"framework","value":"pytest"},{"name":"language","value":"cpython3"},{"name":"package","value":"tests.test_TC_016_01_return_to_catalog_after_order"},{"name":"resultFormat","value":"allure2"}],"parameters":[{"name":"password","value":"'secret_sauce'"},{"name":"username","value":"'problem_user'"}],"links":[],"hidden":false,"retry":false,"extra":{"severity":"normal","retries":[],"categories":[],"history":{"statistic":{"failed":0,"broken":0,"skipped":6,"passed":0,"unknown":0,"total":6},"items":[{"uid":"51d1db18c81604c5","reportUrl":"https://Natalia-Tsy.github.io/SauceDemoProject/3//#testresult/51d1db18c81604c5","status":"skipped","statusDetails":"XFAIL\n\nAssertionError: Expected link -step-two not found in URL https://www.saucedemo.com/checkout-step-one.html","time":{"start":1671196056855,"stop":1671196058119,"duration":1264}},{"uid":"4191dcc5b1a97873","reportUrl":"https://Natalia-Tsy.github.io/SauceDemoProject/288//#testresult/4191dcc5b1a97873","status":"skipped","statusDetails":"XFAIL\n\nAssertionError: Expected link -step-two not found in URL https://www.saucedemo.com/checkout-step-one.html","time":{"start":1671196029250,"stop":1671196030181,"duration":931}},{"uid":"34d5d2cf5f9eb917","reportUrl":"https://Natalia-Tsy.github.io/SauceDemoProject/287//#testresult/34d5d2cf5f9eb917","status":"skipped","statusDetails":"XFAIL\n\nAssertionError: Expected link -step-two not found in URL https://www.saucedemo.com/checkout-step-one.html","time":{"start":1671195248549,"stop":1671195249813,"duration":1264}},{"uid":"20c7506b8ea512e2","reportUrl":"https://Natalia-Tsy.github.io/SauceDemoProject/286//#testresult/20c7506b8ea512e2","status":"skipped","statusDetails":"XFAIL\n\nAssertionError: Expected link -step-two not found in URL https://www.saucedemo.com/checkout-step-one.html","time":{"start":1671195130159,"stop":1671195131350,"duration":1191}},{"uid":"23cb5388b7a1b140","reportUrl":"https://Natalia-Tsy.github.io/SauceDemoProject/285//#testresult/23cb5388b7a1b140","status":"skipped","statusDetails":"XFAIL\n\nAssertionError: Expected link -step-two not found in URL https://www.saucedemo.com/checkout-step-one.html","time":{"start":1671195067795,"stop":1671195069040,"duration":1245}}]},"tags":["@pytest.mark.xfail(raises=<class 'AssertionError'>)"]},"source":"ed494e8379f5f570.json","parameterValues":["'secret_sauce'","'problem_user'"]}