{"uid":"52992be616510c0d","name":"test_TC_002_02_read_privacy_policy_from_cart","fullName":"tests.test_TC_002_read_privacy_policy.Tests#test_TC_002_02_read_privacy_policy_from_cart","historyId":"ace81add7463e5714c3c7e3dc5f1bcdc","time":{"start":1671488499057,"stop":1671488499654,"duration":597},"status":"skipped","statusMessage":"XFAIL\n\nselenium.common.exceptions.InvalidSelectorException: Message: invalid selector: The result of the xpath expression \"//*[@class = 'footer_copy']/text()[3]\" is: [object Text]. It should be an element.\n  (Session info: headless chrome=108.0.5359.98)\nStacktrace:\n#0 0x561844cd22a3 <unknown>\n#1 0x561844a90f77 <unknown>\n#2 0x561844a949c8 <unknown>\n#3 0x561844a94792 <unknown>\n#4 0x561844a94a9c <unknown>\n#5 0x561844acd538 <unknown>\n#6 0x561844acda71 <unknown>\n#7 0x561844b07734 <unknown>\n#8 0x561844aedb5d <unknown>\n#9 0x561844b0547c <unknown>\n#10 0x561844aed903 <unknown>\n#11 0x561844ac0ece <unknown>\n#12 0x561844ac1fde <unknown>\n#13 0x561844d2263e <unknown>\n#14 0x561844d25b79 <unknown>\n#15 0x561844d0889e <unknown>\n#16 0x561844d26a83 <unknown>\n#17 0x561844cfb505 <unknown>\n#18 0x561844d47ca8 <unknown>\n#19 0x561844d47e36 <unknown>\n#20 0x561844d63333 <unknown>\n#21 0x7eff3dd9bb43 <unknown>","statusTrace":"self = <SauceDemoProject.tests.test_TC_002_read_privacy_policy.Tests object at 0x7f2358136d10>\nd = <selenium.webdriver.chrome.webdriver.WebDriver (session=\"e727fffd15d84ec1d3d2d6d80ac66e7e\")>\n\n    @allure.feature(\"US_002 | Privacy Policy\")\n    @allure.story(\"TC_002.02 | Read Privacy Policy from the cart\")\n    @pytest.mark.xfail(raises=InvalidSelectorException)\n    def test_TC_002_02_read_privacy_policy_from_cart(self, d):\n        page = LoginPage(d, LoginPageSrc.URL)  # Creates the Login page instance\n        page.open_page()\n        page.register_user(\"standard_user\", \"secret_sauce\")  # Standard user logs in\n        page = ProductsPage(\n            d, ProductsPageSrc.URL\n        )  # Creates the Products page instance\n        page.add_item_on_products_page(\n            \"Sauce Labs Onesie\"\n        )  # Adds one product into the cart\n        page.go_to_basket_page()  # gets to the Cart page\n        page = CartPage(d, CartPageSrc.URL)  # Creates the Cart page instance\n>       page.check_privacy_link()  # tries to click on Privacy Policy\n\ntests/test_TC_002_read_privacy_policy.py:54: \n_ _ _ _ _ _ _ _ _ _ _ _ _ _ _ _ _ _ _ _ _ _ _ _ _ _ _ _ _ _ _ _ _ _ _ _ _ _ _ _ \npages/cart_page.py:36: in check_privacy_link\n    self.browser.find_element(*PageLocators.PRIVACY).click()\n../../../.cache/pypoetry/virtualenvs/saucedemoproject-P9vpYs8v-py3.10/lib/python3.10/site-packages/selenium/webdriver/remote/webdriver.py:861: in find_element\n    return self.execute(Command.FIND_ELEMENT, {\"using\": by, \"value\": value})[\"value\"]\n../../../.cache/pypoetry/virtualenvs/saucedemoproject-P9vpYs8v-py3.10/lib/python3.10/site-packages/selenium/webdriver/remote/webdriver.py:444: in execute\n    self.error_handler.check_response(response)\n_ _ _ _ _ _ _ _ _ _ _ _ _ _ _ _ _ _ _ _ _ _ _ _ _ _ _ _ _ _ _ _ _ _ _ _ _ _ _ _ \n\nself = <selenium.webdriver.remote.errorhandler.ErrorHandler object at 0x7f2357fbc040>\nresponse = {'status': 400, 'value': '{\"value\":{\"error\":\"invalid selector\",\"message\":\"invalid selector: The result of the xpath ex...\\\\n#19 0x561844d47e36 \\\\u003Cunknown>\\\\n#20 0x561844d63333 \\\\u003Cunknown>\\\\n#21 0x7eff3dd9bb43 \\\\u003Cunknown>\\\\n\"}}'}\n\n    def check_response(self, response: Dict[str, Any]) -> None:\n        \"\"\"\n        Checks that a JSON response from the WebDriver does not have an error.\n    \n        :Args:\n         - response - The JSON response from the WebDriver server as a dictionary\n           object.\n    \n        :Raises: If the response contains an error message.\n        \"\"\"\n        status = response.get(\"status\", None)\n        if not status or status == ErrorCode.SUCCESS:\n            return\n        value = None\n        message = response.get(\"message\", \"\")\n        screen: str = response.get(\"screen\", \"\")\n        stacktrace = None\n        if isinstance(status, int):\n            value_json = response.get(\"value\", None)\n            if value_json and isinstance(value_json, str):\n                import json\n    \n                try:\n                    value = json.loads(value_json)\n                    if len(value.keys()) == 1:\n                        value = value[\"value\"]\n                    status = value.get(\"error\", None)\n                    if not status:\n                        status = value.get(\"status\", ErrorCode.UNKNOWN_ERROR)\n                        message = value.get(\"value\") or value.get(\"message\")\n                        if not isinstance(message, str):\n                            value = message\n                            message = message.get(\"message\")\n                    else:\n                        message = value.get(\"message\", None)\n                except ValueError:\n                    pass\n    \n        exception_class: Type[WebDriverException]\n        if status in ErrorCode.NO_SUCH_ELEMENT:\n            exception_class = NoSuchElementException\n        elif status in ErrorCode.NO_SUCH_FRAME:\n            exception_class = NoSuchFrameException\n        elif status in ErrorCode.NO_SUCH_SHADOW_ROOT:\n            exception_class = NoSuchShadowRootException\n        elif status in ErrorCode.NO_SUCH_WINDOW:\n            exception_class = NoSuchWindowException\n        elif status in ErrorCode.STALE_ELEMENT_REFERENCE:\n            exception_class = StaleElementReferenceException\n        elif status in ErrorCode.ELEMENT_NOT_VISIBLE:\n            exception_class = ElementNotVisibleException\n        elif status in ErrorCode.INVALID_ELEMENT_STATE:\n            exception_class = InvalidElementStateException\n        elif (\n            status in ErrorCode.INVALID_SELECTOR\n            or status in ErrorCode.INVALID_XPATH_SELECTOR\n            or status in ErrorCode.INVALID_XPATH_SELECTOR_RETURN_TYPER\n        ):\n            exception_class = InvalidSelectorException\n        elif status in ErrorCode.ELEMENT_IS_NOT_SELECTABLE:\n            exception_class = ElementNotSelectableException\n        elif status in ErrorCode.ELEMENT_NOT_INTERACTABLE:\n            exception_class = ElementNotInteractableException\n        elif status in ErrorCode.INVALID_COOKIE_DOMAIN:\n            exception_class = InvalidCookieDomainException\n        elif status in ErrorCode.UNABLE_TO_SET_COOKIE:\n            exception_class = UnableToSetCookieException\n        elif status in ErrorCode.TIMEOUT:\n            exception_class = TimeoutException\n        elif status in ErrorCode.SCRIPT_TIMEOUT:\n            exception_class = TimeoutException\n        elif status in ErrorCode.UNKNOWN_ERROR:\n            exception_class = WebDriverException\n        elif status in ErrorCode.UNEXPECTED_ALERT_OPEN:\n            exception_class = UnexpectedAlertPresentException\n        elif status in ErrorCode.NO_ALERT_OPEN:\n            exception_class = NoAlertPresentException\n        elif status in ErrorCode.IME_NOT_AVAILABLE:\n            exception_class = ImeNotAvailableException\n        elif status in ErrorCode.IME_ENGINE_ACTIVATION_FAILED:\n            exception_class = ImeActivationFailedException\n        elif status in ErrorCode.MOVE_TARGET_OUT_OF_BOUNDS:\n            exception_class = MoveTargetOutOfBoundsException\n        elif status in ErrorCode.JAVASCRIPT_ERROR:\n            exception_class = JavascriptException\n        elif status in ErrorCode.SESSION_NOT_CREATED:\n            exception_class = SessionNotCreatedException\n        elif status in ErrorCode.INVALID_ARGUMENT:\n            exception_class = InvalidArgumentException\n        elif status in ErrorCode.NO_SUCH_COOKIE:\n            exception_class = NoSuchCookieException\n        elif status in ErrorCode.UNABLE_TO_CAPTURE_SCREEN:\n            exception_class = ScreenshotException\n        elif status in ErrorCode.ELEMENT_CLICK_INTERCEPTED:\n            exception_class = ElementClickInterceptedException\n        elif status in ErrorCode.INSECURE_CERTIFICATE:\n            exception_class = InsecureCertificateException\n        elif status in ErrorCode.INVALID_COORDINATES:\n            exception_class = InvalidCoordinatesException\n        elif status in ErrorCode.INVALID_SESSION_ID:\n            exception_class = InvalidSessionIdException\n        elif status in ErrorCode.UNKNOWN_METHOD:\n            exception_class = UnknownMethodException\n        else:\n            exception_class = WebDriverException\n        if not value:\n            value = response[\"value\"]\n        if isinstance(value, str):\n            raise exception_class(value)\n        if message == \"\" and \"message\" in value:\n            message = value[\"message\"]\n    \n        screen = None  # type: ignore[assignment]\n        if \"screen\" in value:\n            screen = value[\"screen\"]\n    \n        stacktrace = None\n        st_value = value.get(\"stackTrace\") or value.get(\"stacktrace\")\n        if st_value:\n            if isinstance(st_value, str):\n                stacktrace = st_value.split(\"\\n\")\n            else:\n                stacktrace = []\n                try:\n                    for frame in st_value:\n                        line = frame.get(\"lineNumber\", \"\")\n                        file = frame.get(\"fileName\", \"<anonymous>\")\n                        if line:\n                            file = f\"{file}:{line}\"\n                        meth = frame.get(\"methodName\", \"<anonymous>\")\n                        if \"className\" in frame:\n                            meth = \"{}.{}\".format(frame[\"className\"], meth)\n                        msg = \"    at %s (%s)\"\n                        msg = msg % (meth, file)\n                        stacktrace.append(msg)\n                except TypeError:\n                    pass\n        if exception_class == UnexpectedAlertPresentException:\n            alert_text = None\n            if \"data\" in value:\n                alert_text = value[\"data\"].get(\"text\")\n            elif \"alert\" in value:\n                alert_text = value[\"alert\"].get(\"text\")\n            raise exception_class(message, screen, stacktrace, alert_text)  # type: ignore[call-arg]  # mypy is not smart enough here\n>       raise exception_class(message, screen, stacktrace)\nE       selenium.common.exceptions.InvalidSelectorException: Message: invalid selector: The result of the xpath expression \"//*[@class = 'footer_copy']/text()[3]\" is: [object Text]. It should be an element.\nE         (Session info: headless chrome=108.0.5359.98)\nE       Stacktrace:\nE       #0 0x561844cd22a3 <unknown>\nE       #1 0x561844a90f77 <unknown>\nE       #2 0x561844a949c8 <unknown>\nE       #3 0x561844a94792 <unknown>\nE       #4 0x561844a94a9c <unknown>\nE       #5 0x561844acd538 <unknown>\nE       #6 0x561844acda71 <unknown>\nE       #7 0x561844b07734 <unknown>\nE       #8 0x561844aedb5d <unknown>\nE       #9 0x561844b0547c <unknown>\nE       #10 0x561844aed903 <unknown>\nE       #11 0x561844ac0ece <unknown>\nE       #12 0x561844ac1fde <unknown>\nE       #13 0x561844d2263e <unknown>\nE       #14 0x561844d25b79 <unknown>\nE       #15 0x561844d0889e <unknown>\nE       #16 0x561844d26a83 <unknown>\nE       #17 0x561844cfb505 <unknown>\nE       #18 0x561844d47ca8 <unknown>\nE       #19 0x561844d47e36 <unknown>\nE       #20 0x561844d63333 <unknown>\nE       #21 0x7eff3dd9bb43 <unknown>\n\n../../../.cache/pypoetry/virtualenvs/saucedemoproject-P9vpYs8v-py3.10/lib/python3.10/site-packages/selenium/webdriver/remote/errorhandler.py:249: InvalidSelectorException","flaky":false,"newFailed":false,"newBroken":false,"newPassed":false,"retriesCount":0,"retriesStatusChange":false,"beforeStages":[{"name":"browser","time":{"start":1671488489521,"stop":1671488489521,"duration":0},"status":"passed","steps":[],"attachments":[],"parameters":[],"stepsCount":0,"attachmentsCount":0,"shouldDisplayMessage":false,"hasContent":false},{"name":"d","time":{"start":1671488489522,"stop":1671488495887,"duration":6365},"status":"passed","steps":[],"attachments":[],"parameters":[],"stepsCount":0,"attachmentsCount":0,"shouldDisplayMessage":false,"hasContent":false},{"name":"g","time":{"start":1671488495887,"stop":1671488497100,"duration":1213},"status":"passed","steps":[],"attachments":[],"parameters":[],"stepsCount":0,"attachmentsCount":0,"shouldDisplayMessage":false,"hasContent":false}],"testStage":{"status":"skipped","statusMessage":"XFAIL\n\nselenium.common.exceptions.InvalidSelectorException: Message: invalid selector: The result of the xpath expression \"//*[@class = 'footer_copy']/text()[3]\" is: [object Text]. It should be an element.\n  (Session info: headless chrome=108.0.5359.98)\nStacktrace:\n#0 0x561844cd22a3 <unknown>\n#1 0x561844a90f77 <unknown>\n#2 0x561844a949c8 <unknown>\n#3 0x561844a94792 <unknown>\n#4 0x561844a94a9c <unknown>\n#5 0x561844acd538 <unknown>\n#6 0x561844acda71 <unknown>\n#7 0x561844b07734 <unknown>\n#8 0x561844aedb5d <unknown>\n#9 0x561844b0547c <unknown>\n#10 0x561844aed903 <unknown>\n#11 0x561844ac0ece <unknown>\n#12 0x561844ac1fde <unknown>\n#13 0x561844d2263e <unknown>\n#14 0x561844d25b79 <unknown>\n#15 0x561844d0889e <unknown>\n#16 0x561844d26a83 <unknown>\n#17 0x561844cfb505 <unknown>\n#18 0x561844d47ca8 <unknown>\n#19 0x561844d47e36 <unknown>\n#20 0x561844d63333 <unknown>\n#21 0x7eff3dd9bb43 <unknown>","statusTrace":"self = <SauceDemoProject.tests.test_TC_002_read_privacy_policy.Tests object at 0x7f2358136d10>\nd = <selenium.webdriver.chrome.webdriver.WebDriver (session=\"e727fffd15d84ec1d3d2d6d80ac66e7e\")>\n\n    @allure.feature(\"US_002 | Privacy Policy\")\n    @allure.story(\"TC_002.02 | Read Privacy Policy from the cart\")\n    @pytest.mark.xfail(raises=InvalidSelectorException)\n    def test_TC_002_02_read_privacy_policy_from_cart(self, d):\n        page = LoginPage(d, LoginPageSrc.URL)  # Creates the Login page instance\n        page.open_page()\n        page.register_user(\"standard_user\", \"secret_sauce\")  # Standard user logs in\n        page = ProductsPage(\n            d, ProductsPageSrc.URL\n        )  # Creates the Products page instance\n        page.add_item_on_products_page(\n            \"Sauce Labs Onesie\"\n        )  # Adds one product into the cart\n        page.go_to_basket_page()  # gets to the Cart page\n        page = CartPage(d, CartPageSrc.URL)  # Creates the Cart page instance\n>       page.check_privacy_link()  # tries to click on Privacy Policy\n\ntests/test_TC_002_read_privacy_policy.py:54: \n_ _ _ _ _ _ _ _ _ _ _ _ _ _ _ _ _ _ _ _ _ _ _ _ _ _ _ _ _ _ _ _ _ _ _ _ _ _ _ _ \npages/cart_page.py:36: in check_privacy_link\n    self.browser.find_element(*PageLocators.PRIVACY).click()\n../../../.cache/pypoetry/virtualenvs/saucedemoproject-P9vpYs8v-py3.10/lib/python3.10/site-packages/selenium/webdriver/remote/webdriver.py:861: in find_element\n    return self.execute(Command.FIND_ELEMENT, {\"using\": by, \"value\": value})[\"value\"]\n../../../.cache/pypoetry/virtualenvs/saucedemoproject-P9vpYs8v-py3.10/lib/python3.10/site-packages/selenium/webdriver/remote/webdriver.py:444: in execute\n    self.error_handler.check_response(response)\n_ _ _ _ _ _ _ _ _ _ _ _ _ _ _ _ _ _ _ _ _ _ _ _ _ _ _ _ _ _ _ _ _ _ _ _ _ _ _ _ \n\nself = <selenium.webdriver.remote.errorhandler.ErrorHandler object at 0x7f2357fbc040>\nresponse = {'status': 400, 'value': '{\"value\":{\"error\":\"invalid selector\",\"message\":\"invalid selector: The result of the xpath ex...\\\\n#19 0x561844d47e36 \\\\u003Cunknown>\\\\n#20 0x561844d63333 \\\\u003Cunknown>\\\\n#21 0x7eff3dd9bb43 \\\\u003Cunknown>\\\\n\"}}'}\n\n    def check_response(self, response: Dict[str, Any]) -> None:\n        \"\"\"\n        Checks that a JSON response from the WebDriver does not have an error.\n    \n        :Args:\n         - response - The JSON response from the WebDriver server as a dictionary\n           object.\n    \n        :Raises: If the response contains an error message.\n        \"\"\"\n        status = response.get(\"status\", None)\n        if not status or status == ErrorCode.SUCCESS:\n            return\n        value = None\n        message = response.get(\"message\", \"\")\n        screen: str = response.get(\"screen\", \"\")\n        stacktrace = None\n        if isinstance(status, int):\n            value_json = response.get(\"value\", None)\n            if value_json and isinstance(value_json, str):\n                import json\n    \n                try:\n                    value = json.loads(value_json)\n                    if len(value.keys()) == 1:\n                        value = value[\"value\"]\n                    status = value.get(\"error\", None)\n                    if not status:\n                        status = value.get(\"status\", ErrorCode.UNKNOWN_ERROR)\n                        message = value.get(\"value\") or value.get(\"message\")\n                        if not isinstance(message, str):\n                            value = message\n                            message = message.get(\"message\")\n                    else:\n                        message = value.get(\"message\", None)\n                except ValueError:\n                    pass\n    \n        exception_class: Type[WebDriverException]\n        if status in ErrorCode.NO_SUCH_ELEMENT:\n            exception_class = NoSuchElementException\n        elif status in ErrorCode.NO_SUCH_FRAME:\n            exception_class = NoSuchFrameException\n        elif status in ErrorCode.NO_SUCH_SHADOW_ROOT:\n            exception_class = NoSuchShadowRootException\n        elif status in ErrorCode.NO_SUCH_WINDOW:\n            exception_class = NoSuchWindowException\n        elif status in ErrorCode.STALE_ELEMENT_REFERENCE:\n            exception_class = StaleElementReferenceException\n        elif status in ErrorCode.ELEMENT_NOT_VISIBLE:\n            exception_class = ElementNotVisibleException\n        elif status in ErrorCode.INVALID_ELEMENT_STATE:\n            exception_class = InvalidElementStateException\n        elif (\n            status in ErrorCode.INVALID_SELECTOR\n            or status in ErrorCode.INVALID_XPATH_SELECTOR\n            or status in ErrorCode.INVALID_XPATH_SELECTOR_RETURN_TYPER\n        ):\n            exception_class = InvalidSelectorException\n        elif status in ErrorCode.ELEMENT_IS_NOT_SELECTABLE:\n            exception_class = ElementNotSelectableException\n        elif status in ErrorCode.ELEMENT_NOT_INTERACTABLE:\n            exception_class = ElementNotInteractableException\n        elif status in ErrorCode.INVALID_COOKIE_DOMAIN:\n            exception_class = InvalidCookieDomainException\n        elif status in ErrorCode.UNABLE_TO_SET_COOKIE:\n            exception_class = UnableToSetCookieException\n        elif status in ErrorCode.TIMEOUT:\n            exception_class = TimeoutException\n        elif status in ErrorCode.SCRIPT_TIMEOUT:\n            exception_class = TimeoutException\n        elif status in ErrorCode.UNKNOWN_ERROR:\n            exception_class = WebDriverException\n        elif status in ErrorCode.UNEXPECTED_ALERT_OPEN:\n            exception_class = UnexpectedAlertPresentException\n        elif status in ErrorCode.NO_ALERT_OPEN:\n            exception_class = NoAlertPresentException\n        elif status in ErrorCode.IME_NOT_AVAILABLE:\n            exception_class = ImeNotAvailableException\n        elif status in ErrorCode.IME_ENGINE_ACTIVATION_FAILED:\n            exception_class = ImeActivationFailedException\n        elif status in ErrorCode.MOVE_TARGET_OUT_OF_BOUNDS:\n            exception_class = MoveTargetOutOfBoundsException\n        elif status in ErrorCode.JAVASCRIPT_ERROR:\n            exception_class = JavascriptException\n        elif status in ErrorCode.SESSION_NOT_CREATED:\n            exception_class = SessionNotCreatedException\n        elif status in ErrorCode.INVALID_ARGUMENT:\n            exception_class = InvalidArgumentException\n        elif status in ErrorCode.NO_SUCH_COOKIE:\n            exception_class = NoSuchCookieException\n        elif status in ErrorCode.UNABLE_TO_CAPTURE_SCREEN:\n            exception_class = ScreenshotException\n        elif status in ErrorCode.ELEMENT_CLICK_INTERCEPTED:\n            exception_class = ElementClickInterceptedException\n        elif status in ErrorCode.INSECURE_CERTIFICATE:\n            exception_class = InsecureCertificateException\n        elif status in ErrorCode.INVALID_COORDINATES:\n            exception_class = InvalidCoordinatesException\n        elif status in ErrorCode.INVALID_SESSION_ID:\n            exception_class = InvalidSessionIdException\n        elif status in ErrorCode.UNKNOWN_METHOD:\n            exception_class = UnknownMethodException\n        else:\n            exception_class = WebDriverException\n        if not value:\n            value = response[\"value\"]\n        if isinstance(value, str):\n            raise exception_class(value)\n        if message == \"\" and \"message\" in value:\n            message = value[\"message\"]\n    \n        screen = None  # type: ignore[assignment]\n        if \"screen\" in value:\n            screen = value[\"screen\"]\n    \n        stacktrace = None\n        st_value = value.get(\"stackTrace\") or value.get(\"stacktrace\")\n        if st_value:\n            if isinstance(st_value, str):\n                stacktrace = st_value.split(\"\\n\")\n            else:\n                stacktrace = []\n                try:\n                    for frame in st_value:\n                        line = frame.get(\"lineNumber\", \"\")\n                        file = frame.get(\"fileName\", \"<anonymous>\")\n                        if line:\n                            file = f\"{file}:{line}\"\n                        meth = frame.get(\"methodName\", \"<anonymous>\")\n                        if \"className\" in frame:\n                            meth = \"{}.{}\".format(frame[\"className\"], meth)\n                        msg = \"    at %s (%s)\"\n                        msg = msg % (meth, file)\n                        stacktrace.append(msg)\n                except TypeError:\n                    pass\n        if exception_class == UnexpectedAlertPresentException:\n            alert_text = None\n            if \"data\" in value:\n                alert_text = value[\"data\"].get(\"text\")\n            elif \"alert\" in value:\n                alert_text = value[\"alert\"].get(\"text\")\n            raise exception_class(message, screen, stacktrace, alert_text)  # type: ignore[call-arg]  # mypy is not smart enough here\n>       raise exception_class(message, screen, stacktrace)\nE       selenium.common.exceptions.InvalidSelectorException: Message: invalid selector: The result of the xpath expression \"//*[@class = 'footer_copy']/text()[3]\" is: [object Text]. It should be an element.\nE         (Session info: headless chrome=108.0.5359.98)\nE       Stacktrace:\nE       #0 0x561844cd22a3 <unknown>\nE       #1 0x561844a90f77 <unknown>\nE       #2 0x561844a949c8 <unknown>\nE       #3 0x561844a94792 <unknown>\nE       #4 0x561844a94a9c <unknown>\nE       #5 0x561844acd538 <unknown>\nE       #6 0x561844acda71 <unknown>\nE       #7 0x561844b07734 <unknown>\nE       #8 0x561844aedb5d <unknown>\nE       #9 0x561844b0547c <unknown>\nE       #10 0x561844aed903 <unknown>\nE       #11 0x561844ac0ece <unknown>\nE       #12 0x561844ac1fde <unknown>\nE       #13 0x561844d2263e <unknown>\nE       #14 0x561844d25b79 <unknown>\nE       #15 0x561844d0889e <unknown>\nE       #16 0x561844d26a83 <unknown>\nE       #17 0x561844cfb505 <unknown>\nE       #18 0x561844d47ca8 <unknown>\nE       #19 0x561844d47e36 <unknown>\nE       #20 0x561844d63333 <unknown>\nE       #21 0x7eff3dd9bb43 <unknown>\n\n../../../.cache/pypoetry/virtualenvs/saucedemoproject-P9vpYs8v-py3.10/lib/python3.10/site-packages/selenium/webdriver/remote/errorhandler.py:249: InvalidSelectorException","steps":[],"attachments":[{"uid":"6b78f33e944fff0","name":"Screenshot","source":"6b78f33e944fff0.png","type":"image/png","size":99647}],"parameters":[],"stepsCount":0,"attachmentsCount":1,"shouldDisplayMessage":true,"hasContent":true},"afterStages":[{"name":"g::0","time":{"start":1671488504980,"stop":1671488505039,"duration":59},"status":"passed","steps":[],"attachments":[],"parameters":[],"stepsCount":0,"attachmentsCount":0,"shouldDisplayMessage":false,"hasContent":false}],"labels":[{"name":"feature","value":"US_002 | Privacy Policy"},{"name":"story","value":"TC_002.02 | Read Privacy Policy from the cart"},{"name":"tag","value":"@pytest.mark.xfail(raises=<class 'selenium.common.exceptions.InvalidSelectorException'>)"},{"name":"parentSuite","value":"tests"},{"name":"suite","value":"test_TC_002_read_privacy_policy"},{"name":"subSuite","value":"Tests"},{"name":"host","value":"fv-az451-612"},{"name":"thread","value":"2744-MainThread"},{"name":"framework","value":"pytest"},{"name":"language","value":"cpython3"},{"name":"package","value":"tests.test_TC_002_read_privacy_policy"},{"name":"resultFormat","value":"allure2"}],"parameters":[],"links":[],"hidden":false,"retry":false,"extra":{"severity":"normal","retries":[],"categories":[],"history":{"statistic":{"failed":0,"broken":0,"skipped":59,"passed":0,"unknown":0,"total":59},"items":[{"uid":"6a71f5555873eeb3","reportUrl":"https://Natalia-Tsy.github.io/SauceDemoProject/344//#testresult/6a71f5555873eeb3","status":"skipped","statusDetails":"XFAIL\n\nselenium.common.exceptions.InvalidSelectorException: Message: invalid selector: The result of the xpath expression \"//*[@class = 'footer_copy']/text()[3]\" is: [object Text]. It should be an element.\n  (Session info: headless chrome=108.0.5359.98)\nStacktrace:\n#0 0x55a980d1f2a3 <unknown>\n#1 0x55a980addf77 <unknown>\n#2 0x55a980ae19c8 <unknown>\n#3 0x55a980ae1792 <unknown>\n#4 0x55a980ae1a9c <unknown>\n#5 0x55a980b1a538 <unknown>\n#6 0x55a980b1aa71 <unknown>\n#7 0x55a980b54734 <unknown>\n#8 0x55a980b3ab5d <unknown>\n#9 0x55a980b5247c <unknown>\n#10 0x55a980b3a903 <unknown>\n#11 0x55a980b0dece <unknown>\n#12 0x55a980b0efde <unknown>\n#13 0x55a980d6f63e <unknown>\n#14 0x55a980d72b79 <unknown>\n#15 0x55a980d5589e <unknown>\n#16 0x55a980d73a83 <unknown>\n#17 0x55a980d48505 <unknown>\n#18 0x55a980d94ca8 <unknown>\n#19 0x55a980d94e36 <unknown>\n#20 0x55a980db0333 <unknown>\n#21 0x7f280ba2ab43 <unknown>","time":{"start":1671487802567,"stop":1671487803259,"duration":692}},{"uid":"ddedd200e10bbaf0","reportUrl":"https://Natalia-Tsy.github.io/SauceDemoProject/343//#testresult/ddedd200e10bbaf0","status":"skipped","statusDetails":"XFAIL\n\nselenium.common.exceptions.InvalidSelectorException: Message: invalid selector: The result of the xpath expression \"//*[@class = 'footer_copy']/text()[3]\" is: [object Text]. It should be an element.\n  (Session info: headless chrome=108.0.5359.98)\nStacktrace:\n#0 0x55ba81eae2a3 <unknown>\n#1 0x55ba81c6cf77 <unknown>\n#2 0x55ba81c709c8 <unknown>\n#3 0x55ba81c70792 <unknown>\n#4 0x55ba81c70a9c <unknown>\n#5 0x55ba81ca9538 <unknown>\n#6 0x55ba81ca9a71 <unknown>\n#7 0x55ba81ce3734 <unknown>\n#8 0x55ba81cc9b5d <unknown>\n#9 0x55ba81ce147c <unknown>\n#10 0x55ba81cc9903 <unknown>\n#11 0x55ba81c9cece <unknown>\n#12 0x55ba81c9dfde <unknown>\n#13 0x55ba81efe63e <unknown>\n#14 0x55ba81f01b79 <unknown>\n#15 0x55ba81ee489e <unknown>\n#16 0x55ba81f02a83 <unknown>\n#17 0x55ba81ed7505 <unknown>\n#18 0x55ba81f23ca8 <unknown>\n#19 0x55ba81f23e36 <unknown>\n#20 0x55ba81f3f333 <unknown>\n#21 0x7fe92ffddb43 <unknown>","time":{"start":1671485204522,"stop":1671485205051,"duration":529}},{"uid":"c4aa739859f5d4e8","reportUrl":"https://Natalia-Tsy.github.io/SauceDemoProject/342//#testresult/c4aa739859f5d4e8","status":"skipped","statusDetails":"XFAIL\n\nselenium.common.exceptions.InvalidSelectorException: Message: invalid selector: The result of the xpath expression \"//*[@class = 'footer_copy']/text()[3]\" is: [object Text]. It should be an element.\n  (Session info: headless chrome=108.0.5359.98)\nStacktrace:\n#0 0x558b145b02a3 <unknown>\n#1 0x558b1436ef77 <unknown>\n#2 0x558b143729c8 <unknown>\n#3 0x558b14372792 <unknown>\n#4 0x558b14372a9c <unknown>\n#5 0x558b143ab538 <unknown>\n#6 0x558b143aba71 <unknown>\n#7 0x558b143e5734 <unknown>\n#8 0x558b143cbb5d <unknown>\n#9 0x558b143e347c <unknown>\n#10 0x558b143cb903 <unknown>\n#11 0x558b1439eece <unknown>\n#12 0x558b1439ffde <unknown>\n#13 0x558b1460063e <unknown>\n#14 0x558b14603b79 <unknown>\n#15 0x558b145e689e <unknown>\n#16 0x558b14604a83 <unknown>\n#17 0x558b145d9505 <unknown>\n#18 0x558b14625ca8 <unknown>\n#19 0x558b14625e36 <unknown>\n#20 0x558b14641333 <unknown>\n#21 0x7f33cbaedb43 <unknown>","time":{"start":1671483888634,"stop":1671483889295,"duration":661}},{"uid":"3398380be0d870c8","reportUrl":"https://Natalia-Tsy.github.io/SauceDemoProject/341//#testresult/3398380be0d870c8","status":"skipped","statusDetails":"XFAIL\n\nselenium.common.exceptions.InvalidSelectorException: Message: invalid selector: The result of the xpath expression \"//*[@class = 'footer_copy']/text()[3]\" is: [object Text]. It should be an element.\n  (Session info: headless chrome=108.0.5359.98)\nStacktrace:\n#0 0x55b642f5d2a3 <unknown>\n#1 0x55b642d1bf77 <unknown>\n#2 0x55b642d1f9c8 <unknown>\n#3 0x55b642d1f792 <unknown>\n#4 0x55b642d1fa9c <unknown>\n#5 0x55b642d58538 <unknown>\n#6 0x55b642d58a71 <unknown>\n#7 0x55b642d92734 <unknown>\n#8 0x55b642d78b5d <unknown>\n#9 0x55b642d9047c <unknown>\n#10 0x55b642d78903 <unknown>\n#11 0x55b642d4bece <unknown>\n#12 0x55b642d4cfde <unknown>\n#13 0x55b642fad63e <unknown>\n#14 0x55b642fb0b79 <unknown>\n#15 0x55b642f9389e <unknown>\n#16 0x55b642fb1a83 <unknown>\n#17 0x55b642f86505 <unknown>\n#18 0x55b642fd2ca8 <unknown>\n#19 0x55b642fd2e36 <unknown>\n#20 0x55b642fee333 <unknown>\n#21 0x7f69ea3f7b43 <unknown>","time":{"start":1671483171764,"stop":1671483172579,"duration":815}},{"uid":"5ee05e7cd3ff1571","reportUrl":"https://Natalia-Tsy.github.io/SauceDemoProject/340//#testresult/5ee05e7cd3ff1571","status":"skipped","statusDetails":"XFAIL\n\nselenium.common.exceptions.InvalidSelectorException: Message: invalid selector: The result of the xpath expression \"//*[@class = 'footer_copy']/text()[3]\" is: [object Text]. It should be an element.\n  (Session info: headless chrome=108.0.5359.98)\nStacktrace:\n#0 0x56514137d2a3 <unknown>\n#1 0x56514113bf77 <unknown>\n#2 0x56514113f9c8 <unknown>\n#3 0x56514113f792 <unknown>\n#4 0x56514113fa9c <unknown>\n#5 0x565141178538 <unknown>\n#6 0x565141178a71 <unknown>\n#7 0x5651411b2734 <unknown>\n#8 0x565141198b5d <unknown>\n#9 0x5651411b047c <unknown>\n#10 0x565141198903 <unknown>\n#11 0x56514116bece <unknown>\n#12 0x56514116cfde <unknown>\n#13 0x5651413cd63e <unknown>\n#14 0x5651413d0b79 <unknown>\n#15 0x5651413b389e <unknown>\n#16 0x5651413d1a83 <unknown>\n#17 0x5651413a6505 <unknown>\n#18 0x5651413f2ca8 <unknown>\n#19 0x5651413f2e36 <unknown>\n#20 0x56514140e333 <unknown>\n#21 0x7f7becd79b43 <unknown>","time":{"start":1671482861512,"stop":1671482862734,"duration":1222}},{"uid":"90b711a36cc951bd","reportUrl":"https://Natalia-Tsy.github.io/SauceDemoProject/339//#testresult/90b711a36cc951bd","status":"skipped","statusDetails":"XFAIL\n\nselenium.common.exceptions.InvalidSelectorException: Message: invalid selector: The result of the xpath expression \"//*[@class = 'footer_copy']/text()[3]\" is: [object Text]. It should be an element.\n  (Session info: headless chrome=108.0.5359.98)\nStacktrace:\n#0 0x555c3c2582a3 <unknown>\n#1 0x555c3c016f77 <unknown>\n#2 0x555c3c01a9c8 <unknown>\n#3 0x555c3c01a792 <unknown>\n#4 0x555c3c01aa9c <unknown>\n#5 0x555c3c053538 <unknown>\n#6 0x555c3c053a71 <unknown>\n#7 0x555c3c08d734 <unknown>\n#8 0x555c3c073b5d <unknown>\n#9 0x555c3c08b47c <unknown>\n#10 0x555c3c073903 <unknown>\n#11 0x555c3c046ece <unknown>\n#12 0x555c3c047fde <unknown>\n#13 0x555c3c2a863e <unknown>\n#14 0x555c3c2abb79 <unknown>\n#15 0x555c3c28e89e <unknown>\n#16 0x555c3c2aca83 <unknown>\n#17 0x555c3c281505 <unknown>\n#18 0x555c3c2cdca8 <unknown>\n#19 0x555c3c2cde36 <unknown>\n#20 0x555c3c2e9333 <unknown>\n#21 0x7fc4a25c8b43 <unknown>","time":{"start":1671479532258,"stop":1671479532826,"duration":568}},{"uid":"361389bb1562fc2b","reportUrl":"https://Natalia-Tsy.github.io/SauceDemoProject/338//#testresult/361389bb1562fc2b","status":"skipped","statusDetails":"XFAIL\n\nselenium.common.exceptions.InvalidSelectorException: Message: invalid selector: The result of the xpath expression \"//*[@class = 'footer_copy']/text()[3]\" is: [object Text]. It should be an element.\n  (Session info: headless chrome=108.0.5359.98)\nStacktrace:\n#0 0x5637b70e32a3 <unknown>\n#1 0x5637b6ea1f77 <unknown>\n#2 0x5637b6ea59c8 <unknown>\n#3 0x5637b6ea5792 <unknown>\n#4 0x5637b6ea5a9c <unknown>\n#5 0x5637b6ede538 <unknown>\n#6 0x5637b6edea71 <unknown>\n#7 0x5637b6f18734 <unknown>\n#8 0x5637b6efeb5d <unknown>\n#9 0x5637b6f1647c <unknown>\n#10 0x5637b6efe903 <unknown>\n#11 0x5637b6ed1ece <unknown>\n#12 0x5637b6ed2fde <unknown>\n#13 0x5637b713363e <unknown>\n#14 0x5637b7136b79 <unknown>\n#15 0x5637b711989e <unknown>\n#16 0x5637b7137a83 <unknown>\n#17 0x5637b710c505 <unknown>\n#18 0x5637b7158ca8 <unknown>\n#19 0x5637b7158e36 <unknown>\n#20 0x5637b7174333 <unknown>\n#21 0x7f61dc1d3b43 <unknown>","time":{"start":1671403111861,"stop":1671403112372,"duration":511}},{"uid":"aa577f4883b3326d","reportUrl":"https://Natalia-Tsy.github.io/SauceDemoProject/337//#testresult/aa577f4883b3326d","status":"skipped","statusDetails":"XFAIL\n\nselenium.common.exceptions.InvalidSelectorException: Message: invalid selector: The result of the xpath expression \"//*[@class = 'footer_copy']/text()[3]\" is: [object Text]. It should be an element.\n  (Session info: headless chrome=108.0.5359.98)\nStacktrace:\n#0 0x55a0ace0f2a3 <unknown>\n#1 0x55a0acbcdf77 <unknown>\n#2 0x55a0acbd19c8 <unknown>\n#3 0x55a0acbd1792 <unknown>\n#4 0x55a0acbd1a9c <unknown>\n#5 0x55a0acc0a538 <unknown>\n#6 0x55a0acc0aa71 <unknown>\n#7 0x55a0acc44734 <unknown>\n#8 0x55a0acc2ab5d <unknown>\n#9 0x55a0acc4247c <unknown>\n#10 0x55a0acc2a903 <unknown>\n#11 0x55a0acbfdece <unknown>\n#12 0x55a0acbfefde <unknown>\n#13 0x55a0ace5f63e <unknown>\n#14 0x55a0ace62b79 <unknown>\n#15 0x55a0ace4589e <unknown>\n#16 0x55a0ace63a83 <unknown>\n#17 0x55a0ace38505 <unknown>\n#18 0x55a0ace84ca8 <unknown>\n#19 0x55a0ace84e36 <unknown>\n#20 0x55a0acea0333 <unknown>\n#21 0x7f3c61589b43 <unknown>","time":{"start":1671367481342,"stop":1671367481865,"duration":523}},{"uid":"eddce8f18a4fb722","reportUrl":"https://Natalia-Tsy.github.io/SauceDemoProject/336//#testresult/eddce8f18a4fb722","status":"skipped","statusDetails":"XFAIL\n\nselenium.common.exceptions.InvalidSelectorException: Message: invalid selector: The result of the xpath expression \"//*[@class = 'footer_copy']/text()[3]\" is: [object Text]. It should be an element.\n  (Session info: headless chrome=108.0.5359.98)\nStacktrace:\n#0 0x560615a102a3 <unknown>\n#1 0x5606157cef77 <unknown>\n#2 0x5606157d29c8 <unknown>\n#3 0x5606157d2792 <unknown>\n#4 0x5606157d2a9c <unknown>\n#5 0x56061580b538 <unknown>\n#6 0x56061580ba71 <unknown>\n#7 0x560615845734 <unknown>\n#8 0x56061582bb5d <unknown>\n#9 0x56061584347c <unknown>\n#10 0x56061582b903 <unknown>\n#11 0x5606157feece <unknown>\n#12 0x5606157fffde <unknown>\n#13 0x560615a6063e <unknown>\n#14 0x560615a63b79 <unknown>\n#15 0x560615a4689e <unknown>\n#16 0x560615a64a83 <unknown>\n#17 0x560615a39505 <unknown>\n#18 0x560615a85ca8 <unknown>\n#19 0x560615a85e36 <unknown>\n#20 0x560615aa1333 <unknown>\n#21 0x7fa0bd966b43 <unknown>","time":{"start":1671364268268,"stop":1671364268873,"duration":605}},{"uid":"30e038e9461655f1","reportUrl":"https://Natalia-Tsy.github.io/SauceDemoProject/335//#testresult/30e038e9461655f1","status":"skipped","statusDetails":"XFAIL\n\nselenium.common.exceptions.InvalidSelectorException: Message: invalid selector: The result of the xpath expression \"//*[@class = 'footer_copy']/text()[3]\" is: [object Text]. It should be an element.\n  (Session info: headless chrome=108.0.5359.98)\nStacktrace:\n#0 0x5651ea4f82a3 <unknown>\n#1 0x5651ea2b6f77 <unknown>\n#2 0x5651ea2ba9c8 <unknown>\n#3 0x5651ea2ba792 <unknown>\n#4 0x5651ea2baa9c <unknown>\n#5 0x5651ea2f3538 <unknown>\n#6 0x5651ea2f3a71 <unknown>\n#7 0x5651ea32d734 <unknown>\n#8 0x5651ea313b5d <unknown>\n#9 0x5651ea32b47c <unknown>\n#10 0x5651ea313903 <unknown>\n#11 0x5651ea2e6ece <unknown>\n#12 0x5651ea2e7fde <unknown>\n#13 0x5651ea54863e <unknown>\n#14 0x5651ea54bb79 <unknown>\n#15 0x5651ea52e89e <unknown>\n#16 0x5651ea54ca83 <unknown>\n#17 0x5651ea521505 <unknown>\n#18 0x5651ea56dca8 <unknown>\n#19 0x5651ea56de36 <unknown>\n#20 0x5651ea589333 <unknown>\n#21 0x7f89c12cbb43 <unknown>","time":{"start":1671362785986,"stop":1671362786578,"duration":592}},{"uid":"60cebd44149cc53b","reportUrl":"https://Natalia-Tsy.github.io/SauceDemoProject/334//#testresult/60cebd44149cc53b","status":"skipped","statusDetails":"XFAIL\n\nselenium.common.exceptions.InvalidSelectorException: Message: invalid selector: The result of the xpath expression \"//*[@class = 'footer_copy']/text()[3]\" is: [object Text]. It should be an element.\n  (Session info: headless chrome=108.0.5359.98)\nStacktrace:\n#0 0x556aed9282a3 <unknown>\n#1 0x556aed6e6f77 <unknown>\n#2 0x556aed6ea9c8 <unknown>\n#3 0x556aed6ea792 <unknown>\n#4 0x556aed6eaa9c <unknown>\n#5 0x556aed723538 <unknown>\n#6 0x556aed723a71 <unknown>\n#7 0x556aed75d734 <unknown>\n#8 0x556aed743b5d <unknown>\n#9 0x556aed75b47c <unknown>\n#10 0x556aed743903 <unknown>\n#11 0x556aed716ece <unknown>\n#12 0x556aed717fde <unknown>\n#13 0x556aed97863e <unknown>\n#14 0x556aed97bb79 <unknown>\n#15 0x556aed95e89e <unknown>\n#16 0x556aed97ca83 <unknown>\n#17 0x556aed951505 <unknown>\n#18 0x556aed99dca8 <unknown>\n#19 0x556aed99de36 <unknown>\n#20 0x556aed9b9333 <unknown>\n#21 0x7fbda2751b43 <unknown>","time":{"start":1671361388184,"stop":1671361388708,"duration":524}},{"uid":"e87b54d6d942704d","reportUrl":"https://Natalia-Tsy.github.io/SauceDemoProject/333//#testresult/e87b54d6d942704d","status":"skipped","statusDetails":"XFAIL\n\nselenium.common.exceptions.InvalidSelectorException: Message: invalid selector: The result of the xpath expression \"//*[@class = 'footer_copy']/text()[3]\" is: [object Text]. It should be an element.\n  (Session info: headless chrome=108.0.5359.98)\nStacktrace:\n#0 0x5563871f02a3 <unknown>\n#1 0x556386faef77 <unknown>\n#2 0x556386fb29c8 <unknown>\n#3 0x556386fb2792 <unknown>\n#4 0x556386fb2a9c <unknown>\n#5 0x556386feb538 <unknown>\n#6 0x556386feba71 <unknown>\n#7 0x556387025734 <unknown>\n#8 0x55638700bb5d <unknown>\n#9 0x55638702347c <unknown>\n#10 0x55638700b903 <unknown>\n#11 0x556386fdeece <unknown>\n#12 0x556386fdffde <unknown>\n#13 0x55638724063e <unknown>\n#14 0x556387243b79 <unknown>\n#15 0x55638722689e <unknown>\n#16 0x556387244a83 <unknown>\n#17 0x556387219505 <unknown>\n#18 0x556387265ca8 <unknown>\n#19 0x556387265e36 <unknown>\n#20 0x556387281333 <unknown>\n#21 0x7fdefc536b43 <unknown>","time":{"start":1671323759573,"stop":1671323760122,"duration":549}},{"uid":"b9c2e14595e59f5c","reportUrl":"https://Natalia-Tsy.github.io/SauceDemoProject/332//#testresult/b9c2e14595e59f5c","status":"skipped","statusDetails":"XFAIL\n\nselenium.common.exceptions.InvalidSelectorException: Message: invalid selector: The result of the xpath expression \"//*[@class = 'footer_copy']/text()[3]\" is: [object Text]. It should be an element.\n  (Session info: headless chrome=108.0.5359.98)\nStacktrace:\n#0 0x5607ea0702a3 <unknown>\n#1 0x5607e9e2ef77 <unknown>\n#2 0x5607e9e329c8 <unknown>\n#3 0x5607e9e32792 <unknown>\n#4 0x5607e9e32a9c <unknown>\n#5 0x5607e9e6b538 <unknown>\n#6 0x5607e9e6ba71 <unknown>\n#7 0x5607e9ea5734 <unknown>\n#8 0x5607e9e8bb5d <unknown>\n#9 0x5607e9ea347c <unknown>\n#10 0x5607e9e8b903 <unknown>\n#11 0x5607e9e5eece <unknown>\n#12 0x5607e9e5ffde <unknown>\n#13 0x5607ea0c063e <unknown>\n#14 0x5607ea0c3b79 <unknown>\n#15 0x5607ea0a689e <unknown>\n#16 0x5607ea0c4a83 <unknown>\n#17 0x5607ea099505 <unknown>\n#18 0x5607ea0e5ca8 <unknown>\n#19 0x5607ea0e5e36 <unknown>\n#20 0x5607ea101333 <unknown>\n#21 0x7fc6e645cb43 <unknown>","time":{"start":1671322370731,"stop":1671322371229,"duration":498}},{"uid":"197ed85c67ba7f35","reportUrl":"https://Natalia-Tsy.github.io/SauceDemoProject/331//#testresult/197ed85c67ba7f35","status":"skipped","statusDetails":"XFAIL\n\nselenium.common.exceptions.InvalidSelectorException: Message: invalid selector: The result of the xpath expression \"//*[@class = 'footer_copy']/text()[3]\" is: [object Text]. It should be an element.\n  (Session info: headless chrome=108.0.5359.98)\nStacktrace:\n#0 0x55ed9d3ea2a3 <unknown>\n#1 0x55ed9d1a8f77 <unknown>\n#2 0x55ed9d1ac9c8 <unknown>\n#3 0x55ed9d1ac792 <unknown>\n#4 0x55ed9d1aca9c <unknown>\n#5 0x55ed9d1e5538 <unknown>\n#6 0x55ed9d1e5a71 <unknown>\n#7 0x55ed9d21f734 <unknown>\n#8 0x55ed9d205b5d <unknown>\n#9 0x55ed9d21d47c <unknown>\n#10 0x55ed9d205903 <unknown>\n#11 0x55ed9d1d8ece <unknown>\n#12 0x55ed9d1d9fde <unknown>\n#13 0x55ed9d43a63e <unknown>\n#14 0x55ed9d43db79 <unknown>\n#15 0x55ed9d42089e <unknown>\n#16 0x55ed9d43ea83 <unknown>\n#17 0x55ed9d413505 <unknown>\n#18 0x55ed9d45fca8 <unknown>\n#19 0x55ed9d45fe36 <unknown>\n#20 0x55ed9d47b333 <unknown>\n#21 0x7f24c2842b43 <unknown>","time":{"start":1671321405839,"stop":1671321406384,"duration":545}},{"uid":"ca9fdb5ac919b822","reportUrl":"https://Natalia-Tsy.github.io/SauceDemoProject/330//#testresult/ca9fdb5ac919b822","status":"skipped","statusDetails":"XFAIL\n\nselenium.common.exceptions.InvalidSelectorException: Message: invalid selector: The result of the xpath expression \"//*[@class = 'footer_copy']/text()[3]\" is: [object Text]. It should be an element.\n  (Session info: headless chrome=108.0.5359.98)\nStacktrace:\n#0 0x558dd09a82a3 <unknown>\n#1 0x558dd0766f77 <unknown>\n#2 0x558dd076a9c8 <unknown>\n#3 0x558dd076a792 <unknown>\n#4 0x558dd076aa9c <unknown>\n#5 0x558dd07a3538 <unknown>\n#6 0x558dd07a3a71 <unknown>\n#7 0x558dd07dd734 <unknown>\n#8 0x558dd07c3b5d <unknown>\n#9 0x558dd07db47c <unknown>\n#10 0x558dd07c3903 <unknown>\n#11 0x558dd0796ece <unknown>\n#12 0x558dd0797fde <unknown>\n#13 0x558dd09f863e <unknown>\n#14 0x558dd09fbb79 <unknown>\n#15 0x558dd09de89e <unknown>\n#16 0x558dd09fca83 <unknown>\n#17 0x558dd09d1505 <unknown>\n#18 0x558dd0a1dca8 <unknown>\n#19 0x558dd0a1de36 <unknown>\n#20 0x558dd0a39333 <unknown>\n#21 0x7fd51242cb43 <unknown>","time":{"start":1671321113731,"stop":1671321114409,"duration":678}},{"uid":"4aabf073f815f0d","reportUrl":"https://Natalia-Tsy.github.io/SauceDemoProject/329//#testresult/4aabf073f815f0d","status":"skipped","statusDetails":"XFAIL\n\nselenium.common.exceptions.InvalidSelectorException: Message: invalid selector: The result of the xpath expression \"//*[@class = 'footer_copy']/text()[3]\" is: [object Text]. It should be an element.\n  (Session info: headless chrome=108.0.5359.98)\nStacktrace:\n#0 0x56002f5242a3 <unknown>\n#1 0x56002f2e2f77 <unknown>\n#2 0x56002f2e69c8 <unknown>\n#3 0x56002f2e6792 <unknown>\n#4 0x56002f2e6a9c <unknown>\n#5 0x56002f31f538 <unknown>\n#6 0x56002f31fa71 <unknown>\n#7 0x56002f359734 <unknown>\n#8 0x56002f33fb5d <unknown>\n#9 0x56002f35747c <unknown>\n#10 0x56002f33f903 <unknown>\n#11 0x56002f312ece <unknown>\n#12 0x56002f313fde <unknown>\n#13 0x56002f57463e <unknown>\n#14 0x56002f577b79 <unknown>\n#15 0x56002f55a89e <unknown>\n#16 0x56002f578a83 <unknown>\n#17 0x56002f54d505 <unknown>\n#18 0x56002f599ca8 <unknown>\n#19 0x56002f599e36 <unknown>\n#20 0x56002f5b5333 <unknown>\n#21 0x7f9ad7b32b43 <unknown>","time":{"start":1671320784060,"stop":1671320784507,"duration":447}},{"uid":"ae33a91ed6f48cb8","reportUrl":"https://Natalia-Tsy.github.io/SauceDemoProject/328//#testresult/ae33a91ed6f48cb8","status":"skipped","statusDetails":"XFAIL\n\nselenium.common.exceptions.InvalidSelectorException: Message: invalid selector: The result of the xpath expression \"//*[@class = 'footer_copy']/text()[3]\" is: [object Text]. It should be an element.\n  (Session info: headless chrome=108.0.5359.98)\nStacktrace:\n#0 0x55eb97df92a3 <unknown>\n#1 0x55eb97bb7f77 <unknown>\n#2 0x55eb97bbb9c8 <unknown>\n#3 0x55eb97bbb792 <unknown>\n#4 0x55eb97bbba9c <unknown>\n#5 0x55eb97bf4538 <unknown>\n#6 0x55eb97bf4a71 <unknown>\n#7 0x55eb97c2e734 <unknown>\n#8 0x55eb97c14b5d <unknown>\n#9 0x55eb97c2c47c <unknown>\n#10 0x55eb97c14903 <unknown>\n#11 0x55eb97be7ece <unknown>\n#12 0x55eb97be8fde <unknown>\n#13 0x55eb97e4963e <unknown>\n#14 0x55eb97e4cb79 <unknown>\n#15 0x55eb97e2f89e <unknown>\n#16 0x55eb97e4da83 <unknown>\n#17 0x55eb97e22505 <unknown>\n#18 0x55eb97e6eca8 <unknown>\n#19 0x55eb97e6ee36 <unknown>\n#20 0x55eb97e8a333 <unknown>\n#21 0x7fe8a1522b43 <unknown>","time":{"start":1671317100119,"stop":1671317100561,"duration":442}},{"uid":"1c2bca9d0b5fa351","reportUrl":"https://Natalia-Tsy.github.io/SauceDemoProject/327//#testresult/1c2bca9d0b5fa351","status":"skipped","statusDetails":"XFAIL\n\nselenium.common.exceptions.InvalidSelectorException: Message: invalid selector: The result of the xpath expression \"//*[@class = 'footer_copy']/text()[3]\" is: [object Text]. It should be an element.\n  (Session info: headless chrome=108.0.5359.98)\nStacktrace:\n#0 0x56100be7e2a3 <unknown>\n#1 0x56100bc3cf77 <unknown>\n#2 0x56100bc409c8 <unknown>\n#3 0x56100bc40792 <unknown>\n#4 0x56100bc40a9c <unknown>\n#5 0x56100bc79538 <unknown>\n#6 0x56100bc79a71 <unknown>\n#7 0x56100bcb3734 <unknown>\n#8 0x56100bc99b5d <unknown>\n#9 0x56100bcb147c <unknown>\n#10 0x56100bc99903 <unknown>\n#11 0x56100bc6cece <unknown>\n#12 0x56100bc6dfde <unknown>\n#13 0x56100bece63e <unknown>\n#14 0x56100bed1b79 <unknown>\n#15 0x56100beb489e <unknown>\n#16 0x56100bed2a83 <unknown>\n#17 0x56100bea7505 <unknown>\n#18 0x56100bef3ca8 <unknown>\n#19 0x56100bef3e36 <unknown>\n#20 0x56100bf0f333 <unknown>\n#21 0x7fdb7636db43 <unknown>","time":{"start":1671314956857,"stop":1671314957455,"duration":598}},{"uid":"b54769501a58ea5a","reportUrl":"https://Natalia-Tsy.github.io/SauceDemoProject/326//#testresult/b54769501a58ea5a","status":"skipped","statusDetails":"XFAIL\n\nselenium.common.exceptions.InvalidSelectorException: Message: invalid selector: The result of the xpath expression \"//*[@class = 'footer_copy']/text()[3]\" is: [object Text]. It should be an element.\n  (Session info: headless chrome=108.0.5359.98)\nStacktrace:\n#0 0x5631cbfe52a3 <unknown>\n#1 0x5631cbda3f77 <unknown>\n#2 0x5631cbda79c8 <unknown>\n#3 0x5631cbda7792 <unknown>\n#4 0x5631cbda7a9c <unknown>\n#5 0x5631cbde0538 <unknown>\n#6 0x5631cbde0a71 <unknown>\n#7 0x5631cbe1a734 <unknown>\n#8 0x5631cbe00b5d <unknown>\n#9 0x5631cbe1847c <unknown>\n#10 0x5631cbe00903 <unknown>\n#11 0x5631cbdd3ece <unknown>\n#12 0x5631cbdd4fde <unknown>\n#13 0x5631cc03563e <unknown>\n#14 0x5631cc038b79 <unknown>\n#15 0x5631cc01b89e <unknown>\n#16 0x5631cc039a83 <unknown>\n#17 0x5631cc00e505 <unknown>\n#18 0x5631cc05aca8 <unknown>\n#19 0x5631cc05ae36 <unknown>\n#20 0x5631cc076333 <unknown>\n#21 0x7f6c908d9b43 <unknown>","time":{"start":1671314560989,"stop":1671314561412,"duration":423}},{"uid":"538020127d0d07e6","reportUrl":"https://Natalia-Tsy.github.io/SauceDemoProject/325//#testresult/538020127d0d07e6","status":"skipped","statusDetails":"XFAIL\n\nselenium.common.exceptions.InvalidSelectorException: Message: invalid selector: The result of the xpath expression \"//*[@class = 'footer_copy']/text()[3]\" is: [object Text]. It should be an element.\n  (Session info: headless chrome=108.0.5359.98)\nStacktrace:\n#0 0x55fd8201c2a3 <unknown>\n#1 0x55fd81ddaf77 <unknown>\n#2 0x55fd81dde9c8 <unknown>\n#3 0x55fd81dde792 <unknown>\n#4 0x55fd81ddea9c <unknown>\n#5 0x55fd81e17538 <unknown>\n#6 0x55fd81e17a71 <unknown>\n#7 0x55fd81e51734 <unknown>\n#8 0x55fd81e37b5d <unknown>\n#9 0x55fd81e4f47c <unknown>\n#10 0x55fd81e37903 <unknown>\n#11 0x55fd81e0aece <unknown>\n#12 0x55fd81e0bfde <unknown>\n#13 0x55fd8206c63e <unknown>\n#14 0x55fd8206fb79 <unknown>\n#15 0x55fd8205289e <unknown>\n#16 0x55fd82070a83 <unknown>\n#17 0x55fd82045505 <unknown>\n#18 0x55fd82091ca8 <unknown>\n#19 0x55fd82091e36 <unknown>\n#20 0x55fd820ad333 <unknown>\n#21 0x7f1dba2cab43 <unknown>","time":{"start":1671314051493,"stop":1671314052093,"duration":600}}]},"tags":["@pytest.mark.xfail(raises=<class 'selenium.common.exceptions.InvalidSelectorException'>)"]},"source":"52992be616510c0d.json","parameterValues":[]}