2022-12-16 18:20:19 ERROR Could not find element on page: https://www.saucedemo.com/
2022-12-16 18:20:19 ERROR no such element: Unable to locate element: {"method":"css selector","selector":".shopping_cart_link"}
  (Session info: headless chrome=108.0.5359.98)
Traceback (most recent call last):
  File "/home/runner/work/SauceDemoProject/SauceDemoProject/pages/base_page.py", line 72, in inner_function
    return func(*args, **kwargs)
  File "/home/runner/work/SauceDemoProject/SauceDemoProject/pages/base_page.py", line 295, in get_property
    return self.browser.find_element(method, locator).get_property(property)
  File "/home/runner/.cache/pypoetry/virtualenvs/saucedemoproject-P9vpYs8v-py3.10/lib/python3.10/site-packages/selenium/webdriver/remote/webdriver.py", line 861, in find_element
    return self.execute(Command.FIND_ELEMENT, {"using": by, "value": value})["value"]
  File "/home/runner/.cache/pypoetry/virtualenvs/saucedemoproject-P9vpYs8v-py3.10/lib/python3.10/site-packages/selenium/webdriver/remote/webdriver.py", line 444, in execute
    self.error_handler.check_response(response)
  File "/home/runner/.cache/pypoetry/virtualenvs/saucedemoproject-P9vpYs8v-py3.10/lib/python3.10/site-packages/selenium/webdriver/remote/errorhandler.py", line 249, in check_response
    raise exception_class(message, screen, stacktrace)
selenium.common.exceptions.NoSuchElementException: Message: no such element: Unable to locate element: {"method":"css selector","selector":".shopping_cart_link"}
  (Session info: headless chrome=108.0.5359.98)
Stacktrace:
#0 0x55aaa883b2a3 <unknown>
#1 0x55aaa85f9f77 <unknown>
#2 0x55aaa863680c <unknown>
#3 0x55aaa8636a71 <unknown>
#4 0x55aaa8670734 <unknown>
#5 0x55aaa8656b5d <unknown>
#6 0x55aaa866e47c <unknown>
#7 0x55aaa8656903 <unknown>
#8 0x55aaa8629ece <unknown>
#9 0x55aaa862afde <unknown>
#10 0x55aaa888b63e <unknown>
#11 0x55aaa888eb79 <unknown>
#12 0x55aaa887189e <unknown>
#13 0x55aaa888fa83 <unknown>
#14 0x55aaa8864505 <unknown>
#15 0x55aaa88b0ca8 <unknown>
#16 0x55aaa88b0e36 <unknown>
#17 0x55aaa88cc333 <unknown>
#18 0x7fc533dcbb43 <unknown>