2022-12-16 18:46:56 ERROR Could not find element on page: https://www.saucedemo.com/
2022-12-16 18:46:56 ERROR no such element: Unable to locate element: {"method":"css selector","selector":".shopping_cart_link"}
  (Session info: headless chrome=108.0.5359.98)
Traceback (most recent call last):
  File "/home/runner/work/SauceDemoProject/SauceDemoProject/pages/base_page.py", line 72, in inner_function
    return func(*args, **kwargs)
  File "/home/runner/work/SauceDemoProject/SauceDemoProject/pages/base_page.py", line 295, in get_property
    return self.browser.find_element(method, locator).get_property(property)
  File "/home/runner/.cache/pypoetry/virtualenvs/saucedemoproject-P9vpYs8v-py3.10/lib/python3.10/site-packages/selenium/webdriver/remote/webdriver.py", line 861, in find_element
    return self.execute(Command.FIND_ELEMENT, {"using": by, "value": value})["value"]
  File "/home/runner/.cache/pypoetry/virtualenvs/saucedemoproject-P9vpYs8v-py3.10/lib/python3.10/site-packages/selenium/webdriver/remote/webdriver.py", line 444, in execute
    self.error_handler.check_response(response)
  File "/home/runner/.cache/pypoetry/virtualenvs/saucedemoproject-P9vpYs8v-py3.10/lib/python3.10/site-packages/selenium/webdriver/remote/errorhandler.py", line 249, in check_response
    raise exception_class(message, screen, stacktrace)
selenium.common.exceptions.NoSuchElementException: Message: no such element: Unable to locate element: {"method":"css selector","selector":".shopping_cart_link"}
  (Session info: headless chrome=108.0.5359.98)
Stacktrace:
#0 0x56236a2b62a3 <unknown>
#1 0x56236a074f77 <unknown>
#2 0x56236a0b180c <unknown>
#3 0x56236a0b1a71 <unknown>
#4 0x56236a0eb734 <unknown>
#5 0x56236a0d1b5d <unknown>
#6 0x56236a0e947c <unknown>
#7 0x56236a0d1903 <unknown>
#8 0x56236a0a4ece <unknown>
#9 0x56236a0a5fde <unknown>
#10 0x56236a30663e <unknown>
#11 0x56236a309b79 <unknown>
#12 0x56236a2ec89e <unknown>
#13 0x56236a30aa83 <unknown>
#14 0x56236a2df505 <unknown>
#15 0x56236a32bca8 <unknown>
#16 0x56236a32be36 <unknown>
#17 0x56236a347333 <unknown>
#18 0x7fd26168bb43 <unknown>