{"uid":"d14d05f0a1691fca","name":"test_TC_016_01_return_to_catalog_after_order[problem_user-secret_sauce]","fullName":"tests.test_TC_016_01_return_to_catalog_after_order.TestSample#test_TC_016_01_return_to_catalog_after_order","historyId":"fa1afa900d60e1eb8a5d0a701f46e006","time":{"start":1671205809768,"stop":1671205810880,"duration":1112},"description":"Checks whether a user can return to the products page of a website\n        after completing an order and verifying that the cart is empty\n\n        Args:\n            d: WebDriver\n            username: used to specify the username of the user\n            password: used to specify the password of the user\n        ","descriptionHtml":"<p>Checks whether a user can return to the products page of a website<br />\nafter completing an order and verifying that the cart is empty</p>\n<pre><code>    Args:\n        d: WebDriver\n        username: used to specify the username of the user\n        password: used to specify the password of the user\n</code></pre>\n","status":"skipped","statusMessage":"XFAIL\n\nAssertionError: Expected link -step-two not found in URL https://www.saucedemo.com/checkout-step-one.html","statusTrace":"self = <SauceDemoProject.tests.test_TC_016_01_return_to_catalog_after_order.TestSample object at 0x7f83efc01cf0>\nd = <selenium.webdriver.chrome.webdriver.WebDriver (session=\"cbcc4e2d0e300c724bd0eda5b3a1f523\")>\nusername = 'problem_user', password = 'secret_sauce'\n\n    @allure.feature(\"US_016 | Return to the products page\")\n    @allure.story(\"TC_016.01 | Return to products page from checkout complete page\")\n    @pytest.mark.parametrize(\n        \"username, password\",\n        [\n            (\"standard_user\", \"secret_sauce\"),\n            (\"performance_glitch_user\", \"secret_sauce\"),\n            pytest.param(\n                \"problem_user\",\n                \"secret_sauce\",\n                marks=pytest.mark.xfail(raises=AssertionError),\n            ),\n            pytest.param(\n                \"locked_out_user\",\n                \"secret_sauce\",\n                marks=pytest.mark.xfail(raises=AssertionError),\n            ),\n        ],\n    )\n    def test_TC_016_01_return_to_catalog_after_order(self, d, username, password):\n        \"\"\"Checks whether a user can return to the products page of a website\n        after completing an order and verifying that the cart is empty\n    \n        Args:\n            d: WebDriver\n            username: used to specify the username of the user\n            password: used to specify the password of the user\n        \"\"\"\n>       self.test_user_can_go_to_checkout_complete_page(d, username, password)\n\ntests/test_TC_016_01_return_to_catalog_after_order.py:211: \n_ _ _ _ _ _ _ _ _ _ _ _ _ _ _ _ _ _ _ _ _ _ _ _ _ _ _ _ _ _ _ _ _ _ _ _ _ _ _ _ \ntests/test_TC_016_01_return_to_catalog_after_order.py:177: in test_user_can_go_to_checkout_complete_page\n    self.test_user_can_go_to_checkout_2_page(d, username, password)\ntests/test_TC_016_01_return_to_catalog_after_order.py:148: in test_user_can_go_to_checkout_2_page\n    page.should_be_checkout_2_page()\npages/checkout_2_page.py:15: in should_be_checkout_2_page\n    self.should_be_link(Chckout2PageSrc.LINK)\n_ _ _ _ _ _ _ _ _ _ _ _ _ _ _ _ _ _ _ _ _ _ _ _ _ _ _ _ _ _ _ _ _ _ _ _ _ _ _ _ \n\nself = <pages.checkout_2_page.CheckoutPage_2 object at 0x7f83eea74e80>\nlink = '-step-two'\n\n    def should_be_link(self, link):\n        \"\"\"Check that the link provided is in the current URL of the browser.\n    \n        Args:\n            link: link browser\n        \"\"\"\n        assert (\n>           link in self.browser.current_url\n        ), f\"Expected link {link} not found in URL {self.browser.current_url}\"\nE       AssertionError: Expected link -step-two not found in URL https://www.saucedemo.com/checkout-step-one.html\n\npages/base_page.py:350: AssertionError","flaky":false,"newFailed":false,"newBroken":false,"newPassed":false,"retriesCount":0,"retriesStatusChange":false,"beforeStages":[{"name":"browser","time":{"start":1671205752296,"stop":1671205752296,"duration":0},"status":"passed","steps":[],"attachments":[],"parameters":[],"stepsCount":0,"attachmentsCount":0,"shouldDisplayMessage":false,"hasContent":false},{"name":"d","time":{"start":1671205752297,"stop":1671205753159,"duration":862},"status":"passed","steps":[],"attachments":[],"parameters":[],"stepsCount":0,"attachmentsCount":0,"shouldDisplayMessage":false,"hasContent":false},{"name":"g","time":{"start":1671205753159,"stop":1671205753325,"duration":166},"status":"passed","steps":[],"attachments":[],"parameters":[],"stepsCount":0,"attachmentsCount":0,"shouldDisplayMessage":false,"hasContent":false}],"testStage":{"description":"Checks whether a user can return to the products page of a website\n        after completing an order and verifying that the cart is empty\n\n        Args:\n            d: WebDriver\n            username: used to specify the username of the user\n            password: used to specify the password of the user\n        ","status":"skipped","statusMessage":"XFAIL\n\nAssertionError: Expected link -step-two not found in URL https://www.saucedemo.com/checkout-step-one.html","statusTrace":"self = <SauceDemoProject.tests.test_TC_016_01_return_to_catalog_after_order.TestSample object at 0x7f83efc01cf0>\nd = <selenium.webdriver.chrome.webdriver.WebDriver (session=\"cbcc4e2d0e300c724bd0eda5b3a1f523\")>\nusername = 'problem_user', password = 'secret_sauce'\n\n    @allure.feature(\"US_016 | Return to the products page\")\n    @allure.story(\"TC_016.01 | Return to products page from checkout complete page\")\n    @pytest.mark.parametrize(\n        \"username, password\",\n        [\n            (\"standard_user\", \"secret_sauce\"),\n            (\"performance_glitch_user\", \"secret_sauce\"),\n            pytest.param(\n                \"problem_user\",\n                \"secret_sauce\",\n                marks=pytest.mark.xfail(raises=AssertionError),\n            ),\n            pytest.param(\n                \"locked_out_user\",\n                \"secret_sauce\",\n                marks=pytest.mark.xfail(raises=AssertionError),\n            ),\n        ],\n    )\n    def test_TC_016_01_return_to_catalog_after_order(self, d, username, password):\n        \"\"\"Checks whether a user can return to the products page of a website\n        after completing an order and verifying that the cart is empty\n    \n        Args:\n            d: WebDriver\n            username: used to specify the username of the user\n            password: used to specify the password of the user\n        \"\"\"\n>       self.test_user_can_go_to_checkout_complete_page(d, username, password)\n\ntests/test_TC_016_01_return_to_catalog_after_order.py:211: \n_ _ _ _ _ _ _ _ _ _ _ _ _ _ _ _ _ _ _ _ _ _ _ _ _ _ _ _ _ _ _ _ _ _ _ _ _ _ _ _ \ntests/test_TC_016_01_return_to_catalog_after_order.py:177: in test_user_can_go_to_checkout_complete_page\n    self.test_user_can_go_to_checkout_2_page(d, username, password)\ntests/test_TC_016_01_return_to_catalog_after_order.py:148: in test_user_can_go_to_checkout_2_page\n    page.should_be_checkout_2_page()\npages/checkout_2_page.py:15: in should_be_checkout_2_page\n    self.should_be_link(Chckout2PageSrc.LINK)\n_ _ _ _ _ _ _ _ _ _ _ _ _ _ _ _ _ _ _ _ _ _ _ _ _ _ _ _ _ _ _ _ _ _ _ _ _ _ _ _ \n\nself = <pages.checkout_2_page.CheckoutPage_2 object at 0x7f83eea74e80>\nlink = '-step-two'\n\n    def should_be_link(self, link):\n        \"\"\"Check that the link provided is in the current URL of the browser.\n    \n        Args:\n            link: link browser\n        \"\"\"\n        assert (\n>           link in self.browser.current_url\n        ), f\"Expected link {link} not found in URL {self.browser.current_url}\"\nE       AssertionError: Expected link -step-two not found in URL https://www.saucedemo.com/checkout-step-one.html\n\npages/base_page.py:350: AssertionError","steps":[],"attachments":[{"uid":"a6d453c791113cb5","name":"Screenshot","source":"a6d453c791113cb5.png","type":"image/png","size":87671}],"parameters":[],"stepsCount":0,"attachmentsCount":1,"shouldDisplayMessage":true,"hasContent":true},"afterStages":[{"name":"g::0","time":{"start":1671205812320,"stop":1671205812379,"duration":59},"status":"passed","steps":[],"attachments":[],"parameters":[],"stepsCount":0,"attachmentsCount":0,"shouldDisplayMessage":false,"hasContent":false}],"labels":[{"name":"feature","value":"US_016 | Return to the products page"},{"name":"story","value":"TC_016.01 | Return to products page from checkout complete page"},{"name":"tag","value":"@pytest.mark.xfail(raises=<class 'AssertionError'>)"},{"name":"parentSuite","value":"tests"},{"name":"suite","value":"test_TC_016_01_return_to_catalog_after_order"},{"name":"subSuite","value":"TestSample"},{"name":"host","value":"fv-az254-640"},{"name":"thread","value":"2728-MainThread"},{"name":"framework","value":"pytest"},{"name":"language","value":"cpython3"},{"name":"package","value":"tests.test_TC_016_01_return_to_catalog_after_order"},{"name":"resultFormat","value":"allure2"}],"parameters":[{"name":"password","value":"'secret_sauce'"},{"name":"username","value":"'problem_user'"}],"links":[],"hidden":false,"retry":false,"extra":{"severity":"normal","retries":[],"categories":[],"history":{"statistic":{"failed":0,"broken":0,"skipped":16,"passed":0,"unknown":0,"total":16},"items":[{"uid":"dc33ed9399d718bb","reportUrl":"https://Natalia-Tsy.github.io/SauceDemoProject/300//#testresult/dc33ed9399d718bb","status":"skipped","statusDetails":"XFAIL\n\nAssertionError: Expected link -step-two not found in URL https://www.saucedemo.com/checkout-step-one.html","time":{"start":1671205447897,"stop":1671205448955,"duration":1058}},{"uid":"2afa487020fe61fb","reportUrl":"https://Natalia-Tsy.github.io/SauceDemoProject/299//#testresult/2afa487020fe61fb","status":"skipped","statusDetails":"XFAIL\n\nAssertionError: Expected link -step-two not found in URL https://www.saucedemo.com/checkout-step-one.html","time":{"start":1671202559063,"stop":1671202560059,"duration":996}},{"uid":"cd0993fa9c91c6e8","reportUrl":"https://Natalia-Tsy.github.io/SauceDemoProject/298//#testresult/cd0993fa9c91c6e8","status":"skipped","statusDetails":"XFAIL\n\nAssertionError: Expected link -step-two not found in URL https://www.saucedemo.com/checkout-step-one.html","time":{"start":1671202242208,"stop":1671202243119,"duration":911}},{"uid":"8c633203ea239b4a","reportUrl":"https://Natalia-Tsy.github.io/SauceDemoProject/297//#testresult/8c633203ea239b4a","status":"skipped","statusDetails":"XFAIL\n\nAssertionError: Expected link -step-two not found in URL https://www.saucedemo.com/checkout-step-one.html","time":{"start":1671200389988,"stop":1671200390941,"duration":953}},{"uid":"ec06b7b10bef2b7b","reportUrl":"https://Natalia-Tsy.github.io/SauceDemoProject/296//#testresult/ec06b7b10bef2b7b","status":"skipped","statusDetails":"XFAIL\n\nAssertionError: Expected link -step-two not found in URL https://www.saucedemo.com/checkout-step-one.html","time":{"start":1671199941589,"stop":1671199942808,"duration":1219}},{"uid":"491f5bc51251e61e","reportUrl":"https://Natalia-Tsy.github.io/SauceDemoProject/293//#testresult/491f5bc51251e61e","status":"skipped","statusDetails":"XFAIL\n\nAssertionError: Expected link -step-two not found in URL https://www.saucedemo.com/checkout-step-one.html","time":{"start":1671199921276,"stop":1671199922431,"duration":1155}},{"uid":"c64f1aff40ab0050","reportUrl":"https://Natalia-Tsy.github.io/SauceDemoProject/295//#testresult/c64f1aff40ab0050","status":"skipped","statusDetails":"XFAIL\n\nAssertionError: Expected link -step-two not found in URL https://www.saucedemo.com/checkout-step-one.html","time":{"start":1671199895473,"stop":1671199896324,"duration":851}},{"uid":"9603f5bb620cfbaa","reportUrl":"https://Natalia-Tsy.github.io/SauceDemoProject/291//#testresult/9603f5bb620cfbaa","status":"skipped","statusDetails":"XFAIL\n\nAssertionError: Expected link -step-two not found in URL https://www.saucedemo.com/checkout-step-one.html","time":{"start":1671198828073,"stop":1671198829125,"duration":1052}},{"uid":"8fd3483a65c4c310","reportUrl":"https://Natalia-Tsy.github.io/SauceDemoProject/289//#testresult/8fd3483a65c4c310","status":"skipped","statusDetails":"XFAIL\n\nAssertionError: Expected link -step-two not found in URL https://www.saucedemo.com/checkout-step-one.html","time":{"start":1671197740169,"stop":1671197741030,"duration":861}},{"uid":"ed494e8379f5f570","reportUrl":"https://Natalia-Tsy.github.io/SauceDemoProject/4//#testresult/ed494e8379f5f570","status":"skipped","statusDetails":"XFAIL\n\nAssertionError: Expected link -step-two not found in URL https://www.saucedemo.com/checkout-step-one.html","time":{"start":1671197728816,"stop":1671197729681,"duration":865}},{"uid":"51d1db18c81604c5","reportUrl":"https://Natalia-Tsy.github.io/SauceDemoProject/3//#testresult/51d1db18c81604c5","status":"skipped","statusDetails":"XFAIL\n\nAssertionError: Expected link -step-two not found in URL https://www.saucedemo.com/checkout-step-one.html","time":{"start":1671196056855,"stop":1671196058119,"duration":1264}},{"uid":"4191dcc5b1a97873","reportUrl":"https://Natalia-Tsy.github.io/SauceDemoProject/288//#testresult/4191dcc5b1a97873","status":"skipped","statusDetails":"XFAIL\n\nAssertionError: Expected link -step-two not found in URL https://www.saucedemo.com/checkout-step-one.html","time":{"start":1671196029250,"stop":1671196030181,"duration":931}},{"uid":"34d5d2cf5f9eb917","reportUrl":"https://Natalia-Tsy.github.io/SauceDemoProject/287//#testresult/34d5d2cf5f9eb917","status":"skipped","statusDetails":"XFAIL\n\nAssertionError: Expected link -step-two not found in URL https://www.saucedemo.com/checkout-step-one.html","time":{"start":1671195248549,"stop":1671195249813,"duration":1264}},{"uid":"20c7506b8ea512e2","reportUrl":"https://Natalia-Tsy.github.io/SauceDemoProject/286//#testresult/20c7506b8ea512e2","status":"skipped","statusDetails":"XFAIL\n\nAssertionError: Expected link -step-two not found in URL https://www.saucedemo.com/checkout-step-one.html","time":{"start":1671195130159,"stop":1671195131350,"duration":1191}},{"uid":"23cb5388b7a1b140","reportUrl":"https://Natalia-Tsy.github.io/SauceDemoProject/285//#testresult/23cb5388b7a1b140","status":"skipped","statusDetails":"XFAIL\n\nAssertionError: Expected link -step-two not found in URL https://www.saucedemo.com/checkout-step-one.html","time":{"start":1671195067795,"stop":1671195069040,"duration":1245}}]},"tags":["@pytest.mark.xfail(raises=<class 'AssertionError'>)"]},"source":"d14d05f0a1691fca.json","parameterValues":["'secret_sauce'","'problem_user'"]}