{"uid":"f40232691c9fe65a","name":"test_user_can_go_to_checkout_2_page[problem_user-secret_sauce]","fullName":"tests.test_TC_016_01_return_to_catalog_after_order.TestSample#test_user_can_go_to_checkout_2_page","historyId":"f2cbe1903c3c4467f53d035c1c60e07c","time":{"start":1671205784274,"stop":1671205785340,"duration":1066},"description":"Checks whether a user can navigate to the second checkout page of a website\n        after logging in, adding items to cart, navigating to the cart page,\n        and filling out the shipping information on the first checkout page.\n\n        Args:\n            d: WebDriver\n            username: used to specify the username of the user\n            password: used to specify the password of the user\n        ","descriptionHtml":"<p>Checks whether a user can navigate to the second checkout page of a website<br />\nafter logging in, adding items to cart, navigating to the cart page,<br />\nand filling out the shipping information on the first checkout page.</p>\n<pre><code>    Args:\n        d: WebDriver\n        username: used to specify the username of the user\n        password: used to specify the password of the user\n</code></pre>\n","status":"skipped","statusMessage":"XFAIL\n\nAssertionError: Expected link -step-two not found in URL https://www.saucedemo.com/checkout-step-one.html","statusTrace":"self = <SauceDemoProject.tests.test_TC_016_01_return_to_catalog_after_order.TestSample object at 0x7f83efc02320>\nd = <selenium.webdriver.chrome.webdriver.WebDriver (session=\"cbcc4e2d0e300c724bd0eda5b3a1f523\")>\nusername = 'problem_user', password = 'secret_sauce'\n\n    @pytest.mark.parametrize(\n        \"username, password\",\n        [\n            (\"standard_user\", \"secret_sauce\"),\n            (\"performance_glitch_user\", \"secret_sauce\"),\n            pytest.param(\n                \"problem_user\",\n                \"secret_sauce\",\n                marks=pytest.mark.xfail(raises=AssertionError),\n            ),\n            pytest.param(\n                \"locked_out_user\",\n                \"secret_sauce\",\n                marks=pytest.mark.xfail(raises=AssertionError),\n            ),\n        ],\n    )\n    def test_user_can_go_to_checkout_2_page(self, d, username, password):\n        \"\"\"Checks whether a user can navigate to the second checkout page of a website\n        after logging in, adding items to cart, navigating to the cart page,\n        and filling out the shipping information on the first checkout page.\n    \n        Args:\n            d: WebDriver\n            username: used to specify the username of the user\n            password: used to specify the password of the user\n        \"\"\"\n        self.test_user_can_go_to_checkout_1_page(d, username, password)\n        page = CheckoutPage_1(d, Chckout1PageSrc.URL)\n        page.set_shipping_info(\"John\", \"Smith\", \"33009\")\n        page.go_to_checkout_2_page()\n        page = CheckoutPage_2(d, Chckout2PageSrc.URL)\n>       page.should_be_checkout_2_page()\n\ntests/test_TC_016_01_return_to_catalog_after_order.py:148: \n_ _ _ _ _ _ _ _ _ _ _ _ _ _ _ _ _ _ _ _ _ _ _ _ _ _ _ _ _ _ _ _ _ _ _ _ _ _ _ _ \npages/checkout_2_page.py:15: in should_be_checkout_2_page\n    self.should_be_link(Chckout2PageSrc.LINK)\n_ _ _ _ _ _ _ _ _ _ _ _ _ _ _ _ _ _ _ _ _ _ _ _ _ _ _ _ _ _ _ _ _ _ _ _ _ _ _ _ \n\nself = <pages.checkout_2_page.CheckoutPage_2 object at 0x7f83eeaeb7c0>\nlink = '-step-two'\n\n    def should_be_link(self, link):\n        \"\"\"Check that the link provided is in the current URL of the browser.\n    \n        Args:\n            link: link browser\n        \"\"\"\n        assert (\n>           link in self.browser.current_url\n        ), f\"Expected link {link} not found in URL {self.browser.current_url}\"\nE       AssertionError: Expected link -step-two not found in URL https://www.saucedemo.com/checkout-step-one.html\n\npages/base_page.py:350: AssertionError","flaky":false,"newFailed":false,"newBroken":false,"newPassed":false,"retriesCount":0,"retriesStatusChange":false,"beforeStages":[{"name":"browser","time":{"start":1671205752296,"stop":1671205752296,"duration":0},"status":"passed","steps":[],"attachments":[],"parameters":[],"stepsCount":0,"attachmentsCount":0,"shouldDisplayMessage":false,"hasContent":false},{"name":"d","time":{"start":1671205752297,"stop":1671205753159,"duration":862},"status":"passed","steps":[],"attachments":[],"parameters":[],"stepsCount":0,"attachmentsCount":0,"shouldDisplayMessage":false,"hasContent":false},{"name":"g","time":{"start":1671205753159,"stop":1671205753325,"duration":166},"status":"passed","steps":[],"attachments":[],"parameters":[],"stepsCount":0,"attachmentsCount":0,"shouldDisplayMessage":false,"hasContent":false}],"testStage":{"description":"Checks whether a user can navigate to the second checkout page of a website\n        after logging in, adding items to cart, navigating to the cart page,\n        and filling out the shipping information on the first checkout page.\n\n        Args:\n            d: WebDriver\n            username: used to specify the username of the user\n            password: used to specify the password of the user\n        ","status":"skipped","statusMessage":"XFAIL\n\nAssertionError: Expected link -step-two not found in URL https://www.saucedemo.com/checkout-step-one.html","statusTrace":"self = <SauceDemoProject.tests.test_TC_016_01_return_to_catalog_after_order.TestSample object at 0x7f83efc02320>\nd = <selenium.webdriver.chrome.webdriver.WebDriver (session=\"cbcc4e2d0e300c724bd0eda5b3a1f523\")>\nusername = 'problem_user', password = 'secret_sauce'\n\n    @pytest.mark.parametrize(\n        \"username, password\",\n        [\n            (\"standard_user\", \"secret_sauce\"),\n            (\"performance_glitch_user\", \"secret_sauce\"),\n            pytest.param(\n                \"problem_user\",\n                \"secret_sauce\",\n                marks=pytest.mark.xfail(raises=AssertionError),\n            ),\n            pytest.param(\n                \"locked_out_user\",\n                \"secret_sauce\",\n                marks=pytest.mark.xfail(raises=AssertionError),\n            ),\n        ],\n    )\n    def test_user_can_go_to_checkout_2_page(self, d, username, password):\n        \"\"\"Checks whether a user can navigate to the second checkout page of a website\n        after logging in, adding items to cart, navigating to the cart page,\n        and filling out the shipping information on the first checkout page.\n    \n        Args:\n            d: WebDriver\n            username: used to specify the username of the user\n            password: used to specify the password of the user\n        \"\"\"\n        self.test_user_can_go_to_checkout_1_page(d, username, password)\n        page = CheckoutPage_1(d, Chckout1PageSrc.URL)\n        page.set_shipping_info(\"John\", \"Smith\", \"33009\")\n        page.go_to_checkout_2_page()\n        page = CheckoutPage_2(d, Chckout2PageSrc.URL)\n>       page.should_be_checkout_2_page()\n\ntests/test_TC_016_01_return_to_catalog_after_order.py:148: \n_ _ _ _ _ _ _ _ _ _ _ _ _ _ _ _ _ _ _ _ _ _ _ _ _ _ _ _ _ _ _ _ _ _ _ _ _ _ _ _ \npages/checkout_2_page.py:15: in should_be_checkout_2_page\n    self.should_be_link(Chckout2PageSrc.LINK)\n_ _ _ _ _ _ _ _ _ _ _ _ _ _ _ _ _ _ _ _ _ _ _ _ _ _ _ _ _ _ _ _ _ _ _ _ _ _ _ _ \n\nself = <pages.checkout_2_page.CheckoutPage_2 object at 0x7f83eeaeb7c0>\nlink = '-step-two'\n\n    def should_be_link(self, link):\n        \"\"\"Check that the link provided is in the current URL of the browser.\n    \n        Args:\n            link: link browser\n        \"\"\"\n        assert (\n>           link in self.browser.current_url\n        ), f\"Expected link {link} not found in URL {self.browser.current_url}\"\nE       AssertionError: Expected link -step-two not found in URL https://www.saucedemo.com/checkout-step-one.html\n\npages/base_page.py:350: AssertionError","steps":[],"attachments":[{"uid":"88926111399ee84f","name":"Screenshot","source":"88926111399ee84f.png","type":"image/png","size":87097}],"parameters":[],"stepsCount":0,"attachmentsCount":1,"shouldDisplayMessage":true,"hasContent":true},"afterStages":[{"name":"g::0","time":{"start":1671205812320,"stop":1671205812379,"duration":59},"status":"passed","steps":[],"attachments":[],"parameters":[],"stepsCount":0,"attachmentsCount":0,"shouldDisplayMessage":false,"hasContent":false}],"labels":[{"name":"tag","value":"@pytest.mark.xfail(raises=<class 'AssertionError'>)"},{"name":"parentSuite","value":"tests"},{"name":"suite","value":"test_TC_016_01_return_to_catalog_after_order"},{"name":"subSuite","value":"TestSample"},{"name":"host","value":"fv-az254-640"},{"name":"thread","value":"2728-MainThread"},{"name":"framework","value":"pytest"},{"name":"language","value":"cpython3"},{"name":"package","value":"tests.test_TC_016_01_return_to_catalog_after_order"},{"name":"resultFormat","value":"allure2"}],"parameters":[{"name":"password","value":"'secret_sauce'"},{"name":"username","value":"'problem_user'"}],"links":[],"hidden":false,"retry":false,"extra":{"severity":"normal","retries":[],"categories":[],"history":{"statistic":{"failed":0,"broken":0,"skipped":16,"passed":0,"unknown":0,"total":16},"items":[{"uid":"e4f63ca3ce0fa8d1","reportUrl":"https://Natalia-Tsy.github.io/SauceDemoProject/300//#testresult/e4f63ca3ce0fa8d1","status":"skipped","statusDetails":"XFAIL\n\nAssertionError: Expected link -step-two not found in URL https://www.saucedemo.com/checkout-step-one.html","time":{"start":1671205422771,"stop":1671205423814,"duration":1043}},{"uid":"693995f143ee5b24","reportUrl":"https://Natalia-Tsy.github.io/SauceDemoProject/299//#testresult/693995f143ee5b24","status":"skipped","statusDetails":"XFAIL\n\nAssertionError: Expected link -step-two not found in URL https://www.saucedemo.com/checkout-step-one.html","time":{"start":1671202534686,"stop":1671202535641,"duration":955}},{"uid":"b9fd390a83a392d6","reportUrl":"https://Natalia-Tsy.github.io/SauceDemoProject/298//#testresult/b9fd390a83a392d6","status":"skipped","statusDetails":"XFAIL\n\nAssertionError: Expected link -step-two not found in URL https://www.saucedemo.com/checkout-step-one.html","time":{"start":1671202218370,"stop":1671202219271,"duration":901}},{"uid":"65bf3f25da64b94b","reportUrl":"https://Natalia-Tsy.github.io/SauceDemoProject/297//#testresult/65bf3f25da64b94b","status":"skipped","statusDetails":"XFAIL\n\nAssertionError: Expected link -step-two not found in URL https://www.saucedemo.com/checkout-step-one.html","time":{"start":1671200365891,"stop":1671200366816,"duration":925}},{"uid":"37a79545f29b16e6","reportUrl":"https://Natalia-Tsy.github.io/SauceDemoProject/296//#testresult/37a79545f29b16e6","status":"skipped","statusDetails":"XFAIL\n\nAssertionError: Expected link -step-two not found in URL https://www.saucedemo.com/checkout-step-one.html","time":{"start":1671199915324,"stop":1671199916517,"duration":1193}},{"uid":"5a81c24431b69247","reportUrl":"https://Natalia-Tsy.github.io/SauceDemoProject/293//#testresult/5a81c24431b69247","status":"skipped","statusDetails":"XFAIL\n\nAssertionError: Expected link -step-two not found in URL https://www.saucedemo.com/checkout-step-one.html","time":{"start":1671199895163,"stop":1671199896307,"duration":1144}},{"uid":"c488936c0a11c95d","reportUrl":"https://Natalia-Tsy.github.io/SauceDemoProject/295//#testresult/c488936c0a11c95d","status":"skipped","statusDetails":"XFAIL\n\nAssertionError: Expected link -step-two not found in URL https://www.saucedemo.com/checkout-step-one.html","time":{"start":1671199872250,"stop":1671199873083,"duration":833}},{"uid":"44dc2e5e32f2a3a","reportUrl":"https://Natalia-Tsy.github.io/SauceDemoProject/291//#testresult/44dc2e5e32f2a3a","status":"skipped","statusDetails":"XFAIL\n\nAssertionError: Expected link -step-two not found in URL https://www.saucedemo.com/checkout-step-one.html","time":{"start":1671198803113,"stop":1671198804126,"duration":1013}},{"uid":"6ce0b2bc78d2742","reportUrl":"https://Natalia-Tsy.github.io/SauceDemoProject/289//#testresult/6ce0b2bc78d2742","status":"skipped","statusDetails":"XFAIL\n\nAssertionError: Expected link -step-two not found in URL https://www.saucedemo.com/checkout-step-one.html","time":{"start":1671197716854,"stop":1671197717700,"duration":846}},{"uid":"396e7b2b4bc86dad","reportUrl":"https://Natalia-Tsy.github.io/SauceDemoProject/4//#testresult/396e7b2b4bc86dad","status":"skipped","statusDetails":"XFAIL\n\nAssertionError: Expected link -step-two not found in URL https://www.saucedemo.com/checkout-step-one.html","time":{"start":1671197705475,"stop":1671197706324,"duration":849}},{"uid":"b995aae3aced42e9","reportUrl":"https://Natalia-Tsy.github.io/SauceDemoProject/3//#testresult/b995aae3aced42e9","status":"skipped","statusDetails":"XFAIL\n\nAssertionError: Expected link -step-two not found in URL https://www.saucedemo.com/checkout-step-one.html","time":{"start":1671196030060,"stop":1671196031271,"duration":1211}},{"uid":"c2bb04a276271967","reportUrl":"https://Natalia-Tsy.github.io/SauceDemoProject/288//#testresult/c2bb04a276271967","status":"skipped","statusDetails":"XFAIL\n\nAssertionError: Expected link -step-two not found in URL https://www.saucedemo.com/checkout-step-one.html","time":{"start":1671196005355,"stop":1671196006263,"duration":908}},{"uid":"ad10b8e5d8085c67","reportUrl":"https://Natalia-Tsy.github.io/SauceDemoProject/287//#testresult/ad10b8e5d8085c67","status":"skipped","statusDetails":"XFAIL\n\nAssertionError: Expected link -step-two not found in URL https://www.saucedemo.com/checkout-step-one.html","time":{"start":1671195222015,"stop":1671195223294,"duration":1279}},{"uid":"68f377d4baee3659","reportUrl":"https://Natalia-Tsy.github.io/SauceDemoProject/286//#testresult/68f377d4baee3659","status":"skipped","statusDetails":"XFAIL\n\nAssertionError: Expected link -step-two not found in URL https://www.saucedemo.com/checkout-step-one.html","time":{"start":1671195104021,"stop":1671195105190,"duration":1169}},{"uid":"ba34d21d091f25a6","reportUrl":"https://Natalia-Tsy.github.io/SauceDemoProject/285//#testresult/ba34d21d091f25a6","status":"skipped","statusDetails":"XFAIL\n\nAssertionError: Expected link -step-two not found in URL https://www.saucedemo.com/checkout-step-one.html","time":{"start":1671195041287,"stop":1671195042514,"duration":1227}}]},"tags":["@pytest.mark.xfail(raises=<class 'AssertionError'>)"]},"source":"f40232691c9fe65a.json","parameterValues":["'secret_sauce'","'problem_user'"]}