2022-12-20 01:09:07 ERROR Could not find element on page: https://www.saucedemo.com/
2022-12-20 01:09:07 ERROR no such element: Unable to locate element: {"method":"css selector","selector":".shopping_cart_link"}
  (Session info: headless chrome=108.0.5359.98)
Traceback (most recent call last):
  File "/home/runner/work/SauceDemoProject/SauceDemoProject/pages/base_page.py", line 72, in inner_function
    return func(*args, **kwargs)
  File "/home/runner/work/SauceDemoProject/SauceDemoProject/pages/base_page.py", line 295, in get_property
    return self.browser.find_element(method, locator).get_property(property)
  File "/home/runner/.cache/pypoetry/virtualenvs/saucedemoproject-P9vpYs8v-py3.10/lib/python3.10/site-packages/selenium/webdriver/remote/webdriver.py", line 861, in find_element
    return self.execute(Command.FIND_ELEMENT, {"using": by, "value": value})["value"]
  File "/home/runner/.cache/pypoetry/virtualenvs/saucedemoproject-P9vpYs8v-py3.10/lib/python3.10/site-packages/selenium/webdriver/remote/webdriver.py", line 444, in execute
    self.error_handler.check_response(response)
  File "/home/runner/.cache/pypoetry/virtualenvs/saucedemoproject-P9vpYs8v-py3.10/lib/python3.10/site-packages/selenium/webdriver/remote/errorhandler.py", line 249, in check_response
    raise exception_class(message, screen, stacktrace)
selenium.common.exceptions.NoSuchElementException: Message: no such element: Unable to locate element: {"method":"css selector","selector":".shopping_cart_link"}
  (Session info: headless chrome=108.0.5359.98)
Stacktrace:
#0 0x562b8675f2a3 <unknown>
#1 0x562b8651df77 <unknown>
#2 0x562b8655a80c <unknown>
#3 0x562b8655aa71 <unknown>
#4 0x562b86594734 <unknown>
#5 0x562b8657ab5d <unknown>
#6 0x562b8659247c <unknown>
#7 0x562b8657a903 <unknown>
#8 0x562b8654dece <unknown>
#9 0x562b8654efde <unknown>
#10 0x562b867af63e <unknown>
#11 0x562b867b2b79 <unknown>
#12 0x562b8679589e <unknown>
#13 0x562b867b3a83 <unknown>
#14 0x562b86788505 <unknown>
#15 0x562b867d4ca8 <unknown>
#16 0x562b867d4e36 <unknown>
#17 0x562b867f0333 <unknown>
#18 0x7fe80045eb43 <unknown>