2022-12-16 20:13:52 ERROR Could not find element on page: https://www.saucedemo.com/
2022-12-16 20:13:52 ERROR no such element: Unable to locate element: {"method":"css selector","selector":".shopping_cart_link"}
  (Session info: headless chrome=108.0.5359.98)
Traceback (most recent call last):
  File "/home/runner/work/SauceDemoProject/SauceDemoProject/pages/base_page.py", line 72, in inner_function
    return func(*args, **kwargs)
  File "/home/runner/work/SauceDemoProject/SauceDemoProject/pages/base_page.py", line 295, in get_property
    return self.browser.find_element(method, locator).get_property(property)
  File "/home/runner/.cache/pypoetry/virtualenvs/saucedemoproject-P9vpYs8v-py3.10/lib/python3.10/site-packages/selenium/webdriver/remote/webdriver.py", line 861, in find_element
    return self.execute(Command.FIND_ELEMENT, {"using": by, "value": value})["value"]
  File "/home/runner/.cache/pypoetry/virtualenvs/saucedemoproject-P9vpYs8v-py3.10/lib/python3.10/site-packages/selenium/webdriver/remote/webdriver.py", line 444, in execute
    self.error_handler.check_response(response)
  File "/home/runner/.cache/pypoetry/virtualenvs/saucedemoproject-P9vpYs8v-py3.10/lib/python3.10/site-packages/selenium/webdriver/remote/errorhandler.py", line 249, in check_response
    raise exception_class(message, screen, stacktrace)
selenium.common.exceptions.NoSuchElementException: Message: no such element: Unable to locate element: {"method":"css selector","selector":".shopping_cart_link"}
  (Session info: headless chrome=108.0.5359.98)
Stacktrace:
#0 0x5596242392a3 <unknown>
#1 0x559623ff7f77 <unknown>
#2 0x55962403480c <unknown>
#3 0x559624034a71 <unknown>
#4 0x55962406e734 <unknown>
#5 0x559624054b5d <unknown>
#6 0x55962406c47c <unknown>
#7 0x559624054903 <unknown>
#8 0x559624027ece <unknown>
#9 0x559624028fde <unknown>
#10 0x55962428963e <unknown>
#11 0x55962428cb79 <unknown>
#12 0x55962426f89e <unknown>
#13 0x55962428da83 <unknown>
#14 0x559624262505 <unknown>
#15 0x5596242aeca8 <unknown>
#16 0x5596242aee36 <unknown>
#17 0x5596242ca333 <unknown>
#18 0x7f5292fb8b43 <unknown>