{"uid":"8132380f981c281d","name":"test_user_can_go_to_checkout_complete_page[locked_out_user-secret_sauce]","fullName":"tests.test_TC_016_01_return_to_catalog_after_order.TestSample#test_user_can_go_to_checkout_complete_page","historyId":"a67b32f3a6ef1a049c7dc0d60b58a02f","time":{"start":1671195053719,"stop":1671195054078,"duration":359},"description":"Checks whether a user can navigate to the checkout complete page of a website\n        after logging in, adding items to cart, navigating to the cart page,\n        filling out the shipping information on the first checkout page, and navigating to the second checkout page.\n\n        Args:\n            d: WebDriver\n            username: used to specify the username of the user\n            password: used to specify the password of the user\n        ","descriptionHtml":"<p>Checks whether a user can navigate to the checkout complete page of a website<br />\nafter logging in, adding items to cart, navigating to the cart page,<br />\nfilling out the shipping information on the first checkout page, and navigating to the second checkout page.</p>\n<pre><code>    Args:\n        d: WebDriver\n        username: used to specify the username of the user\n        password: used to specify the password of the user\n</code></pre>\n","status":"skipped","statusMessage":"XFAIL\n\nAssertionError: Expected link inventory not found in URL https://www.saucedemo.com/","statusTrace":"self = <SauceDemoProject.tests.test_TC_016_01_return_to_catalog_after_order.TestSample object at 0x7f87acf6de10>\nd = <selenium.webdriver.chrome.webdriver.WebDriver (session=\"b0e48bb8afa0122557f2ebdac8a22f7b\")>\nusername = 'locked_out_user', password = 'secret_sauce'\n\n    @pytest.mark.parametrize(\n        \"username, password\",\n        [\n            (\"standard_user\", \"secret_sauce\"),\n            (\"performance_glitch_user\", \"secret_sauce\"),\n            pytest.param(\n                \"problem_user\",\n                \"secret_sauce\",\n                marks=pytest.mark.xfail(raises=AssertionError),\n            ),\n            pytest.param(\n                \"locked_out_user\",\n                \"secret_sauce\",\n                marks=pytest.mark.xfail(raises=AssertionError),\n            ),\n        ],\n    )\n    def test_user_can_go_to_checkout_complete_page(self, d, username, password):\n        \"\"\"Checks whether a user can navigate to the checkout complete page of a website\n        after logging in, adding items to cart, navigating to the cart page,\n        filling out the shipping information on the first checkout page, and navigating to the second checkout page.\n    \n        Args:\n            d: WebDriver\n            username: used to specify the username of the user\n            password: used to specify the password of the user\n        \"\"\"\n>       self.test_user_can_go_to_checkout_2_page(d, username, password)\n\ntests/test_TC_016_01_return_to_catalog_after_order.py:177: \n_ _ _ _ _ _ _ _ _ _ _ _ _ _ _ _ _ _ _ _ _ _ _ _ _ _ _ _ _ _ _ _ _ _ _ _ _ _ _ _ \ntests/test_TC_016_01_return_to_catalog_after_order.py:143: in test_user_can_go_to_checkout_2_page\n    self.test_user_can_go_to_checkout_1_page(d, username, password)\ntests/test_TC_016_01_return_to_catalog_after_order.py:110: in test_user_can_go_to_checkout_1_page\n    self.test_user_can_go_to_cart_page(d, username, password)\ntests/test_TC_016_01_return_to_catalog_after_order.py:81: in test_user_can_go_to_cart_page\n    self.test_user_can_go_to_products_page(d, username, password)\ntests/test_TC_016_01_return_to_catalog_after_order.py:58: in test_user_can_go_to_products_page\n    page.should_be_products_page()\npages/products_page.py:16: in should_be_products_page\n    self.should_be_link(ProductsPageSrc.LINK)\n_ _ _ _ _ _ _ _ _ _ _ _ _ _ _ _ _ _ _ _ _ _ _ _ _ _ _ _ _ _ _ _ _ _ _ _ _ _ _ _ \n\nself = <pages.products_page.ProductsPage object at 0x7f87abaf8d00>\nlink = 'inventory'\n\n    def should_be_link(self, link):\n        \"\"\"Check that the link provided is in the current URL of the browser.\n    \n        Args:\n            link: link browser\n        \"\"\"\n        assert (\n>           link in self.browser.current_url\n        ), f\"Expected link {link} not found in URL {self.browser.current_url}\"\nE       AssertionError: Expected link inventory not found in URL https://www.saucedemo.com/\n\npages/base_page.py:350: AssertionError","flaky":false,"newFailed":false,"newBroken":false,"newPassed":false,"retriesCount":0,"retriesStatusChange":false,"beforeStages":[{"name":"d","time":{"start":1671195007843,"stop":1671195008743,"duration":900},"status":"passed","steps":[],"attachments":[],"parameters":[],"stepsCount":0,"attachmentsCount":0,"shouldDisplayMessage":false,"hasContent":false},{"name":"browser","time":{"start":1671195007843,"stop":1671195007843,"duration":0},"status":"passed","steps":[],"attachments":[],"parameters":[],"stepsCount":0,"attachmentsCount":0,"shouldDisplayMessage":false,"hasContent":false},{"name":"g","time":{"start":1671195008744,"stop":1671195008930,"duration":186},"status":"passed","steps":[],"attachments":[],"parameters":[],"stepsCount":0,"attachmentsCount":0,"shouldDisplayMessage":false,"hasContent":false}],"testStage":{"description":"Checks whether a user can navigate to the checkout complete page of a website\n        after logging in, adding items to cart, navigating to the cart page,\n        filling out the shipping information on the first checkout page, and navigating to the second checkout page.\n\n        Args:\n            d: WebDriver\n            username: used to specify the username of the user\n            password: used to specify the password of the user\n        ","status":"skipped","statusMessage":"XFAIL\n\nAssertionError: Expected link inventory not found in URL https://www.saucedemo.com/","statusTrace":"self = <SauceDemoProject.tests.test_TC_016_01_return_to_catalog_after_order.TestSample object at 0x7f87acf6de10>\nd = <selenium.webdriver.chrome.webdriver.WebDriver (session=\"b0e48bb8afa0122557f2ebdac8a22f7b\")>\nusername = 'locked_out_user', password = 'secret_sauce'\n\n    @pytest.mark.parametrize(\n        \"username, password\",\n        [\n            (\"standard_user\", \"secret_sauce\"),\n            (\"performance_glitch_user\", \"secret_sauce\"),\n            pytest.param(\n                \"problem_user\",\n                \"secret_sauce\",\n                marks=pytest.mark.xfail(raises=AssertionError),\n            ),\n            pytest.param(\n                \"locked_out_user\",\n                \"secret_sauce\",\n                marks=pytest.mark.xfail(raises=AssertionError),\n            ),\n        ],\n    )\n    def test_user_can_go_to_checkout_complete_page(self, d, username, password):\n        \"\"\"Checks whether a user can navigate to the checkout complete page of a website\n        after logging in, adding items to cart, navigating to the cart page,\n        filling out the shipping information on the first checkout page, and navigating to the second checkout page.\n    \n        Args:\n            d: WebDriver\n            username: used to specify the username of the user\n            password: used to specify the password of the user\n        \"\"\"\n>       self.test_user_can_go_to_checkout_2_page(d, username, password)\n\ntests/test_TC_016_01_return_to_catalog_after_order.py:177: \n_ _ _ _ _ _ _ _ _ _ _ _ _ _ _ _ _ _ _ _ _ _ _ _ _ _ _ _ _ _ _ _ _ _ _ _ _ _ _ _ \ntests/test_TC_016_01_return_to_catalog_after_order.py:143: in test_user_can_go_to_checkout_2_page\n    self.test_user_can_go_to_checkout_1_page(d, username, password)\ntests/test_TC_016_01_return_to_catalog_after_order.py:110: in test_user_can_go_to_checkout_1_page\n    self.test_user_can_go_to_cart_page(d, username, password)\ntests/test_TC_016_01_return_to_catalog_after_order.py:81: in test_user_can_go_to_cart_page\n    self.test_user_can_go_to_products_page(d, username, password)\ntests/test_TC_016_01_return_to_catalog_after_order.py:58: in test_user_can_go_to_products_page\n    page.should_be_products_page()\npages/products_page.py:16: in should_be_products_page\n    self.should_be_link(ProductsPageSrc.LINK)\n_ _ _ _ _ _ _ _ _ _ _ _ _ _ _ _ _ _ _ _ _ _ _ _ _ _ _ _ _ _ _ _ _ _ _ _ _ _ _ _ \n\nself = <pages.products_page.ProductsPage object at 0x7f87abaf8d00>\nlink = 'inventory'\n\n    def should_be_link(self, link):\n        \"\"\"Check that the link provided is in the current URL of the browser.\n    \n        Args:\n            link: link browser\n        \"\"\"\n        assert (\n>           link in self.browser.current_url\n        ), f\"Expected link {link} not found in URL {self.browser.current_url}\"\nE       AssertionError: Expected link inventory not found in URL https://www.saucedemo.com/\n\npages/base_page.py:350: AssertionError","steps":[],"attachments":[{"uid":"4143fcec4ab2dfe5","name":"Screenshot","source":"4143fcec4ab2dfe5.png","type":"image/png","size":70599}],"parameters":[],"stepsCount":0,"attachmentsCount":1,"shouldDisplayMessage":true,"hasContent":true},"afterStages":[{"name":"g::0","time":{"start":1671195070569,"stop":1671195070629,"duration":60},"status":"passed","steps":[],"attachments":[],"parameters":[],"stepsCount":0,"attachmentsCount":0,"shouldDisplayMessage":false,"hasContent":false}],"labels":[{"name":"tag","value":"@pytest.mark.xfail(raises=<class 'AssertionError'>)"},{"name":"parentSuite","value":"tests"},{"name":"suite","value":"test_TC_016_01_return_to_catalog_after_order"},{"name":"subSuite","value":"TestSample"},{"name":"host","value":"fv-az574-63"},{"name":"thread","value":"2750-MainThread"},{"name":"framework","value":"pytest"},{"name":"language","value":"cpython3"},{"name":"package","value":"tests.test_TC_016_01_return_to_catalog_after_order"},{"name":"resultFormat","value":"allure2"}],"parameters":[{"name":"password","value":"'secret_sauce'"},{"name":"username","value":"'locked_out_user'"}],"links":[],"hidden":false,"retry":false,"extra":{"severity":"normal","retries":[],"categories":[],"tags":["@pytest.mark.xfail(raises=<class 'AssertionError'>)"]},"source":"8132380f981c281d.json","parameterValues":["'secret_sauce'","'locked_out_user'"]}