{"uid":"a211765928c557c7","name":"test_TC_007_01_sort_products_by_name_asc[locked_out_user-secret_sauce]","fullName":"tests.test_TC_007_01_sort_product_by_name_asc.Tests#test_TC_007_01_sort_products_by_name_asc","historyId":"160ace04f740f9ad80cf811bde194f47","time":{"start":1671194932861,"stop":1671194933136,"duration":275},"status":"skipped","statusMessage":"XFAIL\n\nAssertionError: Expected link inventory not found in URL https://www.saucedemo.com/","statusTrace":"self = <SauceDemoProject.tests.test_TC_007_01_sort_product_by_name_asc.Tests object at 0x7f87acf6f160>\nd = <selenium.webdriver.chrome.webdriver.WebDriver (session=\"35ed20f332b6f2871c1e66b5e9f2a0ac\")>\nusername = 'locked_out_user', password = 'secret_sauce'\n\n    @allure.feature(\"US_007 | Sorting\")\n    @allure.story(\"TC_007.01 | Sorting products by name ascending\")\n    @pytest.mark.parametrize(\n        \"username, password\",\n        [\n            (\"standard_user\", \"secret_sauce\"),\n            (\"performance_glitch_user\", \"secret_sauce\"),\n            (\"problem_user\", \"secret_sauce\"),\n            pytest.param(\n                \"locked_out_user\",\n                \"secret_sauce\",\n                marks=pytest.mark.xfail(raises=AssertionError),\n            ),\n        ],\n    )\n    def test_TC_007_01_sort_products_by_name_asc(self, d, username, password):\n        page = LoginPage(d, LoginPageSrc.URL)\n        page.open_page()\n        page.register_user(username, password)\n        page = ProductsPage(d, ProductsPageSrc.URL)\n>       page.should_be_products_page()\n\ntests/test_TC_007_01_sort_product_by_name_asc.py:33: \n_ _ _ _ _ _ _ _ _ _ _ _ _ _ _ _ _ _ _ _ _ _ _ _ _ _ _ _ _ _ _ _ _ _ _ _ _ _ _ _ \npages/products_page.py:16: in should_be_products_page\n    self.should_be_link(ProductsPageSrc.LINK)\n_ _ _ _ _ _ _ _ _ _ _ _ _ _ _ _ _ _ _ _ _ _ _ _ _ _ _ _ _ _ _ _ _ _ _ _ _ _ _ _ \n\nself = <pages.products_page.ProductsPage object at 0x7f87abc7e590>\nlink = 'inventory'\n\n    def should_be_link(self, link):\n        \"\"\"Check that the link provided is in the current URL of the browser.\n    \n        Args:\n            link: link browser\n        \"\"\"\n        assert (\n>           link in self.browser.current_url\n        ), f\"Expected link {link} not found in URL {self.browser.current_url}\"\nE       AssertionError: Expected link inventory not found in URL https://www.saucedemo.com/\n\npages/base_page.py:350: AssertionError","flaky":false,"newFailed":false,"newBroken":false,"newPassed":false,"retriesCount":0,"retriesStatusChange":false,"beforeStages":[{"name":"d","time":{"start":1671194924819,"stop":1671194925719,"duration":900},"status":"passed","steps":[],"attachments":[],"parameters":[],"stepsCount":0,"attachmentsCount":0,"shouldDisplayMessage":false,"hasContent":false},{"name":"browser","time":{"start":1671194924819,"stop":1671194924819,"duration":0},"status":"passed","steps":[],"attachments":[],"parameters":[],"stepsCount":0,"attachmentsCount":0,"shouldDisplayMessage":false,"hasContent":false},{"name":"g","time":{"start":1671194925720,"stop":1671194925893,"duration":173},"status":"passed","steps":[],"attachments":[],"parameters":[],"stepsCount":0,"attachmentsCount":0,"shouldDisplayMessage":false,"hasContent":false}],"testStage":{"status":"skipped","statusMessage":"XFAIL\n\nAssertionError: Expected link inventory not found in URL https://www.saucedemo.com/","statusTrace":"self = <SauceDemoProject.tests.test_TC_007_01_sort_product_by_name_asc.Tests object at 0x7f87acf6f160>\nd = <selenium.webdriver.chrome.webdriver.WebDriver (session=\"35ed20f332b6f2871c1e66b5e9f2a0ac\")>\nusername = 'locked_out_user', password = 'secret_sauce'\n\n    @allure.feature(\"US_007 | Sorting\")\n    @allure.story(\"TC_007.01 | Sorting products by name ascending\")\n    @pytest.mark.parametrize(\n        \"username, password\",\n        [\n            (\"standard_user\", \"secret_sauce\"),\n            (\"performance_glitch_user\", \"secret_sauce\"),\n            (\"problem_user\", \"secret_sauce\"),\n            pytest.param(\n                \"locked_out_user\",\n                \"secret_sauce\",\n                marks=pytest.mark.xfail(raises=AssertionError),\n            ),\n        ],\n    )\n    def test_TC_007_01_sort_products_by_name_asc(self, d, username, password):\n        page = LoginPage(d, LoginPageSrc.URL)\n        page.open_page()\n        page.register_user(username, password)\n        page = ProductsPage(d, ProductsPageSrc.URL)\n>       page.should_be_products_page()\n\ntests/test_TC_007_01_sort_product_by_name_asc.py:33: \n_ _ _ _ _ _ _ _ _ _ _ _ _ _ _ _ _ _ _ _ _ _ _ _ _ _ _ _ _ _ _ _ _ _ _ _ _ _ _ _ \npages/products_page.py:16: in should_be_products_page\n    self.should_be_link(ProductsPageSrc.LINK)\n_ _ _ _ _ _ _ _ _ _ _ _ _ _ _ _ _ _ _ _ _ _ _ _ _ _ _ _ _ _ _ _ _ _ _ _ _ _ _ _ \n\nself = <pages.products_page.ProductsPage object at 0x7f87abc7e590>\nlink = 'inventory'\n\n    def should_be_link(self, link):\n        \"\"\"Check that the link provided is in the current URL of the browser.\n    \n        Args:\n            link: link browser\n        \"\"\"\n        assert (\n>           link in self.browser.current_url\n        ), f\"Expected link {link} not found in URL {self.browser.current_url}\"\nE       AssertionError: Expected link inventory not found in URL https://www.saucedemo.com/\n\npages/base_page.py:350: AssertionError","steps":[],"attachments":[{"uid":"a218c9f3d7623af9","name":"Screenshot","source":"a218c9f3d7623af9.png","type":"image/png","size":69852},{"uid":"a91716d4a0a4f489","name":"stdout","source":"a91716d4a0a4f489.txt","type":"text/plain","size":33}],"parameters":[],"stepsCount":0,"attachmentsCount":2,"shouldDisplayMessage":true,"hasContent":true},"afterStages":[{"name":"g::0","time":{"start":1671194933693,"stop":1671194933752,"duration":59},"status":"passed","steps":[],"attachments":[],"parameters":[],"stepsCount":0,"attachmentsCount":0,"shouldDisplayMessage":false,"hasContent":false}],"labels":[{"name":"feature","value":"US_007 | Sorting"},{"name":"story","value":"TC_007.01 | Sorting products by name ascending"},{"name":"tag","value":"@pytest.mark.xfail(raises=<class 'AssertionError'>)"},{"name":"parentSuite","value":"tests"},{"name":"suite","value":"test_TC_007_01_sort_product_by_name_asc"},{"name":"subSuite","value":"Tests"},{"name":"host","value":"fv-az574-63"},{"name":"thread","value":"2750-MainThread"},{"name":"framework","value":"pytest"},{"name":"language","value":"cpython3"},{"name":"package","value":"tests.test_TC_007_01_sort_product_by_name_asc"},{"name":"resultFormat","value":"allure2"}],"parameters":[{"name":"password","value":"'secret_sauce'"},{"name":"username","value":"'locked_out_user'"}],"links":[],"hidden":false,"retry":false,"extra":{"severity":"normal","retries":[],"categories":[],"tags":["@pytest.mark.xfail(raises=<class 'AssertionError'>)"]},"source":"a211765928c557c7.json","parameterValues":["'secret_sauce'","'locked_out_user'"]}