2022-12-18 00:14:32 ERROR Could not find element on page: https://www.saucedemo.com/
2022-12-18 00:14:32 ERROR no such element: Unable to locate element: {"method":"css selector","selector":".shopping_cart_link"}
  (Session info: headless chrome=108.0.5359.98)
Traceback (most recent call last):
  File "/home/runner/work/SauceDemoProject/SauceDemoProject/pages/base_page.py", line 72, in inner_function
    return func(*args, **kwargs)
  File "/home/runner/work/SauceDemoProject/SauceDemoProject/pages/base_page.py", line 295, in get_property
    return self.browser.find_element(method, locator).get_property(property)
  File "/home/runner/.cache/pypoetry/virtualenvs/saucedemoproject-P9vpYs8v-py3.10/lib/python3.10/site-packages/selenium/webdriver/remote/webdriver.py", line 861, in find_element
    return self.execute(Command.FIND_ELEMENT, {"using": by, "value": value})["value"]
  File "/home/runner/.cache/pypoetry/virtualenvs/saucedemoproject-P9vpYs8v-py3.10/lib/python3.10/site-packages/selenium/webdriver/remote/webdriver.py", line 444, in execute
    self.error_handler.check_response(response)
  File "/home/runner/.cache/pypoetry/virtualenvs/saucedemoproject-P9vpYs8v-py3.10/lib/python3.10/site-packages/selenium/webdriver/remote/errorhandler.py", line 249, in check_response
    raise exception_class(message, screen, stacktrace)
selenium.common.exceptions.NoSuchElementException: Message: no such element: Unable to locate element: {"method":"css selector","selector":".shopping_cart_link"}
  (Session info: headless chrome=108.0.5359.98)
Stacktrace:
#0 0x56140ad2a2a3 <unknown>
#1 0x56140aae8f77 <unknown>
#2 0x56140ab2580c <unknown>
#3 0x56140ab25a71 <unknown>
#4 0x56140ab5f734 <unknown>
#5 0x56140ab45b5d <unknown>
#6 0x56140ab5d47c <unknown>
#7 0x56140ab45903 <unknown>
#8 0x56140ab18ece <unknown>
#9 0x56140ab19fde <unknown>
#10 0x56140ad7a63e <unknown>
#11 0x56140ad7db79 <unknown>
#12 0x56140ad6089e <unknown>
#13 0x56140ad7ea83 <unknown>
#14 0x56140ad53505 <unknown>
#15 0x56140ad9fca8 <unknown>
#16 0x56140ad9fe36 <unknown>
#17 0x56140adbb333 <unknown>
#18 0x7fa3e86adb43 <unknown>