{"uid":"1043bfa6bbeefeb6","name":"test_return_to_the_catalog_all_items[problem_user-secret_sauce]","fullName":"tests.test_TC_014_02_return_to_catalog.Tests#test_return_to_the_catalog_all_items","historyId":"dffd96921d8391af1ebfbc129c61d96e","time":{"start":1671552287502,"stop":1671552288270,"duration":768},"status":"skipped","statusMessage":"XFAIL\n\nselenium.common.exceptions.NoSuchElementException: Message: no such element: Unable to locate element: {\"method\":\"css selector\",\"selector\":\".shopping_cart_badge\"}\n  (Session info: headless chrome=108.0.5359.98)\nStacktrace:\n#0 0x5640ce1182a3 <unknown>\n#1 0x5640cded6f77 <unknown>\n#2 0x5640cdf1380c <unknown>\n#3 0x5640cdf13a71 <unknown>\n#4 0x5640cdf4d734 <unknown>\n#5 0x5640cdf33b5d <unknown>\n#6 0x5640cdf4b47c <unknown>\n#7 0x5640cdf33903 <unknown>\n#8 0x5640cdf06ece <unknown>\n#9 0x5640cdf07fde <unknown>\n#10 0x5640ce16863e <unknown>\n#11 0x5640ce16bb79 <unknown>\n#12 0x5640ce14e89e <unknown>\n#13 0x5640ce16ca83 <unknown>\n#14 0x5640ce141505 <unknown>\n#15 0x5640ce18dca8 <unknown>\n#16 0x5640ce18de36 <unknown>\n#17 0x5640ce1a9333 <unknown>\n#18 0x7fb3a7063b43 <unknown>","statusTrace":"self = <SauceDemoProject.tests.test_TC_014_02_return_to_catalog.Tests object at 0x7fd3d5594e20>\nd = <selenium.webdriver.chrome.webdriver.WebDriver (session=\"e84c47c5f166ceeb849d88662c301185\")>\nusername = 'problem_user', password = 'secret_sauce'\n\n    @allure.feature(\"US_014 | Exit to the catalog of products from the cart in order\")\n    @allure.story(\n        \"TC_014.02 | Return to the catalog of products from shopping cart using the menu item ALL ITEMS\"\n    )\n    @pytest.mark.parametrize(\n        \"username, password\",\n        [\n            (\"standard_user\", \"secret_sauce\"),\n            (\"performance_glitch_user\", \"secret_sauce\"),\n            pytest.param(\n                \"problem_user\",\n                \"secret_sauce\",\n                marks=pytest.mark.xfail(raises=NoSuchElementException),\n            ),\n            pytest.param(\n                \"locked_out_user\",\n                \"secret_sauce\",\n                marks=pytest.mark.xfail(raises=AssertionError),\n            ),\n        ],\n    )\n    def test_return_to_the_catalog_all_items(self, d, username, password):\n        page = LoginPage(d, LoginPageSrc.URL)  # Creates the Login page instance\n        page.open_page()\n        page.register_user(username, password)  # a user logs in\n        page = ProductsPage(\n            d, ProductsPageSrc.URL\n        )  # Creates the Products page instance\n        page.should_be_products_page()\n        page.add_item_on_products_page(\n            \"Sauce Labs Fleece Jacket\", \"Test.allTheThings() T-Shirt (Red)\"\n        )\n        page.go_to_basket_page()  # gets to the Cart page\n        page = CartPage(d, CartPageSrc.URL)\n>       page.check_the_quantity()  # checks the cart is not empty\n\ntests/test_TC_014_02_return_to_catalog.py:50: \n_ _ _ _ _ _ _ _ _ _ _ _ _ _ _ _ _ _ _ _ _ _ _ _ _ _ _ _ _ _ _ _ _ _ _ _ _ _ _ _ \npages/cart_page.py:40: in check_the_quantity\n    quant = self.browser.find_element(*CartPageLocators.QUANTITY).text\n../../../.cache/pypoetry/virtualenvs/saucedemoproject-P9vpYs8v-py3.10/lib/python3.10/site-packages/selenium/webdriver/remote/webdriver.py:861: in find_element\n    return self.execute(Command.FIND_ELEMENT, {\"using\": by, \"value\": value})[\"value\"]\n../../../.cache/pypoetry/virtualenvs/saucedemoproject-P9vpYs8v-py3.10/lib/python3.10/site-packages/selenium/webdriver/remote/webdriver.py:444: in execute\n    self.error_handler.check_response(response)\n_ _ _ _ _ _ _ _ _ _ _ _ _ _ _ _ _ _ _ _ _ _ _ _ _ _ _ _ _ _ _ _ _ _ _ _ _ _ _ _ \n\nself = <selenium.webdriver.remote.errorhandler.ErrorHandler object at 0x7fd3d55c2c50>\nresponse = {'status': 404, 'value': '{\"value\":{\"error\":\"no such element\",\"message\":\"no such element: Unable to locate element: {\\...\\\\n#16 0x5640ce18de36 \\\\u003Cunknown>\\\\n#17 0x5640ce1a9333 \\\\u003Cunknown>\\\\n#18 0x7fb3a7063b43 \\\\u003Cunknown>\\\\n\"}}'}\n\n    def check_response(self, response: Dict[str, Any]) -> None:\n        \"\"\"\n        Checks that a JSON response from the WebDriver does not have an error.\n    \n        :Args:\n         - response - The JSON response from the WebDriver server as a dictionary\n           object.\n    \n        :Raises: If the response contains an error message.\n        \"\"\"\n        status = response.get(\"status\", None)\n        if not status or status == ErrorCode.SUCCESS:\n            return\n        value = None\n        message = response.get(\"message\", \"\")\n        screen: str = response.get(\"screen\", \"\")\n        stacktrace = None\n        if isinstance(status, int):\n            value_json = response.get(\"value\", None)\n            if value_json and isinstance(value_json, str):\n                import json\n    \n                try:\n                    value = json.loads(value_json)\n                    if len(value.keys()) == 1:\n                        value = value[\"value\"]\n                    status = value.get(\"error\", None)\n                    if not status:\n                        status = value.get(\"status\", ErrorCode.UNKNOWN_ERROR)\n                        message = value.get(\"value\") or value.get(\"message\")\n                        if not isinstance(message, str):\n                            value = message\n                            message = message.get(\"message\")\n                    else:\n                        message = value.get(\"message\", None)\n                except ValueError:\n                    pass\n    \n        exception_class: Type[WebDriverException]\n        if status in ErrorCode.NO_SUCH_ELEMENT:\n            exception_class = NoSuchElementException\n        elif status in ErrorCode.NO_SUCH_FRAME:\n            exception_class = NoSuchFrameException\n        elif status in ErrorCode.NO_SUCH_SHADOW_ROOT:\n            exception_class = NoSuchShadowRootException\n        elif status in ErrorCode.NO_SUCH_WINDOW:\n            exception_class = NoSuchWindowException\n        elif status in ErrorCode.STALE_ELEMENT_REFERENCE:\n            exception_class = StaleElementReferenceException\n        elif status in ErrorCode.ELEMENT_NOT_VISIBLE:\n            exception_class = ElementNotVisibleException\n        elif status in ErrorCode.INVALID_ELEMENT_STATE:\n            exception_class = InvalidElementStateException\n        elif (\n            status in ErrorCode.INVALID_SELECTOR\n            or status in ErrorCode.INVALID_XPATH_SELECTOR\n            or status in ErrorCode.INVALID_XPATH_SELECTOR_RETURN_TYPER\n        ):\n            exception_class = InvalidSelectorException\n        elif status in ErrorCode.ELEMENT_IS_NOT_SELECTABLE:\n            exception_class = ElementNotSelectableException\n        elif status in ErrorCode.ELEMENT_NOT_INTERACTABLE:\n            exception_class = ElementNotInteractableException\n        elif status in ErrorCode.INVALID_COOKIE_DOMAIN:\n            exception_class = InvalidCookieDomainException\n        elif status in ErrorCode.UNABLE_TO_SET_COOKIE:\n            exception_class = UnableToSetCookieException\n        elif status in ErrorCode.TIMEOUT:\n            exception_class = TimeoutException\n        elif status in ErrorCode.SCRIPT_TIMEOUT:\n            exception_class = TimeoutException\n        elif status in ErrorCode.UNKNOWN_ERROR:\n            exception_class = WebDriverException\n        elif status in ErrorCode.UNEXPECTED_ALERT_OPEN:\n            exception_class = UnexpectedAlertPresentException\n        elif status in ErrorCode.NO_ALERT_OPEN:\n            exception_class = NoAlertPresentException\n        elif status in ErrorCode.IME_NOT_AVAILABLE:\n            exception_class = ImeNotAvailableException\n        elif status in ErrorCode.IME_ENGINE_ACTIVATION_FAILED:\n            exception_class = ImeActivationFailedException\n        elif status in ErrorCode.MOVE_TARGET_OUT_OF_BOUNDS:\n            exception_class = MoveTargetOutOfBoundsException\n        elif status in ErrorCode.JAVASCRIPT_ERROR:\n            exception_class = JavascriptException\n        elif status in ErrorCode.SESSION_NOT_CREATED:\n            exception_class = SessionNotCreatedException\n        elif status in ErrorCode.INVALID_ARGUMENT:\n            exception_class = InvalidArgumentException\n        elif status in ErrorCode.NO_SUCH_COOKIE:\n            exception_class = NoSuchCookieException\n        elif status in ErrorCode.UNABLE_TO_CAPTURE_SCREEN:\n            exception_class = ScreenshotException\n        elif status in ErrorCode.ELEMENT_CLICK_INTERCEPTED:\n            exception_class = ElementClickInterceptedException\n        elif status in ErrorCode.INSECURE_CERTIFICATE:\n            exception_class = InsecureCertificateException\n        elif status in ErrorCode.INVALID_COORDINATES:\n            exception_class = InvalidCoordinatesException\n        elif status in ErrorCode.INVALID_SESSION_ID:\n            exception_class = InvalidSessionIdException\n        elif status in ErrorCode.UNKNOWN_METHOD:\n            exception_class = UnknownMethodException\n        else:\n            exception_class = WebDriverException\n        if not value:\n            value = response[\"value\"]\n        if isinstance(value, str):\n            raise exception_class(value)\n        if message == \"\" and \"message\" in value:\n            message = value[\"message\"]\n    \n        screen = None  # type: ignore[assignment]\n        if \"screen\" in value:\n            screen = value[\"screen\"]\n    \n        stacktrace = None\n        st_value = value.get(\"stackTrace\") or value.get(\"stacktrace\")\n        if st_value:\n            if isinstance(st_value, str):\n                stacktrace = st_value.split(\"\\n\")\n            else:\n                stacktrace = []\n                try:\n                    for frame in st_value:\n                        line = frame.get(\"lineNumber\", \"\")\n                        file = frame.get(\"fileName\", \"<anonymous>\")\n                        if line:\n                            file = f\"{file}:{line}\"\n                        meth = frame.get(\"methodName\", \"<anonymous>\")\n                        if \"className\" in frame:\n                            meth = \"{}.{}\".format(frame[\"className\"], meth)\n                        msg = \"    at %s (%s)\"\n                        msg = msg % (meth, file)\n                        stacktrace.append(msg)\n                except TypeError:\n                    pass\n        if exception_class == UnexpectedAlertPresentException:\n            alert_text = None\n            if \"data\" in value:\n                alert_text = value[\"data\"].get(\"text\")\n            elif \"alert\" in value:\n                alert_text = value[\"alert\"].get(\"text\")\n            raise exception_class(message, screen, stacktrace, alert_text)  # type: ignore[call-arg]  # mypy is not smart enough here\n>       raise exception_class(message, screen, stacktrace)\nE       selenium.common.exceptions.NoSuchElementException: Message: no such element: Unable to locate element: {\"method\":\"css selector\",\"selector\":\".shopping_cart_badge\"}\nE         (Session info: headless chrome=108.0.5359.98)\nE       Stacktrace:\nE       #0 0x5640ce1182a3 <unknown>\nE       #1 0x5640cded6f77 <unknown>\nE       #2 0x5640cdf1380c <unknown>\nE       #3 0x5640cdf13a71 <unknown>\nE       #4 0x5640cdf4d734 <unknown>\nE       #5 0x5640cdf33b5d <unknown>\nE       #6 0x5640cdf4b47c <unknown>\nE       #7 0x5640cdf33903 <unknown>\nE       #8 0x5640cdf06ece <unknown>\nE       #9 0x5640cdf07fde <unknown>\nE       #10 0x5640ce16863e <unknown>\nE       #11 0x5640ce16bb79 <unknown>\nE       #12 0x5640ce14e89e <unknown>\nE       #13 0x5640ce16ca83 <unknown>\nE       #14 0x5640ce141505 <unknown>\nE       #15 0x5640ce18dca8 <unknown>\nE       #16 0x5640ce18de36 <unknown>\nE       #17 0x5640ce1a9333 <unknown>\nE       #18 0x7fb3a7063b43 <unknown>\n\n../../../.cache/pypoetry/virtualenvs/saucedemoproject-P9vpYs8v-py3.10/lib/python3.10/site-packages/selenium/webdriver/remote/errorhandler.py:249: NoSuchElementException","flaky":false,"newFailed":false,"newBroken":false,"newPassed":false,"retriesCount":0,"retriesStatusChange":false,"beforeStages":[{"name":"browser","time":{"start":1671552272530,"stop":1671552272530,"duration":0},"status":"passed","steps":[],"attachments":[],"parameters":[],"stepsCount":0,"attachmentsCount":0,"shouldDisplayMessage":false,"hasContent":false},{"name":"d","time":{"start":1671552272530,"stop":1671552273416,"duration":886},"status":"passed","steps":[],"attachments":[],"parameters":[],"stepsCount":0,"attachmentsCount":0,"shouldDisplayMessage":false,"hasContent":false},{"name":"g","time":{"start":1671552273416,"stop":1671552273604,"duration":188},"status":"passed","steps":[],"attachments":[],"parameters":[],"stepsCount":0,"attachmentsCount":0,"shouldDisplayMessage":false,"hasContent":false}],"testStage":{"status":"skipped","statusMessage":"XFAIL\n\nselenium.common.exceptions.NoSuchElementException: Message: no such element: Unable to locate element: {\"method\":\"css selector\",\"selector\":\".shopping_cart_badge\"}\n  (Session info: headless chrome=108.0.5359.98)\nStacktrace:\n#0 0x5640ce1182a3 <unknown>\n#1 0x5640cded6f77 <unknown>\n#2 0x5640cdf1380c <unknown>\n#3 0x5640cdf13a71 <unknown>\n#4 0x5640cdf4d734 <unknown>\n#5 0x5640cdf33b5d <unknown>\n#6 0x5640cdf4b47c <unknown>\n#7 0x5640cdf33903 <unknown>\n#8 0x5640cdf06ece <unknown>\n#9 0x5640cdf07fde <unknown>\n#10 0x5640ce16863e <unknown>\n#11 0x5640ce16bb79 <unknown>\n#12 0x5640ce14e89e <unknown>\n#13 0x5640ce16ca83 <unknown>\n#14 0x5640ce141505 <unknown>\n#15 0x5640ce18dca8 <unknown>\n#16 0x5640ce18de36 <unknown>\n#17 0x5640ce1a9333 <unknown>\n#18 0x7fb3a7063b43 <unknown>","statusTrace":"self = <SauceDemoProject.tests.test_TC_014_02_return_to_catalog.Tests object at 0x7fd3d5594e20>\nd = <selenium.webdriver.chrome.webdriver.WebDriver (session=\"e84c47c5f166ceeb849d88662c301185\")>\nusername = 'problem_user', password = 'secret_sauce'\n\n    @allure.feature(\"US_014 | Exit to the catalog of products from the cart in order\")\n    @allure.story(\n        \"TC_014.02 | Return to the catalog of products from shopping cart using the menu item ALL ITEMS\"\n    )\n    @pytest.mark.parametrize(\n        \"username, password\",\n        [\n            (\"standard_user\", \"secret_sauce\"),\n            (\"performance_glitch_user\", \"secret_sauce\"),\n            pytest.param(\n                \"problem_user\",\n                \"secret_sauce\",\n                marks=pytest.mark.xfail(raises=NoSuchElementException),\n            ),\n            pytest.param(\n                \"locked_out_user\",\n                \"secret_sauce\",\n                marks=pytest.mark.xfail(raises=AssertionError),\n            ),\n        ],\n    )\n    def test_return_to_the_catalog_all_items(self, d, username, password):\n        page = LoginPage(d, LoginPageSrc.URL)  # Creates the Login page instance\n        page.open_page()\n        page.register_user(username, password)  # a user logs in\n        page = ProductsPage(\n            d, ProductsPageSrc.URL\n        )  # Creates the Products page instance\n        page.should_be_products_page()\n        page.add_item_on_products_page(\n            \"Sauce Labs Fleece Jacket\", \"Test.allTheThings() T-Shirt (Red)\"\n        )\n        page.go_to_basket_page()  # gets to the Cart page\n        page = CartPage(d, CartPageSrc.URL)\n>       page.check_the_quantity()  # checks the cart is not empty\n\ntests/test_TC_014_02_return_to_catalog.py:50: \n_ _ _ _ _ _ _ _ _ _ _ _ _ _ _ _ _ _ _ _ _ _ _ _ _ _ _ _ _ _ _ _ _ _ _ _ _ _ _ _ \npages/cart_page.py:40: in check_the_quantity\n    quant = self.browser.find_element(*CartPageLocators.QUANTITY).text\n../../../.cache/pypoetry/virtualenvs/saucedemoproject-P9vpYs8v-py3.10/lib/python3.10/site-packages/selenium/webdriver/remote/webdriver.py:861: in find_element\n    return self.execute(Command.FIND_ELEMENT, {\"using\": by, \"value\": value})[\"value\"]\n../../../.cache/pypoetry/virtualenvs/saucedemoproject-P9vpYs8v-py3.10/lib/python3.10/site-packages/selenium/webdriver/remote/webdriver.py:444: in execute\n    self.error_handler.check_response(response)\n_ _ _ _ _ _ _ _ _ _ _ _ _ _ _ _ _ _ _ _ _ _ _ _ _ _ _ _ _ _ _ _ _ _ _ _ _ _ _ _ \n\nself = <selenium.webdriver.remote.errorhandler.ErrorHandler object at 0x7fd3d55c2c50>\nresponse = {'status': 404, 'value': '{\"value\":{\"error\":\"no such element\",\"message\":\"no such element: Unable to locate element: {\\...\\\\n#16 0x5640ce18de36 \\\\u003Cunknown>\\\\n#17 0x5640ce1a9333 \\\\u003Cunknown>\\\\n#18 0x7fb3a7063b43 \\\\u003Cunknown>\\\\n\"}}'}\n\n    def check_response(self, response: Dict[str, Any]) -> None:\n        \"\"\"\n        Checks that a JSON response from the WebDriver does not have an error.\n    \n        :Args:\n         - response - The JSON response from the WebDriver server as a dictionary\n           object.\n    \n        :Raises: If the response contains an error message.\n        \"\"\"\n        status = response.get(\"status\", None)\n        if not status or status == ErrorCode.SUCCESS:\n            return\n        value = None\n        message = response.get(\"message\", \"\")\n        screen: str = response.get(\"screen\", \"\")\n        stacktrace = None\n        if isinstance(status, int):\n            value_json = response.get(\"value\", None)\n            if value_json and isinstance(value_json, str):\n                import json\n    \n                try:\n                    value = json.loads(value_json)\n                    if len(value.keys()) == 1:\n                        value = value[\"value\"]\n                    status = value.get(\"error\", None)\n                    if not status:\n                        status = value.get(\"status\", ErrorCode.UNKNOWN_ERROR)\n                        message = value.get(\"value\") or value.get(\"message\")\n                        if not isinstance(message, str):\n                            value = message\n                            message = message.get(\"message\")\n                    else:\n                        message = value.get(\"message\", None)\n                except ValueError:\n                    pass\n    \n        exception_class: Type[WebDriverException]\n        if status in ErrorCode.NO_SUCH_ELEMENT:\n            exception_class = NoSuchElementException\n        elif status in ErrorCode.NO_SUCH_FRAME:\n            exception_class = NoSuchFrameException\n        elif status in ErrorCode.NO_SUCH_SHADOW_ROOT:\n            exception_class = NoSuchShadowRootException\n        elif status in ErrorCode.NO_SUCH_WINDOW:\n            exception_class = NoSuchWindowException\n        elif status in ErrorCode.STALE_ELEMENT_REFERENCE:\n            exception_class = StaleElementReferenceException\n        elif status in ErrorCode.ELEMENT_NOT_VISIBLE:\n            exception_class = ElementNotVisibleException\n        elif status in ErrorCode.INVALID_ELEMENT_STATE:\n            exception_class = InvalidElementStateException\n        elif (\n            status in ErrorCode.INVALID_SELECTOR\n            or status in ErrorCode.INVALID_XPATH_SELECTOR\n            or status in ErrorCode.INVALID_XPATH_SELECTOR_RETURN_TYPER\n        ):\n            exception_class = InvalidSelectorException\n        elif status in ErrorCode.ELEMENT_IS_NOT_SELECTABLE:\n            exception_class = ElementNotSelectableException\n        elif status in ErrorCode.ELEMENT_NOT_INTERACTABLE:\n            exception_class = ElementNotInteractableException\n        elif status in ErrorCode.INVALID_COOKIE_DOMAIN:\n            exception_class = InvalidCookieDomainException\n        elif status in ErrorCode.UNABLE_TO_SET_COOKIE:\n            exception_class = UnableToSetCookieException\n        elif status in ErrorCode.TIMEOUT:\n            exception_class = TimeoutException\n        elif status in ErrorCode.SCRIPT_TIMEOUT:\n            exception_class = TimeoutException\n        elif status in ErrorCode.UNKNOWN_ERROR:\n            exception_class = WebDriverException\n        elif status in ErrorCode.UNEXPECTED_ALERT_OPEN:\n            exception_class = UnexpectedAlertPresentException\n        elif status in ErrorCode.NO_ALERT_OPEN:\n            exception_class = NoAlertPresentException\n        elif status in ErrorCode.IME_NOT_AVAILABLE:\n            exception_class = ImeNotAvailableException\n        elif status in ErrorCode.IME_ENGINE_ACTIVATION_FAILED:\n            exception_class = ImeActivationFailedException\n        elif status in ErrorCode.MOVE_TARGET_OUT_OF_BOUNDS:\n            exception_class = MoveTargetOutOfBoundsException\n        elif status in ErrorCode.JAVASCRIPT_ERROR:\n            exception_class = JavascriptException\n        elif status in ErrorCode.SESSION_NOT_CREATED:\n            exception_class = SessionNotCreatedException\n        elif status in ErrorCode.INVALID_ARGUMENT:\n            exception_class = InvalidArgumentException\n        elif status in ErrorCode.NO_SUCH_COOKIE:\n            exception_class = NoSuchCookieException\n        elif status in ErrorCode.UNABLE_TO_CAPTURE_SCREEN:\n            exception_class = ScreenshotException\n        elif status in ErrorCode.ELEMENT_CLICK_INTERCEPTED:\n            exception_class = ElementClickInterceptedException\n        elif status in ErrorCode.INSECURE_CERTIFICATE:\n            exception_class = InsecureCertificateException\n        elif status in ErrorCode.INVALID_COORDINATES:\n            exception_class = InvalidCoordinatesException\n        elif status in ErrorCode.INVALID_SESSION_ID:\n            exception_class = InvalidSessionIdException\n        elif status in ErrorCode.UNKNOWN_METHOD:\n            exception_class = UnknownMethodException\n        else:\n            exception_class = WebDriverException\n        if not value:\n            value = response[\"value\"]\n        if isinstance(value, str):\n            raise exception_class(value)\n        if message == \"\" and \"message\" in value:\n            message = value[\"message\"]\n    \n        screen = None  # type: ignore[assignment]\n        if \"screen\" in value:\n            screen = value[\"screen\"]\n    \n        stacktrace = None\n        st_value = value.get(\"stackTrace\") or value.get(\"stacktrace\")\n        if st_value:\n            if isinstance(st_value, str):\n                stacktrace = st_value.split(\"\\n\")\n            else:\n                stacktrace = []\n                try:\n                    for frame in st_value:\n                        line = frame.get(\"lineNumber\", \"\")\n                        file = frame.get(\"fileName\", \"<anonymous>\")\n                        if line:\n                            file = f\"{file}:{line}\"\n                        meth = frame.get(\"methodName\", \"<anonymous>\")\n                        if \"className\" in frame:\n                            meth = \"{}.{}\".format(frame[\"className\"], meth)\n                        msg = \"    at %s (%s)\"\n                        msg = msg % (meth, file)\n                        stacktrace.append(msg)\n                except TypeError:\n                    pass\n        if exception_class == UnexpectedAlertPresentException:\n            alert_text = None\n            if \"data\" in value:\n                alert_text = value[\"data\"].get(\"text\")\n            elif \"alert\" in value:\n                alert_text = value[\"alert\"].get(\"text\")\n            raise exception_class(message, screen, stacktrace, alert_text)  # type: ignore[call-arg]  # mypy is not smart enough here\n>       raise exception_class(message, screen, stacktrace)\nE       selenium.common.exceptions.NoSuchElementException: Message: no such element: Unable to locate element: {\"method\":\"css selector\",\"selector\":\".shopping_cart_badge\"}\nE         (Session info: headless chrome=108.0.5359.98)\nE       Stacktrace:\nE       #0 0x5640ce1182a3 <unknown>\nE       #1 0x5640cded6f77 <unknown>\nE       #2 0x5640cdf1380c <unknown>\nE       #3 0x5640cdf13a71 <unknown>\nE       #4 0x5640cdf4d734 <unknown>\nE       #5 0x5640cdf33b5d <unknown>\nE       #6 0x5640cdf4b47c <unknown>\nE       #7 0x5640cdf33903 <unknown>\nE       #8 0x5640cdf06ece <unknown>\nE       #9 0x5640cdf07fde <unknown>\nE       #10 0x5640ce16863e <unknown>\nE       #11 0x5640ce16bb79 <unknown>\nE       #12 0x5640ce14e89e <unknown>\nE       #13 0x5640ce16ca83 <unknown>\nE       #14 0x5640ce141505 <unknown>\nE       #15 0x5640ce18dca8 <unknown>\nE       #16 0x5640ce18de36 <unknown>\nE       #17 0x5640ce1a9333 <unknown>\nE       #18 0x7fb3a7063b43 <unknown>\n\n../../../.cache/pypoetry/virtualenvs/saucedemoproject-P9vpYs8v-py3.10/lib/python3.10/site-packages/selenium/webdriver/remote/errorhandler.py:249: NoSuchElementException","steps":[],"attachments":[{"uid":"bccdbf31aa581a7c","name":"Screenshot","source":"bccdbf31aa581a7c.png","type":"image/png","size":78984}],"parameters":[],"stepsCount":0,"attachmentsCount":1,"shouldDisplayMessage":true,"hasContent":true},"afterStages":[{"name":"g::0","time":{"start":1671552289786,"stop":1671552289847,"duration":61},"status":"passed","steps":[],"attachments":[],"parameters":[],"stepsCount":0,"attachmentsCount":0,"shouldDisplayMessage":false,"hasContent":false}],"labels":[{"name":"story","value":"TC_014.02 | Return to the catalog of products from shopping cart using the menu item ALL ITEMS"},{"name":"feature","value":"US_014 | Exit to the catalog of products from the cart in order"},{"name":"tag","value":"@pytest.mark.xfail(raises=<class 'selenium.common.exceptions.NoSuchElementException'>)"},{"name":"parentSuite","value":"tests"},{"name":"suite","value":"test_TC_014_02_return_to_catalog"},{"name":"subSuite","value":"Tests"},{"name":"host","value":"fv-az577-918"},{"name":"thread","value":"2747-MainThread"},{"name":"framework","value":"pytest"},{"name":"language","value":"cpython3"},{"name":"package","value":"tests.test_TC_014_02_return_to_catalog"},{"name":"resultFormat","value":"allure2"}],"parameters":[{"name":"password","value":"'secret_sauce'"},{"name":"username","value":"'problem_user'"}],"links":[],"hidden":false,"retry":false,"extra":{"severity":"normal","retries":[],"categories":[],"history":{"statistic":{"failed":0,"broken":0,"skipped":72,"passed":0,"unknown":0,"total":72},"items":[{"uid":"8cb2b6d19871602c","reportUrl":"https://Natalia-Tsy.github.io/SauceDemoProject/358//#testresult/8cb2b6d19871602c","status":"skipped","statusDetails":"XFAIL\n\nselenium.common.exceptions.NoSuchElementException: Message: no such element: Unable to locate element: {\"method\":\"css selector\",\"selector\":\".shopping_cart_badge\"}\n  (Session info: headless chrome=108.0.5359.98)\nStacktrace:\n#0 0x56492141d2a3 <unknown>\n#1 0x5649211dbf77 <unknown>\n#2 0x56492121880c <unknown>\n#3 0x564921218a71 <unknown>\n#4 0x564921252734 <unknown>\n#5 0x564921238b5d <unknown>\n#6 0x56492125047c <unknown>\n#7 0x564921238903 <unknown>\n#8 0x56492120bece <unknown>\n#9 0x56492120cfde <unknown>\n#10 0x56492146d63e <unknown>\n#11 0x564921470b79 <unknown>\n#12 0x56492145389e <unknown>\n#13 0x564921471a83 <unknown>\n#14 0x564921446505 <unknown>\n#15 0x564921492ca8 <unknown>\n#16 0x564921492e36 <unknown>\n#17 0x5649214ae333 <unknown>\n#18 0x7f60648d7b43 <unknown>","time":{"start":1671504124746,"stop":1671504125265,"duration":519}},{"uid":"ffe8cffb0c4d8244","reportUrl":"https://Natalia-Tsy.github.io/SauceDemoProject/357//#testresult/ffe8cffb0c4d8244","status":"skipped","statusDetails":"XFAIL\n\nselenium.common.exceptions.NoSuchElementException: Message: no such element: Unable to locate element: {\"method\":\"css selector\",\"selector\":\".shopping_cart_badge\"}\n  (Session info: headless chrome=108.0.5359.98)\nStacktrace:\n#0 0x557f5c2ba2a3 <unknown>\n#1 0x557f5c078f77 <unknown>\n#2 0x557f5c0b580c <unknown>\n#3 0x557f5c0b5a71 <unknown>\n#4 0x557f5c0ef734 <unknown>\n#5 0x557f5c0d5b5d <unknown>\n#6 0x557f5c0ed47c <unknown>\n#7 0x557f5c0d5903 <unknown>\n#8 0x557f5c0a8ece <unknown>\n#9 0x557f5c0a9fde <unknown>\n#10 0x557f5c30a63e <unknown>\n#11 0x557f5c30db79 <unknown>\n#12 0x557f5c2f089e <unknown>\n#13 0x557f5c30ea83 <unknown>\n#14 0x557f5c2e3505 <unknown>\n#15 0x557f5c32fca8 <unknown>\n#16 0x557f5c32fe36 <unknown>\n#17 0x557f5c34b333 <unknown>\n#18 0x7f5c0ec13b43 <unknown>","time":{"start":1671503251964,"stop":1671503252456,"duration":492}},{"uid":"11988b260b6afadf","reportUrl":"https://Natalia-Tsy.github.io/SauceDemoProject/356//#testresult/11988b260b6afadf","status":"skipped","statusDetails":"XFAIL\n\nselenium.common.exceptions.NoSuchElementException: Message: no such element: Unable to locate element: {\"method\":\"css selector\",\"selector\":\".shopping_cart_badge\"}\n  (Session info: headless chrome=108.0.5359.98)\nStacktrace:\n#0 0x5574b92152a3 <unknown>\n#1 0x5574b8fd3f77 <unknown>\n#2 0x5574b901080c <unknown>\n#3 0x5574b9010a71 <unknown>\n#4 0x5574b904a734 <unknown>\n#5 0x5574b9030b5d <unknown>\n#6 0x5574b904847c <unknown>\n#7 0x5574b9030903 <unknown>\n#8 0x5574b9003ece <unknown>\n#9 0x5574b9004fde <unknown>\n#10 0x5574b926563e <unknown>\n#11 0x5574b9268b79 <unknown>\n#12 0x5574b924b89e <unknown>\n#13 0x5574b9269a83 <unknown>\n#14 0x5574b923e505 <unknown>\n#15 0x5574b928aca8 <unknown>\n#16 0x5574b928ae36 <unknown>\n#17 0x5574b92a6333 <unknown>\n#18 0x7f078aaf0b43 <unknown>","time":{"start":1671502669970,"stop":1671502670562,"duration":592}},{"uid":"306bb18b9e694407","reportUrl":"https://Natalia-Tsy.github.io/SauceDemoProject/355//#testresult/306bb18b9e694407","status":"skipped","statusDetails":"XFAIL\n\nselenium.common.exceptions.NoSuchElementException: Message: no such element: Unable to locate element: {\"method\":\"css selector\",\"selector\":\".shopping_cart_badge\"}\n  (Session info: headless chrome=108.0.5359.98)\nStacktrace:\n#0 0x55ea65d132a3 <unknown>\n#1 0x55ea65ad1f77 <unknown>\n#2 0x55ea65b0e80c <unknown>\n#3 0x55ea65b0ea71 <unknown>\n#4 0x55ea65b48734 <unknown>\n#5 0x55ea65b2eb5d <unknown>\n#6 0x55ea65b4647c <unknown>\n#7 0x55ea65b2e903 <unknown>\n#8 0x55ea65b01ece <unknown>\n#9 0x55ea65b02fde <unknown>\n#10 0x55ea65d6363e <unknown>\n#11 0x55ea65d66b79 <unknown>\n#12 0x55ea65d4989e <unknown>\n#13 0x55ea65d67a83 <unknown>\n#14 0x55ea65d3c505 <unknown>\n#15 0x55ea65d88ca8 <unknown>\n#16 0x55ea65d88e36 <unknown>\n#17 0x55ea65da4333 <unknown>\n#18 0x7f207c9b5b43 <unknown>","time":{"start":1671501804334,"stop":1671501804836,"duration":502}},{"uid":"67426126a4e451a3","reportUrl":"https://Natalia-Tsy.github.io/SauceDemoProject/353//#testresult/67426126a4e451a3","status":"skipped","statusDetails":"XFAIL\n\nselenium.common.exceptions.NoSuchElementException: Message: no such element: Unable to locate element: {\"method\":\"css selector\",\"selector\":\".shopping_cart_badge\"}\n  (Session info: headless chrome=108.0.5359.98)\nStacktrace:\n#0 0x56356206f2a3 <unknown>\n#1 0x563561e2df77 <unknown>\n#2 0x563561e6a80c <unknown>\n#3 0x563561e6aa71 <unknown>\n#4 0x563561ea4734 <unknown>\n#5 0x563561e8ab5d <unknown>\n#6 0x563561ea247c <unknown>\n#7 0x563561e8a903 <unknown>\n#8 0x563561e5dece <unknown>\n#9 0x563561e5efde <unknown>\n#10 0x5635620bf63e <unknown>\n#11 0x5635620c2b79 <unknown>\n#12 0x5635620a589e <unknown>\n#13 0x5635620c3a83 <unknown>\n#14 0x563562098505 <unknown>\n#15 0x5635620e4ca8 <unknown>\n#16 0x5635620e4e36 <unknown>\n#17 0x563562100333 <unknown>\n#18 0x7f7e26a20b43 <unknown>","time":{"start":1671500302610,"stop":1671500303124,"duration":514}},{"uid":"e3e1f1115b0bcfa8","reportUrl":"https://Natalia-Tsy.github.io/SauceDemoProject/352//#testresult/e3e1f1115b0bcfa8","status":"skipped","statusDetails":"XFAIL\n\nselenium.common.exceptions.NoSuchElementException: Message: no such element: Unable to locate element: {\"method\":\"css selector\",\"selector\":\".shopping_cart_badge\"}\n  (Session info: headless chrome=108.0.5359.98)\nStacktrace:\n#0 0x559bc0f3a2a3 <unknown>\n#1 0x559bc0cf8f77 <unknown>\n#2 0x559bc0d3580c <unknown>\n#3 0x559bc0d35a71 <unknown>\n#4 0x559bc0d6f734 <unknown>\n#5 0x559bc0d55b5d <unknown>\n#6 0x559bc0d6d47c <unknown>\n#7 0x559bc0d55903 <unknown>\n#8 0x559bc0d28ece <unknown>\n#9 0x559bc0d29fde <unknown>\n#10 0x559bc0f8a63e <unknown>\n#11 0x559bc0f8db79 <unknown>\n#12 0x559bc0f7089e <unknown>\n#13 0x559bc0f8ea83 <unknown>\n#14 0x559bc0f63505 <unknown>\n#15 0x559bc0fafca8 <unknown>\n#16 0x559bc0fafe36 <unknown>\n#17 0x559bc0fcb333 <unknown>\n#18 0x7f34d8c90b43 <unknown>","time":{"start":1671499162395,"stop":1671499162935,"duration":540}},{"uid":"21c4ad4feeaa263d","reportUrl":"https://Natalia-Tsy.github.io/SauceDemoProject/351//#testresult/21c4ad4feeaa263d","status":"skipped","statusDetails":"XFAIL\n\nselenium.common.exceptions.NoSuchElementException: Message: no such element: Unable to locate element: {\"method\":\"css selector\",\"selector\":\".shopping_cart_badge\"}\n  (Session info: headless chrome=108.0.5359.98)\nStacktrace:\n#0 0x558f08de32a3 <unknown>\n#1 0x558f08ba1f77 <unknown>\n#2 0x558f08bde80c <unknown>\n#3 0x558f08bdea71 <unknown>\n#4 0x558f08c18734 <unknown>\n#5 0x558f08bfeb5d <unknown>\n#6 0x558f08c1647c <unknown>\n#7 0x558f08bfe903 <unknown>\n#8 0x558f08bd1ece <unknown>\n#9 0x558f08bd2fde <unknown>\n#10 0x558f08e3363e <unknown>\n#11 0x558f08e36b79 <unknown>\n#12 0x558f08e1989e <unknown>\n#13 0x558f08e37a83 <unknown>\n#14 0x558f08e0c505 <unknown>\n#15 0x558f08e58ca8 <unknown>\n#16 0x558f08e58e36 <unknown>\n#17 0x558f08e74333 <unknown>\n#18 0x7f6b5ecf1b43 <unknown>","time":{"start":1671498508060,"stop":1671498508551,"duration":491}},{"uid":"ca9bc67227b9b806","reportUrl":"https://Natalia-Tsy.github.io/SauceDemoProject/350//#testresult/ca9bc67227b9b806","status":"skipped","statusDetails":"XFAIL\n\nselenium.common.exceptions.NoSuchElementException: Message: no such element: Unable to locate element: {\"method\":\"css selector\",\"selector\":\".shopping_cart_badge\"}\n  (Session info: headless chrome=108.0.5359.98)\nStacktrace:\n#0 0x55d9020802a3 <unknown>\n#1 0x55d901e3ef77 <unknown>\n#2 0x55d901e7b80c <unknown>\n#3 0x55d901e7ba71 <unknown>\n#4 0x55d901eb5734 <unknown>\n#5 0x55d901e9bb5d <unknown>\n#6 0x55d901eb347c <unknown>\n#7 0x55d901e9b903 <unknown>\n#8 0x55d901e6eece <unknown>\n#9 0x55d901e6ffde <unknown>\n#10 0x55d9020d063e <unknown>\n#11 0x55d9020d3b79 <unknown>\n#12 0x55d9020b689e <unknown>\n#13 0x55d9020d4a83 <unknown>\n#14 0x55d9020a9505 <unknown>\n#15 0x55d9020f5ca8 <unknown>\n#16 0x55d9020f5e36 <unknown>\n#17 0x55d902111333 <unknown>\n#18 0x7ff90bd26b43 <unknown>","time":{"start":1671497393073,"stop":1671497393704,"duration":631}},{"uid":"60a4eb1a022eb73b","reportUrl":"https://Natalia-Tsy.github.io/SauceDemoProject/349//#testresult/60a4eb1a022eb73b","status":"skipped","statusDetails":"XFAIL\n\nselenium.common.exceptions.NoSuchElementException: Message: no such element: Unable to locate element: {\"method\":\"css selector\",\"selector\":\".shopping_cart_badge\"}\n  (Session info: headless chrome=108.0.5359.98)\nStacktrace:\n#0 0x56124c1f92a3 <unknown>\n#1 0x56124bfb7f77 <unknown>\n#2 0x56124bff480c <unknown>\n#3 0x56124bff4a71 <unknown>\n#4 0x56124c02e734 <unknown>\n#5 0x56124c014b5d <unknown>\n#6 0x56124c02c47c <unknown>\n#7 0x56124c014903 <unknown>\n#8 0x56124bfe7ece <unknown>\n#9 0x56124bfe8fde <unknown>\n#10 0x56124c24963e <unknown>\n#11 0x56124c24cb79 <unknown>\n#12 0x56124c22f89e <unknown>\n#13 0x56124c24da83 <unknown>\n#14 0x56124c222505 <unknown>\n#15 0x56124c26eca8 <unknown>\n#16 0x56124c26ee36 <unknown>\n#17 0x56124c28a333 <unknown>\n#18 0x7f0d6b8c6b43 <unknown>","time":{"start":1671497144755,"stop":1671497145361,"duration":606}},{"uid":"ab528484d26b1221","reportUrl":"https://Natalia-Tsy.github.io/SauceDemoProject/348//#testresult/ab528484d26b1221","status":"skipped","statusDetails":"XFAIL\n\nselenium.common.exceptions.NoSuchElementException: Message: no such element: Unable to locate element: {\"method\":\"css selector\",\"selector\":\".shopping_cart_badge\"}\n  (Session info: headless chrome=108.0.5359.98)\nStacktrace:\n#0 0x563cd3a9c2a3 <unknown>\n#1 0x563cd385af77 <unknown>\n#2 0x563cd389780c <unknown>\n#3 0x563cd3897a71 <unknown>\n#4 0x563cd38d1734 <unknown>\n#5 0x563cd38b7b5d <unknown>\n#6 0x563cd38cf47c <unknown>\n#7 0x563cd38b7903 <unknown>\n#8 0x563cd388aece <unknown>\n#9 0x563cd388bfde <unknown>\n#10 0x563cd3aec63e <unknown>\n#11 0x563cd3aefb79 <unknown>\n#12 0x563cd3ad289e <unknown>\n#13 0x563cd3af0a83 <unknown>\n#14 0x563cd3ac5505 <unknown>\n#15 0x563cd3b11ca8 <unknown>\n#16 0x563cd3b11e36 <unknown>\n#17 0x563cd3b2d333 <unknown>\n#18 0x7f2c3ae17b43 <unknown>","time":{"start":1671495708493,"stop":1671495709098,"duration":605}},{"uid":"98c8586926c9e77c","reportUrl":"https://Natalia-Tsy.github.io/SauceDemoProject/347//#testresult/98c8586926c9e77c","status":"skipped","statusDetails":"XFAIL\n\nselenium.common.exceptions.NoSuchElementException: Message: no such element: Unable to locate element: {\"method\":\"css selector\",\"selector\":\".shopping_cart_badge\"}\n  (Session info: headless chrome=108.0.5359.98)\nStacktrace:\n#0 0x5626136982a3 <unknown>\n#1 0x562613456f77 <unknown>\n#2 0x56261349380c <unknown>\n#3 0x562613493a71 <unknown>\n#4 0x5626134cd734 <unknown>\n#5 0x5626134b3b5d <unknown>\n#6 0x5626134cb47c <unknown>\n#7 0x5626134b3903 <unknown>\n#8 0x562613486ece <unknown>\n#9 0x562613487fde <unknown>\n#10 0x5626136e863e <unknown>\n#11 0x5626136ebb79 <unknown>\n#12 0x5626136ce89e <unknown>\n#13 0x5626136eca83 <unknown>\n#14 0x5626136c1505 <unknown>\n#15 0x56261370dca8 <unknown>\n#16 0x56261370de36 <unknown>\n#17 0x562613729333 <unknown>\n#18 0x7f1932c75b43 <unknown>","time":{"start":1671494950530,"stop":1671494951074,"duration":544}},{"uid":"98b68cf09557c1a5","reportUrl":"https://Natalia-Tsy.github.io/SauceDemoProject/346//#testresult/98b68cf09557c1a5","status":"skipped","statusDetails":"XFAIL\n\nselenium.common.exceptions.NoSuchElementException: Message: no such element: Unable to locate element: {\"method\":\"css selector\",\"selector\":\".shopping_cart_badge\"}\n  (Session info: headless chrome=108.0.5359.98)\nStacktrace:\n#0 0x5629c1b482a3 <unknown>\n#1 0x5629c1906f77 <unknown>\n#2 0x5629c194380c <unknown>\n#3 0x5629c1943a71 <unknown>\n#4 0x5629c197d734 <unknown>\n#5 0x5629c1963b5d <unknown>\n#6 0x5629c197b47c <unknown>\n#7 0x5629c1963903 <unknown>\n#8 0x5629c1936ece <unknown>\n#9 0x5629c1937fde <unknown>\n#10 0x5629c1b9863e <unknown>\n#11 0x5629c1b9bb79 <unknown>\n#12 0x5629c1b7e89e <unknown>\n#13 0x5629c1b9ca83 <unknown>\n#14 0x5629c1b71505 <unknown>\n#15 0x5629c1bbdca8 <unknown>\n#16 0x5629c1bbde36 <unknown>\n#17 0x5629c1bd9333 <unknown>\n#18 0x7fcae3021b43 <unknown>","time":{"start":1671494650792,"stop":1671494651505,"duration":713}},{"uid":"b69fd520cae34d6d","reportUrl":"https://Natalia-Tsy.github.io/SauceDemoProject/345//#testresult/b69fd520cae34d6d","status":"skipped","statusDetails":"XFAIL\n\nselenium.common.exceptions.NoSuchElementException: Message: no such element: Unable to locate element: {\"method\":\"css selector\",\"selector\":\".shopping_cart_badge\"}\n  (Session info: headless chrome=108.0.5359.98)\nStacktrace:\n#0 0x55806a0382a3 <unknown>\n#1 0x558069df6f77 <unknown>\n#2 0x558069e3380c <unknown>\n#3 0x558069e33a71 <unknown>\n#4 0x558069e6d734 <unknown>\n#5 0x558069e53b5d <unknown>\n#6 0x558069e6b47c <unknown>\n#7 0x558069e53903 <unknown>\n#8 0x558069e26ece <unknown>\n#9 0x558069e27fde <unknown>\n#10 0x55806a08863e <unknown>\n#11 0x55806a08bb79 <unknown>\n#12 0x55806a06e89e <unknown>\n#13 0x55806a08ca83 <unknown>\n#14 0x55806a061505 <unknown>\n#15 0x55806a0adca8 <unknown>\n#16 0x55806a0ade36 <unknown>\n#17 0x55806a0c9333 <unknown>\n#18 0x7f11019d9b43 <unknown>","time":{"start":1671488565636,"stop":1671488566226,"duration":590}},{"uid":"a9ee9bee73674020","reportUrl":"https://Natalia-Tsy.github.io/SauceDemoProject/344//#testresult/a9ee9bee73674020","status":"skipped","statusDetails":"XFAIL\n\nselenium.common.exceptions.NoSuchElementException: Message: no such element: Unable to locate element: {\"method\":\"css selector\",\"selector\":\".shopping_cart_badge\"}\n  (Session info: headless chrome=108.0.5359.98)\nStacktrace:\n#0 0x55a9e43cb2a3 <unknown>\n#1 0x55a9e4189f77 <unknown>\n#2 0x55a9e41c680c <unknown>\n#3 0x55a9e41c6a71 <unknown>\n#4 0x55a9e4200734 <unknown>\n#5 0x55a9e41e6b5d <unknown>\n#6 0x55a9e41fe47c <unknown>\n#7 0x55a9e41e6903 <unknown>\n#8 0x55a9e41b9ece <unknown>\n#9 0x55a9e41bafde <unknown>\n#10 0x55a9e441b63e <unknown>\n#11 0x55a9e441eb79 <unknown>\n#12 0x55a9e440189e <unknown>\n#13 0x55a9e441fa83 <unknown>\n#14 0x55a9e43f4505 <unknown>\n#15 0x55a9e4440ca8 <unknown>\n#16 0x55a9e4440e36 <unknown>\n#17 0x55a9e445c333 <unknown>\n#18 0x7fcccee3ab43 <unknown>","time":{"start":1671487871196,"stop":1671487871873,"duration":677}},{"uid":"eb452c00cf0c2f5","reportUrl":"https://Natalia-Tsy.github.io/SauceDemoProject/343//#testresult/eb452c00cf0c2f5","status":"skipped","statusDetails":"XFAIL\n\nselenium.common.exceptions.NoSuchElementException: Message: no such element: Unable to locate element: {\"method\":\"css selector\",\"selector\":\".shopping_cart_badge\"}\n  (Session info: headless chrome=108.0.5359.98)\nStacktrace:\n#0 0x563953c862a3 <unknown>\n#1 0x563953a44f77 <unknown>\n#2 0x563953a8180c <unknown>\n#3 0x563953a81a71 <unknown>\n#4 0x563953abb734 <unknown>\n#5 0x563953aa1b5d <unknown>\n#6 0x563953ab947c <unknown>\n#7 0x563953aa1903 <unknown>\n#8 0x563953a74ece <unknown>\n#9 0x563953a75fde <unknown>\n#10 0x563953cd663e <unknown>\n#11 0x563953cd9b79 <unknown>\n#12 0x563953cbc89e <unknown>\n#13 0x563953cdaa83 <unknown>\n#14 0x563953caf505 <unknown>\n#15 0x563953cfbca8 <unknown>\n#16 0x563953cfbe36 <unknown>\n#17 0x563953d17333 <unknown>\n#18 0x7fafeeab6b43 <unknown>","time":{"start":1671485268280,"stop":1671485268802,"duration":522}},{"uid":"131f6e34b5ab7be5","reportUrl":"https://Natalia-Tsy.github.io/SauceDemoProject/342//#testresult/131f6e34b5ab7be5","status":"skipped","statusDetails":"XFAIL\n\nselenium.common.exceptions.NoSuchElementException: Message: no such element: Unable to locate element: {\"method\":\"css selector\",\"selector\":\".shopping_cart_badge\"}\n  (Session info: headless chrome=108.0.5359.98)\nStacktrace:\n#0 0x561d54bcb2a3 <unknown>\n#1 0x561d54989f77 <unknown>\n#2 0x561d549c680c <unknown>\n#3 0x561d549c6a71 <unknown>\n#4 0x561d54a00734 <unknown>\n#5 0x561d549e6b5d <unknown>\n#6 0x561d549fe47c <unknown>\n#7 0x561d549e6903 <unknown>\n#8 0x561d549b9ece <unknown>\n#9 0x561d549bafde <unknown>\n#10 0x561d54c1b63e <unknown>\n#11 0x561d54c1eb79 <unknown>\n#12 0x561d54c0189e <unknown>\n#13 0x561d54c1fa83 <unknown>\n#14 0x561d54bf4505 <unknown>\n#15 0x561d54c40ca8 <unknown>\n#16 0x561d54c40e36 <unknown>\n#17 0x561d54c5c333 <unknown>\n#18 0x7ff3b6ad3b43 <unknown>","time":{"start":1671483956802,"stop":1671483957498,"duration":696}},{"uid":"f3e24e35c25f1483","reportUrl":"https://Natalia-Tsy.github.io/SauceDemoProject/341//#testresult/f3e24e35c25f1483","status":"skipped","statusDetails":"XFAIL\n\nselenium.common.exceptions.NoSuchElementException: Message: no such element: Unable to locate element: {\"method\":\"css selector\",\"selector\":\".shopping_cart_badge\"}\n  (Session info: headless chrome=108.0.5359.98)\nStacktrace:\n#0 0x562d04c2f2a3 <unknown>\n#1 0x562d049edf77 <unknown>\n#2 0x562d04a2a80c <unknown>\n#3 0x562d04a2aa71 <unknown>\n#4 0x562d04a64734 <unknown>\n#5 0x562d04a4ab5d <unknown>\n#6 0x562d04a6247c <unknown>\n#7 0x562d04a4a903 <unknown>\n#8 0x562d04a1dece <unknown>\n#9 0x562d04a1efde <unknown>\n#10 0x562d04c7f63e <unknown>\n#11 0x562d04c82b79 <unknown>\n#12 0x562d04c6589e <unknown>\n#13 0x562d04c83a83 <unknown>\n#14 0x562d04c58505 <unknown>\n#15 0x562d04ca4ca8 <unknown>\n#16 0x562d04ca4e36 <unknown>\n#17 0x562d04cc0333 <unknown>\n#18 0x7f2e32728b43 <unknown>","time":{"start":1671483240607,"stop":1671483241266,"duration":659}},{"uid":"944f11b26c7caa34","reportUrl":"https://Natalia-Tsy.github.io/SauceDemoProject/340//#testresult/944f11b26c7caa34","status":"skipped","statusDetails":"XFAIL\n\nselenium.common.exceptions.NoSuchElementException: Message: no such element: Unable to locate element: {\"method\":\"css selector\",\"selector\":\".shopping_cart_badge\"}\n  (Session info: headless chrome=108.0.5359.98)\nStacktrace:\n#0 0x5643f4a182a3 <unknown>\n#1 0x5643f47d6f77 <unknown>\n#2 0x5643f481380c <unknown>\n#3 0x5643f4813a71 <unknown>\n#4 0x5643f484d734 <unknown>\n#5 0x5643f4833b5d <unknown>\n#6 0x5643f484b47c <unknown>\n#7 0x5643f4833903 <unknown>\n#8 0x5643f4806ece <unknown>\n#9 0x5643f4807fde <unknown>\n#10 0x5643f4a6863e <unknown>\n#11 0x5643f4a6bb79 <unknown>\n#12 0x5643f4a4e89e <unknown>\n#13 0x5643f4a6ca83 <unknown>\n#14 0x5643f4a41505 <unknown>\n#15 0x5643f4a8dca8 <unknown>\n#16 0x5643f4a8de36 <unknown>\n#17 0x5643f4aa9333 <unknown>\n#18 0x7f297e8d0b43 <unknown>","time":{"start":1671482926534,"stop":1671482927071,"duration":537}},{"uid":"3837b73b809088b4","reportUrl":"https://Natalia-Tsy.github.io/SauceDemoProject/339//#testresult/3837b73b809088b4","status":"skipped","statusDetails":"XFAIL\n\nselenium.common.exceptions.NoSuchElementException: Message: no such element: Unable to locate element: {\"method\":\"css selector\",\"selector\":\".shopping_cart_badge\"}\n  (Session info: headless chrome=108.0.5359.98)\nStacktrace:\n#0 0x5649c679b2a3 <unknown>\n#1 0x5649c6559f77 <unknown>\n#2 0x5649c659680c <unknown>\n#3 0x5649c6596a71 <unknown>\n#4 0x5649c65d0734 <unknown>\n#5 0x5649c65b6b5d <unknown>\n#6 0x5649c65ce47c <unknown>\n#7 0x5649c65b6903 <unknown>\n#8 0x5649c6589ece <unknown>\n#9 0x5649c658afde <unknown>\n#10 0x5649c67eb63e <unknown>\n#11 0x5649c67eeb79 <unknown>\n#12 0x5649c67d189e <unknown>\n#13 0x5649c67efa83 <unknown>\n#14 0x5649c67c4505 <unknown>\n#15 0x5649c6810ca8 <unknown>\n#16 0x5649c6810e36 <unknown>\n#17 0x5649c682c333 <unknown>\n#18 0x7f20242e7b43 <unknown>","time":{"start":1671479594560,"stop":1671479595072,"duration":512}},{"uid":"50403f2effc310cb","reportUrl":"https://Natalia-Tsy.github.io/SauceDemoProject/338//#testresult/50403f2effc310cb","status":"skipped","statusDetails":"XFAIL\n\nselenium.common.exceptions.NoSuchElementException: Message: no such element: Unable to locate element: {\"method\":\"css selector\",\"selector\":\".shopping_cart_badge\"}\n  (Session info: headless chrome=108.0.5359.98)\nStacktrace:\n#0 0x55b1f15252a3 <unknown>\n#1 0x55b1f12e3f77 <unknown>\n#2 0x55b1f132080c <unknown>\n#3 0x55b1f1320a71 <unknown>\n#4 0x55b1f135a734 <unknown>\n#5 0x55b1f1340b5d <unknown>\n#6 0x55b1f135847c <unknown>\n#7 0x55b1f1340903 <unknown>\n#8 0x55b1f1313ece <unknown>\n#9 0x55b1f1314fde <unknown>\n#10 0x55b1f157563e <unknown>\n#11 0x55b1f1578b79 <unknown>\n#12 0x55b1f155b89e <unknown>\n#13 0x55b1f1579a83 <unknown>\n#14 0x55b1f154e505 <unknown>\n#15 0x55b1f159aca8 <unknown>\n#16 0x55b1f159ae36 <unknown>\n#17 0x55b1f15b6333 <unknown>\n#18 0x7fbf21e94b43 <unknown>","time":{"start":1671403177766,"stop":1671403178389,"duration":623}}]},"tags":["@pytest.mark.xfail(raises=<class 'selenium.common.exceptions.NoSuchElementException'>)"]},"source":"1043bfa6bbeefeb6.json","parameterValues":["'secret_sauce'","'problem_user'"]}