{"uid":"80c81876383a09ee","name":"test_TC_002_04_read_privacy_policy_from_checkout_overview","fullName":"tests.test_TC_002_read_privacy_policy.Tests#test_TC_002_04_read_privacy_policy_from_checkout_overview","historyId":"2d3b3399edc3cf499c1d1cbb8eadf15d","time":{"start":1671202087280,"stop":1671202088113,"duration":833},"status":"skipped","statusMessage":"XFAIL\n\nselenium.common.exceptions.InvalidSelectorException: Message: invalid selector: The result of the xpath expression \"//*[@class = 'footer_copy']/text()[3]\" is: [object Text]. It should be an element.\n  (Session info: headless chrome=108.0.5359.98)\nStacktrace:\n#0 0x55ada02b62a3 <unknown>\n#1 0x55ada0074f77 <unknown>\n#2 0x55ada00789c8 <unknown>\n#3 0x55ada0078792 <unknown>\n#4 0x55ada0078a9c <unknown>\n#5 0x55ada00b1538 <unknown>\n#6 0x55ada00b1a71 <unknown>\n#7 0x55ada00eb734 <unknown>\n#8 0x55ada00d1b5d <unknown>\n#9 0x55ada00e947c <unknown>\n#10 0x55ada00d1903 <unknown>\n#11 0x55ada00a4ece <unknown>\n#12 0x55ada00a5fde <unknown>\n#13 0x55ada030663e <unknown>\n#14 0x55ada0309b79 <unknown>\n#15 0x55ada02ec89e <unknown>\n#16 0x55ada030aa83 <unknown>\n#17 0x55ada02df505 <unknown>\n#18 0x55ada032bca8 <unknown>\n#19 0x55ada032be36 <unknown>\n#20 0x55ada0347333 <unknown>\n#21 0x7fe57fe18b43 <unknown>","statusTrace":"self = <SauceDemoProject.tests.test_TC_002_read_privacy_policy.Tests object at 0x7f11c11fdb10>\nd = <selenium.webdriver.chrome.webdriver.WebDriver (session=\"3a37b7559a1becc917a25ad338aa1034\")>\n\n    @allure.feature(\"US_002 | Privacy Policy\")\n    @allure.story(\"TC_002.04 | Read Privacy Policy from the checkout overview page\")\n    @pytest.mark.xfail(raises=InvalidSelectorException)\n    def test_TC_002_04_read_privacy_policy_from_checkout_overview(self, d):\n        page = LoginPage(d, LoginPageSrc.URL)  # Creates the Login page instance\n        page.open_page()\n        page.register_user(\"standard_user\", \"secret_sauce\")  # Standard user logs in\n        page = ProductsPage(\n            d, ProductsPageSrc.URL\n        )  # Creates the Products page instance\n        page.add_item_on_products_page(\n            \"Sauce Labs Onesie\"\n        )  # Adds one product into the cart\n        page.go_to_basket_page()  # Gets to the cart page\n        page = CartPage(d, CartPageSrc.URL)  # Creates the Cart Page instance\n        page.go_to_checkout_1_page()  # gets to Checkout-one page\n        page = CheckoutPage_1(\n            d, Chckout1PageSrc.URL\n        )  # Creates the Checkout-one instance\n        page.should_be_checkout_1_page()  # Checks the current page is Checkout-1 page\n        page.set_shipping_info(\"John\", \"Smith\", \"33009\")  # Enters shipping data\n        page.go_to_checkout_2_page()  # Gets to Checkout-two page\n        page = CheckoutPage_2(\n            d, Chckout2PageSrc.URL\n        )  # Creates the Checkout-two page instance\n        page.should_be_checkout_2_page()  # Checks the current page is Checkout-2 page\n>       page.check_privacy_link()  # Tries to click on Privacy Policy\n\ntests/test_TC_002_read_privacy_policy.py:106: \n_ _ _ _ _ _ _ _ _ _ _ _ _ _ _ _ _ _ _ _ _ _ _ _ _ _ _ _ _ _ _ _ _ _ _ _ _ _ _ _ \npages/checkout_2_page.py:35: in check_privacy_link\n    self.browser.find_element(*PageLocators.PRIVACY).click()\n../../../.cache/pypoetry/virtualenvs/saucedemoproject-P9vpYs8v-py3.10/lib/python3.10/site-packages/selenium/webdriver/remote/webdriver.py:861: in find_element\n    return self.execute(Command.FIND_ELEMENT, {\"using\": by, \"value\": value})[\"value\"]\n../../../.cache/pypoetry/virtualenvs/saucedemoproject-P9vpYs8v-py3.10/lib/python3.10/site-packages/selenium/webdriver/remote/webdriver.py:444: in execute\n    self.error_handler.check_response(response)\n_ _ _ _ _ _ _ _ _ _ _ _ _ _ _ _ _ _ _ _ _ _ _ _ _ _ _ _ _ _ _ _ _ _ _ _ _ _ _ _ \n\nself = <selenium.webdriver.remote.errorhandler.ErrorHandler object at 0x7f11c10e38b0>\nresponse = {'status': 400, 'value': '{\"value\":{\"error\":\"invalid selector\",\"message\":\"invalid selector: The result of the xpath ex...\\\\n#19 0x55ada032be36 \\\\u003Cunknown>\\\\n#20 0x55ada0347333 \\\\u003Cunknown>\\\\n#21 0x7fe57fe18b43 \\\\u003Cunknown>\\\\n\"}}'}\n\n    def check_response(self, response: Dict[str, Any]) -> None:\n        \"\"\"\n        Checks that a JSON response from the WebDriver does not have an error.\n    \n        :Args:\n         - response - The JSON response from the WebDriver server as a dictionary\n           object.\n    \n        :Raises: If the response contains an error message.\n        \"\"\"\n        status = response.get(\"status\", None)\n        if not status or status == ErrorCode.SUCCESS:\n            return\n        value = None\n        message = response.get(\"message\", \"\")\n        screen: str = response.get(\"screen\", \"\")\n        stacktrace = None\n        if isinstance(status, int):\n            value_json = response.get(\"value\", None)\n            if value_json and isinstance(value_json, str):\n                import json\n    \n                try:\n                    value = json.loads(value_json)\n                    if len(value.keys()) == 1:\n                        value = value[\"value\"]\n                    status = value.get(\"error\", None)\n                    if not status:\n                        status = value.get(\"status\", ErrorCode.UNKNOWN_ERROR)\n                        message = value.get(\"value\") or value.get(\"message\")\n                        if not isinstance(message, str):\n                            value = message\n                            message = message.get(\"message\")\n                    else:\n                        message = value.get(\"message\", None)\n                except ValueError:\n                    pass\n    \n        exception_class: Type[WebDriverException]\n        if status in ErrorCode.NO_SUCH_ELEMENT:\n            exception_class = NoSuchElementException\n        elif status in ErrorCode.NO_SUCH_FRAME:\n            exception_class = NoSuchFrameException\n        elif status in ErrorCode.NO_SUCH_SHADOW_ROOT:\n            exception_class = NoSuchShadowRootException\n        elif status in ErrorCode.NO_SUCH_WINDOW:\n            exception_class = NoSuchWindowException\n        elif status in ErrorCode.STALE_ELEMENT_REFERENCE:\n            exception_class = StaleElementReferenceException\n        elif status in ErrorCode.ELEMENT_NOT_VISIBLE:\n            exception_class = ElementNotVisibleException\n        elif status in ErrorCode.INVALID_ELEMENT_STATE:\n            exception_class = InvalidElementStateException\n        elif (\n            status in ErrorCode.INVALID_SELECTOR\n            or status in ErrorCode.INVALID_XPATH_SELECTOR\n            or status in ErrorCode.INVALID_XPATH_SELECTOR_RETURN_TYPER\n        ):\n            exception_class = InvalidSelectorException\n        elif status in ErrorCode.ELEMENT_IS_NOT_SELECTABLE:\n            exception_class = ElementNotSelectableException\n        elif status in ErrorCode.ELEMENT_NOT_INTERACTABLE:\n            exception_class = ElementNotInteractableException\n        elif status in ErrorCode.INVALID_COOKIE_DOMAIN:\n            exception_class = InvalidCookieDomainException\n        elif status in ErrorCode.UNABLE_TO_SET_COOKIE:\n            exception_class = UnableToSetCookieException\n        elif status in ErrorCode.TIMEOUT:\n            exception_class = TimeoutException\n        elif status in ErrorCode.SCRIPT_TIMEOUT:\n            exception_class = TimeoutException\n        elif status in ErrorCode.UNKNOWN_ERROR:\n            exception_class = WebDriverException\n        elif status in ErrorCode.UNEXPECTED_ALERT_OPEN:\n            exception_class = UnexpectedAlertPresentException\n        elif status in ErrorCode.NO_ALERT_OPEN:\n            exception_class = NoAlertPresentException\n        elif status in ErrorCode.IME_NOT_AVAILABLE:\n            exception_class = ImeNotAvailableException\n        elif status in ErrorCode.IME_ENGINE_ACTIVATION_FAILED:\n            exception_class = ImeActivationFailedException\n        elif status in ErrorCode.MOVE_TARGET_OUT_OF_BOUNDS:\n            exception_class = MoveTargetOutOfBoundsException\n        elif status in ErrorCode.JAVASCRIPT_ERROR:\n            exception_class = JavascriptException\n        elif status in ErrorCode.SESSION_NOT_CREATED:\n            exception_class = SessionNotCreatedException\n        elif status in ErrorCode.INVALID_ARGUMENT:\n            exception_class = InvalidArgumentException\n        elif status in ErrorCode.NO_SUCH_COOKIE:\n            exception_class = NoSuchCookieException\n        elif status in ErrorCode.UNABLE_TO_CAPTURE_SCREEN:\n            exception_class = ScreenshotException\n        elif status in ErrorCode.ELEMENT_CLICK_INTERCEPTED:\n            exception_class = ElementClickInterceptedException\n        elif status in ErrorCode.INSECURE_CERTIFICATE:\n            exception_class = InsecureCertificateException\n        elif status in ErrorCode.INVALID_COORDINATES:\n            exception_class = InvalidCoordinatesException\n        elif status in ErrorCode.INVALID_SESSION_ID:\n            exception_class = InvalidSessionIdException\n        elif status in ErrorCode.UNKNOWN_METHOD:\n            exception_class = UnknownMethodException\n        else:\n            exception_class = WebDriverException\n        if not value:\n            value = response[\"value\"]\n        if isinstance(value, str):\n            raise exception_class(value)\n        if message == \"\" and \"message\" in value:\n            message = value[\"message\"]\n    \n        screen = None  # type: ignore[assignment]\n        if \"screen\" in value:\n            screen = value[\"screen\"]\n    \n        stacktrace = None\n        st_value = value.get(\"stackTrace\") or value.get(\"stacktrace\")\n        if st_value:\n            if isinstance(st_value, str):\n                stacktrace = st_value.split(\"\\n\")\n            else:\n                stacktrace = []\n                try:\n                    for frame in st_value:\n                        line = frame.get(\"lineNumber\", \"\")\n                        file = frame.get(\"fileName\", \"<anonymous>\")\n                        if line:\n                            file = f\"{file}:{line}\"\n                        meth = frame.get(\"methodName\", \"<anonymous>\")\n                        if \"className\" in frame:\n                            meth = \"{}.{}\".format(frame[\"className\"], meth)\n                        msg = \"    at %s (%s)\"\n                        msg = msg % (meth, file)\n                        stacktrace.append(msg)\n                except TypeError:\n                    pass\n        if exception_class == UnexpectedAlertPresentException:\n            alert_text = None\n            if \"data\" in value:\n                alert_text = value[\"data\"].get(\"text\")\n            elif \"alert\" in value:\n                alert_text = value[\"alert\"].get(\"text\")\n            raise exception_class(message, screen, stacktrace, alert_text)  # type: ignore[call-arg]  # mypy is not smart enough here\n>       raise exception_class(message, screen, stacktrace)\nE       selenium.common.exceptions.InvalidSelectorException: Message: invalid selector: The result of the xpath expression \"//*[@class = 'footer_copy']/text()[3]\" is: [object Text]. It should be an element.\nE         (Session info: headless chrome=108.0.5359.98)\nE       Stacktrace:\nE       #0 0x55ada02b62a3 <unknown>\nE       #1 0x55ada0074f77 <unknown>\nE       #2 0x55ada00789c8 <unknown>\nE       #3 0x55ada0078792 <unknown>\nE       #4 0x55ada0078a9c <unknown>\nE       #5 0x55ada00b1538 <unknown>\nE       #6 0x55ada00b1a71 <unknown>\nE       #7 0x55ada00eb734 <unknown>\nE       #8 0x55ada00d1b5d <unknown>\nE       #9 0x55ada00e947c <unknown>\nE       #10 0x55ada00d1903 <unknown>\nE       #11 0x55ada00a4ece <unknown>\nE       #12 0x55ada00a5fde <unknown>\nE       #13 0x55ada030663e <unknown>\nE       #14 0x55ada0309b79 <unknown>\nE       #15 0x55ada02ec89e <unknown>\nE       #16 0x55ada030aa83 <unknown>\nE       #17 0x55ada02df505 <unknown>\nE       #18 0x55ada032bca8 <unknown>\nE       #19 0x55ada032be36 <unknown>\nE       #20 0x55ada0347333 <unknown>\nE       #21 0x7fe57fe18b43 <unknown>\n\n../../../.cache/pypoetry/virtualenvs/saucedemoproject-P9vpYs8v-py3.10/lib/python3.10/site-packages/selenium/webdriver/remote/errorhandler.py:249: InvalidSelectorException","flaky":false,"newFailed":false,"newBroken":false,"newPassed":false,"retriesCount":0,"retriesStatusChange":false,"beforeStages":[{"name":"browser","time":{"start":1671202081447,"stop":1671202081447,"duration":0},"status":"passed","steps":[],"attachments":[],"parameters":[],"stepsCount":0,"attachmentsCount":0,"shouldDisplayMessage":false,"hasContent":false},{"name":"d","time":{"start":1671202081448,"stop":1671202083135,"duration":1687},"status":"passed","steps":[],"attachments":[],"parameters":[],"stepsCount":0,"attachmentsCount":0,"shouldDisplayMessage":false,"hasContent":false},{"name":"g","time":{"start":1671202083135,"stop":1671202083404,"duration":269},"status":"passed","steps":[],"attachments":[],"parameters":[],"stepsCount":0,"attachmentsCount":0,"shouldDisplayMessage":false,"hasContent":false}],"testStage":{"status":"skipped","statusMessage":"XFAIL\n\nselenium.common.exceptions.InvalidSelectorException: Message: invalid selector: The result of the xpath expression \"//*[@class = 'footer_copy']/text()[3]\" is: [object Text]. It should be an element.\n  (Session info: headless chrome=108.0.5359.98)\nStacktrace:\n#0 0x55ada02b62a3 <unknown>\n#1 0x55ada0074f77 <unknown>\n#2 0x55ada00789c8 <unknown>\n#3 0x55ada0078792 <unknown>\n#4 0x55ada0078a9c <unknown>\n#5 0x55ada00b1538 <unknown>\n#6 0x55ada00b1a71 <unknown>\n#7 0x55ada00eb734 <unknown>\n#8 0x55ada00d1b5d <unknown>\n#9 0x55ada00e947c <unknown>\n#10 0x55ada00d1903 <unknown>\n#11 0x55ada00a4ece <unknown>\n#12 0x55ada00a5fde <unknown>\n#13 0x55ada030663e <unknown>\n#14 0x55ada0309b79 <unknown>\n#15 0x55ada02ec89e <unknown>\n#16 0x55ada030aa83 <unknown>\n#17 0x55ada02df505 <unknown>\n#18 0x55ada032bca8 <unknown>\n#19 0x55ada032be36 <unknown>\n#20 0x55ada0347333 <unknown>\n#21 0x7fe57fe18b43 <unknown>","statusTrace":"self = <SauceDemoProject.tests.test_TC_002_read_privacy_policy.Tests object at 0x7f11c11fdb10>\nd = <selenium.webdriver.chrome.webdriver.WebDriver (session=\"3a37b7559a1becc917a25ad338aa1034\")>\n\n    @allure.feature(\"US_002 | Privacy Policy\")\n    @allure.story(\"TC_002.04 | Read Privacy Policy from the checkout overview page\")\n    @pytest.mark.xfail(raises=InvalidSelectorException)\n    def test_TC_002_04_read_privacy_policy_from_checkout_overview(self, d):\n        page = LoginPage(d, LoginPageSrc.URL)  # Creates the Login page instance\n        page.open_page()\n        page.register_user(\"standard_user\", \"secret_sauce\")  # Standard user logs in\n        page = ProductsPage(\n            d, ProductsPageSrc.URL\n        )  # Creates the Products page instance\n        page.add_item_on_products_page(\n            \"Sauce Labs Onesie\"\n        )  # Adds one product into the cart\n        page.go_to_basket_page()  # Gets to the cart page\n        page = CartPage(d, CartPageSrc.URL)  # Creates the Cart Page instance\n        page.go_to_checkout_1_page()  # gets to Checkout-one page\n        page = CheckoutPage_1(\n            d, Chckout1PageSrc.URL\n        )  # Creates the Checkout-one instance\n        page.should_be_checkout_1_page()  # Checks the current page is Checkout-1 page\n        page.set_shipping_info(\"John\", \"Smith\", \"33009\")  # Enters shipping data\n        page.go_to_checkout_2_page()  # Gets to Checkout-two page\n        page = CheckoutPage_2(\n            d, Chckout2PageSrc.URL\n        )  # Creates the Checkout-two page instance\n        page.should_be_checkout_2_page()  # Checks the current page is Checkout-2 page\n>       page.check_privacy_link()  # Tries to click on Privacy Policy\n\ntests/test_TC_002_read_privacy_policy.py:106: \n_ _ _ _ _ _ _ _ _ _ _ _ _ _ _ _ _ _ _ _ _ _ _ _ _ _ _ _ _ _ _ _ _ _ _ _ _ _ _ _ \npages/checkout_2_page.py:35: in check_privacy_link\n    self.browser.find_element(*PageLocators.PRIVACY).click()\n../../../.cache/pypoetry/virtualenvs/saucedemoproject-P9vpYs8v-py3.10/lib/python3.10/site-packages/selenium/webdriver/remote/webdriver.py:861: in find_element\n    return self.execute(Command.FIND_ELEMENT, {\"using\": by, \"value\": value})[\"value\"]\n../../../.cache/pypoetry/virtualenvs/saucedemoproject-P9vpYs8v-py3.10/lib/python3.10/site-packages/selenium/webdriver/remote/webdriver.py:444: in execute\n    self.error_handler.check_response(response)\n_ _ _ _ _ _ _ _ _ _ _ _ _ _ _ _ _ _ _ _ _ _ _ _ _ _ _ _ _ _ _ _ _ _ _ _ _ _ _ _ \n\nself = <selenium.webdriver.remote.errorhandler.ErrorHandler object at 0x7f11c10e38b0>\nresponse = {'status': 400, 'value': '{\"value\":{\"error\":\"invalid selector\",\"message\":\"invalid selector: The result of the xpath ex...\\\\n#19 0x55ada032be36 \\\\u003Cunknown>\\\\n#20 0x55ada0347333 \\\\u003Cunknown>\\\\n#21 0x7fe57fe18b43 \\\\u003Cunknown>\\\\n\"}}'}\n\n    def check_response(self, response: Dict[str, Any]) -> None:\n        \"\"\"\n        Checks that a JSON response from the WebDriver does not have an error.\n    \n        :Args:\n         - response - The JSON response from the WebDriver server as a dictionary\n           object.\n    \n        :Raises: If the response contains an error message.\n        \"\"\"\n        status = response.get(\"status\", None)\n        if not status or status == ErrorCode.SUCCESS:\n            return\n        value = None\n        message = response.get(\"message\", \"\")\n        screen: str = response.get(\"screen\", \"\")\n        stacktrace = None\n        if isinstance(status, int):\n            value_json = response.get(\"value\", None)\n            if value_json and isinstance(value_json, str):\n                import json\n    \n                try:\n                    value = json.loads(value_json)\n                    if len(value.keys()) == 1:\n                        value = value[\"value\"]\n                    status = value.get(\"error\", None)\n                    if not status:\n                        status = value.get(\"status\", ErrorCode.UNKNOWN_ERROR)\n                        message = value.get(\"value\") or value.get(\"message\")\n                        if not isinstance(message, str):\n                            value = message\n                            message = message.get(\"message\")\n                    else:\n                        message = value.get(\"message\", None)\n                except ValueError:\n                    pass\n    \n        exception_class: Type[WebDriverException]\n        if status in ErrorCode.NO_SUCH_ELEMENT:\n            exception_class = NoSuchElementException\n        elif status in ErrorCode.NO_SUCH_FRAME:\n            exception_class = NoSuchFrameException\n        elif status in ErrorCode.NO_SUCH_SHADOW_ROOT:\n            exception_class = NoSuchShadowRootException\n        elif status in ErrorCode.NO_SUCH_WINDOW:\n            exception_class = NoSuchWindowException\n        elif status in ErrorCode.STALE_ELEMENT_REFERENCE:\n            exception_class = StaleElementReferenceException\n        elif status in ErrorCode.ELEMENT_NOT_VISIBLE:\n            exception_class = ElementNotVisibleException\n        elif status in ErrorCode.INVALID_ELEMENT_STATE:\n            exception_class = InvalidElementStateException\n        elif (\n            status in ErrorCode.INVALID_SELECTOR\n            or status in ErrorCode.INVALID_XPATH_SELECTOR\n            or status in ErrorCode.INVALID_XPATH_SELECTOR_RETURN_TYPER\n        ):\n            exception_class = InvalidSelectorException\n        elif status in ErrorCode.ELEMENT_IS_NOT_SELECTABLE:\n            exception_class = ElementNotSelectableException\n        elif status in ErrorCode.ELEMENT_NOT_INTERACTABLE:\n            exception_class = ElementNotInteractableException\n        elif status in ErrorCode.INVALID_COOKIE_DOMAIN:\n            exception_class = InvalidCookieDomainException\n        elif status in ErrorCode.UNABLE_TO_SET_COOKIE:\n            exception_class = UnableToSetCookieException\n        elif status in ErrorCode.TIMEOUT:\n            exception_class = TimeoutException\n        elif status in ErrorCode.SCRIPT_TIMEOUT:\n            exception_class = TimeoutException\n        elif status in ErrorCode.UNKNOWN_ERROR:\n            exception_class = WebDriverException\n        elif status in ErrorCode.UNEXPECTED_ALERT_OPEN:\n            exception_class = UnexpectedAlertPresentException\n        elif status in ErrorCode.NO_ALERT_OPEN:\n            exception_class = NoAlertPresentException\n        elif status in ErrorCode.IME_NOT_AVAILABLE:\n            exception_class = ImeNotAvailableException\n        elif status in ErrorCode.IME_ENGINE_ACTIVATION_FAILED:\n            exception_class = ImeActivationFailedException\n        elif status in ErrorCode.MOVE_TARGET_OUT_OF_BOUNDS:\n            exception_class = MoveTargetOutOfBoundsException\n        elif status in ErrorCode.JAVASCRIPT_ERROR:\n            exception_class = JavascriptException\n        elif status in ErrorCode.SESSION_NOT_CREATED:\n            exception_class = SessionNotCreatedException\n        elif status in ErrorCode.INVALID_ARGUMENT:\n            exception_class = InvalidArgumentException\n        elif status in ErrorCode.NO_SUCH_COOKIE:\n            exception_class = NoSuchCookieException\n        elif status in ErrorCode.UNABLE_TO_CAPTURE_SCREEN:\n            exception_class = ScreenshotException\n        elif status in ErrorCode.ELEMENT_CLICK_INTERCEPTED:\n            exception_class = ElementClickInterceptedException\n        elif status in ErrorCode.INSECURE_CERTIFICATE:\n            exception_class = InsecureCertificateException\n        elif status in ErrorCode.INVALID_COORDINATES:\n            exception_class = InvalidCoordinatesException\n        elif status in ErrorCode.INVALID_SESSION_ID:\n            exception_class = InvalidSessionIdException\n        elif status in ErrorCode.UNKNOWN_METHOD:\n            exception_class = UnknownMethodException\n        else:\n            exception_class = WebDriverException\n        if not value:\n            value = response[\"value\"]\n        if isinstance(value, str):\n            raise exception_class(value)\n        if message == \"\" and \"message\" in value:\n            message = value[\"message\"]\n    \n        screen = None  # type: ignore[assignment]\n        if \"screen\" in value:\n            screen = value[\"screen\"]\n    \n        stacktrace = None\n        st_value = value.get(\"stackTrace\") or value.get(\"stacktrace\")\n        if st_value:\n            if isinstance(st_value, str):\n                stacktrace = st_value.split(\"\\n\")\n            else:\n                stacktrace = []\n                try:\n                    for frame in st_value:\n                        line = frame.get(\"lineNumber\", \"\")\n                        file = frame.get(\"fileName\", \"<anonymous>\")\n                        if line:\n                            file = f\"{file}:{line}\"\n                        meth = frame.get(\"methodName\", \"<anonymous>\")\n                        if \"className\" in frame:\n                            meth = \"{}.{}\".format(frame[\"className\"], meth)\n                        msg = \"    at %s (%s)\"\n                        msg = msg % (meth, file)\n                        stacktrace.append(msg)\n                except TypeError:\n                    pass\n        if exception_class == UnexpectedAlertPresentException:\n            alert_text = None\n            if \"data\" in value:\n                alert_text = value[\"data\"].get(\"text\")\n            elif \"alert\" in value:\n                alert_text = value[\"alert\"].get(\"text\")\n            raise exception_class(message, screen, stacktrace, alert_text)  # type: ignore[call-arg]  # mypy is not smart enough here\n>       raise exception_class(message, screen, stacktrace)\nE       selenium.common.exceptions.InvalidSelectorException: Message: invalid selector: The result of the xpath expression \"//*[@class = 'footer_copy']/text()[3]\" is: [object Text]. It should be an element.\nE         (Session info: headless chrome=108.0.5359.98)\nE       Stacktrace:\nE       #0 0x55ada02b62a3 <unknown>\nE       #1 0x55ada0074f77 <unknown>\nE       #2 0x55ada00789c8 <unknown>\nE       #3 0x55ada0078792 <unknown>\nE       #4 0x55ada0078a9c <unknown>\nE       #5 0x55ada00b1538 <unknown>\nE       #6 0x55ada00b1a71 <unknown>\nE       #7 0x55ada00eb734 <unknown>\nE       #8 0x55ada00d1b5d <unknown>\nE       #9 0x55ada00e947c <unknown>\nE       #10 0x55ada00d1903 <unknown>\nE       #11 0x55ada00a4ece <unknown>\nE       #12 0x55ada00a5fde <unknown>\nE       #13 0x55ada030663e <unknown>\nE       #14 0x55ada0309b79 <unknown>\nE       #15 0x55ada02ec89e <unknown>\nE       #16 0x55ada030aa83 <unknown>\nE       #17 0x55ada02df505 <unknown>\nE       #18 0x55ada032bca8 <unknown>\nE       #19 0x55ada032be36 <unknown>\nE       #20 0x55ada0347333 <unknown>\nE       #21 0x7fe57fe18b43 <unknown>\n\n../../../.cache/pypoetry/virtualenvs/saucedemoproject-P9vpYs8v-py3.10/lib/python3.10/site-packages/selenium/webdriver/remote/errorhandler.py:249: InvalidSelectorException","steps":[],"attachments":[{"uid":"22765e6ef943555f","name":"Screenshot","source":"22765e6ef943555f.png","type":"image/png","size":118854}],"parameters":[],"stepsCount":0,"attachmentsCount":1,"shouldDisplayMessage":true,"hasContent":true},"afterStages":[{"name":"g::0","time":{"start":1671202090160,"stop":1671202090218,"duration":58},"status":"passed","steps":[],"attachments":[],"parameters":[],"stepsCount":0,"attachmentsCount":0,"shouldDisplayMessage":false,"hasContent":false}],"labels":[{"name":"story","value":"TC_002.04 | Read Privacy Policy from the checkout overview page"},{"name":"feature","value":"US_002 | Privacy Policy"},{"name":"tag","value":"@pytest.mark.xfail(raises=<class 'selenium.common.exceptions.InvalidSelectorException'>)"},{"name":"parentSuite","value":"tests"},{"name":"suite","value":"test_TC_002_read_privacy_policy"},{"name":"subSuite","value":"Tests"},{"name":"host","value":"fv-az413-614"},{"name":"thread","value":"2740-MainThread"},{"name":"framework","value":"pytest"},{"name":"language","value":"cpython3"},{"name":"package","value":"tests.test_TC_002_read_privacy_policy"},{"name":"resultFormat","value":"allure2"}],"parameters":[],"links":[],"hidden":false,"retry":false,"extra":{"severity":"normal","retries":[],"categories":[],"history":{"statistic":{"failed":0,"broken":0,"skipped":13,"passed":0,"unknown":0,"total":13},"items":[{"uid":"363a2a1f3e1c850f","reportUrl":"https://Natalia-Tsy.github.io/SauceDemoProject/297//#testresult/363a2a1f3e1c850f","status":"skipped","statusDetails":"XFAIL\n\nselenium.common.exceptions.InvalidSelectorException: Message: invalid selector: The result of the xpath expression \"//*[@class = 'footer_copy']/text()[3]\" is: [object Text]. It should be an element.\n  (Session info: headless chrome=108.0.5359.98)\nStacktrace:\n#0 0x55d2547652a3 <unknown>\n#1 0x55d254523f77 <unknown>\n#2 0x55d2545279c8 <unknown>\n#3 0x55d254527792 <unknown>\n#4 0x55d254527a9c <unknown>\n#5 0x55d254560538 <unknown>\n#6 0x55d254560a71 <unknown>\n#7 0x55d25459a734 <unknown>\n#8 0x55d254580b5d <unknown>\n#9 0x55d25459847c <unknown>\n#10 0x55d254580903 <unknown>\n#11 0x55d254553ece <unknown>\n#12 0x55d254554fde <unknown>\n#13 0x55d2547b563e <unknown>\n#14 0x55d2547b8b79 <unknown>\n#15 0x55d25479b89e <unknown>\n#16 0x55d2547b9a83 <unknown>\n#17 0x55d25478e505 <unknown>\n#18 0x55d2547daca8 <unknown>\n#19 0x55d2547dae36 <unknown>\n#20 0x55d2547f6333 <unknown>\n#21 0x7f96c1671b43 <unknown>","time":{"start":1671200234395,"stop":1671200235259,"duration":864}},{"uid":"d2643fa5dac0a749","reportUrl":"https://Natalia-Tsy.github.io/SauceDemoProject/296//#testresult/d2643fa5dac0a749","status":"skipped","statusDetails":"XFAIL\n\nselenium.common.exceptions.InvalidSelectorException: Message: invalid selector: The result of the xpath expression \"//*[@class = 'footer_copy']/text()[3]\" is: [object Text]. It should be an element.\n  (Session info: headless chrome=108.0.5359.98)\nStacktrace:\n#0 0x558dc4dc42a3 <unknown>\n#1 0x558dc4b82f77 <unknown>\n#2 0x558dc4b869c8 <unknown>\n#3 0x558dc4b86792 <unknown>\n#4 0x558dc4b86a9c <unknown>\n#5 0x558dc4bbf538 <unknown>\n#6 0x558dc4bbfa71 <unknown>\n#7 0x558dc4bf9734 <unknown>\n#8 0x558dc4bdfb5d <unknown>\n#9 0x558dc4bf747c <unknown>\n#10 0x558dc4bdf903 <unknown>\n#11 0x558dc4bb2ece <unknown>\n#12 0x558dc4bb3fde <unknown>\n#13 0x558dc4e1463e <unknown>\n#14 0x558dc4e17b79 <unknown>\n#15 0x558dc4dfa89e <unknown>\n#16 0x558dc4e18a83 <unknown>\n#17 0x558dc4ded505 <unknown>\n#18 0x558dc4e39ca8 <unknown>\n#19 0x558dc4e39e36 <unknown>\n#20 0x558dc4e55333 <unknown>\n#21 0x7eff7373bb43 <unknown>","time":{"start":1671199773569,"stop":1671199774639,"duration":1070}},{"uid":"526a6f74f0c11735","reportUrl":"https://Natalia-Tsy.github.io/SauceDemoProject/293//#testresult/526a6f74f0c11735","status":"skipped","statusDetails":"XFAIL\n\nselenium.common.exceptions.InvalidSelectorException: Message: invalid selector: The result of the xpath expression \"//*[@class = 'footer_copy']/text()[3]\" is: [object Text]. It should be an element.\n  (Session info: headless chrome=108.0.5359.98)\nStacktrace:\n#0 0x55cb130882a3 <unknown>\n#1 0x55cb12e46f77 <unknown>\n#2 0x55cb12e4a9c8 <unknown>\n#3 0x55cb12e4a792 <unknown>\n#4 0x55cb12e4aa9c <unknown>\n#5 0x55cb12e83538 <unknown>\n#6 0x55cb12e83a71 <unknown>\n#7 0x55cb12ebd734 <unknown>\n#8 0x55cb12ea3b5d <unknown>\n#9 0x55cb12ebb47c <unknown>\n#10 0x55cb12ea3903 <unknown>\n#11 0x55cb12e76ece <unknown>\n#12 0x55cb12e77fde <unknown>\n#13 0x55cb130d863e <unknown>\n#14 0x55cb130dbb79 <unknown>\n#15 0x55cb130be89e <unknown>\n#16 0x55cb130dca83 <unknown>\n#17 0x55cb130b1505 <unknown>\n#18 0x55cb130fdca8 <unknown>\n#19 0x55cb130fde36 <unknown>\n#20 0x55cb13119333 <unknown>\n#21 0x7f64596b7b43 <unknown>","time":{"start":1671199754829,"stop":1671199755865,"duration":1036}},{"uid":"39f89a9c1f111a9f","reportUrl":"https://Natalia-Tsy.github.io/SauceDemoProject/295//#testresult/39f89a9c1f111a9f","status":"skipped","statusDetails":"XFAIL\n\nselenium.common.exceptions.InvalidSelectorException: Message: invalid selector: The result of the xpath expression \"//*[@class = 'footer_copy']/text()[3]\" is: [object Text]. It should be an element.\n  (Session info: headless chrome=108.0.5359.98)\nStacktrace:\n#0 0x55fa0f62f2a3 <unknown>\n#1 0x55fa0f3edf77 <unknown>\n#2 0x55fa0f3f19c8 <unknown>\n#3 0x55fa0f3f1792 <unknown>\n#4 0x55fa0f3f1a9c <unknown>\n#5 0x55fa0f42a538 <unknown>\n#6 0x55fa0f42aa71 <unknown>\n#7 0x55fa0f464734 <unknown>\n#8 0x55fa0f44ab5d <unknown>\n#9 0x55fa0f46247c <unknown>\n#10 0x55fa0f44a903 <unknown>\n#11 0x55fa0f41dece <unknown>\n#12 0x55fa0f41efde <unknown>\n#13 0x55fa0f67f63e <unknown>\n#14 0x55fa0f682b79 <unknown>\n#15 0x55fa0f66589e <unknown>\n#16 0x55fa0f683a83 <unknown>\n#17 0x55fa0f658505 <unknown>\n#18 0x55fa0f6a4ca8 <unknown>\n#19 0x55fa0f6a4e36 <unknown>\n#20 0x55fa0f6c0333 <unknown>\n#21 0x7f038de9bb43 <unknown>","time":{"start":1671199744185,"stop":1671199744949,"duration":764}},{"uid":"13448401efb2752d","reportUrl":"https://Natalia-Tsy.github.io/SauceDemoProject/291//#testresult/13448401efb2752d","status":"skipped","statusDetails":"XFAIL\n\nselenium.common.exceptions.InvalidSelectorException: Message: invalid selector: The result of the xpath expression \"//*[@class = 'footer_copy']/text()[3]\" is: [object Text]. It should be an element.\n  (Session info: headless chrome=108.0.5359.98)\nStacktrace:\n#0 0x5628ee9ef2a3 <unknown>\n#1 0x5628ee7adf77 <unknown>\n#2 0x5628ee7b19c8 <unknown>\n#3 0x5628ee7b1792 <unknown>\n#4 0x5628ee7b1a9c <unknown>\n#5 0x5628ee7ea538 <unknown>\n#6 0x5628ee7eaa71 <unknown>\n#7 0x5628ee824734 <unknown>\n#8 0x5628ee80ab5d <unknown>\n#9 0x5628ee82247c <unknown>\n#10 0x5628ee80a903 <unknown>\n#11 0x5628ee7ddece <unknown>\n#12 0x5628ee7defde <unknown>\n#13 0x5628eea3f63e <unknown>\n#14 0x5628eea42b79 <unknown>\n#15 0x5628eea2589e <unknown>\n#16 0x5628eea43a83 <unknown>\n#17 0x5628eea18505 <unknown>\n#18 0x5628eea64ca8 <unknown>\n#19 0x5628eea64e36 <unknown>\n#20 0x5628eea80333 <unknown>\n#21 0x7fee37967b43 <unknown>","time":{"start":1671198666942,"stop":1671198667854,"duration":912}},{"uid":"539f5a84e1aca6d7","reportUrl":"https://Natalia-Tsy.github.io/SauceDemoProject/289//#testresult/539f5a84e1aca6d7","status":"skipped","statusDetails":"XFAIL\n\nselenium.common.exceptions.InvalidSelectorException: Message: invalid selector: The result of the xpath expression \"//*[@class = 'footer_copy']/text()[3]\" is: [object Text]. It should be an element.\n  (Session info: headless chrome=108.0.5359.98)\nStacktrace:\n#0 0x561d92c132a3 <unknown>\n#1 0x561d929d1f77 <unknown>\n#2 0x561d929d59c8 <unknown>\n#3 0x561d929d5792 <unknown>\n#4 0x561d929d5a9c <unknown>\n#5 0x561d92a0e538 <unknown>\n#6 0x561d92a0ea71 <unknown>\n#7 0x561d92a48734 <unknown>\n#8 0x561d92a2eb5d <unknown>\n#9 0x561d92a4647c <unknown>\n#10 0x561d92a2e903 <unknown>\n#11 0x561d92a01ece <unknown>\n#12 0x561d92a02fde <unknown>\n#13 0x561d92c6363e <unknown>\n#14 0x561d92c66b79 <unknown>\n#15 0x561d92c4989e <unknown>\n#16 0x561d92c67a83 <unknown>\n#17 0x561d92c3c505 <unknown>\n#18 0x561d92c88ca8 <unknown>\n#19 0x561d92c88e36 <unknown>\n#20 0x561d92ca4333 <unknown>\n#21 0x7f3414c5cb43 <unknown>","time":{"start":1671197587529,"stop":1671197588287,"duration":758}},{"uid":"a626b145ce7cd76f","reportUrl":"https://Natalia-Tsy.github.io/SauceDemoProject/4//#testresult/a626b145ce7cd76f","status":"skipped","statusDetails":"XFAIL\n\nselenium.common.exceptions.InvalidSelectorException: Message: invalid selector: The result of the xpath expression \"//*[@class = 'footer_copy']/text()[3]\" is: [object Text]. It should be an element.\n  (Session info: headless chrome=108.0.5359.98)\nStacktrace:\n#0 0x5567dfe572a3 <unknown>\n#1 0x5567dfc15f77 <unknown>\n#2 0x5567dfc199c8 <unknown>\n#3 0x5567dfc19792 <unknown>\n#4 0x5567dfc19a9c <unknown>\n#5 0x5567dfc52538 <unknown>\n#6 0x5567dfc52a71 <unknown>\n#7 0x5567dfc8c734 <unknown>\n#8 0x5567dfc72b5d <unknown>\n#9 0x5567dfc8a47c <unknown>\n#10 0x5567dfc72903 <unknown>\n#11 0x5567dfc45ece <unknown>\n#12 0x5567dfc46fde <unknown>\n#13 0x5567dfea763e <unknown>\n#14 0x5567dfeaab79 <unknown>\n#15 0x5567dfe8d89e <unknown>\n#16 0x5567dfeaba83 <unknown>\n#17 0x5567dfe80505 <unknown>\n#18 0x5567dfeccca8 <unknown>\n#19 0x5567dfecce36 <unknown>\n#20 0x5567dfee8333 <unknown>\n#21 0x7fb9e814eb43 <unknown>","time":{"start":1671197576086,"stop":1671197576852,"duration":766}},{"uid":"a535e72b1a5732c0","reportUrl":"https://Natalia-Tsy.github.io/SauceDemoProject/3//#testresult/a535e72b1a5732c0","status":"skipped","statusDetails":"XFAIL\n\nselenium.common.exceptions.InvalidSelectorException: Message: invalid selector: The result of the xpath expression \"//*[@class = 'footer_copy']/text()[3]\" is: [object Text]. It should be an element.\n  (Session info: headless chrome=108.0.5359.98)\nStacktrace:\n#0 0x5615cb02e2a3 <unknown>\n#1 0x5615cadecf77 <unknown>\n#2 0x5615cadf09c8 <unknown>\n#3 0x5615cadf0792 <unknown>\n#4 0x5615cadf0a9c <unknown>\n#5 0x5615cae29538 <unknown>\n#6 0x5615cae29a71 <unknown>\n#7 0x5615cae63734 <unknown>\n#8 0x5615cae49b5d <unknown>\n#9 0x5615cae6147c <unknown>\n#10 0x5615cae49903 <unknown>\n#11 0x5615cae1cece <unknown>\n#12 0x5615cae1dfde <unknown>\n#13 0x5615cb07e63e <unknown>\n#14 0x5615cb081b79 <unknown>\n#15 0x5615cb06489e <unknown>\n#16 0x5615cb082a83 <unknown>\n#17 0x5615cb057505 <unknown>\n#18 0x5615cb0a3ca8 <unknown>\n#19 0x5615cb0a3e36 <unknown>\n#20 0x5615cb0bf333 <unknown>\n#21 0x7f96984c3b43 <unknown>","time":{"start":1671195886415,"stop":1671195887549,"duration":1134}},{"uid":"a0ed9e54acf4461","reportUrl":"https://Natalia-Tsy.github.io/SauceDemoProject/288//#testresult/a0ed9e54acf4461","status":"skipped","statusDetails":"XFAIL\n\nselenium.common.exceptions.InvalidSelectorException: Message: invalid selector: The result of the xpath expression \"//*[@class = 'footer_copy']/text()[3]\" is: [object Text]. It should be an element.\n  (Session info: headless chrome=108.0.5359.98)\nStacktrace:\n#0 0x55bc40a8f2a3 <unknown>\n#1 0x55bc4084df77 <unknown>\n#2 0x55bc408519c8 <unknown>\n#3 0x55bc40851792 <unknown>\n#4 0x55bc40851a9c <unknown>\n#5 0x55bc4088a538 <unknown>\n#6 0x55bc4088aa71 <unknown>\n#7 0x55bc408c4734 <unknown>\n#8 0x55bc408aab5d <unknown>\n#9 0x55bc408c247c <unknown>\n#10 0x55bc408aa903 <unknown>\n#11 0x55bc4087dece <unknown>\n#12 0x55bc4087efde <unknown>\n#13 0x55bc40adf63e <unknown>\n#14 0x55bc40ae2b79 <unknown>\n#15 0x55bc40ac589e <unknown>\n#16 0x55bc40ae3a83 <unknown>\n#17 0x55bc40ab8505 <unknown>\n#18 0x55bc40b04ca8 <unknown>\n#19 0x55bc40b04e36 <unknown>\n#20 0x55bc40b20333 <unknown>\n#21 0x7f279f43fb43 <unknown>","time":{"start":1671195873249,"stop":1671195874076,"duration":827}},{"uid":"e646b1b50c2446e6","reportUrl":"https://Natalia-Tsy.github.io/SauceDemoProject/287//#testresult/e646b1b50c2446e6","status":"skipped","statusDetails":"XFAIL\n\nselenium.common.exceptions.InvalidSelectorException: Message: invalid selector: The result of the xpath expression \"//*[@class = 'footer_copy']/text()[3]\" is: [object Text]. It should be an element.\n  (Session info: headless chrome=108.0.5359.98)\nStacktrace:\n#0 0x55b647d6a2a3 <unknown>\n#1 0x55b647b28f77 <unknown>\n#2 0x55b647b2c9c8 <unknown>\n#3 0x55b647b2c792 <unknown>\n#4 0x55b647b2ca9c <unknown>\n#5 0x55b647b65538 <unknown>\n#6 0x55b647b65a71 <unknown>\n#7 0x55b647b9f734 <unknown>\n#8 0x55b647b85b5d <unknown>\n#9 0x55b647b9d47c <unknown>\n#10 0x55b647b85903 <unknown>\n#11 0x55b647b58ece <unknown>\n#12 0x55b647b59fde <unknown>\n#13 0x55b647dba63e <unknown>\n#14 0x55b647dbdb79 <unknown>\n#15 0x55b647da089e <unknown>\n#16 0x55b647dbea83 <unknown>\n#17 0x55b647d93505 <unknown>\n#18 0x55b647ddfca8 <unknown>\n#19 0x55b647ddfe36 <unknown>\n#20 0x55b647dfb333 <unknown>\n#21 0x7f54d45a2b43 <unknown>","time":{"start":1671195079902,"stop":1671195080972,"duration":1070}},{"uid":"b2baaf61db981c2e","reportUrl":"https://Natalia-Tsy.github.io/SauceDemoProject/286//#testresult/b2baaf61db981c2e","status":"skipped","statusDetails":"XFAIL\n\nselenium.common.exceptions.InvalidSelectorException: Message: invalid selector: The result of the xpath expression \"//*[@class = 'footer_copy']/text()[3]\" is: [object Text]. It should be an element.\n  (Session info: headless chrome=108.0.5359.98)\nStacktrace:\n#0 0x5650448d32a3 <unknown>\n#1 0x565044691f77 <unknown>\n#2 0x5650446959c8 <unknown>\n#3 0x565044695792 <unknown>\n#4 0x565044695a9c <unknown>\n#5 0x5650446ce538 <unknown>\n#6 0x5650446cea71 <unknown>\n#7 0x565044708734 <unknown>\n#8 0x5650446eeb5d <unknown>\n#9 0x56504470647c <unknown>\n#10 0x5650446ee903 <unknown>\n#11 0x5650446c1ece <unknown>\n#12 0x5650446c2fde <unknown>\n#13 0x56504492363e <unknown>\n#14 0x565044926b79 <unknown>\n#15 0x56504490989e <unknown>\n#16 0x565044927a83 <unknown>\n#17 0x5650448fc505 <unknown>\n#18 0x565044948ca8 <unknown>\n#19 0x565044948e36 <unknown>\n#20 0x565044964333 <unknown>\n#21 0x7f56a56e0b43 <unknown>","time":{"start":1671194964242,"stop":1671194965243,"duration":1001}},{"uid":"c1e50d582f4bcc8a","reportUrl":"https://Natalia-Tsy.github.io/SauceDemoProject/285//#testresult/c1e50d582f4bcc8a","status":"skipped","statusDetails":"XFAIL\n\nselenium.common.exceptions.InvalidSelectorException: Message: invalid selector: The result of the xpath expression \"//*[@class = 'footer_copy']/text()[3]\" is: [object Text]. It should be an element.\n  (Session info: headless chrome=108.0.5359.98)\nStacktrace:\n#0 0x564b15fad2a3 <unknown>\n#1 0x564b15d6bf77 <unknown>\n#2 0x564b15d6f9c8 <unknown>\n#3 0x564b15d6f792 <unknown>\n#4 0x564b15d6fa9c <unknown>\n#5 0x564b15da8538 <unknown>\n#6 0x564b15da8a71 <unknown>\n#7 0x564b15de2734 <unknown>\n#8 0x564b15dc8b5d <unknown>\n#9 0x564b15de047c <unknown>\n#10 0x564b15dc8903 <unknown>\n#11 0x564b15d9bece <unknown>\n#12 0x564b15d9cfde <unknown>\n#13 0x564b15ffd63e <unknown>\n#14 0x564b16000b79 <unknown>\n#15 0x564b15fe389e <unknown>\n#16 0x564b16001a83 <unknown>\n#17 0x564b15fd6505 <unknown>\n#18 0x564b16022ca8 <unknown>\n#19 0x564b16022e36 <unknown>\n#20 0x564b1603e333 <unknown>\n#21 0x7fd33ab69b43 <unknown>","time":{"start":1671194899245,"stop":1671194900363,"duration":1118}}]},"tags":["@pytest.mark.xfail(raises=<class 'selenium.common.exceptions.InvalidSelectorException'>)"]},"source":"80c81876383a09ee.json","parameterValues":[]}