2022-12-18 12:46:21 ERROR Could not find element on page: https://www.saucedemo.com/
2022-12-18 12:46:21 ERROR no such element: Unable to locate element: {"method":"css selector","selector":".shopping_cart_link"}
  (Session info: headless chrome=108.0.5359.98)
Traceback (most recent call last):
  File "/home/runner/work/SauceDemoProject/SauceDemoProject/pages/base_page.py", line 72, in inner_function
    return func(*args, **kwargs)
  File "/home/runner/work/SauceDemoProject/SauceDemoProject/pages/base_page.py", line 295, in get_property
    return self.browser.find_element(method, locator).get_property(property)
  File "/home/runner/.cache/pypoetry/virtualenvs/saucedemoproject-P9vpYs8v-py3.10/lib/python3.10/site-packages/selenium/webdriver/remote/webdriver.py", line 861, in find_element
    return self.execute(Command.FIND_ELEMENT, {"using": by, "value": value})["value"]
  File "/home/runner/.cache/pypoetry/virtualenvs/saucedemoproject-P9vpYs8v-py3.10/lib/python3.10/site-packages/selenium/webdriver/remote/webdriver.py", line 444, in execute
    self.error_handler.check_response(response)
  File "/home/runner/.cache/pypoetry/virtualenvs/saucedemoproject-P9vpYs8v-py3.10/lib/python3.10/site-packages/selenium/webdriver/remote/errorhandler.py", line 249, in check_response
    raise exception_class(message, screen, stacktrace)
selenium.common.exceptions.NoSuchElementException: Message: no such element: Unable to locate element: {"method":"css selector","selector":".shopping_cart_link"}
  (Session info: headless chrome=108.0.5359.98)
Stacktrace:
#0 0x5642265142a3 <unknown>
#1 0x5642262d2f77 <unknown>
#2 0x56422630f80c <unknown>
#3 0x56422630fa71 <unknown>
#4 0x564226349734 <unknown>
#5 0x56422632fb5d <unknown>
#6 0x56422634747c <unknown>
#7 0x56422632f903 <unknown>
#8 0x564226302ece <unknown>
#9 0x564226303fde <unknown>
#10 0x56422656463e <unknown>
#11 0x564226567b79 <unknown>
#12 0x56422654a89e <unknown>
#13 0x564226568a83 <unknown>
#14 0x56422653d505 <unknown>
#15 0x564226589ca8 <unknown>
#16 0x564226589e36 <unknown>
#17 0x5642265a5333 <unknown>
#18 0x7f9257aa0b43 <unknown>