{"name": "test_TC_005_01_view_details_for_product[problem_user-secret_sauce]", "status": "skipped", "statusDetails": {"message": "XFAIL\n\nAssertionError: We found another picture", "trace": "self = <SauceDemoProject.tests.test_TC_005_01_view_details_for_product.Tests object at 0x000001E3F4903400>\nd = <selenium.webdriver.chrome.webdriver.WebDriver (session=\"1d230798cc6dd0a689025e4b08fecaf9\")>\nusername = 'problem_user', password = 'secret_sauce'\n\n    @pytest.mark.parametrize(\n        \"username, password\",\n        [\n            (\"standard_user\", \"secret_sauce\"),\n            (\"performance_glitch_user\", \"secret_sauce\"),\n            pytest.param(\n                \"locked_out_user\",\n                \"secret_sauce\",\n                marks=pytest.mark.xfail(raises=AssertionError),\n            ),\n            pytest.param(\n                \"problem_user\",\n                \"secret_sauce\",\n                marks=pytest.mark.xfail(raises=AssertionError),\n            ),\n        ],\n    )\n    def test_TC_005_01_view_details_for_product(self, d, username, password):\n        link = \"https://www.saucedemo.com/\"\n        page = LoginPage(d, link)\n        page.open_page()\n        page.register_user(username, password)\n        link = \"https://www.saucedemo.com/inventory.html\"\n        page = ProductsPage(d, link)\n        page.should_be_products_page()\n        # choose product\n>       page.check_product_img()\n\ntest_TC_005_01_view_details_for_product.py:33: \n_ _ _ _ _ _ _ _ _ _ _ _ _ _ _ _ _ _ _ _ _ _ _ _ _ _ _ _ _ _ _ _ _ _ _ _ _ _ _ _\n\nself = <pages.products_page.ProductsPage object at 0x000001E3F491A6E0>\n\n    def check_product_img(self):\n        select_img_src = self.get_src(0, *ProductsPageLocators.PRODUCT_IMG)\n        select_img_product = self.browser.find_element(*ProductsPageLocators.PRODUCT_IMG)\n        select_img_product.click()\n        select_img_product_details = self.get_src(\n            0, *ProductsPageLocators.PRODUCT_IMG_DETAILS\n        )\n>       assert select_img_src == select_img_product_details, \"We found another picture\"\nE       AssertionError: We found another picture\n\n..\\pages\\products_page.py:90: AssertionError"}, "attachments": [{"name": "Screeshot", "source": "4fc28a5d-5149-4f7c-8779-fc274637e718-attachment.png", "type": "image/png"}, {"name": "stdout", "source": "7e67958c-326c-4c8c-bd0d-91fae603cab7-attachment.txt", "type": "text/plain"}], "parameters": [{"name": "username", "value": "'problem_user'"}, {"name": "password", "value": "'secret_sauce'"}], "start": 1669804373762, "stop": 1669804374049, "uuid": "ce2225c9-22ff-4621-bfa2-08fe72ac315a", "historyId": "2eef11ff58238a1f14fc310891d9e0c6", "testCaseId": "59d9151c42a07e5c72c152dfa1243da4", "fullName": "tests.test_TC_005_01_view_details_for_product.Tests#test_TC_005_01_view_details_for_product", "labels": [{"name": "tag", "value": "@pytest.mark.xfail(raises=<class 'AssertionError'>)"}, {"name": "parentSuite", "value": "tests"}, {"name": "suite", "value": "test_TC_005_01_view_details_for_product"}, {"name": "subSuite", "value": "Tests"}, {"name": "host", "value": "DESKTOP-DBCHJ8G"}, {"name": "thread", "value": "6224-MainThread"}, {"name": "framework", "value": "pytest"}, {"name": "language", "value": "cpython3"}, {"name": "package", "value": "tests.test_TC_005_01_view_details_for_product"}]}