{"uid":"578ad5e306010766","name":"test_TC_003_03_read_privacy_policy_from_checkout","fullName":"tests.test_TC_002_read_privacy_policy.Tests#test_TC_003_03_read_privacy_policy_from_checkout","historyId":"beda605cf4567cfa1483bf29768e8072","time":{"start":1671312698874,"stop":1671312699680,"duration":806},"status":"skipped","statusMessage":"XFAIL\n\nselenium.common.exceptions.InvalidSelectorException: Message: invalid selector: The result of the xpath expression \"//*[@class = 'footer_copy']/text()[3]\" is: [object Text]. It should be an element.\n  (Session info: headless chrome=108.0.5359.98)\nStacktrace:\n#0 0x55ad26a5b2a3 <unknown>\n#1 0x55ad26819f77 <unknown>\n#2 0x55ad2681d9c8 <unknown>\n#3 0x55ad2681d792 <unknown>\n#4 0x55ad2681da9c <unknown>\n#5 0x55ad26856538 <unknown>\n#6 0x55ad26856a71 <unknown>\n#7 0x55ad26890734 <unknown>\n#8 0x55ad26876b5d <unknown>\n#9 0x55ad2688e47c <unknown>\n#10 0x55ad26876903 <unknown>\n#11 0x55ad26849ece <unknown>\n#12 0x55ad2684afde <unknown>\n#13 0x55ad26aab63e <unknown>\n#14 0x55ad26aaeb79 <unknown>\n#15 0x55ad26a9189e <unknown>\n#16 0x55ad26aafa83 <unknown>\n#17 0x55ad26a84505 <unknown>\n#18 0x55ad26ad0ca8 <unknown>\n#19 0x55ad26ad0e36 <unknown>\n#20 0x55ad26aec333 <unknown>\n#21 0x7f9fabb24b43 <unknown>","statusTrace":"self = <SauceDemoProject.tests.test_TC_002_read_privacy_policy.Tests object at 0x7f3584fb6140>\nd = <selenium.webdriver.chrome.webdriver.WebDriver (session=\"06005cced58c783df6f17583182b64f6\")>\n\n    @allure.feature(\"US_002 | Privacy Policy\")\n    @allure.story(\"TC_002.03 | Read Privacy Policy from the checkout page\")\n    @pytest.mark.xfail(raises=InvalidSelectorException)\n    def test_TC_003_03_read_privacy_policy_from_checkout(self, d):\n        page = LoginPage(d, LoginPageSrc.URL)  # Creates the Login page instance\n        page.open_page()\n        page.register_user(\"standard_user\", \"secret_sauce\")  # Standard user logs in\n        page = ProductsPage(\n            d, ProductsPageSrc.URL\n        )  # Creates the Products page instance\n        page.add_item_on_products_page(\n            \"Sauce Labs Onesie\"\n        )  # Adds one product into the cart\n        page.go_to_basket_page()  # Gets to the cart page\n        page = CartPage(d, CartPageSrc.URL)  # Creates the Cart Page instance\n        page.go_to_checkout_1_page()  # gets to Checkout-one page\n        page = CheckoutPage_1(\n            d, Chckout1PageSrc.URL\n        )  # Creates the Checkout-one instance\n        page.should_be_checkout_1_page()  # Checks the current page is Checkout-1 page\n        page.set_shipping_info(\"John\", \"Smith\", \"33009\")  # Enters shipping data\n        page.go_to_checkout_2_page()  # Gets to Checkout-two page\n>       page.check_privacy_link()  # Tries to click on Privacy Policy\n\ntests/test_TC_002_read_privacy_policy.py:78: \n_ _ _ _ _ _ _ _ _ _ _ _ _ _ _ _ _ _ _ _ _ _ _ _ _ _ _ _ _ _ _ _ _ _ _ _ _ _ _ _ \npages/checkout_1_page.py:75: in check_privacy_link\n    self.browser.find_element(*PageLocators.PRIVACY).click()\n../../../.cache/pypoetry/virtualenvs/saucedemoproject-P9vpYs8v-py3.10/lib/python3.10/site-packages/selenium/webdriver/remote/webdriver.py:861: in find_element\n    return self.execute(Command.FIND_ELEMENT, {\"using\": by, \"value\": value})[\"value\"]\n../../../.cache/pypoetry/virtualenvs/saucedemoproject-P9vpYs8v-py3.10/lib/python3.10/site-packages/selenium/webdriver/remote/webdriver.py:444: in execute\n    self.error_handler.check_response(response)\n_ _ _ _ _ _ _ _ _ _ _ _ _ _ _ _ _ _ _ _ _ _ _ _ _ _ _ _ _ _ _ _ _ _ _ _ _ _ _ _ \n\nself = <selenium.webdriver.remote.errorhandler.ErrorHandler object at 0x7f3584eec040>\nresponse = {'status': 400, 'value': '{\"value\":{\"error\":\"invalid selector\",\"message\":\"invalid selector: The result of the xpath ex...\\\\n#19 0x55ad26ad0e36 \\\\u003Cunknown>\\\\n#20 0x55ad26aec333 \\\\u003Cunknown>\\\\n#21 0x7f9fabb24b43 \\\\u003Cunknown>\\\\n\"}}'}\n\n    def check_response(self, response: Dict[str, Any]) -> None:\n        \"\"\"\n        Checks that a JSON response from the WebDriver does not have an error.\n    \n        :Args:\n         - response - The JSON response from the WebDriver server as a dictionary\n           object.\n    \n        :Raises: If the response contains an error message.\n        \"\"\"\n        status = response.get(\"status\", None)\n        if not status or status == ErrorCode.SUCCESS:\n            return\n        value = None\n        message = response.get(\"message\", \"\")\n        screen: str = response.get(\"screen\", \"\")\n        stacktrace = None\n        if isinstance(status, int):\n            value_json = response.get(\"value\", None)\n            if value_json and isinstance(value_json, str):\n                import json\n    \n                try:\n                    value = json.loads(value_json)\n                    if len(value.keys()) == 1:\n                        value = value[\"value\"]\n                    status = value.get(\"error\", None)\n                    if not status:\n                        status = value.get(\"status\", ErrorCode.UNKNOWN_ERROR)\n                        message = value.get(\"value\") or value.get(\"message\")\n                        if not isinstance(message, str):\n                            value = message\n                            message = message.get(\"message\")\n                    else:\n                        message = value.get(\"message\", None)\n                except ValueError:\n                    pass\n    \n        exception_class: Type[WebDriverException]\n        if status in ErrorCode.NO_SUCH_ELEMENT:\n            exception_class = NoSuchElementException\n        elif status in ErrorCode.NO_SUCH_FRAME:\n            exception_class = NoSuchFrameException\n        elif status in ErrorCode.NO_SUCH_SHADOW_ROOT:\n            exception_class = NoSuchShadowRootException\n        elif status in ErrorCode.NO_SUCH_WINDOW:\n            exception_class = NoSuchWindowException\n        elif status in ErrorCode.STALE_ELEMENT_REFERENCE:\n            exception_class = StaleElementReferenceException\n        elif status in ErrorCode.ELEMENT_NOT_VISIBLE:\n            exception_class = ElementNotVisibleException\n        elif status in ErrorCode.INVALID_ELEMENT_STATE:\n            exception_class = InvalidElementStateException\n        elif (\n            status in ErrorCode.INVALID_SELECTOR\n            or status in ErrorCode.INVALID_XPATH_SELECTOR\n            or status in ErrorCode.INVALID_XPATH_SELECTOR_RETURN_TYPER\n        ):\n            exception_class = InvalidSelectorException\n        elif status in ErrorCode.ELEMENT_IS_NOT_SELECTABLE:\n            exception_class = ElementNotSelectableException\n        elif status in ErrorCode.ELEMENT_NOT_INTERACTABLE:\n            exception_class = ElementNotInteractableException\n        elif status in ErrorCode.INVALID_COOKIE_DOMAIN:\n            exception_class = InvalidCookieDomainException\n        elif status in ErrorCode.UNABLE_TO_SET_COOKIE:\n            exception_class = UnableToSetCookieException\n        elif status in ErrorCode.TIMEOUT:\n            exception_class = TimeoutException\n        elif status in ErrorCode.SCRIPT_TIMEOUT:\n            exception_class = TimeoutException\n        elif status in ErrorCode.UNKNOWN_ERROR:\n            exception_class = WebDriverException\n        elif status in ErrorCode.UNEXPECTED_ALERT_OPEN:\n            exception_class = UnexpectedAlertPresentException\n        elif status in ErrorCode.NO_ALERT_OPEN:\n            exception_class = NoAlertPresentException\n        elif status in ErrorCode.IME_NOT_AVAILABLE:\n            exception_class = ImeNotAvailableException\n        elif status in ErrorCode.IME_ENGINE_ACTIVATION_FAILED:\n            exception_class = ImeActivationFailedException\n        elif status in ErrorCode.MOVE_TARGET_OUT_OF_BOUNDS:\n            exception_class = MoveTargetOutOfBoundsException\n        elif status in ErrorCode.JAVASCRIPT_ERROR:\n            exception_class = JavascriptException\n        elif status in ErrorCode.SESSION_NOT_CREATED:\n            exception_class = SessionNotCreatedException\n        elif status in ErrorCode.INVALID_ARGUMENT:\n            exception_class = InvalidArgumentException\n        elif status in ErrorCode.NO_SUCH_COOKIE:\n            exception_class = NoSuchCookieException\n        elif status in ErrorCode.UNABLE_TO_CAPTURE_SCREEN:\n            exception_class = ScreenshotException\n        elif status in ErrorCode.ELEMENT_CLICK_INTERCEPTED:\n            exception_class = ElementClickInterceptedException\n        elif status in ErrorCode.INSECURE_CERTIFICATE:\n            exception_class = InsecureCertificateException\n        elif status in ErrorCode.INVALID_COORDINATES:\n            exception_class = InvalidCoordinatesException\n        elif status in ErrorCode.INVALID_SESSION_ID:\n            exception_class = InvalidSessionIdException\n        elif status in ErrorCode.UNKNOWN_METHOD:\n            exception_class = UnknownMethodException\n        else:\n            exception_class = WebDriverException\n        if not value:\n            value = response[\"value\"]\n        if isinstance(value, str):\n            raise exception_class(value)\n        if message == \"\" and \"message\" in value:\n            message = value[\"message\"]\n    \n        screen = None  # type: ignore[assignment]\n        if \"screen\" in value:\n            screen = value[\"screen\"]\n    \n        stacktrace = None\n        st_value = value.get(\"stackTrace\") or value.get(\"stacktrace\")\n        if st_value:\n            if isinstance(st_value, str):\n                stacktrace = st_value.split(\"\\n\")\n            else:\n                stacktrace = []\n                try:\n                    for frame in st_value:\n                        line = frame.get(\"lineNumber\", \"\")\n                        file = frame.get(\"fileName\", \"<anonymous>\")\n                        if line:\n                            file = f\"{file}:{line}\"\n                        meth = frame.get(\"methodName\", \"<anonymous>\")\n                        if \"className\" in frame:\n                            meth = \"{}.{}\".format(frame[\"className\"], meth)\n                        msg = \"    at %s (%s)\"\n                        msg = msg % (meth, file)\n                        stacktrace.append(msg)\n                except TypeError:\n                    pass\n        if exception_class == UnexpectedAlertPresentException:\n            alert_text = None\n            if \"data\" in value:\n                alert_text = value[\"data\"].get(\"text\")\n            elif \"alert\" in value:\n                alert_text = value[\"alert\"].get(\"text\")\n            raise exception_class(message, screen, stacktrace, alert_text)  # type: ignore[call-arg]  # mypy is not smart enough here\n>       raise exception_class(message, screen, stacktrace)\nE       selenium.common.exceptions.InvalidSelectorException: Message: invalid selector: The result of the xpath expression \"//*[@class = 'footer_copy']/text()[3]\" is: [object Text]. It should be an element.\nE         (Session info: headless chrome=108.0.5359.98)\nE       Stacktrace:\nE       #0 0x55ad26a5b2a3 <unknown>\nE       #1 0x55ad26819f77 <unknown>\nE       #2 0x55ad2681d9c8 <unknown>\nE       #3 0x55ad2681d792 <unknown>\nE       #4 0x55ad2681da9c <unknown>\nE       #5 0x55ad26856538 <unknown>\nE       #6 0x55ad26856a71 <unknown>\nE       #7 0x55ad26890734 <unknown>\nE       #8 0x55ad26876b5d <unknown>\nE       #9 0x55ad2688e47c <unknown>\nE       #10 0x55ad26876903 <unknown>\nE       #11 0x55ad26849ece <unknown>\nE       #12 0x55ad2684afde <unknown>\nE       #13 0x55ad26aab63e <unknown>\nE       #14 0x55ad26aaeb79 <unknown>\nE       #15 0x55ad26a9189e <unknown>\nE       #16 0x55ad26aafa83 <unknown>\nE       #17 0x55ad26a84505 <unknown>\nE       #18 0x55ad26ad0ca8 <unknown>\nE       #19 0x55ad26ad0e36 <unknown>\nE       #20 0x55ad26aec333 <unknown>\nE       #21 0x7f9fabb24b43 <unknown>\n\n../../../.cache/pypoetry/virtualenvs/saucedemoproject-P9vpYs8v-py3.10/lib/python3.10/site-packages/selenium/webdriver/remote/errorhandler.py:249: InvalidSelectorException","flaky":false,"newFailed":false,"newBroken":false,"newPassed":false,"retriesCount":0,"retriesStatusChange":false,"beforeStages":[{"name":"d","time":{"start":1671312693870,"stop":1671312695461,"duration":1591},"status":"passed","steps":[],"attachments":[],"parameters":[],"stepsCount":0,"attachmentsCount":0,"shouldDisplayMessage":false,"hasContent":false},{"name":"browser","time":{"start":1671312693870,"stop":1671312693870,"duration":0},"status":"passed","steps":[],"attachments":[],"parameters":[],"stepsCount":0,"attachmentsCount":0,"shouldDisplayMessage":false,"hasContent":false},{"name":"g","time":{"start":1671312695461,"stop":1671312695882,"duration":421},"status":"passed","steps":[],"attachments":[],"parameters":[],"stepsCount":0,"attachmentsCount":0,"shouldDisplayMessage":false,"hasContent":false}],"testStage":{"status":"skipped","statusMessage":"XFAIL\n\nselenium.common.exceptions.InvalidSelectorException: Message: invalid selector: The result of the xpath expression \"//*[@class = 'footer_copy']/text()[3]\" is: [object Text]. It should be an element.\n  (Session info: headless chrome=108.0.5359.98)\nStacktrace:\n#0 0x55ad26a5b2a3 <unknown>\n#1 0x55ad26819f77 <unknown>\n#2 0x55ad2681d9c8 <unknown>\n#3 0x55ad2681d792 <unknown>\n#4 0x55ad2681da9c <unknown>\n#5 0x55ad26856538 <unknown>\n#6 0x55ad26856a71 <unknown>\n#7 0x55ad26890734 <unknown>\n#8 0x55ad26876b5d <unknown>\n#9 0x55ad2688e47c <unknown>\n#10 0x55ad26876903 <unknown>\n#11 0x55ad26849ece <unknown>\n#12 0x55ad2684afde <unknown>\n#13 0x55ad26aab63e <unknown>\n#14 0x55ad26aaeb79 <unknown>\n#15 0x55ad26a9189e <unknown>\n#16 0x55ad26aafa83 <unknown>\n#17 0x55ad26a84505 <unknown>\n#18 0x55ad26ad0ca8 <unknown>\n#19 0x55ad26ad0e36 <unknown>\n#20 0x55ad26aec333 <unknown>\n#21 0x7f9fabb24b43 <unknown>","statusTrace":"self = <SauceDemoProject.tests.test_TC_002_read_privacy_policy.Tests object at 0x7f3584fb6140>\nd = <selenium.webdriver.chrome.webdriver.WebDriver (session=\"06005cced58c783df6f17583182b64f6\")>\n\n    @allure.feature(\"US_002 | Privacy Policy\")\n    @allure.story(\"TC_002.03 | Read Privacy Policy from the checkout page\")\n    @pytest.mark.xfail(raises=InvalidSelectorException)\n    def test_TC_003_03_read_privacy_policy_from_checkout(self, d):\n        page = LoginPage(d, LoginPageSrc.URL)  # Creates the Login page instance\n        page.open_page()\n        page.register_user(\"standard_user\", \"secret_sauce\")  # Standard user logs in\n        page = ProductsPage(\n            d, ProductsPageSrc.URL\n        )  # Creates the Products page instance\n        page.add_item_on_products_page(\n            \"Sauce Labs Onesie\"\n        )  # Adds one product into the cart\n        page.go_to_basket_page()  # Gets to the cart page\n        page = CartPage(d, CartPageSrc.URL)  # Creates the Cart Page instance\n        page.go_to_checkout_1_page()  # gets to Checkout-one page\n        page = CheckoutPage_1(\n            d, Chckout1PageSrc.URL\n        )  # Creates the Checkout-one instance\n        page.should_be_checkout_1_page()  # Checks the current page is Checkout-1 page\n        page.set_shipping_info(\"John\", \"Smith\", \"33009\")  # Enters shipping data\n        page.go_to_checkout_2_page()  # Gets to Checkout-two page\n>       page.check_privacy_link()  # Tries to click on Privacy Policy\n\ntests/test_TC_002_read_privacy_policy.py:78: \n_ _ _ _ _ _ _ _ _ _ _ _ _ _ _ _ _ _ _ _ _ _ _ _ _ _ _ _ _ _ _ _ _ _ _ _ _ _ _ _ \npages/checkout_1_page.py:75: in check_privacy_link\n    self.browser.find_element(*PageLocators.PRIVACY).click()\n../../../.cache/pypoetry/virtualenvs/saucedemoproject-P9vpYs8v-py3.10/lib/python3.10/site-packages/selenium/webdriver/remote/webdriver.py:861: in find_element\n    return self.execute(Command.FIND_ELEMENT, {\"using\": by, \"value\": value})[\"value\"]\n../../../.cache/pypoetry/virtualenvs/saucedemoproject-P9vpYs8v-py3.10/lib/python3.10/site-packages/selenium/webdriver/remote/webdriver.py:444: in execute\n    self.error_handler.check_response(response)\n_ _ _ _ _ _ _ _ _ _ _ _ _ _ _ _ _ _ _ _ _ _ _ _ _ _ _ _ _ _ _ _ _ _ _ _ _ _ _ _ \n\nself = <selenium.webdriver.remote.errorhandler.ErrorHandler object at 0x7f3584eec040>\nresponse = {'status': 400, 'value': '{\"value\":{\"error\":\"invalid selector\",\"message\":\"invalid selector: The result of the xpath ex...\\\\n#19 0x55ad26ad0e36 \\\\u003Cunknown>\\\\n#20 0x55ad26aec333 \\\\u003Cunknown>\\\\n#21 0x7f9fabb24b43 \\\\u003Cunknown>\\\\n\"}}'}\n\n    def check_response(self, response: Dict[str, Any]) -> None:\n        \"\"\"\n        Checks that a JSON response from the WebDriver does not have an error.\n    \n        :Args:\n         - response - The JSON response from the WebDriver server as a dictionary\n           object.\n    \n        :Raises: If the response contains an error message.\n        \"\"\"\n        status = response.get(\"status\", None)\n        if not status or status == ErrorCode.SUCCESS:\n            return\n        value = None\n        message = response.get(\"message\", \"\")\n        screen: str = response.get(\"screen\", \"\")\n        stacktrace = None\n        if isinstance(status, int):\n            value_json = response.get(\"value\", None)\n            if value_json and isinstance(value_json, str):\n                import json\n    \n                try:\n                    value = json.loads(value_json)\n                    if len(value.keys()) == 1:\n                        value = value[\"value\"]\n                    status = value.get(\"error\", None)\n                    if not status:\n                        status = value.get(\"status\", ErrorCode.UNKNOWN_ERROR)\n                        message = value.get(\"value\") or value.get(\"message\")\n                        if not isinstance(message, str):\n                            value = message\n                            message = message.get(\"message\")\n                    else:\n                        message = value.get(\"message\", None)\n                except ValueError:\n                    pass\n    \n        exception_class: Type[WebDriverException]\n        if status in ErrorCode.NO_SUCH_ELEMENT:\n            exception_class = NoSuchElementException\n        elif status in ErrorCode.NO_SUCH_FRAME:\n            exception_class = NoSuchFrameException\n        elif status in ErrorCode.NO_SUCH_SHADOW_ROOT:\n            exception_class = NoSuchShadowRootException\n        elif status in ErrorCode.NO_SUCH_WINDOW:\n            exception_class = NoSuchWindowException\n        elif status in ErrorCode.STALE_ELEMENT_REFERENCE:\n            exception_class = StaleElementReferenceException\n        elif status in ErrorCode.ELEMENT_NOT_VISIBLE:\n            exception_class = ElementNotVisibleException\n        elif status in ErrorCode.INVALID_ELEMENT_STATE:\n            exception_class = InvalidElementStateException\n        elif (\n            status in ErrorCode.INVALID_SELECTOR\n            or status in ErrorCode.INVALID_XPATH_SELECTOR\n            or status in ErrorCode.INVALID_XPATH_SELECTOR_RETURN_TYPER\n        ):\n            exception_class = InvalidSelectorException\n        elif status in ErrorCode.ELEMENT_IS_NOT_SELECTABLE:\n            exception_class = ElementNotSelectableException\n        elif status in ErrorCode.ELEMENT_NOT_INTERACTABLE:\n            exception_class = ElementNotInteractableException\n        elif status in ErrorCode.INVALID_COOKIE_DOMAIN:\n            exception_class = InvalidCookieDomainException\n        elif status in ErrorCode.UNABLE_TO_SET_COOKIE:\n            exception_class = UnableToSetCookieException\n        elif status in ErrorCode.TIMEOUT:\n            exception_class = TimeoutException\n        elif status in ErrorCode.SCRIPT_TIMEOUT:\n            exception_class = TimeoutException\n        elif status in ErrorCode.UNKNOWN_ERROR:\n            exception_class = WebDriverException\n        elif status in ErrorCode.UNEXPECTED_ALERT_OPEN:\n            exception_class = UnexpectedAlertPresentException\n        elif status in ErrorCode.NO_ALERT_OPEN:\n            exception_class = NoAlertPresentException\n        elif status in ErrorCode.IME_NOT_AVAILABLE:\n            exception_class = ImeNotAvailableException\n        elif status in ErrorCode.IME_ENGINE_ACTIVATION_FAILED:\n            exception_class = ImeActivationFailedException\n        elif status in ErrorCode.MOVE_TARGET_OUT_OF_BOUNDS:\n            exception_class = MoveTargetOutOfBoundsException\n        elif status in ErrorCode.JAVASCRIPT_ERROR:\n            exception_class = JavascriptException\n        elif status in ErrorCode.SESSION_NOT_CREATED:\n            exception_class = SessionNotCreatedException\n        elif status in ErrorCode.INVALID_ARGUMENT:\n            exception_class = InvalidArgumentException\n        elif status in ErrorCode.NO_SUCH_COOKIE:\n            exception_class = NoSuchCookieException\n        elif status in ErrorCode.UNABLE_TO_CAPTURE_SCREEN:\n            exception_class = ScreenshotException\n        elif status in ErrorCode.ELEMENT_CLICK_INTERCEPTED:\n            exception_class = ElementClickInterceptedException\n        elif status in ErrorCode.INSECURE_CERTIFICATE:\n            exception_class = InsecureCertificateException\n        elif status in ErrorCode.INVALID_COORDINATES:\n            exception_class = InvalidCoordinatesException\n        elif status in ErrorCode.INVALID_SESSION_ID:\n            exception_class = InvalidSessionIdException\n        elif status in ErrorCode.UNKNOWN_METHOD:\n            exception_class = UnknownMethodException\n        else:\n            exception_class = WebDriverException\n        if not value:\n            value = response[\"value\"]\n        if isinstance(value, str):\n            raise exception_class(value)\n        if message == \"\" and \"message\" in value:\n            message = value[\"message\"]\n    \n        screen = None  # type: ignore[assignment]\n        if \"screen\" in value:\n            screen = value[\"screen\"]\n    \n        stacktrace = None\n        st_value = value.get(\"stackTrace\") or value.get(\"stacktrace\")\n        if st_value:\n            if isinstance(st_value, str):\n                stacktrace = st_value.split(\"\\n\")\n            else:\n                stacktrace = []\n                try:\n                    for frame in st_value:\n                        line = frame.get(\"lineNumber\", \"\")\n                        file = frame.get(\"fileName\", \"<anonymous>\")\n                        if line:\n                            file = f\"{file}:{line}\"\n                        meth = frame.get(\"methodName\", \"<anonymous>\")\n                        if \"className\" in frame:\n                            meth = \"{}.{}\".format(frame[\"className\"], meth)\n                        msg = \"    at %s (%s)\"\n                        msg = msg % (meth, file)\n                        stacktrace.append(msg)\n                except TypeError:\n                    pass\n        if exception_class == UnexpectedAlertPresentException:\n            alert_text = None\n            if \"data\" in value:\n                alert_text = value[\"data\"].get(\"text\")\n            elif \"alert\" in value:\n                alert_text = value[\"alert\"].get(\"text\")\n            raise exception_class(message, screen, stacktrace, alert_text)  # type: ignore[call-arg]  # mypy is not smart enough here\n>       raise exception_class(message, screen, stacktrace)\nE       selenium.common.exceptions.InvalidSelectorException: Message: invalid selector: The result of the xpath expression \"//*[@class = 'footer_copy']/text()[3]\" is: [object Text]. It should be an element.\nE         (Session info: headless chrome=108.0.5359.98)\nE       Stacktrace:\nE       #0 0x55ad26a5b2a3 <unknown>\nE       #1 0x55ad26819f77 <unknown>\nE       #2 0x55ad2681d9c8 <unknown>\nE       #3 0x55ad2681d792 <unknown>\nE       #4 0x55ad2681da9c <unknown>\nE       #5 0x55ad26856538 <unknown>\nE       #6 0x55ad26856a71 <unknown>\nE       #7 0x55ad26890734 <unknown>\nE       #8 0x55ad26876b5d <unknown>\nE       #9 0x55ad2688e47c <unknown>\nE       #10 0x55ad26876903 <unknown>\nE       #11 0x55ad26849ece <unknown>\nE       #12 0x55ad2684afde <unknown>\nE       #13 0x55ad26aab63e <unknown>\nE       #14 0x55ad26aaeb79 <unknown>\nE       #15 0x55ad26a9189e <unknown>\nE       #16 0x55ad26aafa83 <unknown>\nE       #17 0x55ad26a84505 <unknown>\nE       #18 0x55ad26ad0ca8 <unknown>\nE       #19 0x55ad26ad0e36 <unknown>\nE       #20 0x55ad26aec333 <unknown>\nE       #21 0x7f9fabb24b43 <unknown>\n\n../../../.cache/pypoetry/virtualenvs/saucedemoproject-P9vpYs8v-py3.10/lib/python3.10/site-packages/selenium/webdriver/remote/errorhandler.py:249: InvalidSelectorException","steps":[],"attachments":[{"uid":"979aa4b3020ae408","name":"Screenshot","source":"979aa4b3020ae408.png","type":"image/png","size":101312}],"parameters":[],"stepsCount":0,"attachmentsCount":1,"shouldDisplayMessage":true,"hasContent":true},"afterStages":[{"name":"g::0","time":{"start":1671312703115,"stop":1671312703173,"duration":58},"status":"passed","steps":[],"attachments":[],"parameters":[],"stepsCount":0,"attachmentsCount":0,"shouldDisplayMessage":false,"hasContent":false}],"labels":[{"name":"feature","value":"US_002 | Privacy Policy"},{"name":"story","value":"TC_002.03 | Read Privacy Policy from the checkout page"},{"name":"tag","value":"@pytest.mark.xfail(raises=<class 'selenium.common.exceptions.InvalidSelectorException'>)"},{"name":"parentSuite","value":"tests"},{"name":"suite","value":"test_TC_002_read_privacy_policy"},{"name":"subSuite","value":"Tests"},{"name":"host","value":"fv-az283-129"},{"name":"thread","value":"2747-MainThread"},{"name":"framework","value":"pytest"},{"name":"language","value":"cpython3"},{"name":"package","value":"tests.test_TC_002_read_privacy_policy"},{"name":"resultFormat","value":"allure2"}],"parameters":[],"links":[],"hidden":false,"retry":false,"extra":{"severity":"normal","retries":[],"categories":[],"history":{"statistic":{"failed":0,"broken":0,"skipped":38,"passed":0,"unknown":0,"total":38},"items":[{"uid":"9ac502bda3da117c","reportUrl":"https://Natalia-Tsy.github.io/SauceDemoProject/323//#testresult/9ac502bda3da117c","status":"skipped","statusDetails":"XFAIL\n\nselenium.common.exceptions.InvalidSelectorException: Message: invalid selector: The result of the xpath expression \"//*[@class = 'footer_copy']/text()[3]\" is: [object Text]. It should be an element.\n  (Session info: headless chrome=108.0.5359.98)\nStacktrace:\n#0 0x55eb0ab3c2a3 <unknown>\n#1 0x55eb0a8faf77 <unknown>\n#2 0x55eb0a8fe9c8 <unknown>\n#3 0x55eb0a8fe792 <unknown>\n#4 0x55eb0a8fea9c <unknown>\n#5 0x55eb0a937538 <unknown>\n#6 0x55eb0a937a71 <unknown>\n#7 0x55eb0a971734 <unknown>\n#8 0x55eb0a957b5d <unknown>\n#9 0x55eb0a96f47c <unknown>\n#10 0x55eb0a957903 <unknown>\n#11 0x55eb0a92aece <unknown>\n#12 0x55eb0a92bfde <unknown>\n#13 0x55eb0ab8c63e <unknown>\n#14 0x55eb0ab8fb79 <unknown>\n#15 0x55eb0ab7289e <unknown>\n#16 0x55eb0ab90a83 <unknown>\n#17 0x55eb0ab65505 <unknown>\n#18 0x55eb0abb1ca8 <unknown>\n#19 0x55eb0abb1e36 <unknown>\n#20 0x55eb0abcd333 <unknown>\n#21 0x7fc785719b43 <unknown>","time":{"start":1671296394622,"stop":1671296395409,"duration":787}},{"uid":"f6fa183d48b108ac","reportUrl":"https://Natalia-Tsy.github.io/SauceDemoProject/322//#testresult/f6fa183d48b108ac","status":"skipped","statusDetails":"XFAIL\n\nselenium.common.exceptions.InvalidSelectorException: Message: invalid selector: The result of the xpath expression \"//*[@class = 'footer_copy']/text()[3]\" is: [object Text]. It should be an element.\n  (Session info: headless chrome=108.0.5359.98)\nStacktrace:\n#0 0x5603d526f2a3 <unknown>\n#1 0x5603d502df77 <unknown>\n#2 0x5603d50319c8 <unknown>\n#3 0x5603d5031792 <unknown>\n#4 0x5603d5031a9c <unknown>\n#5 0x5603d506a538 <unknown>\n#6 0x5603d506aa71 <unknown>\n#7 0x5603d50a4734 <unknown>\n#8 0x5603d508ab5d <unknown>\n#9 0x5603d50a247c <unknown>\n#10 0x5603d508a903 <unknown>\n#11 0x5603d505dece <unknown>\n#12 0x5603d505efde <unknown>\n#13 0x5603d52bf63e <unknown>\n#14 0x5603d52c2b79 <unknown>\n#15 0x5603d52a589e <unknown>\n#16 0x5603d52c3a83 <unknown>\n#17 0x5603d5298505 <unknown>\n#18 0x5603d52e4ca8 <unknown>\n#19 0x5603d52e4e36 <unknown>\n#20 0x5603d5300333 <unknown>\n#21 0x7fdb54f29b43 <unknown>","time":{"start":1671274120842,"stop":1671274121560,"duration":718}},{"uid":"e0719f842781783f","reportUrl":"https://Natalia-Tsy.github.io/SauceDemoProject/321//#testresult/e0719f842781783f","status":"skipped","statusDetails":"XFAIL\n\nselenium.common.exceptions.InvalidSelectorException: Message: invalid selector: The result of the xpath expression \"//*[@class = 'footer_copy']/text()[3]\" is: [object Text]. It should be an element.\n  (Session info: headless chrome=108.0.5359.98)\nStacktrace:\n#0 0x56394a1b52a3 <unknown>\n#1 0x563949f73f77 <unknown>\n#2 0x563949f779c8 <unknown>\n#3 0x563949f77792 <unknown>\n#4 0x563949f77a9c <unknown>\n#5 0x563949fb0538 <unknown>\n#6 0x563949fb0a71 <unknown>\n#7 0x563949fea734 <unknown>\n#8 0x563949fd0b5d <unknown>\n#9 0x563949fe847c <unknown>\n#10 0x563949fd0903 <unknown>\n#11 0x563949fa3ece <unknown>\n#12 0x563949fa4fde <unknown>\n#13 0x56394a20563e <unknown>\n#14 0x56394a208b79 <unknown>\n#15 0x56394a1eb89e <unknown>\n#16 0x56394a209a83 <unknown>\n#17 0x56394a1de505 <unknown>\n#18 0x56394a22aca8 <unknown>\n#19 0x56394a22ae36 <unknown>\n#20 0x56394a246333 <unknown>\n#21 0x7f871f24db43 <unknown>","time":{"start":1671238882443,"stop":1671238883447,"duration":1004}},{"uid":"706bd45626d5fd9a","reportUrl":"https://Natalia-Tsy.github.io/SauceDemoProject/320//#testresult/706bd45626d5fd9a","status":"skipped","statusDetails":"XFAIL\n\nselenium.common.exceptions.InvalidSelectorException: Message: invalid selector: The result of the xpath expression \"//*[@class = 'footer_copy']/text()[3]\" is: [object Text]. It should be an element.\n  (Session info: headless chrome=108.0.5359.98)\nStacktrace:\n#0 0x5574f8bb62a3 <unknown>\n#1 0x5574f8974f77 <unknown>\n#2 0x5574f89789c8 <unknown>\n#3 0x5574f8978792 <unknown>\n#4 0x5574f8978a9c <unknown>\n#5 0x5574f89b1538 <unknown>\n#6 0x5574f89b1a71 <unknown>\n#7 0x5574f89eb734 <unknown>\n#8 0x5574f89d1b5d <unknown>\n#9 0x5574f89e947c <unknown>\n#10 0x5574f89d1903 <unknown>\n#11 0x5574f89a4ece <unknown>\n#12 0x5574f89a5fde <unknown>\n#13 0x5574f8c0663e <unknown>\n#14 0x5574f8c09b79 <unknown>\n#15 0x5574f8bec89e <unknown>\n#16 0x5574f8c0aa83 <unknown>\n#17 0x5574f8bdf505 <unknown>\n#18 0x5574f8c2bca8 <unknown>\n#19 0x5574f8c2be36 <unknown>\n#20 0x5574f8c47333 <unknown>\n#21 0x7ff72f23fb43 <unknown>","time":{"start":1671238606831,"stop":1671238607741,"duration":910}},{"uid":"be7ede8fd505579e","reportUrl":"https://Natalia-Tsy.github.io/SauceDemoProject/319//#testresult/be7ede8fd505579e","status":"skipped","statusDetails":"XFAIL\n\nselenium.common.exceptions.InvalidSelectorException: Message: invalid selector: The result of the xpath expression \"//*[@class = 'footer_copy']/text()[3]\" is: [object Text]. It should be an element.\n  (Session info: headless chrome=108.0.5359.98)\nStacktrace:\n#0 0x5572e6e992a3 <unknown>\n#1 0x5572e6c57f77 <unknown>\n#2 0x5572e6c5b9c8 <unknown>\n#3 0x5572e6c5b792 <unknown>\n#4 0x5572e6c5ba9c <unknown>\n#5 0x5572e6c94538 <unknown>\n#6 0x5572e6c94a71 <unknown>\n#7 0x5572e6cce734 <unknown>\n#8 0x5572e6cb4b5d <unknown>\n#9 0x5572e6ccc47c <unknown>\n#10 0x5572e6cb4903 <unknown>\n#11 0x5572e6c87ece <unknown>\n#12 0x5572e6c88fde <unknown>\n#13 0x5572e6ee963e <unknown>\n#14 0x5572e6eecb79 <unknown>\n#15 0x5572e6ecf89e <unknown>\n#16 0x5572e6eeda83 <unknown>\n#17 0x5572e6ec2505 <unknown>\n#18 0x5572e6f0eca8 <unknown>\n#19 0x5572e6f0ee36 <unknown>\n#20 0x5572e6f2a333 <unknown>\n#21 0x7f45c4ec7b43 <unknown>","time":{"start":1671237720166,"stop":1671237720938,"duration":772}},{"uid":"c0464ca6f9fd6c12","reportUrl":"https://Natalia-Tsy.github.io/SauceDemoProject/318//#testresult/c0464ca6f9fd6c12","status":"skipped","statusDetails":"XFAIL\n\nselenium.common.exceptions.InvalidSelectorException: Message: invalid selector: The result of the xpath expression \"//*[@class = 'footer_copy']/text()[3]\" is: [object Text]. It should be an element.\n  (Session info: headless chrome=108.0.5359.98)\nStacktrace:\n#0 0x556643f9c2a3 <unknown>\n#1 0x556643d5af77 <unknown>\n#2 0x556643d5e9c8 <unknown>\n#3 0x556643d5e792 <unknown>\n#4 0x556643d5ea9c <unknown>\n#5 0x556643d97538 <unknown>\n#6 0x556643d97a71 <unknown>\n#7 0x556643dd1734 <unknown>\n#8 0x556643db7b5d <unknown>\n#9 0x556643dcf47c <unknown>\n#10 0x556643db7903 <unknown>\n#11 0x556643d8aece <unknown>\n#12 0x556643d8bfde <unknown>\n#13 0x556643fec63e <unknown>\n#14 0x556643fefb79 <unknown>\n#15 0x556643fd289e <unknown>\n#16 0x556643ff0a83 <unknown>\n#17 0x556643fc5505 <unknown>\n#18 0x556644011ca8 <unknown>\n#19 0x556644011e36 <unknown>\n#20 0x55664402d333 <unknown>\n#21 0x7f100312bb43 <unknown>","time":{"start":1671236313395,"stop":1671236314122,"duration":727}},{"uid":"5fb03b87d1f31a93","reportUrl":"https://Natalia-Tsy.github.io/SauceDemoProject/317//#testresult/5fb03b87d1f31a93","status":"skipped","statusDetails":"XFAIL\n\nselenium.common.exceptions.InvalidSelectorException: Message: invalid selector: The result of the xpath expression \"//*[@class = 'footer_copy']/text()[3]\" is: [object Text]. It should be an element.\n  (Session info: headless chrome=108.0.5359.98)\nStacktrace:\n#0 0x557587a632a3 <unknown>\n#1 0x557587821f77 <unknown>\n#2 0x5575878259c8 <unknown>\n#3 0x557587825792 <unknown>\n#4 0x557587825a9c <unknown>\n#5 0x55758785e538 <unknown>\n#6 0x55758785ea71 <unknown>\n#7 0x557587898734 <unknown>\n#8 0x55758787eb5d <unknown>\n#9 0x55758789647c <unknown>\n#10 0x55758787e903 <unknown>\n#11 0x557587851ece <unknown>\n#12 0x557587852fde <unknown>\n#13 0x557587ab363e <unknown>\n#14 0x557587ab6b79 <unknown>\n#15 0x557587a9989e <unknown>\n#16 0x557587ab7a83 <unknown>\n#17 0x557587a8c505 <unknown>\n#18 0x557587ad8ca8 <unknown>\n#19 0x557587ad8e36 <unknown>\n#20 0x557587af4333 <unknown>\n#21 0x7f5440e57b43 <unknown>","time":{"start":1671235610207,"stop":1671235610977,"duration":770}},{"uid":"42d29d1b226e69f1","reportUrl":"https://Natalia-Tsy.github.io/SauceDemoProject/316//#testresult/42d29d1b226e69f1","status":"skipped","statusDetails":"XFAIL\n\nselenium.common.exceptions.InvalidSelectorException: Message: invalid selector: The result of the xpath expression \"//*[@class = 'footer_copy']/text()[3]\" is: [object Text]. It should be an element.\n  (Session info: headless chrome=108.0.5359.98)\nStacktrace:\n#0 0x55bffeba02a3 <unknown>\n#1 0x55bffe95ef77 <unknown>\n#2 0x55bffe9629c8 <unknown>\n#3 0x55bffe962792 <unknown>\n#4 0x55bffe962a9c <unknown>\n#5 0x55bffe99b538 <unknown>\n#6 0x55bffe99ba71 <unknown>\n#7 0x55bffe9d5734 <unknown>\n#8 0x55bffe9bbb5d <unknown>\n#9 0x55bffe9d347c <unknown>\n#10 0x55bffe9bb903 <unknown>\n#11 0x55bffe98eece <unknown>\n#12 0x55bffe98ffde <unknown>\n#13 0x55bffebf063e <unknown>\n#14 0x55bffebf3b79 <unknown>\n#15 0x55bffebd689e <unknown>\n#16 0x55bffebf4a83 <unknown>\n#17 0x55bffebc9505 <unknown>\n#18 0x55bffec15ca8 <unknown>\n#19 0x55bffec15e36 <unknown>\n#20 0x55bffec31333 <unknown>\n#21 0x7fe49cae0b43 <unknown>","time":{"start":1671232948475,"stop":1671232949226,"duration":751}},{"uid":"a882aec123ba5ca0","reportUrl":"https://Natalia-Tsy.github.io/SauceDemoProject/314//#testresult/a882aec123ba5ca0","status":"skipped","statusDetails":"XFAIL\n\nselenium.common.exceptions.InvalidSelectorException: Message: invalid selector: The result of the xpath expression \"//*[@class = 'footer_copy']/text()[3]\" is: [object Text]. It should be an element.\n  (Session info: headless chrome=108.0.5359.98)\nStacktrace:\n#0 0x55d6cae052a3 <unknown>\n#1 0x55d6cabc3f77 <unknown>\n#2 0x55d6cabc79c8 <unknown>\n#3 0x55d6cabc7792 <unknown>\n#4 0x55d6cabc7a9c <unknown>\n#5 0x55d6cac00538 <unknown>\n#6 0x55d6cac00a71 <unknown>\n#7 0x55d6cac3a734 <unknown>\n#8 0x55d6cac20b5d <unknown>\n#9 0x55d6cac3847c <unknown>\n#10 0x55d6cac20903 <unknown>\n#11 0x55d6cabf3ece <unknown>\n#12 0x55d6cabf4fde <unknown>\n#13 0x55d6cae5563e <unknown>\n#14 0x55d6cae58b79 <unknown>\n#15 0x55d6cae3b89e <unknown>\n#16 0x55d6cae59a83 <unknown>\n#17 0x55d6cae2e505 <unknown>\n#18 0x55d6cae7aca8 <unknown>\n#19 0x55d6cae7ae36 <unknown>\n#20 0x55d6cae96333 <unknown>\n#21 0x7f3886a33b43 <unknown>","time":{"start":1671229573446,"stop":1671229574499,"duration":1053}},{"uid":"5b4b5aef042d9854","reportUrl":"https://Natalia-Tsy.github.io/SauceDemoProject/313//#testresult/5b4b5aef042d9854","status":"skipped","statusDetails":"XFAIL\n\nselenium.common.exceptions.InvalidSelectorException: Message: invalid selector: The result of the xpath expression \"//*[@class = 'footer_copy']/text()[3]\" is: [object Text]. It should be an element.\n  (Session info: headless chrome=108.0.5359.98)\nStacktrace:\n#0 0x5645eee9e2a3 <unknown>\n#1 0x5645eec5cf77 <unknown>\n#2 0x5645eec609c8 <unknown>\n#3 0x5645eec60792 <unknown>\n#4 0x5645eec60a9c <unknown>\n#5 0x5645eec99538 <unknown>\n#6 0x5645eec99a71 <unknown>\n#7 0x5645eecd3734 <unknown>\n#8 0x5645eecb9b5d <unknown>\n#9 0x5645eecd147c <unknown>\n#10 0x5645eecb9903 <unknown>\n#11 0x5645eec8cece <unknown>\n#12 0x5645eec8dfde <unknown>\n#13 0x5645eeeee63e <unknown>\n#14 0x5645eeef1b79 <unknown>\n#15 0x5645eeed489e <unknown>\n#16 0x5645eeef2a83 <unknown>\n#17 0x5645eeec7505 <unknown>\n#18 0x5645eef13ca8 <unknown>\n#19 0x5645eef13e36 <unknown>\n#20 0x5645eef2f333 <unknown>\n#21 0x7f2621480b43 <unknown>","time":{"start":1671228744650,"stop":1671228745570,"duration":920}},{"uid":"1e4480171b7567ee","reportUrl":"https://Natalia-Tsy.github.io/SauceDemoProject/312//#testresult/1e4480171b7567ee","status":"skipped","statusDetails":"XFAIL\n\nselenium.common.exceptions.InvalidSelectorException: Message: invalid selector: The result of the xpath expression \"//*[@class = 'footer_copy']/text()[3]\" is: [object Text]. It should be an element.\n  (Session info: headless chrome=108.0.5359.98)\nStacktrace:\n#0 0x55683918b2a3 <unknown>\n#1 0x556838f49f77 <unknown>\n#2 0x556838f4d9c8 <unknown>\n#3 0x556838f4d792 <unknown>\n#4 0x556838f4da9c <unknown>\n#5 0x556838f86538 <unknown>\n#6 0x556838f86a71 <unknown>\n#7 0x556838fc0734 <unknown>\n#8 0x556838fa6b5d <unknown>\n#9 0x556838fbe47c <unknown>\n#10 0x556838fa6903 <unknown>\n#11 0x556838f79ece <unknown>\n#12 0x556838f7afde <unknown>\n#13 0x5568391db63e <unknown>\n#14 0x5568391deb79 <unknown>\n#15 0x5568391c189e <unknown>\n#16 0x5568391dfa83 <unknown>\n#17 0x5568391b4505 <unknown>\n#18 0x556839200ca8 <unknown>\n#19 0x556839200e36 <unknown>\n#20 0x55683921c333 <unknown>\n#21 0x7f6abd249b43 <unknown>","time":{"start":1671227844701,"stop":1671227845472,"duration":771}},{"uid":"3f42c45686b01598","reportUrl":"https://Natalia-Tsy.github.io/SauceDemoProject/311//#testresult/3f42c45686b01598","status":"skipped","statusDetails":"XFAIL\n\nselenium.common.exceptions.InvalidSelectorException: Message: invalid selector: The result of the xpath expression \"//*[@class = 'footer_copy']/text()[3]\" is: [object Text]. It should be an element.\n  (Session info: headless chrome=108.0.5359.98)\nStacktrace:\n#0 0x5641b6e752a3 <unknown>\n#1 0x5641b6c33f77 <unknown>\n#2 0x5641b6c379c8 <unknown>\n#3 0x5641b6c37792 <unknown>\n#4 0x5641b6c37a9c <unknown>\n#5 0x5641b6c70538 <unknown>\n#6 0x5641b6c70a71 <unknown>\n#7 0x5641b6caa734 <unknown>\n#8 0x5641b6c90b5d <unknown>\n#9 0x5641b6ca847c <unknown>\n#10 0x5641b6c90903 <unknown>\n#11 0x5641b6c63ece <unknown>\n#12 0x5641b6c64fde <unknown>\n#13 0x5641b6ec563e <unknown>\n#14 0x5641b6ec8b79 <unknown>\n#15 0x5641b6eab89e <unknown>\n#16 0x5641b6ec9a83 <unknown>\n#17 0x5641b6e9e505 <unknown>\n#18 0x5641b6eeaca8 <unknown>\n#19 0x5641b6eeae36 <unknown>\n#20 0x5641b6f06333 <unknown>\n#21 0x7f2a550a0b43 <unknown>","time":{"start":1671227242544,"stop":1671227243526,"duration":982}},{"uid":"cfbc331776d5d88c","reportUrl":"https://Natalia-Tsy.github.io/SauceDemoProject/310//#testresult/cfbc331776d5d88c","status":"skipped","statusDetails":"XFAIL\n\nselenium.common.exceptions.InvalidSelectorException: Message: invalid selector: The result of the xpath expression \"//*[@class = 'footer_copy']/text()[3]\" is: [object Text]. It should be an element.\n  (Session info: headless chrome=108.0.5359.98)\nStacktrace:\n#0 0x55a095ff52a3 <unknown>\n#1 0x55a095db3f77 <unknown>\n#2 0x55a095db79c8 <unknown>\n#3 0x55a095db7792 <unknown>\n#4 0x55a095db7a9c <unknown>\n#5 0x55a095df0538 <unknown>\n#6 0x55a095df0a71 <unknown>\n#7 0x55a095e2a734 <unknown>\n#8 0x55a095e10b5d <unknown>\n#9 0x55a095e2847c <unknown>\n#10 0x55a095e10903 <unknown>\n#11 0x55a095de3ece <unknown>\n#12 0x55a095de4fde <unknown>\n#13 0x55a09604563e <unknown>\n#14 0x55a096048b79 <unknown>\n#15 0x55a09602b89e <unknown>\n#16 0x55a096049a83 <unknown>\n#17 0x55a09601e505 <unknown>\n#18 0x55a09606aca8 <unknown>\n#19 0x55a09606ae36 <unknown>\n#20 0x55a096086333 <unknown>\n#21 0x7fedce009b43 <unknown>","time":{"start":1671226203356,"stop":1671226204244,"duration":888}},{"uid":"61cef1e4dbdd8338","reportUrl":"https://Natalia-Tsy.github.io/SauceDemoProject/309//#testresult/61cef1e4dbdd8338","status":"skipped","statusDetails":"XFAIL\n\nselenium.common.exceptions.InvalidSelectorException: Message: invalid selector: The result of the xpath expression \"//*[@class = 'footer_copy']/text()[3]\" is: [object Text]. It should be an element.\n  (Session info: headless chrome=108.0.5359.98)\nStacktrace:\n#0 0x561b40a602a3 <unknown>\n#1 0x561b4081ef77 <unknown>\n#2 0x561b408229c8 <unknown>\n#3 0x561b40822792 <unknown>\n#4 0x561b40822a9c <unknown>\n#5 0x561b4085b538 <unknown>\n#6 0x561b4085ba71 <unknown>\n#7 0x561b40895734 <unknown>\n#8 0x561b4087bb5d <unknown>\n#9 0x561b4089347c <unknown>\n#10 0x561b4087b903 <unknown>\n#11 0x561b4084eece <unknown>\n#12 0x561b4084ffde <unknown>\n#13 0x561b40ab063e <unknown>\n#14 0x561b40ab3b79 <unknown>\n#15 0x561b40a9689e <unknown>\n#16 0x561b40ab4a83 <unknown>\n#17 0x561b40a89505 <unknown>\n#18 0x561b40ad5ca8 <unknown>\n#19 0x561b40ad5e36 <unknown>\n#20 0x561b40af1333 <unknown>\n#21 0x7f76eff94b43 <unknown>","time":{"start":1671222369875,"stop":1671222370683,"duration":808}},{"uid":"5769e4d55c1d41ab","reportUrl":"https://Natalia-Tsy.github.io/SauceDemoProject/308//#testresult/5769e4d55c1d41ab","status":"skipped","statusDetails":"XFAIL\n\nselenium.common.exceptions.InvalidSelectorException: Message: invalid selector: The result of the xpath expression \"//*[@class = 'footer_copy']/text()[3]\" is: [object Text]. It should be an element.\n  (Session info: headless chrome=108.0.5359.98)\nStacktrace:\n#0 0x565133e6f2a3 <unknown>\n#1 0x565133c2df77 <unknown>\n#2 0x565133c319c8 <unknown>\n#3 0x565133c31792 <unknown>\n#4 0x565133c31a9c <unknown>\n#5 0x565133c6a538 <unknown>\n#6 0x565133c6aa71 <unknown>\n#7 0x565133ca4734 <unknown>\n#8 0x565133c8ab5d <unknown>\n#9 0x565133ca247c <unknown>\n#10 0x565133c8a903 <unknown>\n#11 0x565133c5dece <unknown>\n#12 0x565133c5efde <unknown>\n#13 0x565133ebf63e <unknown>\n#14 0x565133ec2b79 <unknown>\n#15 0x565133ea589e <unknown>\n#16 0x565133ec3a83 <unknown>\n#17 0x565133e98505 <unknown>\n#18 0x565133ee4ca8 <unknown>\n#19 0x565133ee4e36 <unknown>\n#20 0x565133f00333 <unknown>\n#21 0x7f557ecd1b43 <unknown>","time":{"start":1671221531097,"stop":1671221531894,"duration":797}},{"uid":"fb87cbbee0ad3cf1","reportUrl":"https://Natalia-Tsy.github.io/SauceDemoProject/307//#testresult/fb87cbbee0ad3cf1","status":"skipped","statusDetails":"XFAIL\n\nselenium.common.exceptions.InvalidSelectorException: Message: invalid selector: The result of the xpath expression \"//*[@class = 'footer_copy']/text()[3]\" is: [object Text]. It should be an element.\n  (Session info: headless chrome=108.0.5359.98)\nStacktrace:\n#0 0x55dac2fd12a3 <unknown>\n#1 0x55dac2d8ff77 <unknown>\n#2 0x55dac2d939c8 <unknown>\n#3 0x55dac2d93792 <unknown>\n#4 0x55dac2d93a9c <unknown>\n#5 0x55dac2dcc538 <unknown>\n#6 0x55dac2dcca71 <unknown>\n#7 0x55dac2e06734 <unknown>\n#8 0x55dac2decb5d <unknown>\n#9 0x55dac2e0447c <unknown>\n#10 0x55dac2dec903 <unknown>\n#11 0x55dac2dbfece <unknown>\n#12 0x55dac2dc0fde <unknown>\n#13 0x55dac302163e <unknown>\n#14 0x55dac3024b79 <unknown>\n#15 0x55dac300789e <unknown>\n#16 0x55dac3025a83 <unknown>\n#17 0x55dac2ffa505 <unknown>\n#18 0x55dac3046ca8 <unknown>\n#19 0x55dac3046e36 <unknown>\n#20 0x55dac3062333 <unknown>\n#21 0x7f98dc047b43 <unknown>","time":{"start":1671220653701,"stop":1671220654420,"duration":719}},{"uid":"fa2e668d23761875","reportUrl":"https://Natalia-Tsy.github.io/SauceDemoProject/306//#testresult/fa2e668d23761875","status":"skipped","statusDetails":"XFAIL\n\nselenium.common.exceptions.InvalidSelectorException: Message: invalid selector: The result of the xpath expression \"//*[@class = 'footer_copy']/text()[3]\" is: [object Text]. It should be an element.\n  (Session info: headless chrome=108.0.5359.98)\nStacktrace:\n#0 0x55d7884a62a3 <unknown>\n#1 0x55d788264f77 <unknown>\n#2 0x55d7882689c8 <unknown>\n#3 0x55d788268792 <unknown>\n#4 0x55d788268a9c <unknown>\n#5 0x55d7882a1538 <unknown>\n#6 0x55d7882a1a71 <unknown>\n#7 0x55d7882db734 <unknown>\n#8 0x55d7882c1b5d <unknown>\n#9 0x55d7882d947c <unknown>\n#10 0x55d7882c1903 <unknown>\n#11 0x55d788294ece <unknown>\n#12 0x55d788295fde <unknown>\n#13 0x55d7884f663e <unknown>\n#14 0x55d7884f9b79 <unknown>\n#15 0x55d7884dc89e <unknown>\n#16 0x55d7884faa83 <unknown>\n#17 0x55d7884cf505 <unknown>\n#18 0x55d78851bca8 <unknown>\n#19 0x55d78851be36 <unknown>\n#20 0x55d788537333 <unknown>\n#21 0x7f72e6192b43 <unknown>","time":{"start":1671220075753,"stop":1671220076502,"duration":749}},{"uid":"75bd2f30a75bc976","reportUrl":"https://Natalia-Tsy.github.io/SauceDemoProject/305//#testresult/75bd2f30a75bc976","status":"skipped","statusDetails":"XFAIL\n\nselenium.common.exceptions.InvalidSelectorException: Message: invalid selector: The result of the xpath expression \"//*[@class = 'footer_copy']/text()[3]\" is: [object Text]. It should be an element.\n  (Session info: headless chrome=108.0.5359.98)\nStacktrace:\n#0 0x55c1bd7072a3 <unknown>\n#1 0x55c1bd4c5f77 <unknown>\n#2 0x55c1bd4c99c8 <unknown>\n#3 0x55c1bd4c9792 <unknown>\n#4 0x55c1bd4c9a9c <unknown>\n#5 0x55c1bd502538 <unknown>\n#6 0x55c1bd502a71 <unknown>\n#7 0x55c1bd53c734 <unknown>\n#8 0x55c1bd522b5d <unknown>\n#9 0x55c1bd53a47c <unknown>\n#10 0x55c1bd522903 <unknown>\n#11 0x55c1bd4f5ece <unknown>\n#12 0x55c1bd4f6fde <unknown>\n#13 0x55c1bd75763e <unknown>\n#14 0x55c1bd75ab79 <unknown>\n#15 0x55c1bd73d89e <unknown>\n#16 0x55c1bd75ba83 <unknown>\n#17 0x55c1bd730505 <unknown>\n#18 0x55c1bd77cca8 <unknown>\n#19 0x55c1bd77ce36 <unknown>\n#20 0x55c1bd798333 <unknown>\n#21 0x7f1df2bf1b43 <unknown>","time":{"start":1671216308873,"stop":1671216309777,"duration":904}},{"uid":"43f4986b1821c6c7","reportUrl":"https://Natalia-Tsy.github.io/SauceDemoProject/304//#testresult/43f4986b1821c6c7","status":"skipped","statusDetails":"XFAIL\n\nselenium.common.exceptions.InvalidSelectorException: Message: invalid selector: The result of the xpath expression \"//*[@class = 'footer_copy']/text()[3]\" is: [object Text]. It should be an element.\n  (Session info: headless chrome=108.0.5359.98)\nStacktrace:\n#0 0x55db0383c2a3 <unknown>\n#1 0x55db035faf77 <unknown>\n#2 0x55db035fe9c8 <unknown>\n#3 0x55db035fe792 <unknown>\n#4 0x55db035fea9c <unknown>\n#5 0x55db03637538 <unknown>\n#6 0x55db03637a71 <unknown>\n#7 0x55db03671734 <unknown>\n#8 0x55db03657b5d <unknown>\n#9 0x55db0366f47c <unknown>\n#10 0x55db03657903 <unknown>\n#11 0x55db0362aece <unknown>\n#12 0x55db0362bfde <unknown>\n#13 0x55db0388c63e <unknown>\n#14 0x55db0388fb79 <unknown>\n#15 0x55db0387289e <unknown>\n#16 0x55db03890a83 <unknown>\n#17 0x55db03865505 <unknown>\n#18 0x55db038b1ca8 <unknown>\n#19 0x55db038b1e36 <unknown>\n#20 0x55db038cd333 <unknown>\n#21 0x7f32a41f0b43 <unknown>","time":{"start":1671214717812,"stop":1671214718605,"duration":793}},{"uid":"b7ce4d2ed88a2808","reportUrl":"https://Natalia-Tsy.github.io/SauceDemoProject/303//#testresult/b7ce4d2ed88a2808","status":"skipped","statusDetails":"XFAIL\n\nselenium.common.exceptions.InvalidSelectorException: Message: invalid selector: The result of the xpath expression \"//*[@class = 'footer_copy']/text()[3]\" is: [object Text]. It should be an element.\n  (Session info: headless chrome=108.0.5359.98)\nStacktrace:\n#0 0x55d119d532a3 <unknown>\n#1 0x55d119b11f77 <unknown>\n#2 0x55d119b159c8 <unknown>\n#3 0x55d119b15792 <unknown>\n#4 0x55d119b15a9c <unknown>\n#5 0x55d119b4e538 <unknown>\n#6 0x55d119b4ea71 <unknown>\n#7 0x55d119b88734 <unknown>\n#8 0x55d119b6eb5d <unknown>\n#9 0x55d119b8647c <unknown>\n#10 0x55d119b6e903 <unknown>\n#11 0x55d119b41ece <unknown>\n#12 0x55d119b42fde <unknown>\n#13 0x55d119da363e <unknown>\n#14 0x55d119da6b79 <unknown>\n#15 0x55d119d8989e <unknown>\n#16 0x55d119da7a83 <unknown>\n#17 0x55d119d7c505 <unknown>\n#18 0x55d119dc8ca8 <unknown>\n#19 0x55d119dc8e36 <unknown>\n#20 0x55d119de4333 <unknown>\n#21 0x7f65c9ef8b43 <unknown>","time":{"start":1671212705907,"stop":1671212706675,"duration":768}}]},"tags":["@pytest.mark.xfail(raises=<class 'selenium.common.exceptions.InvalidSelectorException'>)"]},"source":"578ad5e306010766.json","parameterValues":[]}