{"uid":"eb452c00cf0c2f5","name":"test_return_to_the_catalog_all_items[problem_user-secret_sauce]","fullName":"tests.test_TC_014_02_return_to_catalog.Tests#test_return_to_the_catalog_all_items","historyId":"dffd96921d8391af1ebfbc129c61d96e","time":{"start":1671485268280,"stop":1671485268802,"duration":522},"status":"skipped","statusMessage":"XFAIL\n\nselenium.common.exceptions.NoSuchElementException: Message: no such element: Unable to locate element: {\"method\":\"css selector\",\"selector\":\".shopping_cart_badge\"}\n  (Session info: headless chrome=108.0.5359.98)\nStacktrace:\n#0 0x563953c862a3 <unknown>\n#1 0x563953a44f77 <unknown>\n#2 0x563953a8180c <unknown>\n#3 0x563953a81a71 <unknown>\n#4 0x563953abb734 <unknown>\n#5 0x563953aa1b5d <unknown>\n#6 0x563953ab947c <unknown>\n#7 0x563953aa1903 <unknown>\n#8 0x563953a74ece <unknown>\n#9 0x563953a75fde <unknown>\n#10 0x563953cd663e <unknown>\n#11 0x563953cd9b79 <unknown>\n#12 0x563953cbc89e <unknown>\n#13 0x563953cdaa83 <unknown>\n#14 0x563953caf505 <unknown>\n#15 0x563953cfbca8 <unknown>\n#16 0x563953cfbe36 <unknown>\n#17 0x563953d17333 <unknown>\n#18 0x7fafeeab6b43 <unknown>","statusTrace":"self = <SauceDemoProject.tests.test_TC_014_02_return_to_catalog.Tests object at 0x7efe74af65f0>\nd = <selenium.webdriver.chrome.webdriver.WebDriver (session=\"53bc25e66ddb249ba96d8498265dad5c\")>\nusername = 'problem_user', password = 'secret_sauce'\n\n    @allure.feature(\"US_014 | Exit to the catalog of products from the cart in order\")\n    @allure.story(\n        \"TC_014.02 | Return to the catalog of products from shopping cart using the menu item ALL ITEMS\"\n    )\n    @pytest.mark.parametrize(\n        \"username, password\",\n        [\n            (\"standard_user\", \"secret_sauce\"),\n            (\"performance_glitch_user\", \"secret_sauce\"),\n            pytest.param(\n                \"problem_user\",\n                \"secret_sauce\",\n                marks=pytest.mark.xfail(raises=NoSuchElementException),\n            ),\n            pytest.param(\n                \"locked_out_user\",\n                \"secret_sauce\",\n                marks=pytest.mark.xfail(raises=AssertionError),\n            ),\n        ],\n    )\n    def test_return_to_the_catalog_all_items(self, d, username, password):\n        page = LoginPage(d, LoginPageSrc.URL)  # Creates the Login page instance\n        page.open_page()\n        page.register_user(username, password)  # user logs in\n        page = ProductsPage(\n            d, ProductsPageSrc.URL\n        )  # Creates the Products page instance\n        page.should_be_products_page()\n        page.add_item_on_products_page(\n            \"Sauce Labs Fleece Jacket\", \"Test.allTheThings() T-Shirt (Red)\"\n        )\n        page.go_to_basket_page()  # gets to the Cart page\n        page = CartPage(d, CartPageSrc.URL)\n>       page.check_the_quantity()  # checks the cart is not empty\n\ntests/test_TC_014_02_return_to_catalog.py:50: \n_ _ _ _ _ _ _ _ _ _ _ _ _ _ _ _ _ _ _ _ _ _ _ _ _ _ _ _ _ _ _ _ _ _ _ _ _ _ _ _ \npages/cart_page.py:40: in check_the_quantity\n    quant = self.browser.find_element(*CartPageLocators.QUANTITY).text\n../../../.cache/pypoetry/virtualenvs/saucedemoproject-P9vpYs8v-py3.10/lib/python3.10/site-packages/selenium/webdriver/remote/webdriver.py:861: in find_element\n    return self.execute(Command.FIND_ELEMENT, {\"using\": by, \"value\": value})[\"value\"]\n../../../.cache/pypoetry/virtualenvs/saucedemoproject-P9vpYs8v-py3.10/lib/python3.10/site-packages/selenium/webdriver/remote/webdriver.py:444: in execute\n    self.error_handler.check_response(response)\n_ _ _ _ _ _ _ _ _ _ _ _ _ _ _ _ _ _ _ _ _ _ _ _ _ _ _ _ _ _ _ _ _ _ _ _ _ _ _ _ \n\nself = <selenium.webdriver.remote.errorhandler.ErrorHandler object at 0x7efe7496ac20>\nresponse = {'status': 404, 'value': '{\"value\":{\"error\":\"no such element\",\"message\":\"no such element: Unable to locate element: {\\...\\\\n#16 0x563953cfbe36 \\\\u003Cunknown>\\\\n#17 0x563953d17333 \\\\u003Cunknown>\\\\n#18 0x7fafeeab6b43 \\\\u003Cunknown>\\\\n\"}}'}\n\n    def check_response(self, response: Dict[str, Any]) -> None:\n        \"\"\"\n        Checks that a JSON response from the WebDriver does not have an error.\n    \n        :Args:\n         - response - The JSON response from the WebDriver server as a dictionary\n           object.\n    \n        :Raises: If the response contains an error message.\n        \"\"\"\n        status = response.get(\"status\", None)\n        if not status or status == ErrorCode.SUCCESS:\n            return\n        value = None\n        message = response.get(\"message\", \"\")\n        screen: str = response.get(\"screen\", \"\")\n        stacktrace = None\n        if isinstance(status, int):\n            value_json = response.get(\"value\", None)\n            if value_json and isinstance(value_json, str):\n                import json\n    \n                try:\n                    value = json.loads(value_json)\n                    if len(value.keys()) == 1:\n                        value = value[\"value\"]\n                    status = value.get(\"error\", None)\n                    if not status:\n                        status = value.get(\"status\", ErrorCode.UNKNOWN_ERROR)\n                        message = value.get(\"value\") or value.get(\"message\")\n                        if not isinstance(message, str):\n                            value = message\n                            message = message.get(\"message\")\n                    else:\n                        message = value.get(\"message\", None)\n                except ValueError:\n                    pass\n    \n        exception_class: Type[WebDriverException]\n        if status in ErrorCode.NO_SUCH_ELEMENT:\n            exception_class = NoSuchElementException\n        elif status in ErrorCode.NO_SUCH_FRAME:\n            exception_class = NoSuchFrameException\n        elif status in ErrorCode.NO_SUCH_SHADOW_ROOT:\n            exception_class = NoSuchShadowRootException\n        elif status in ErrorCode.NO_SUCH_WINDOW:\n            exception_class = NoSuchWindowException\n        elif status in ErrorCode.STALE_ELEMENT_REFERENCE:\n            exception_class = StaleElementReferenceException\n        elif status in ErrorCode.ELEMENT_NOT_VISIBLE:\n            exception_class = ElementNotVisibleException\n        elif status in ErrorCode.INVALID_ELEMENT_STATE:\n            exception_class = InvalidElementStateException\n        elif (\n            status in ErrorCode.INVALID_SELECTOR\n            or status in ErrorCode.INVALID_XPATH_SELECTOR\n            or status in ErrorCode.INVALID_XPATH_SELECTOR_RETURN_TYPER\n        ):\n            exception_class = InvalidSelectorException\n        elif status in ErrorCode.ELEMENT_IS_NOT_SELECTABLE:\n            exception_class = ElementNotSelectableException\n        elif status in ErrorCode.ELEMENT_NOT_INTERACTABLE:\n            exception_class = ElementNotInteractableException\n        elif status in ErrorCode.INVALID_COOKIE_DOMAIN:\n            exception_class = InvalidCookieDomainException\n        elif status in ErrorCode.UNABLE_TO_SET_COOKIE:\n            exception_class = UnableToSetCookieException\n        elif status in ErrorCode.TIMEOUT:\n            exception_class = TimeoutException\n        elif status in ErrorCode.SCRIPT_TIMEOUT:\n            exception_class = TimeoutException\n        elif status in ErrorCode.UNKNOWN_ERROR:\n            exception_class = WebDriverException\n        elif status in ErrorCode.UNEXPECTED_ALERT_OPEN:\n            exception_class = UnexpectedAlertPresentException\n        elif status in ErrorCode.NO_ALERT_OPEN:\n            exception_class = NoAlertPresentException\n        elif status in ErrorCode.IME_NOT_AVAILABLE:\n            exception_class = ImeNotAvailableException\n        elif status in ErrorCode.IME_ENGINE_ACTIVATION_FAILED:\n            exception_class = ImeActivationFailedException\n        elif status in ErrorCode.MOVE_TARGET_OUT_OF_BOUNDS:\n            exception_class = MoveTargetOutOfBoundsException\n        elif status in ErrorCode.JAVASCRIPT_ERROR:\n            exception_class = JavascriptException\n        elif status in ErrorCode.SESSION_NOT_CREATED:\n            exception_class = SessionNotCreatedException\n        elif status in ErrorCode.INVALID_ARGUMENT:\n            exception_class = InvalidArgumentException\n        elif status in ErrorCode.NO_SUCH_COOKIE:\n            exception_class = NoSuchCookieException\n        elif status in ErrorCode.UNABLE_TO_CAPTURE_SCREEN:\n            exception_class = ScreenshotException\n        elif status in ErrorCode.ELEMENT_CLICK_INTERCEPTED:\n            exception_class = ElementClickInterceptedException\n        elif status in ErrorCode.INSECURE_CERTIFICATE:\n            exception_class = InsecureCertificateException\n        elif status in ErrorCode.INVALID_COORDINATES:\n            exception_class = InvalidCoordinatesException\n        elif status in ErrorCode.INVALID_SESSION_ID:\n            exception_class = InvalidSessionIdException\n        elif status in ErrorCode.UNKNOWN_METHOD:\n            exception_class = UnknownMethodException\n        else:\n            exception_class = WebDriverException\n        if not value:\n            value = response[\"value\"]\n        if isinstance(value, str):\n            raise exception_class(value)\n        if message == \"\" and \"message\" in value:\n            message = value[\"message\"]\n    \n        screen = None  # type: ignore[assignment]\n        if \"screen\" in value:\n            screen = value[\"screen\"]\n    \n        stacktrace = None\n        st_value = value.get(\"stackTrace\") or value.get(\"stacktrace\")\n        if st_value:\n            if isinstance(st_value, str):\n                stacktrace = st_value.split(\"\\n\")\n            else:\n                stacktrace = []\n                try:\n                    for frame in st_value:\n                        line = frame.get(\"lineNumber\", \"\")\n                        file = frame.get(\"fileName\", \"<anonymous>\")\n                        if line:\n                            file = f\"{file}:{line}\"\n                        meth = frame.get(\"methodName\", \"<anonymous>\")\n                        if \"className\" in frame:\n                            meth = \"{}.{}\".format(frame[\"className\"], meth)\n                        msg = \"    at %s (%s)\"\n                        msg = msg % (meth, file)\n                        stacktrace.append(msg)\n                except TypeError:\n                    pass\n        if exception_class == UnexpectedAlertPresentException:\n            alert_text = None\n            if \"data\" in value:\n                alert_text = value[\"data\"].get(\"text\")\n            elif \"alert\" in value:\n                alert_text = value[\"alert\"].get(\"text\")\n            raise exception_class(message, screen, stacktrace, alert_text)  # type: ignore[call-arg]  # mypy is not smart enough here\n>       raise exception_class(message, screen, stacktrace)\nE       selenium.common.exceptions.NoSuchElementException: Message: no such element: Unable to locate element: {\"method\":\"css selector\",\"selector\":\".shopping_cart_badge\"}\nE         (Session info: headless chrome=108.0.5359.98)\nE       Stacktrace:\nE       #0 0x563953c862a3 <unknown>\nE       #1 0x563953a44f77 <unknown>\nE       #2 0x563953a8180c <unknown>\nE       #3 0x563953a81a71 <unknown>\nE       #4 0x563953abb734 <unknown>\nE       #5 0x563953aa1b5d <unknown>\nE       #6 0x563953ab947c <unknown>\nE       #7 0x563953aa1903 <unknown>\nE       #8 0x563953a74ece <unknown>\nE       #9 0x563953a75fde <unknown>\nE       #10 0x563953cd663e <unknown>\nE       #11 0x563953cd9b79 <unknown>\nE       #12 0x563953cbc89e <unknown>\nE       #13 0x563953cdaa83 <unknown>\nE       #14 0x563953caf505 <unknown>\nE       #15 0x563953cfbca8 <unknown>\nE       #16 0x563953cfbe36 <unknown>\nE       #17 0x563953d17333 <unknown>\nE       #18 0x7fafeeab6b43 <unknown>\n\n../../../.cache/pypoetry/virtualenvs/saucedemoproject-P9vpYs8v-py3.10/lib/python3.10/site-packages/selenium/webdriver/remote/errorhandler.py:249: NoSuchElementException","flaky":false,"newFailed":false,"newBroken":false,"newPassed":false,"retriesCount":0,"retriesStatusChange":false,"beforeStages":[{"name":"browser","time":{"start":1671485254084,"stop":1671485254084,"duration":0},"status":"passed","steps":[],"attachments":[],"parameters":[],"stepsCount":0,"attachmentsCount":0,"shouldDisplayMessage":false,"hasContent":false},{"name":"d","time":{"start":1671485254084,"stop":1671485254936,"duration":852},"status":"passed","steps":[],"attachments":[],"parameters":[],"stepsCount":0,"attachmentsCount":0,"shouldDisplayMessage":false,"hasContent":false},{"name":"g","time":{"start":1671485254936,"stop":1671485255143,"duration":207},"status":"passed","steps":[],"attachments":[],"parameters":[],"stepsCount":0,"attachmentsCount":0,"shouldDisplayMessage":false,"hasContent":false}],"testStage":{"status":"skipped","statusMessage":"XFAIL\n\nselenium.common.exceptions.NoSuchElementException: Message: no such element: Unable to locate element: {\"method\":\"css selector\",\"selector\":\".shopping_cart_badge\"}\n  (Session info: headless chrome=108.0.5359.98)\nStacktrace:\n#0 0x563953c862a3 <unknown>\n#1 0x563953a44f77 <unknown>\n#2 0x563953a8180c <unknown>\n#3 0x563953a81a71 <unknown>\n#4 0x563953abb734 <unknown>\n#5 0x563953aa1b5d <unknown>\n#6 0x563953ab947c <unknown>\n#7 0x563953aa1903 <unknown>\n#8 0x563953a74ece <unknown>\n#9 0x563953a75fde <unknown>\n#10 0x563953cd663e <unknown>\n#11 0x563953cd9b79 <unknown>\n#12 0x563953cbc89e <unknown>\n#13 0x563953cdaa83 <unknown>\n#14 0x563953caf505 <unknown>\n#15 0x563953cfbca8 <unknown>\n#16 0x563953cfbe36 <unknown>\n#17 0x563953d17333 <unknown>\n#18 0x7fafeeab6b43 <unknown>","statusTrace":"self = <SauceDemoProject.tests.test_TC_014_02_return_to_catalog.Tests object at 0x7efe74af65f0>\nd = <selenium.webdriver.chrome.webdriver.WebDriver (session=\"53bc25e66ddb249ba96d8498265dad5c\")>\nusername = 'problem_user', password = 'secret_sauce'\n\n    @allure.feature(\"US_014 | Exit to the catalog of products from the cart in order\")\n    @allure.story(\n        \"TC_014.02 | Return to the catalog of products from shopping cart using the menu item ALL ITEMS\"\n    )\n    @pytest.mark.parametrize(\n        \"username, password\",\n        [\n            (\"standard_user\", \"secret_sauce\"),\n            (\"performance_glitch_user\", \"secret_sauce\"),\n            pytest.param(\n                \"problem_user\",\n                \"secret_sauce\",\n                marks=pytest.mark.xfail(raises=NoSuchElementException),\n            ),\n            pytest.param(\n                \"locked_out_user\",\n                \"secret_sauce\",\n                marks=pytest.mark.xfail(raises=AssertionError),\n            ),\n        ],\n    )\n    def test_return_to_the_catalog_all_items(self, d, username, password):\n        page = LoginPage(d, LoginPageSrc.URL)  # Creates the Login page instance\n        page.open_page()\n        page.register_user(username, password)  # user logs in\n        page = ProductsPage(\n            d, ProductsPageSrc.URL\n        )  # Creates the Products page instance\n        page.should_be_products_page()\n        page.add_item_on_products_page(\n            \"Sauce Labs Fleece Jacket\", \"Test.allTheThings() T-Shirt (Red)\"\n        )\n        page.go_to_basket_page()  # gets to the Cart page\n        page = CartPage(d, CartPageSrc.URL)\n>       page.check_the_quantity()  # checks the cart is not empty\n\ntests/test_TC_014_02_return_to_catalog.py:50: \n_ _ _ _ _ _ _ _ _ _ _ _ _ _ _ _ _ _ _ _ _ _ _ _ _ _ _ _ _ _ _ _ _ _ _ _ _ _ _ _ \npages/cart_page.py:40: in check_the_quantity\n    quant = self.browser.find_element(*CartPageLocators.QUANTITY).text\n../../../.cache/pypoetry/virtualenvs/saucedemoproject-P9vpYs8v-py3.10/lib/python3.10/site-packages/selenium/webdriver/remote/webdriver.py:861: in find_element\n    return self.execute(Command.FIND_ELEMENT, {\"using\": by, \"value\": value})[\"value\"]\n../../../.cache/pypoetry/virtualenvs/saucedemoproject-P9vpYs8v-py3.10/lib/python3.10/site-packages/selenium/webdriver/remote/webdriver.py:444: in execute\n    self.error_handler.check_response(response)\n_ _ _ _ _ _ _ _ _ _ _ _ _ _ _ _ _ _ _ _ _ _ _ _ _ _ _ _ _ _ _ _ _ _ _ _ _ _ _ _ \n\nself = <selenium.webdriver.remote.errorhandler.ErrorHandler object at 0x7efe7496ac20>\nresponse = {'status': 404, 'value': '{\"value\":{\"error\":\"no such element\",\"message\":\"no such element: Unable to locate element: {\\...\\\\n#16 0x563953cfbe36 \\\\u003Cunknown>\\\\n#17 0x563953d17333 \\\\u003Cunknown>\\\\n#18 0x7fafeeab6b43 \\\\u003Cunknown>\\\\n\"}}'}\n\n    def check_response(self, response: Dict[str, Any]) -> None:\n        \"\"\"\n        Checks that a JSON response from the WebDriver does not have an error.\n    \n        :Args:\n         - response - The JSON response from the WebDriver server as a dictionary\n           object.\n    \n        :Raises: If the response contains an error message.\n        \"\"\"\n        status = response.get(\"status\", None)\n        if not status or status == ErrorCode.SUCCESS:\n            return\n        value = None\n        message = response.get(\"message\", \"\")\n        screen: str = response.get(\"screen\", \"\")\n        stacktrace = None\n        if isinstance(status, int):\n            value_json = response.get(\"value\", None)\n            if value_json and isinstance(value_json, str):\n                import json\n    \n                try:\n                    value = json.loads(value_json)\n                    if len(value.keys()) == 1:\n                        value = value[\"value\"]\n                    status = value.get(\"error\", None)\n                    if not status:\n                        status = value.get(\"status\", ErrorCode.UNKNOWN_ERROR)\n                        message = value.get(\"value\") or value.get(\"message\")\n                        if not isinstance(message, str):\n                            value = message\n                            message = message.get(\"message\")\n                    else:\n                        message = value.get(\"message\", None)\n                except ValueError:\n                    pass\n    \n        exception_class: Type[WebDriverException]\n        if status in ErrorCode.NO_SUCH_ELEMENT:\n            exception_class = NoSuchElementException\n        elif status in ErrorCode.NO_SUCH_FRAME:\n            exception_class = NoSuchFrameException\n        elif status in ErrorCode.NO_SUCH_SHADOW_ROOT:\n            exception_class = NoSuchShadowRootException\n        elif status in ErrorCode.NO_SUCH_WINDOW:\n            exception_class = NoSuchWindowException\n        elif status in ErrorCode.STALE_ELEMENT_REFERENCE:\n            exception_class = StaleElementReferenceException\n        elif status in ErrorCode.ELEMENT_NOT_VISIBLE:\n            exception_class = ElementNotVisibleException\n        elif status in ErrorCode.INVALID_ELEMENT_STATE:\n            exception_class = InvalidElementStateException\n        elif (\n            status in ErrorCode.INVALID_SELECTOR\n            or status in ErrorCode.INVALID_XPATH_SELECTOR\n            or status in ErrorCode.INVALID_XPATH_SELECTOR_RETURN_TYPER\n        ):\n            exception_class = InvalidSelectorException\n        elif status in ErrorCode.ELEMENT_IS_NOT_SELECTABLE:\n            exception_class = ElementNotSelectableException\n        elif status in ErrorCode.ELEMENT_NOT_INTERACTABLE:\n            exception_class = ElementNotInteractableException\n        elif status in ErrorCode.INVALID_COOKIE_DOMAIN:\n            exception_class = InvalidCookieDomainException\n        elif status in ErrorCode.UNABLE_TO_SET_COOKIE:\n            exception_class = UnableToSetCookieException\n        elif status in ErrorCode.TIMEOUT:\n            exception_class = TimeoutException\n        elif status in ErrorCode.SCRIPT_TIMEOUT:\n            exception_class = TimeoutException\n        elif status in ErrorCode.UNKNOWN_ERROR:\n            exception_class = WebDriverException\n        elif status in ErrorCode.UNEXPECTED_ALERT_OPEN:\n            exception_class = UnexpectedAlertPresentException\n        elif status in ErrorCode.NO_ALERT_OPEN:\n            exception_class = NoAlertPresentException\n        elif status in ErrorCode.IME_NOT_AVAILABLE:\n            exception_class = ImeNotAvailableException\n        elif status in ErrorCode.IME_ENGINE_ACTIVATION_FAILED:\n            exception_class = ImeActivationFailedException\n        elif status in ErrorCode.MOVE_TARGET_OUT_OF_BOUNDS:\n            exception_class = MoveTargetOutOfBoundsException\n        elif status in ErrorCode.JAVASCRIPT_ERROR:\n            exception_class = JavascriptException\n        elif status in ErrorCode.SESSION_NOT_CREATED:\n            exception_class = SessionNotCreatedException\n        elif status in ErrorCode.INVALID_ARGUMENT:\n            exception_class = InvalidArgumentException\n        elif status in ErrorCode.NO_SUCH_COOKIE:\n            exception_class = NoSuchCookieException\n        elif status in ErrorCode.UNABLE_TO_CAPTURE_SCREEN:\n            exception_class = ScreenshotException\n        elif status in ErrorCode.ELEMENT_CLICK_INTERCEPTED:\n            exception_class = ElementClickInterceptedException\n        elif status in ErrorCode.INSECURE_CERTIFICATE:\n            exception_class = InsecureCertificateException\n        elif status in ErrorCode.INVALID_COORDINATES:\n            exception_class = InvalidCoordinatesException\n        elif status in ErrorCode.INVALID_SESSION_ID:\n            exception_class = InvalidSessionIdException\n        elif status in ErrorCode.UNKNOWN_METHOD:\n            exception_class = UnknownMethodException\n        else:\n            exception_class = WebDriverException\n        if not value:\n            value = response[\"value\"]\n        if isinstance(value, str):\n            raise exception_class(value)\n        if message == \"\" and \"message\" in value:\n            message = value[\"message\"]\n    \n        screen = None  # type: ignore[assignment]\n        if \"screen\" in value:\n            screen = value[\"screen\"]\n    \n        stacktrace = None\n        st_value = value.get(\"stackTrace\") or value.get(\"stacktrace\")\n        if st_value:\n            if isinstance(st_value, str):\n                stacktrace = st_value.split(\"\\n\")\n            else:\n                stacktrace = []\n                try:\n                    for frame in st_value:\n                        line = frame.get(\"lineNumber\", \"\")\n                        file = frame.get(\"fileName\", \"<anonymous>\")\n                        if line:\n                            file = f\"{file}:{line}\"\n                        meth = frame.get(\"methodName\", \"<anonymous>\")\n                        if \"className\" in frame:\n                            meth = \"{}.{}\".format(frame[\"className\"], meth)\n                        msg = \"    at %s (%s)\"\n                        msg = msg % (meth, file)\n                        stacktrace.append(msg)\n                except TypeError:\n                    pass\n        if exception_class == UnexpectedAlertPresentException:\n            alert_text = None\n            if \"data\" in value:\n                alert_text = value[\"data\"].get(\"text\")\n            elif \"alert\" in value:\n                alert_text = value[\"alert\"].get(\"text\")\n            raise exception_class(message, screen, stacktrace, alert_text)  # type: ignore[call-arg]  # mypy is not smart enough here\n>       raise exception_class(message, screen, stacktrace)\nE       selenium.common.exceptions.NoSuchElementException: Message: no such element: Unable to locate element: {\"method\":\"css selector\",\"selector\":\".shopping_cart_badge\"}\nE         (Session info: headless chrome=108.0.5359.98)\nE       Stacktrace:\nE       #0 0x563953c862a3 <unknown>\nE       #1 0x563953a44f77 <unknown>\nE       #2 0x563953a8180c <unknown>\nE       #3 0x563953a81a71 <unknown>\nE       #4 0x563953abb734 <unknown>\nE       #5 0x563953aa1b5d <unknown>\nE       #6 0x563953ab947c <unknown>\nE       #7 0x563953aa1903 <unknown>\nE       #8 0x563953a74ece <unknown>\nE       #9 0x563953a75fde <unknown>\nE       #10 0x563953cd663e <unknown>\nE       #11 0x563953cd9b79 <unknown>\nE       #12 0x563953cbc89e <unknown>\nE       #13 0x563953cdaa83 <unknown>\nE       #14 0x563953caf505 <unknown>\nE       #15 0x563953cfbca8 <unknown>\nE       #16 0x563953cfbe36 <unknown>\nE       #17 0x563953d17333 <unknown>\nE       #18 0x7fafeeab6b43 <unknown>\n\n../../../.cache/pypoetry/virtualenvs/saucedemoproject-P9vpYs8v-py3.10/lib/python3.10/site-packages/selenium/webdriver/remote/errorhandler.py:249: NoSuchElementException","steps":[],"attachments":[{"uid":"b40d325b26493ff6","name":"Screenshot","source":"b40d325b26493ff6.png","type":"image/png","size":78984}],"parameters":[],"stepsCount":0,"attachmentsCount":1,"shouldDisplayMessage":true,"hasContent":true},"afterStages":[{"name":"g::0","time":{"start":1671485269941,"stop":1671485269999,"duration":58},"status":"passed","steps":[],"attachments":[],"parameters":[],"stepsCount":0,"attachmentsCount":0,"shouldDisplayMessage":false,"hasContent":false}],"labels":[{"name":"feature","value":"US_014 | Exit to the catalog of products from the cart in order"},{"name":"story","value":"TC_014.02 | Return to the catalog of products from shopping cart using the menu item ALL ITEMS"},{"name":"tag","value":"@pytest.mark.xfail(raises=<class 'selenium.common.exceptions.NoSuchElementException'>)"},{"name":"parentSuite","value":"tests"},{"name":"suite","value":"test_TC_014_02_return_to_catalog"},{"name":"subSuite","value":"Tests"},{"name":"host","value":"fv-az341-983"},{"name":"thread","value":"2761-MainThread"},{"name":"framework","value":"pytest"},{"name":"language","value":"cpython3"},{"name":"package","value":"tests.test_TC_014_02_return_to_catalog"},{"name":"resultFormat","value":"allure2"}],"parameters":[{"name":"password","value":"'secret_sauce'"},{"name":"username","value":"'problem_user'"}],"links":[],"hidden":false,"retry":false,"extra":{"severity":"normal","retries":[],"categories":[],"history":{"statistic":{"failed":0,"broken":0,"skipped":57,"passed":0,"unknown":0,"total":57},"items":[{"uid":"131f6e34b5ab7be5","reportUrl":"https://Natalia-Tsy.github.io/SauceDemoProject/342//#testresult/131f6e34b5ab7be5","status":"skipped","statusDetails":"XFAIL\n\nselenium.common.exceptions.NoSuchElementException: Message: no such element: Unable to locate element: {\"method\":\"css selector\",\"selector\":\".shopping_cart_badge\"}\n  (Session info: headless chrome=108.0.5359.98)\nStacktrace:\n#0 0x561d54bcb2a3 <unknown>\n#1 0x561d54989f77 <unknown>\n#2 0x561d549c680c <unknown>\n#3 0x561d549c6a71 <unknown>\n#4 0x561d54a00734 <unknown>\n#5 0x561d549e6b5d <unknown>\n#6 0x561d549fe47c <unknown>\n#7 0x561d549e6903 <unknown>\n#8 0x561d549b9ece <unknown>\n#9 0x561d549bafde <unknown>\n#10 0x561d54c1b63e <unknown>\n#11 0x561d54c1eb79 <unknown>\n#12 0x561d54c0189e <unknown>\n#13 0x561d54c1fa83 <unknown>\n#14 0x561d54bf4505 <unknown>\n#15 0x561d54c40ca8 <unknown>\n#16 0x561d54c40e36 <unknown>\n#17 0x561d54c5c333 <unknown>\n#18 0x7ff3b6ad3b43 <unknown>","time":{"start":1671483956802,"stop":1671483957498,"duration":696}},{"uid":"f3e24e35c25f1483","reportUrl":"https://Natalia-Tsy.github.io/SauceDemoProject/341//#testresult/f3e24e35c25f1483","status":"skipped","statusDetails":"XFAIL\n\nselenium.common.exceptions.NoSuchElementException: Message: no such element: Unable to locate element: {\"method\":\"css selector\",\"selector\":\".shopping_cart_badge\"}\n  (Session info: headless chrome=108.0.5359.98)\nStacktrace:\n#0 0x562d04c2f2a3 <unknown>\n#1 0x562d049edf77 <unknown>\n#2 0x562d04a2a80c <unknown>\n#3 0x562d04a2aa71 <unknown>\n#4 0x562d04a64734 <unknown>\n#5 0x562d04a4ab5d <unknown>\n#6 0x562d04a6247c <unknown>\n#7 0x562d04a4a903 <unknown>\n#8 0x562d04a1dece <unknown>\n#9 0x562d04a1efde <unknown>\n#10 0x562d04c7f63e <unknown>\n#11 0x562d04c82b79 <unknown>\n#12 0x562d04c6589e <unknown>\n#13 0x562d04c83a83 <unknown>\n#14 0x562d04c58505 <unknown>\n#15 0x562d04ca4ca8 <unknown>\n#16 0x562d04ca4e36 <unknown>\n#17 0x562d04cc0333 <unknown>\n#18 0x7f2e32728b43 <unknown>","time":{"start":1671483240607,"stop":1671483241266,"duration":659}},{"uid":"944f11b26c7caa34","reportUrl":"https://Natalia-Tsy.github.io/SauceDemoProject/340//#testresult/944f11b26c7caa34","status":"skipped","statusDetails":"XFAIL\n\nselenium.common.exceptions.NoSuchElementException: Message: no such element: Unable to locate element: {\"method\":\"css selector\",\"selector\":\".shopping_cart_badge\"}\n  (Session info: headless chrome=108.0.5359.98)\nStacktrace:\n#0 0x5643f4a182a3 <unknown>\n#1 0x5643f47d6f77 <unknown>\n#2 0x5643f481380c <unknown>\n#3 0x5643f4813a71 <unknown>\n#4 0x5643f484d734 <unknown>\n#5 0x5643f4833b5d <unknown>\n#6 0x5643f484b47c <unknown>\n#7 0x5643f4833903 <unknown>\n#8 0x5643f4806ece <unknown>\n#9 0x5643f4807fde <unknown>\n#10 0x5643f4a6863e <unknown>\n#11 0x5643f4a6bb79 <unknown>\n#12 0x5643f4a4e89e <unknown>\n#13 0x5643f4a6ca83 <unknown>\n#14 0x5643f4a41505 <unknown>\n#15 0x5643f4a8dca8 <unknown>\n#16 0x5643f4a8de36 <unknown>\n#17 0x5643f4aa9333 <unknown>\n#18 0x7f297e8d0b43 <unknown>","time":{"start":1671482926534,"stop":1671482927071,"duration":537}},{"uid":"3837b73b809088b4","reportUrl":"https://Natalia-Tsy.github.io/SauceDemoProject/339//#testresult/3837b73b809088b4","status":"skipped","statusDetails":"XFAIL\n\nselenium.common.exceptions.NoSuchElementException: Message: no such element: Unable to locate element: {\"method\":\"css selector\",\"selector\":\".shopping_cart_badge\"}\n  (Session info: headless chrome=108.0.5359.98)\nStacktrace:\n#0 0x5649c679b2a3 <unknown>\n#1 0x5649c6559f77 <unknown>\n#2 0x5649c659680c <unknown>\n#3 0x5649c6596a71 <unknown>\n#4 0x5649c65d0734 <unknown>\n#5 0x5649c65b6b5d <unknown>\n#6 0x5649c65ce47c <unknown>\n#7 0x5649c65b6903 <unknown>\n#8 0x5649c6589ece <unknown>\n#9 0x5649c658afde <unknown>\n#10 0x5649c67eb63e <unknown>\n#11 0x5649c67eeb79 <unknown>\n#12 0x5649c67d189e <unknown>\n#13 0x5649c67efa83 <unknown>\n#14 0x5649c67c4505 <unknown>\n#15 0x5649c6810ca8 <unknown>\n#16 0x5649c6810e36 <unknown>\n#17 0x5649c682c333 <unknown>\n#18 0x7f20242e7b43 <unknown>","time":{"start":1671479594560,"stop":1671479595072,"duration":512}},{"uid":"50403f2effc310cb","reportUrl":"https://Natalia-Tsy.github.io/SauceDemoProject/338//#testresult/50403f2effc310cb","status":"skipped","statusDetails":"XFAIL\n\nselenium.common.exceptions.NoSuchElementException: Message: no such element: Unable to locate element: {\"method\":\"css selector\",\"selector\":\".shopping_cart_badge\"}\n  (Session info: headless chrome=108.0.5359.98)\nStacktrace:\n#0 0x55b1f15252a3 <unknown>\n#1 0x55b1f12e3f77 <unknown>\n#2 0x55b1f132080c <unknown>\n#3 0x55b1f1320a71 <unknown>\n#4 0x55b1f135a734 <unknown>\n#5 0x55b1f1340b5d <unknown>\n#6 0x55b1f135847c <unknown>\n#7 0x55b1f1340903 <unknown>\n#8 0x55b1f1313ece <unknown>\n#9 0x55b1f1314fde <unknown>\n#10 0x55b1f157563e <unknown>\n#11 0x55b1f1578b79 <unknown>\n#12 0x55b1f155b89e <unknown>\n#13 0x55b1f1579a83 <unknown>\n#14 0x55b1f154e505 <unknown>\n#15 0x55b1f159aca8 <unknown>\n#16 0x55b1f159ae36 <unknown>\n#17 0x55b1f15b6333 <unknown>\n#18 0x7fbf21e94b43 <unknown>","time":{"start":1671403177766,"stop":1671403178389,"duration":623}},{"uid":"d8c91bf89bf84f3c","reportUrl":"https://Natalia-Tsy.github.io/SauceDemoProject/337//#testresult/d8c91bf89bf84f3c","status":"skipped","statusDetails":"XFAIL\n\nselenium.common.exceptions.NoSuchElementException: Message: no such element: Unable to locate element: {\"method\":\"css selector\",\"selector\":\".shopping_cart_badge\"}\n  (Session info: headless chrome=108.0.5359.98)\nStacktrace:\n#0 0x55e6d74f32a3 <unknown>\n#1 0x55e6d72b1f77 <unknown>\n#2 0x55e6d72ee80c <unknown>\n#3 0x55e6d72eea71 <unknown>\n#4 0x55e6d7328734 <unknown>\n#5 0x55e6d730eb5d <unknown>\n#6 0x55e6d732647c <unknown>\n#7 0x55e6d730e903 <unknown>\n#8 0x55e6d72e1ece <unknown>\n#9 0x55e6d72e2fde <unknown>\n#10 0x55e6d754363e <unknown>\n#11 0x55e6d7546b79 <unknown>\n#12 0x55e6d752989e <unknown>\n#13 0x55e6d7547a83 <unknown>\n#14 0x55e6d751c505 <unknown>\n#15 0x55e6d7568ca8 <unknown>\n#16 0x55e6d7568e36 <unknown>\n#17 0x55e6d7584333 <unknown>\n#18 0x7f73f57b9b43 <unknown>","time":{"start":1671367542795,"stop":1671367543283,"duration":488}},{"uid":"147006ef19df7e8b","reportUrl":"https://Natalia-Tsy.github.io/SauceDemoProject/336//#testresult/147006ef19df7e8b","status":"skipped","statusDetails":"XFAIL\n\nselenium.common.exceptions.NoSuchElementException: Message: no such element: Unable to locate element: {\"method\":\"css selector\",\"selector\":\".shopping_cart_badge\"}\n  (Session info: headless chrome=108.0.5359.98)\nStacktrace:\n#0 0x55ae46b602a3 <unknown>\n#1 0x55ae4691ef77 <unknown>\n#2 0x55ae4695b80c <unknown>\n#3 0x55ae4695ba71 <unknown>\n#4 0x55ae46995734 <unknown>\n#5 0x55ae4697bb5d <unknown>\n#6 0x55ae4699347c <unknown>\n#7 0x55ae4697b903 <unknown>\n#8 0x55ae4694eece <unknown>\n#9 0x55ae4694ffde <unknown>\n#10 0x55ae46bb063e <unknown>\n#11 0x55ae46bb3b79 <unknown>\n#12 0x55ae46b9689e <unknown>\n#13 0x55ae46bb4a83 <unknown>\n#14 0x55ae46b89505 <unknown>\n#15 0x55ae46bd5ca8 <unknown>\n#16 0x55ae46bd5e36 <unknown>\n#17 0x55ae46bf1333 <unknown>\n#18 0x7fc099314b43 <unknown>","time":{"start":1671364330627,"stop":1671364331156,"duration":529}},{"uid":"bd00c9fbe982d15e","reportUrl":"https://Natalia-Tsy.github.io/SauceDemoProject/335//#testresult/bd00c9fbe982d15e","status":"skipped","statusDetails":"XFAIL\n\nselenium.common.exceptions.NoSuchElementException: Message: no such element: Unable to locate element: {\"method\":\"css selector\",\"selector\":\".shopping_cart_badge\"}\n  (Session info: headless chrome=108.0.5359.98)\nStacktrace:\n#0 0x562b2fdad2a3 <unknown>\n#1 0x562b2fb6bf77 <unknown>\n#2 0x562b2fba880c <unknown>\n#3 0x562b2fba8a71 <unknown>\n#4 0x562b2fbe2734 <unknown>\n#5 0x562b2fbc8b5d <unknown>\n#6 0x562b2fbe047c <unknown>\n#7 0x562b2fbc8903 <unknown>\n#8 0x562b2fb9bece <unknown>\n#9 0x562b2fb9cfde <unknown>\n#10 0x562b2fdfd63e <unknown>\n#11 0x562b2fe00b79 <unknown>\n#12 0x562b2fde389e <unknown>\n#13 0x562b2fe01a83 <unknown>\n#14 0x562b2fdd6505 <unknown>\n#15 0x562b2fe22ca8 <unknown>\n#16 0x562b2fe22e36 <unknown>\n#17 0x562b2fe3e333 <unknown>\n#18 0x7f660cd4eb43 <unknown>","time":{"start":1671362855337,"stop":1671362855985,"duration":648}},{"uid":"34a222b7025443a4","reportUrl":"https://Natalia-Tsy.github.io/SauceDemoProject/334//#testresult/34a222b7025443a4","status":"skipped","statusDetails":"XFAIL\n\nselenium.common.exceptions.NoSuchElementException: Message: no such element: Unable to locate element: {\"method\":\"css selector\",\"selector\":\".shopping_cart_badge\"}\n  (Session info: headless chrome=108.0.5359.98)\nStacktrace:\n#0 0x56395147d2a3 <unknown>\n#1 0x56395123bf77 <unknown>\n#2 0x56395127880c <unknown>\n#3 0x563951278a71 <unknown>\n#4 0x5639512b2734 <unknown>\n#5 0x563951298b5d <unknown>\n#6 0x5639512b047c <unknown>\n#7 0x563951298903 <unknown>\n#8 0x56395126bece <unknown>\n#9 0x56395126cfde <unknown>\n#10 0x5639514cd63e <unknown>\n#11 0x5639514d0b79 <unknown>\n#12 0x5639514b389e <unknown>\n#13 0x5639514d1a83 <unknown>\n#14 0x5639514a6505 <unknown>\n#15 0x5639514f2ca8 <unknown>\n#16 0x5639514f2e36 <unknown>\n#17 0x56395150e333 <unknown>\n#18 0x7fbffeeaab43 <unknown>","time":{"start":1671361443143,"stop":1671361443665,"duration":522}},{"uid":"c8b76153fb55ce26","reportUrl":"https://Natalia-Tsy.github.io/SauceDemoProject/333//#testresult/c8b76153fb55ce26","status":"skipped","statusDetails":"XFAIL\n\nselenium.common.exceptions.NoSuchElementException: Message: no such element: Unable to locate element: {\"method\":\"css selector\",\"selector\":\".shopping_cart_badge\"}\n  (Session info: headless chrome=108.0.5359.98)\nStacktrace:\n#0 0x55595726d2a3 <unknown>\n#1 0x55595702bf77 <unknown>\n#2 0x55595706880c <unknown>\n#3 0x555957068a71 <unknown>\n#4 0x5559570a2734 <unknown>\n#5 0x555957088b5d <unknown>\n#6 0x5559570a047c <unknown>\n#7 0x555957088903 <unknown>\n#8 0x55595705bece <unknown>\n#9 0x55595705cfde <unknown>\n#10 0x5559572bd63e <unknown>\n#11 0x5559572c0b79 <unknown>\n#12 0x5559572a389e <unknown>\n#13 0x5559572c1a83 <unknown>\n#14 0x555957296505 <unknown>\n#15 0x5559572e2ca8 <unknown>\n#16 0x5559572e2e36 <unknown>\n#17 0x5559572fe333 <unknown>\n#18 0x7efdbf2d9b43 <unknown>","time":{"start":1671323821958,"stop":1671323822488,"duration":530}},{"uid":"66679d067e0a7874","reportUrl":"https://Natalia-Tsy.github.io/SauceDemoProject/332//#testresult/66679d067e0a7874","status":"skipped","statusDetails":"XFAIL\n\nselenium.common.exceptions.NoSuchElementException: Message: no such element: Unable to locate element: {\"method\":\"css selector\",\"selector\":\".shopping_cart_badge\"}\n  (Session info: headless chrome=108.0.5359.98)\nStacktrace:\n#0 0x55a9a038e2a3 <unknown>\n#1 0x55a9a014cf77 <unknown>\n#2 0x55a9a018980c <unknown>\n#3 0x55a9a0189a71 <unknown>\n#4 0x55a9a01c3734 <unknown>\n#5 0x55a9a01a9b5d <unknown>\n#6 0x55a9a01c147c <unknown>\n#7 0x55a9a01a9903 <unknown>\n#8 0x55a9a017cece <unknown>\n#9 0x55a9a017dfde <unknown>\n#10 0x55a9a03de63e <unknown>\n#11 0x55a9a03e1b79 <unknown>\n#12 0x55a9a03c489e <unknown>\n#13 0x55a9a03e2a83 <unknown>\n#14 0x55a9a03b7505 <unknown>\n#15 0x55a9a0403ca8 <unknown>\n#16 0x55a9a0403e36 <unknown>\n#17 0x55a9a041f333 <unknown>\n#18 0x7f83477e1b43 <unknown>","time":{"start":1671322433285,"stop":1671322433772,"duration":487}},{"uid":"67673b227ac65af3","reportUrl":"https://Natalia-Tsy.github.io/SauceDemoProject/331//#testresult/67673b227ac65af3","status":"skipped","statusDetails":"XFAIL\n\nselenium.common.exceptions.NoSuchElementException: Message: no such element: Unable to locate element: {\"method\":\"css selector\",\"selector\":\".shopping_cart_badge\"}\n  (Session info: headless chrome=108.0.5359.98)\nStacktrace:\n#0 0x55e90decb2a3 <unknown>\n#1 0x55e90dc89f77 <unknown>\n#2 0x55e90dcc680c <unknown>\n#3 0x55e90dcc6a71 <unknown>\n#4 0x55e90dd00734 <unknown>\n#5 0x55e90dce6b5d <unknown>\n#6 0x55e90dcfe47c <unknown>\n#7 0x55e90dce6903 <unknown>\n#8 0x55e90dcb9ece <unknown>\n#9 0x55e90dcbafde <unknown>\n#10 0x55e90df1b63e <unknown>\n#11 0x55e90df1eb79 <unknown>\n#12 0x55e90df0189e <unknown>\n#13 0x55e90df1fa83 <unknown>\n#14 0x55e90def4505 <unknown>\n#15 0x55e90df40ca8 <unknown>\n#16 0x55e90df40e36 <unknown>\n#17 0x55e90df5c333 <unknown>\n#18 0x7fa137207b43 <unknown>","time":{"start":1671321469050,"stop":1671321469610,"duration":560}},{"uid":"cf7ed42ce32ff91b","reportUrl":"https://Natalia-Tsy.github.io/SauceDemoProject/330//#testresult/cf7ed42ce32ff91b","status":"skipped","statusDetails":"XFAIL\n\nselenium.common.exceptions.NoSuchElementException: Message: no such element: Unable to locate element: {\"method\":\"css selector\",\"selector\":\".shopping_cart_badge\"}\n  (Session info: headless chrome=108.0.5359.98)\nStacktrace:\n#0 0x55e863c252a3 <unknown>\n#1 0x55e8639e3f77 <unknown>\n#2 0x55e863a2080c <unknown>\n#3 0x55e863a20a71 <unknown>\n#4 0x55e863a5a734 <unknown>\n#5 0x55e863a40b5d <unknown>\n#6 0x55e863a5847c <unknown>\n#7 0x55e863a40903 <unknown>\n#8 0x55e863a13ece <unknown>\n#9 0x55e863a14fde <unknown>\n#10 0x55e863c7563e <unknown>\n#11 0x55e863c78b79 <unknown>\n#12 0x55e863c5b89e <unknown>\n#13 0x55e863c79a83 <unknown>\n#14 0x55e863c4e505 <unknown>\n#15 0x55e863c9aca8 <unknown>\n#16 0x55e863c9ae36 <unknown>\n#17 0x55e863cb6333 <unknown>\n#18 0x7ff39103eb43 <unknown>","time":{"start":1671321178677,"stop":1671321179225,"duration":548}},{"uid":"d52758ea2fc35eec","reportUrl":"https://Natalia-Tsy.github.io/SauceDemoProject/329//#testresult/d52758ea2fc35eec","status":"skipped","statusDetails":"XFAIL\n\nselenium.common.exceptions.NoSuchElementException: Message: no such element: Unable to locate element: {\"method\":\"css selector\",\"selector\":\".shopping_cart_badge\"}\n  (Session info: headless chrome=108.0.5359.98)\nStacktrace:\n#0 0x555c349812a3 <unknown>\n#1 0x555c3473ff77 <unknown>\n#2 0x555c3477c80c <unknown>\n#3 0x555c3477ca71 <unknown>\n#4 0x555c347b6734 <unknown>\n#5 0x555c3479cb5d <unknown>\n#6 0x555c347b447c <unknown>\n#7 0x555c3479c903 <unknown>\n#8 0x555c3476fece <unknown>\n#9 0x555c34770fde <unknown>\n#10 0x555c349d163e <unknown>\n#11 0x555c349d4b79 <unknown>\n#12 0x555c349b789e <unknown>\n#13 0x555c349d5a83 <unknown>\n#14 0x555c349aa505 <unknown>\n#15 0x555c349f6ca8 <unknown>\n#16 0x555c349f6e36 <unknown>\n#17 0x555c34a12333 <unknown>\n#18 0x7fac72351b43 <unknown>","time":{"start":1671320847157,"stop":1671320847691,"duration":534}},{"uid":"ad305c5335e7047a","reportUrl":"https://Natalia-Tsy.github.io/SauceDemoProject/328//#testresult/ad305c5335e7047a","status":"skipped","statusDetails":"XFAIL\n\nselenium.common.exceptions.NoSuchElementException: Message: no such element: Unable to locate element: {\"method\":\"css selector\",\"selector\":\".shopping_cart_badge\"}\n  (Session info: headless chrome=108.0.5359.98)\nStacktrace:\n#0 0x55e771cda2a3 <unknown>\n#1 0x55e771a98f77 <unknown>\n#2 0x55e771ad580c <unknown>\n#3 0x55e771ad5a71 <unknown>\n#4 0x55e771b0f734 <unknown>\n#5 0x55e771af5b5d <unknown>\n#6 0x55e771b0d47c <unknown>\n#7 0x55e771af5903 <unknown>\n#8 0x55e771ac8ece <unknown>\n#9 0x55e771ac9fde <unknown>\n#10 0x55e771d2a63e <unknown>\n#11 0x55e771d2db79 <unknown>\n#12 0x55e771d1089e <unknown>\n#13 0x55e771d2ea83 <unknown>\n#14 0x55e771d03505 <unknown>\n#15 0x55e771d4fca8 <unknown>\n#16 0x55e771d4fe36 <unknown>\n#17 0x55e771d6b333 <unknown>\n#18 0x7ff9664e9b43 <unknown>","time":{"start":1671317161946,"stop":1671317162440,"duration":494}},{"uid":"f0f76bbf71359d6","reportUrl":"https://Natalia-Tsy.github.io/SauceDemoProject/327//#testresult/f0f76bbf71359d6","status":"skipped","statusDetails":"XFAIL\n\nselenium.common.exceptions.NoSuchElementException: Message: no such element: Unable to locate element: {\"method\":\"css selector\",\"selector\":\".shopping_cart_badge\"}\n  (Session info: headless chrome=108.0.5359.98)\nStacktrace:\n#0 0x5598279f82a3 <unknown>\n#1 0x5598277b6f77 <unknown>\n#2 0x5598277f380c <unknown>\n#3 0x5598277f3a71 <unknown>\n#4 0x55982782d734 <unknown>\n#5 0x559827813b5d <unknown>\n#6 0x55982782b47c <unknown>\n#7 0x559827813903 <unknown>\n#8 0x5598277e6ece <unknown>\n#9 0x5598277e7fde <unknown>\n#10 0x559827a4863e <unknown>\n#11 0x559827a4bb79 <unknown>\n#12 0x559827a2e89e <unknown>\n#13 0x559827a4ca83 <unknown>\n#14 0x559827a21505 <unknown>\n#15 0x559827a6dca8 <unknown>\n#16 0x559827a6de36 <unknown>\n#17 0x559827a89333 <unknown>\n#18 0x7f2f09742b43 <unknown>","time":{"start":1671315020924,"stop":1671315021478,"duration":554}},{"uid":"6773e88da6b79476","reportUrl":"https://Natalia-Tsy.github.io/SauceDemoProject/326//#testresult/6773e88da6b79476","status":"skipped","statusDetails":"XFAIL\n\nselenium.common.exceptions.NoSuchElementException: Message: no such element: Unable to locate element: {\"method\":\"css selector\",\"selector\":\".shopping_cart_badge\"}\n  (Session info: headless chrome=108.0.5359.98)\nStacktrace:\n#0 0x555a1888c2a3 <unknown>\n#1 0x555a1864af77 <unknown>\n#2 0x555a1868780c <unknown>\n#3 0x555a18687a71 <unknown>\n#4 0x555a186c1734 <unknown>\n#5 0x555a186a7b5d <unknown>\n#6 0x555a186bf47c <unknown>\n#7 0x555a186a7903 <unknown>\n#8 0x555a1867aece <unknown>\n#9 0x555a1867bfde <unknown>\n#10 0x555a188dc63e <unknown>\n#11 0x555a188dfb79 <unknown>\n#12 0x555a188c289e <unknown>\n#13 0x555a188e0a83 <unknown>\n#14 0x555a188b5505 <unknown>\n#15 0x555a18901ca8 <unknown>\n#16 0x555a18901e36 <unknown>\n#17 0x555a1891d333 <unknown>\n#18 0x7f1c3e256b43 <unknown>","time":{"start":1671314623316,"stop":1671314623800,"duration":484}},{"uid":"e2a7fa5bb258cd08","reportUrl":"https://Natalia-Tsy.github.io/SauceDemoProject/325//#testresult/e2a7fa5bb258cd08","status":"skipped","statusDetails":"XFAIL\n\nselenium.common.exceptions.NoSuchElementException: Message: no such element: Unable to locate element: {\"method\":\"css selector\",\"selector\":\".shopping_cart_badge\"}\n  (Session info: headless chrome=108.0.5359.98)\nStacktrace:\n#0 0x5572f4a872a3 <unknown>\n#1 0x5572f4845f77 <unknown>\n#2 0x5572f488280c <unknown>\n#3 0x5572f4882a71 <unknown>\n#4 0x5572f48bc734 <unknown>\n#5 0x5572f48a2b5d <unknown>\n#6 0x5572f48ba47c <unknown>\n#7 0x5572f48a2903 <unknown>\n#8 0x5572f4875ece <unknown>\n#9 0x5572f4876fde <unknown>\n#10 0x5572f4ad763e <unknown>\n#11 0x5572f4adab79 <unknown>\n#12 0x5572f4abd89e <unknown>\n#13 0x5572f4adba83 <unknown>\n#14 0x5572f4ab0505 <unknown>\n#15 0x5572f4afcca8 <unknown>\n#16 0x5572f4afce36 <unknown>\n#17 0x5572f4b18333 <unknown>\n#18 0x7f8106165b43 <unknown>","time":{"start":1671314115132,"stop":1671314115672,"duration":540}},{"uid":"367e845f1b4e59fd","reportUrl":"https://Natalia-Tsy.github.io/SauceDemoProject/324//#testresult/367e845f1b4e59fd","status":"skipped","statusDetails":"XFAIL\n\nselenium.common.exceptions.NoSuchElementException: Message: no such element: Unable to locate element: {\"method\":\"css selector\",\"selector\":\".shopping_cart_badge\"}\n  (Session info: headless chrome=108.0.5359.98)\nStacktrace:\n#0 0x56450768b2a3 <unknown>\n#1 0x564507449f77 <unknown>\n#2 0x56450748680c <unknown>\n#3 0x564507486a71 <unknown>\n#4 0x5645074c0734 <unknown>\n#5 0x5645074a6b5d <unknown>\n#6 0x5645074be47c <unknown>\n#7 0x5645074a6903 <unknown>\n#8 0x564507479ece <unknown>\n#9 0x56450747afde <unknown>\n#10 0x5645076db63e <unknown>\n#11 0x5645076deb79 <unknown>\n#12 0x5645076c189e <unknown>\n#13 0x5645076dfa83 <unknown>\n#14 0x5645076b4505 <unknown>\n#15 0x564507700ca8 <unknown>\n#16 0x564507700e36 <unknown>\n#17 0x56450771c333 <unknown>\n#18 0x7f6498695b43 <unknown>","time":{"start":1671312761933,"stop":1671312762463,"duration":530}},{"uid":"f36228bff9caa09f","reportUrl":"https://Natalia-Tsy.github.io/SauceDemoProject/323//#testresult/f36228bff9caa09f","status":"skipped","statusDetails":"XFAIL\n\nselenium.common.exceptions.NoSuchElementException: Message: no such element: Unable to locate element: {\"method\":\"css selector\",\"selector\":\".shopping_cart_badge\"}\n  (Session info: headless chrome=108.0.5359.98)\nStacktrace:\n#0 0x55b3318712a3 <unknown>\n#1 0x55b33162ff77 <unknown>\n#2 0x55b33166c80c <unknown>\n#3 0x55b33166ca71 <unknown>\n#4 0x55b3316a6734 <unknown>\n#5 0x55b33168cb5d <unknown>\n#6 0x55b3316a447c <unknown>\n#7 0x55b33168c903 <unknown>\n#8 0x55b33165fece <unknown>\n#9 0x55b331660fde <unknown>\n#10 0x55b3318c163e <unknown>\n#11 0x55b3318c4b79 <unknown>\n#12 0x55b3318a789e <unknown>\n#13 0x55b3318c5a83 <unknown>\n#14 0x55b33189a505 <unknown>\n#15 0x55b3318e6ca8 <unknown>\n#16 0x55b3318e6e36 <unknown>\n#17 0x55b331902333 <unknown>\n#18 0x7efc7660db43 <unknown>","time":{"start":1671296448946,"stop":1671296449469,"duration":523}}]},"tags":["@pytest.mark.xfail(raises=<class 'selenium.common.exceptions.NoSuchElementException'>)"]},"source":"eb452c00cf0c2f5.json","parameterValues":["'secret_sauce'","'problem_user'"]}