2022-12-16 15:43:10 ERROR Could not find element on page: https://www.saucedemo.com/
2022-12-16 15:43:10 ERROR no such element: Unable to locate element: {"method":"css selector","selector":".shopping_cart_link"}
  (Session info: headless chrome=108.0.5359.98)
Traceback (most recent call last):
  File "/home/runner/work/SauceDemoProject/SauceDemoProject/pages/base_page.py", line 72, in inner_function
    return func(*args, **kwargs)
  File "/home/runner/work/SauceDemoProject/SauceDemoProject/pages/base_page.py", line 295, in get_property
    return self.browser.find_element(method, locator).get_property(property)
  File "/home/runner/.cache/pypoetry/virtualenvs/saucedemoproject-P9vpYs8v-py3.10/lib/python3.10/site-packages/selenium/webdriver/remote/webdriver.py", line 861, in find_element
    return self.execute(Command.FIND_ELEMENT, {"using": by, "value": value})["value"]
  File "/home/runner/.cache/pypoetry/virtualenvs/saucedemoproject-P9vpYs8v-py3.10/lib/python3.10/site-packages/selenium/webdriver/remote/webdriver.py", line 444, in execute
    self.error_handler.check_response(response)
  File "/home/runner/.cache/pypoetry/virtualenvs/saucedemoproject-P9vpYs8v-py3.10/lib/python3.10/site-packages/selenium/webdriver/remote/errorhandler.py", line 249, in check_response
    raise exception_class(message, screen, stacktrace)
selenium.common.exceptions.NoSuchElementException: Message: no such element: Unable to locate element: {"method":"css selector","selector":".shopping_cart_link"}
  (Session info: headless chrome=108.0.5359.98)
Stacktrace:
#0 0x561cc81a02a3 <unknown>
#1 0x561cc7f5ef77 <unknown>
#2 0x561cc7f9b80c <unknown>
#3 0x561cc7f9ba71 <unknown>
#4 0x561cc7fd5734 <unknown>
#5 0x561cc7fbbb5d <unknown>
#6 0x561cc7fd347c <unknown>
#7 0x561cc7fbb903 <unknown>
#8 0x561cc7f8eece <unknown>
#9 0x561cc7f8ffde <unknown>
#10 0x561cc81f063e <unknown>
#11 0x561cc81f3b79 <unknown>
#12 0x561cc81d689e <unknown>
#13 0x561cc81f4a83 <unknown>
#14 0x561cc81c9505 <unknown>
#15 0x561cc8215ca8 <unknown>
#16 0x561cc8215e36 <unknown>
#17 0x561cc8231333 <unknown>
#18 0x7f65f30bcb43 <unknown>